2025-10-18 21:39:12,179 - INFO - ================================================================================
2025-10-18 21:39:12,179 - INFO - НАЧАЛО ДЕТАЛЬНОГО ЛОГИРОВАНИЯ load_data
2025-10-18 21:39:12,179 - INFO - Товаров к обработке: 1
2025-10-18 21:39:12,179 - INFO - ================================================================================
2025-10-18 21:39:12,180 - INFO - 
================================================================================
2025-10-18 21:39:12,180 - INFO - [1/1] НАЧАЛО ОБРАБОТКИ
2025-10-18 21:39:12,180 - INFO - Product ID: 1827
2025-10-18 21:39:12,180 - INFO - SPU ID: 2293743
2025-10-18 21:39:12,180 - INFO - Reference SKU ID: 613190645
2025-10-18 21:39:12,180 - INFO - ================================================================================
2025-10-18 21:39:12,180 - INFO - ЭТАП 1: Загрузка данных из API (productDetailWithPrice)...
2025-10-18 21:39:14,703 - INFO - ✓ Данные загружены, ключи верхнего уровня: ['modelSequence', 'price', 'lastSold', 'image', 'frontLabelSummaryDTO', 'basicParam', 'floorsModel', 'qaModel', 'imageAndTextMap', 'virtualImageAndTextModel', 'brandingModel', 'newService', 'favoriteData', 'extraToolModels', 'brandRootInfo']
2025-10-18 21:39:14,703 - DEBUG - detail ключи: ['spuId', 'isSelf', 'categoryId', 'level1CategoryId', 'level2CategoryId', 'brandId', 'relationBrandIds', 'logoUrl', 'title', 'subTitle']
2025-10-18 21:39:14,703 - INFO - ✓ Количество SKU: 29
2025-10-18 21:39:14,703 - INFO - ✓ Все данные получены в одном запросе (productDetailWithPrice)
2025-10-18 21:39:14,714 - INFO - ЭТАП 2: Обработка данных через ProductProcessor...
2025-10-18 21:39:14,714 - INFO - Передаем reference_sku_id: 613190645
2025-10-18 21:39:14,717 - ERROR - parse_product_detail вернул None
2025-10-18 21:39:14,717 - ERROR - Возможные причины:
2025-10-18 21:39:14,717 - ERROR -   - Нет товаров с допустимыми типами цен (2, 12, 0, 8, 11)
2025-10-18 21:39:14,717 - ERROR -   - Все SKU отфильтрованы
2025-10-18 21:39:14,717 - ERROR -   - Ошибка в структуре данных
2025-10-18 21:39:14,719 - ERROR - ✗ ОШИБКА: Ошибка обработки данных
2025-10-18 21:39:14,719 - ERROR - Полный traceback:
2025-10-18 21:39:14,719 - ERROR - Traceback (most recent call last):
  File "/Users/rishsh/PycharmProjects/PlummyScraper/commands/articles.py", line 527, in load_all_data
    raise Exception("Ошибка обработки данных")
Exception: Ошибка обработки данных

2025-10-18 21:39:14,719 - INFO - ================================================================================

2025-10-18 21:39:16,722 - INFO - ================================================================================
2025-10-18 21:39:16,723 - INFO - ЗАВЕРШЕНИЕ: Загружено 0, Ошибок 1
2025-10-18 21:39:16,723 - INFO - ================================================================================
