2025-10-19 00:12:51,275 - INFO - ================================================================================
2025-10-19 00:12:51,276 - INFO - НАЧАЛО ДЕТАЛЬНОГО ЛОГИРОВАНИЯ load_data
2025-10-19 00:12:51,276 - INFO - Товаров к обработке: 369
2025-10-19 00:12:51,276 - INFO - ================================================================================
2025-10-19 00:12:51,277 - INFO - 
================================================================================
2025-10-19 00:12:51,277 - INFO - [1/369] НАЧАЛО ОБРАБОТКИ
2025-10-19 00:12:51,277 - INFO - Product ID: 235
2025-10-19 00:12:51,277 - INFO - SPU ID: 21094216
2025-10-19 00:12:51,277 - INFO - Reference SKU ID: 822222087
2025-10-19 00:12:51,277 - INFO - ================================================================================
2025-10-19 00:12:51,277 - INFO - ЭТАП 1: Загрузка данных из API (productDetailWithPrice)...
2025-10-19 00:12:53,511 - INFO - ✓ Данные загружены, ключи верхнего уровня: ['modelSequence', 'price', 'lastSold', 'image', 'frontLabelSummaryDTO', 'basicParam', 'floorsModel', 'qaModel', 'imageAndTextMap', 'virtualImageAndTextModel', 'brandingModel', 'newService', 'favoriteData', 'extraToolModels', 'brandRootInfo']
2025-10-19 00:12:53,511 - DEBUG - detail ключи: ['spuId', 'isSelf', 'categoryId', 'level1CategoryId', 'level2CategoryId', 'brandId', 'relationBrandIds', 'logoUrl', 'title', 'subTitle']
2025-10-19 00:12:53,511 - INFO - ✓ Количество SKU: 24
2025-10-19 00:12:53,511 - INFO - ✓ Все данные получены в одном запросе (productDetailWithPrice)
2025-10-19 00:12:53,520 - INFO - ЭТАП 2: Обработка данных через ProductProcessor...
2025-10-19 00:12:53,520 - INFO - Передаем reference_sku_id: 822222087
2025-10-19 00:12:53,522 - INFO - ✓ Данные обработаны, ключи: ['spu_id', 'title', 'brand', 'category', 'category_id', 'article_number', 'main_image_url', 'images', 'variants', 'is_active']
2025-10-19 00:12:53,523 - INFO - Название товара: Nike SB Zoom Blazer Skateboarding
2025-10-19 00:12:53,523 - INFO - Бренд: Nike
2025-10-19 00:12:53,523 - INFO - ✓ Получено вариантов: 1
2025-10-19 00:12:53,523 - DEBUG -   Вариант 1: размер=44, цена=559.0 CNY
2025-10-19 00:12:53,523 - INFO - ЭТАП 4: Сохранение в БД...
2025-10-19 00:12:53,541 - INFO - ✓ УСПЕХ: Данные сохранены в БД
2025-10-19 00:12:53,541 - INFO - Название (краткое): Nike SB Zoom Blazer Skateboarding
2025-10-19 00:12:53,541 - INFO - ================================================================================

2025-10-19 00:12:55,542 - INFO - 
================================================================================
2025-10-19 00:12:55,543 - INFO - [2/369] НАЧАЛО ОБРАБОТКИ
2025-10-19 00:12:55,543 - INFO - Product ID: 236
2025-10-19 00:12:55,543 - INFO - SPU ID: 8281471
2025-10-19 00:12:55,543 - INFO - Reference SKU ID: 649344293
2025-10-19 00:12:55,543 - INFO - ================================================================================
2025-10-19 00:12:55,543 - INFO - ЭТАП 1: Загрузка данных из API (productDetailWithPrice)...
2025-10-19 00:12:58,108 - INFO - ✓ Данные загружены, ключи верхнего уровня: ['modelSequence', 'price', 'lastSold', 'image', 'frontLabelSummaryDTO', 'atmosphere', 'basicParam', 'floorsModel', 'qaModel', 'imageAndTextMap', 'virtualImageAndTextModel', 'brandingModel', 'newService', 'favoriteData', 'extraToolModels']
2025-10-19 00:12:58,109 - DEBUG - detail ключи: ['spuId', 'isSelf', 'categoryId', 'level1CategoryId', 'level2CategoryId', 'brandId', 'relationBrandIds', 'logoUrl', 'title', 'subTitle']
2025-10-19 00:12:58,109 - INFO - ✓ Количество SKU: 17
2025-10-19 00:12:58,109 - INFO - ✓ Все данные получены в одном запросе (productDetailWithPrice)
2025-10-19 00:12:58,117 - INFO - ЭТАП 2: Обработка данных через ProductProcessor...
2025-10-19 00:12:58,117 - INFO - Передаем reference_sku_id: 649344293
2025-10-19 00:12:58,119 - INFO - ✓ Данные обработаны, ключи: ['spu_id', 'title', 'brand', 'category', 'category_id', 'article_number', 'main_image_url', 'images', 'variants', 'is_active']
2025-10-19 00:12:58,119 - INFO - Название товара: ASICS GelKahana TR V2 Y3K
2025-10-19 00:12:58,119 - INFO - Бренд: ASICS
2025-10-19 00:12:58,119 - INFO - ✓ Получено вариантов: 16
2025-10-19 00:12:58,119 - DEBUG -   Вариант 1: размер=36, цена=452.0 CNY
2025-10-19 00:12:58,119 - DEBUG -   Вариант 2: размер=37, цена=462.0 CNY
2025-10-19 00:12:58,119 - DEBUG -   Вариант 3: размер=37.5, цена=453.0 CNY
2025-10-19 00:12:58,119 - DEBUG -   Вариант 4: размер=38, цена=470.0 CNY
2025-10-19 00:12:58,119 - DEBUG -   Вариант 5: размер=39, цена=529.0 CNY
2025-10-19 00:12:58,119 - DEBUG -   ... и еще 11 вариантов
2025-10-19 00:12:58,120 - INFO - ЭТАП 4: Сохранение в БД...
2025-10-19 00:12:58,134 - INFO - ✓ УСПЕХ: Данные сохранены в БД
2025-10-19 00:12:58,134 - INFO - Название (краткое): ASICS GelKahana TR V2 Y3K
2025-10-19 00:12:58,134 - INFO - ================================================================================

2025-10-19 00:13:00,136 - INFO - 
================================================================================
2025-10-19 00:13:00,137 - INFO - [3/369] НАЧАЛО ОБРАБОТКИ
2025-10-19 00:13:00,137 - INFO - Product ID: 237
2025-10-19 00:13:00,137 - INFO - SPU ID: 8281576
2025-10-19 00:13:00,137 - INFO - Reference SKU ID: 649345840
2025-10-19 00:13:00,137 - INFO - ================================================================================
2025-10-19 00:13:00,137 - INFO - ЭТАП 1: Загрузка данных из API (productDetailWithPrice)...
2025-10-19 00:13:08,405 - INFO - ✓ Данные загружены, ключи верхнего уровня: ['modelSequence', 'price', 'lastSold', 'image', 'frontLabelSummaryDTO', 'basicParam', 'floorsModel', 'qaModel', 'imageAndTextMap', 'virtualImageAndTextModel', 'brandingModel', 'newService', 'favoriteData', 'extraToolModels', 'brandRootInfo']
2025-10-19 00:13:08,406 - DEBUG - detail ключи: ['spuId', 'isSelf', 'categoryId', 'level1CategoryId', 'level2CategoryId', 'brandId', 'relationBrandIds', 'logoUrl', 'title', 'subTitle']
2025-10-19 00:13:08,406 - INFO - ✓ Количество SKU: 17
2025-10-19 00:13:08,406 - INFO - ✓ Все данные получены в одном запросе (productDetailWithPrice)
2025-10-19 00:13:08,415 - INFO - ЭТАП 2: Обработка данных через ProductProcessor...
2025-10-19 00:13:08,415 - INFO - Передаем reference_sku_id: 649345840
2025-10-19 00:13:08,416 - INFO - ✓ Данные обработаны, ключи: ['spu_id', 'title', 'brand', 'category', 'category_id', 'article_number', 'main_image_url', 'images', 'variants', 'is_active']
2025-10-19 00:13:08,416 - INFO - Название товара: ASICS GelKahana TR V2 Y3K
2025-10-19 00:13:08,416 - INFO - Бренд: ASICS
2025-10-19 00:13:08,416 - INFO - ✓ Получено вариантов: 12
2025-10-19 00:13:08,416 - DEBUG -   Вариант 1: размер=36, цена=569.0 CNY
2025-10-19 00:13:08,416 - DEBUG -   Вариант 2: размер=37.5, цена=599.0 CNY
2025-10-19 00:13:08,416 - DEBUG -   Вариант 3: размер=39.5, цена=599.0 CNY
2025-10-19 00:13:08,416 - DEBUG -   Вариант 4: размер=40, цена=799.0 CNY
2025-10-19 00:13:08,416 - DEBUG -   Вариант 5: размер=40.5, цена=859.0 CNY
2025-10-19 00:13:08,416 - DEBUG -   ... и еще 7 вариантов
2025-10-19 00:13:08,416 - INFO - ЭТАП 4: Сохранение в БД...
2025-10-19 00:13:08,426 - INFO - ✓ УСПЕХ: Данные сохранены в БД
2025-10-19 00:13:08,426 - INFO - Название (краткое): ASICS GelKahana TR V2 Y3K
2025-10-19 00:13:08,426 - INFO - ================================================================================

2025-10-19 00:13:10,428 - INFO - 
================================================================================
2025-10-19 00:13:10,429 - INFO - [4/369] НАЧАЛО ОБРАБОТКИ
2025-10-19 00:13:10,429 - INFO - Product ID: 238
2025-10-19 00:13:10,429 - INFO - SPU ID: 22843058
2025-10-19 00:13:10,429 - INFO - Reference SKU ID: 853823156
2025-10-19 00:13:10,429 - INFO - ================================================================================
2025-10-19 00:13:10,429 - INFO - ЭТАП 1: Загрузка данных из API (productDetailWithPrice)...
2025-10-19 00:13:12,313 - INFO - ✓ Данные загружены, ключи верхнего уровня: ['modelSequence', 'price', 'lastSold', 'image', 'frontLabelSummaryDTO', 'atmosphere', 'basicParam', 'floorsModel', 'qaModel', 'imageAndTextMap', 'virtualImageAndTextModel', 'brandingModel', 'newService', 'favoriteData', 'extraToolModels']
2025-10-19 00:13:12,313 - DEBUG - detail ключи: ['spuId', 'isSelf', 'categoryId', 'level1CategoryId', 'level2CategoryId', 'brandId', 'relationBrandIds', 'logoUrl', 'title', 'subTitle']
2025-10-19 00:13:12,313 - INFO - ✓ Количество SKU: 25
2025-10-19 00:13:12,313 - INFO - ✓ Все данные получены в одном запросе (productDetailWithPrice)
2025-10-19 00:13:12,322 - INFO - ЭТАП 2: Обработка данных через ProductProcessor...
2025-10-19 00:13:12,322 - INFO - Передаем reference_sku_id: 853823156
2025-10-19 00:13:12,324 - INFO - ✓ Данные обработаны, ключи: ['spu_id', 'title', 'brand', 'category', 'category_id', 'article_number', 'main_image_url', 'images', 'variants', 'is_active']
2025-10-19 00:13:12,324 - INFO - Название товара: Nike Air Force 1 Low
2025-10-19 00:13:12,324 - INFO - Бренд: Nike
2025-10-19 00:13:12,324 - INFO - ✓ Получено вариантов: 13
2025-10-19 00:13:12,324 - DEBUG -   Вариант 1: размер=38.5, цена=689.0 CNY
2025-10-19 00:13:12,324 - DEBUG -   Вариант 2: размер=39, цена=789.0 CNY
2025-10-19 00:13:12,324 - DEBUG -   Вариант 3: размер=40, цена=689.0 CNY
2025-10-19 00:13:12,324 - DEBUG -   Вариант 4: размер=40.5, цена=629.0 CNY
2025-10-19 00:13:12,324 - DEBUG -   Вариант 5: размер=41, цена=629.0 CNY
2025-10-19 00:13:12,324 - DEBUG -   ... и еще 8 вариантов
2025-10-19 00:13:12,324 - INFO - ЭТАП 4: Сохранение в БД...
2025-10-19 00:13:12,333 - INFO - ✓ УСПЕХ: Данные сохранены в БД
2025-10-19 00:13:12,333 - INFO - Название (краткое): Nike Air Force 1 Low
2025-10-19 00:13:12,333 - INFO - ================================================================================

2025-10-19 00:13:14,335 - INFO - 
================================================================================
2025-10-19 00:13:14,336 - INFO - [5/369] НАЧАЛО ОБРАБОТКИ
2025-10-19 00:13:14,336 - INFO - Product ID: 239
2025-10-19 00:13:14,336 - INFO - SPU ID: 72900
2025-10-19 00:13:14,336 - INFO - Reference SKU ID: 437394557
2025-10-19 00:13:14,336 - INFO - ================================================================================
2025-10-19 00:13:14,336 - INFO - ЭТАП 1: Загрузка данных из API (productDetailWithPrice)...
2025-10-19 00:13:25,621 - INFO - ✓ Данные загружены, ключи верхнего уровня: ['modelSequence', 'price', 'lastSold', 'image', 'frontLabelSummaryDTO', 'atmosphere', 'basicParam', 'floorsModel', 'qaModel', 'imageAndTextMap', 'virtualImageAndTextModel', 'brandingModel', 'newService', 'favoriteData', 'extraToolModels']
2025-10-19 00:13:25,622 - DEBUG - detail ключи: ['spuId', 'isSelf', 'categoryId', 'level1CategoryId', 'level2CategoryId', 'brandId', 'relationBrandIds', 'logoUrl', 'title', 'subTitle']
2025-10-19 00:13:25,622 - INFO - ✓ Количество SKU: 16
2025-10-19 00:13:25,622 - INFO - ✓ Все данные получены в одном запросе (productDetailWithPrice)
2025-10-19 00:13:25,632 - INFO - ЭТАП 2: Обработка данных через ProductProcessor...
2025-10-19 00:13:25,633 - INFO - Передаем reference_sku_id: 437394557
2025-10-19 00:13:25,635 - INFO - ✓ Данные обработаны, ключи: ['spu_id', 'title', 'brand', 'category', 'category_id', 'article_number', 'main_image_url', 'images', 'variants', 'is_active']
2025-10-19 00:13:25,635 - INFO - Название товара: PUMA Smash
2025-10-19 00:13:25,635 - INFO - Бренд: PUMA
2025-10-19 00:13:25,635 - INFO - ✓ Получено вариантов: 16
2025-10-19 00:13:25,635 - DEBUG -   Вариант 1: размер=35.5, цена=170.0 CNY
2025-10-19 00:13:25,635 - DEBUG -   Вариант 2: размер=36, цена=160.0 CNY
2025-10-19 00:13:25,635 - DEBUG -   Вариант 3: размер=37, цена=152.0 CNY
2025-10-19 00:13:25,635 - DEBUG -   Вариант 4: размер=37.5, цена=170.0 CNY
2025-10-19 00:13:25,636 - DEBUG -   Вариант 5: размер=38, цена=192.0 CNY
2025-10-19 00:13:25,636 - DEBUG -   ... и еще 11 вариантов
2025-10-19 00:13:25,636 - INFO - ЭТАП 4: Сохранение в БД...
2025-10-19 00:13:25,656 - INFO - ✓ УСПЕХ: Данные сохранены в БД
2025-10-19 00:13:25,656 - INFO - Название (краткое): PUMA Smash
2025-10-19 00:13:25,656 - INFO - ================================================================================

2025-10-19 00:13:27,660 - INFO - 
================================================================================
2025-10-19 00:13:27,661 - INFO - [6/369] НАЧАЛО ОБРАБОТКИ
2025-10-19 00:13:27,661 - INFO - Product ID: 240
2025-10-19 00:13:27,661 - INFO - SPU ID: 1305899
2025-10-19 00:13:27,661 - INFO - Reference SKU ID: 601998545
2025-10-19 00:13:27,661 - INFO - ================================================================================
2025-10-19 00:13:27,661 - INFO - ЭТАП 1: Загрузка данных из API (productDetailWithPrice)...
2025-10-19 00:13:29,340 - INFO - ✓ Данные загружены, ключи верхнего уровня: ['modelSequence', 'price', 'lastSold', 'image', 'frontLabelSummaryDTO', 'atmosphere', 'basicParam', 'floorsModel', 'qaModel', 'imageAndTextMap', 'virtualImageAndTextModel', 'brandingModel', 'newService', 'favoriteData', 'extraToolModels']
2025-10-19 00:13:29,340 - DEBUG - detail ключи: ['spuId', 'isSelf', 'categoryId', 'level1CategoryId', 'level2CategoryId', 'brandId', 'relationBrandIds', 'logoUrl', 'title', 'subTitle']
2025-10-19 00:13:29,340 - INFO - ✓ Количество SKU: 16
2025-10-19 00:13:29,340 - INFO - ✓ Все данные получены в одном запросе (productDetailWithPrice)
2025-10-19 00:13:29,348 - INFO - ЭТАП 2: Обработка данных через ProductProcessor...
2025-10-19 00:13:29,348 - INFO - Передаем reference_sku_id: 601998545
2025-10-19 00:13:29,349 - INFO - ✓ Данные обработаны, ключи: ['spu_id', 'title', 'brand', 'category', 'category_id', 'article_number', 'main_image_url', 'images', 'variants', 'is_active']
2025-10-19 00:13:29,349 - INFO - Название товара: PUMA Smash Leather
2025-10-19 00:13:29,349 - INFO - Бренд: PUMA
2025-10-19 00:13:29,349 - INFO - ✓ Получено вариантов: 15
2025-10-19 00:13:29,349 - DEBUG -   Вариант 1: размер=35.5, цена=232.0 CNY
2025-10-19 00:13:29,349 - DEBUG -   Вариант 2: размер=36, цена=199.0 CNY
2025-10-19 00:13:29,349 - DEBUG -   Вариант 3: размер=37, цена=188.0 CNY
2025-10-19 00:13:29,349 - DEBUG -   Вариант 4: размер=37.5, цена=211.0 CNY
2025-10-19 00:13:29,349 - DEBUG -   Вариант 5: размер=38, цена=194.0 CNY
2025-10-19 00:13:29,349 - DEBUG -   ... и еще 10 вариантов
2025-10-19 00:13:29,349 - INFO - ЭТАП 4: Сохранение в БД...
2025-10-19 00:13:29,363 - INFO - ✓ УСПЕХ: Данные сохранены в БД
2025-10-19 00:13:29,363 - INFO - Название (краткое): PUMA Smash Leather
2025-10-19 00:13:29,363 - INFO - ================================================================================

2025-10-19 00:13:31,365 - INFO - 
================================================================================
2025-10-19 00:13:31,365 - INFO - [7/369] НАЧАЛО ОБРАБОТКИ
2025-10-19 00:13:31,365 - INFO - Product ID: 242
2025-10-19 00:13:31,365 - INFO - SPU ID: 26422
2025-10-19 00:13:31,365 - INFO - Reference SKU ID: 158526613
2025-10-19 00:13:31,365 - INFO - ================================================================================
2025-10-19 00:13:31,365 - INFO - ЭТАП 1: Загрузка данных из API (productDetailWithPrice)...
2025-10-19 00:13:33,181 - INFO - ✓ Данные загружены, ключи верхнего уровня: ['modelSequence', 'price', 'lastSold', 'image', 'frontLabelSummaryDTO', 'atmosphere', 'basicParam', 'floorsModel', 'qaModel', 'imageAndTextMap', 'virtualImageAndTextModel', 'brandingModel', 'newService', 'favoriteData', 'extraToolModels']
2025-10-19 00:13:33,181 - DEBUG - detail ключи: ['spuId', 'isSelf', 'categoryId', 'level1CategoryId', 'level2CategoryId', 'brandId', 'relationBrandIds', 'logoUrl', 'title', 'subTitle']
2025-10-19 00:13:33,181 - INFO - ✓ Количество SKU: 21
2025-10-19 00:13:33,181 - INFO - ✓ Все данные получены в одном запросе (productDetailWithPrice)
2025-10-19 00:13:33,190 - INFO - ЭТАП 2: Обработка данных через ProductProcessor...
2025-10-19 00:13:33,190 - INFO - Передаем reference_sku_id: 158526613
2025-10-19 00:13:33,194 - INFO - ✓ Данные обработаны, ключи: ['spu_id', 'title', 'brand', 'category', 'category_id', 'article_number', 'main_image_url', 'images', 'variants', 'is_active']
2025-10-19 00:13:33,194 - INFO - Название товара: adidas originals Continental 80
2025-10-19 00:13:33,194 - INFO - Бренд: adidas originals
2025-10-19 00:13:33,194 - INFO - ✓ Получено вариантов: 14
2025-10-19 00:13:33,194 - DEBUG -   Вариант 1: размер=36, цена=459.0 CNY
2025-10-19 00:13:33,195 - DEBUG -   Вариант 2: размер=36⅔, цена=459.0 CNY
2025-10-19 00:13:33,195 - DEBUG -   Вариант 3: размер=37⅓, цена=619.0 CNY
2025-10-19 00:13:33,195 - DEBUG -   Вариант 4: размер=38, цена=709.0 CNY
2025-10-19 00:13:33,195 - DEBUG -   Вариант 5: размер=38⅔, цена=999.0 CNY
2025-10-19 00:13:33,195 - DEBUG -   ... и еще 9 вариантов
2025-10-19 00:13:33,195 - INFO - ЭТАП 4: Сохранение в БД...
2025-10-19 00:13:33,208 - INFO - ✓ УСПЕХ: Данные сохранены в БД
2025-10-19 00:13:33,208 - INFO - Название (краткое): adidas originals Continental 80
2025-10-19 00:13:33,208 - INFO - ================================================================================

2025-10-19 00:13:35,209 - INFO - 
================================================================================
2025-10-19 00:13:35,210 - INFO - [8/369] НАЧАЛО ОБРАБОТКИ
2025-10-19 00:13:35,210 - INFO - Product ID: 243
2025-10-19 00:13:35,210 - INFO - SPU ID: 11633748
2025-10-19 00:13:35,210 - INFO - Reference SKU ID: 678341202
2025-10-19 00:13:35,210 - INFO - ================================================================================
2025-10-19 00:13:35,210 - INFO - ЭТАП 1: Загрузка данных из API (productDetailWithPrice)...
2025-10-19 00:13:48,880 - INFO - ✓ Данные загружены, ключи верхнего уровня: ['modelSequence', 'price', 'lastSold', 'image', 'frontLabelSummaryDTO', 'basicParam', 'floorsModel', 'qaModel', 'imageAndTextMap', 'virtualImageAndTextModel', 'brandingModel', 'newService', 'favoriteData', 'extraToolModels', 'brandRootInfo']
2025-10-19 00:13:48,881 - DEBUG - detail ключи: ['spuId', 'isSelf', 'categoryId', 'level1CategoryId', 'level2CategoryId', 'brandId', 'relationBrandIds', 'logoUrl', 'title', 'subTitle']
2025-10-19 00:13:48,881 - INFO - ✓ Количество SKU: 19
2025-10-19 00:13:48,881 - INFO - ✓ Все данные получены в одном запросе (productDetailWithPrice)
2025-10-19 00:13:48,894 - INFO - ЭТАП 2: Обработка данных через ProductProcessor...
2025-10-19 00:13:48,894 - INFO - Передаем reference_sku_id: 678341202
2025-10-19 00:13:48,897 - INFO - ✓ Данные обработаны, ключи: ['spu_id', 'title', 'brand', 'category', 'category_id', 'article_number', 'main_image_url', 'images', 'variants', 'is_active']
2025-10-19 00:13:48,897 - INFO - Название товара: adidas XLG RUNNER DELUXE
2025-10-19 00:13:48,897 - INFO - Бренд: adidas
2025-10-19 00:13:48,897 - INFO - ✓ Получено вариантов: 19
2025-10-19 00:13:48,897 - DEBUG -   Вариант 1: размер=35⅔, цена=789.0 CNY
2025-10-19 00:13:48,897 - DEBUG -   Вариант 2: размер=36, цена=669.0 CNY
2025-10-19 00:13:48,897 - DEBUG -   Вариант 3: размер=36⅔, цена=659.0 CNY
2025-10-19 00:13:48,897 - DEBUG -   Вариант 4: размер=38, цена=639.0 CNY
2025-10-19 00:13:48,897 - DEBUG -   Вариант 5: размер=40, цена=609.0 CNY
2025-10-19 00:13:48,897 - DEBUG -   ... и еще 14 вариантов
2025-10-19 00:13:48,897 - INFO - ЭТАП 4: Сохранение в БД...
2025-10-19 00:13:48,923 - INFO - ✓ УСПЕХ: Данные сохранены в БД
2025-10-19 00:13:48,923 - INFO - Название (краткое): adidas XLG RUNNER DELUXE
2025-10-19 00:13:48,923 - INFO - ================================================================================

2025-10-19 00:14:43,327 - INFO - 
================================================================================
2025-10-19 00:14:43,327 - INFO - [9/369] НАЧАЛО ОБРАБОТКИ
2025-10-19 00:14:43,327 - INFO - Product ID: 244
2025-10-19 00:14:43,327 - INFO - SPU ID: 3124745
2025-10-19 00:14:43,328 - INFO - Reference SKU ID: 626313347
2025-10-19 00:14:43,328 - INFO - ================================================================================
2025-10-19 00:14:43,328 - INFO - ЭТАП 1: Загрузка данных из API (productDetailWithPrice)...
2025-10-19 00:14:45,629 - INFO - ✓ Данные загружены, ключи верхнего уровня: ['modelSequence', 'price', 'lastSold', 'image', 'frontLabelSummaryDTO', 'basicParam', 'floorsModel', 'qaModel', 'imageAndTextMap', 'virtualImageAndTextModel', 'brandingModel', 'newService', 'favoriteData', 'extraToolModels', 'brandRootInfo']
2025-10-19 00:14:45,630 - DEBUG - detail ключи: ['spuId', 'isSelf', 'categoryId', 'level1CategoryId', 'level2CategoryId', 'brandId', 'relationBrandIds', 'logoUrl', 'title', 'subTitle']
2025-10-19 00:14:45,630 - INFO - ✓ Количество SKU: 15
2025-10-19 00:14:45,630 - INFO - ✓ Все данные получены в одном запросе (productDetailWithPrice)
2025-10-19 00:14:45,639 - INFO - ЭТАП 2: Обработка данных через ProductProcessor...
2025-10-19 00:14:45,639 - INFO - Передаем reference_sku_id: 626313347
2025-10-19 00:14:45,641 - INFO - ✓ Данные обработаны, ключи: ['spu_id', 'title', 'brand', 'category', 'category_id', 'article_number', 'main_image_url', 'images', 'variants', 'is_active']
2025-10-19 00:14:45,641 - INFO - Название товара: New Balance XC72
2025-10-19 00:14:45,641 - INFO - Бренд: New Balance
2025-10-19 00:14:45,641 - INFO - ✓ Получено вариантов: 7
2025-10-19 00:14:45,641 - DEBUG -   Вариант 1: размер=40, цена=369.0 CNY
2025-10-19 00:14:45,641 - DEBUG -   Вариант 2: размер=40.5, цена=339.0 CNY
2025-10-19 00:14:45,641 - DEBUG -   Вариант 3: размер=41.5, цена=329.0 CNY
2025-10-19 00:14:45,641 - DEBUG -   Вариант 4: размер=42, цена=349.0 CNY
2025-10-19 00:14:45,641 - DEBUG -   Вариант 5: размер=37.5, цена=309.0 CNY
2025-10-19 00:14:45,641 - DEBUG -   ... и еще 2 вариантов
2025-10-19 00:14:45,641 - INFO - ЭТАП 4: Сохранение в БД...
2025-10-19 00:14:45,660 - INFO - ✓ УСПЕХ: Данные сохранены в БД
2025-10-19 00:14:45,661 - INFO - Название (краткое): New Balance XC72
2025-10-19 00:14:45,661 - INFO - ================================================================================

2025-10-19 00:14:47,667 - INFO - 
================================================================================
2025-10-19 00:14:47,674 - INFO - [10/369] НАЧАЛО ОБРАБОТКИ
2025-10-19 00:14:47,675 - INFO - Product ID: 245
2025-10-19 00:14:47,675 - INFO - SPU ID: 2322018
2025-10-19 00:14:47,675 - INFO - Reference SKU ID: 608479010
2025-10-19 00:14:47,675 - INFO - ================================================================================
2025-10-19 00:14:47,678 - INFO - ЭТАП 1: Загрузка данных из API (productDetailWithPrice)...
2025-10-19 00:14:49,386 - INFO - ✓ Данные загружены, ключи верхнего уровня: ['modelSequence', 'price', 'lastSold', 'image', 'frontLabelSummaryDTO', 'basicParam', 'floorsModel', 'qaModel', 'imageAndTextMap', 'virtualImageAndTextModel', 'brandingModel', 'newService', 'favoriteData', 'extraToolModels', 'brandRootInfo']
2025-10-19 00:14:49,387 - DEBUG - detail ключи: ['spuId', 'isSelf', 'categoryId', 'level1CategoryId', 'level2CategoryId', 'brandId', 'relationBrandIds', 'logoUrl', 'title', 'subTitle']
2025-10-19 00:14:49,387 - INFO - ✓ Количество SKU: 16
2025-10-19 00:14:49,387 - INFO - ✓ Все данные получены в одном запросе (productDetailWithPrice)
2025-10-19 00:14:49,399 - INFO - ЭТАП 2: Обработка данных через ProductProcessor...
2025-10-19 00:14:49,399 - INFO - Передаем reference_sku_id: 608479010
2025-10-19 00:14:49,401 - INFO - ✓ Данные обработаны, ключи: ['spu_id', 'title', 'brand', 'category', 'category_id', 'article_number', 'main_image_url', 'images', 'variants', 'is_active']
2025-10-19 00:14:49,401 - INFO - Название товара: New Balance XC72
2025-10-19 00:14:49,401 - INFO - Бренд: New Balance
2025-10-19 00:14:49,401 - INFO - ✓ Получено вариантов: 11
2025-10-19 00:14:49,401 - DEBUG -   Вариант 1: размер=36, цена=499.0 CNY
2025-10-19 00:14:49,401 - DEBUG -   Вариант 2: размер=37, цена=659.0 CNY
2025-10-19 00:14:49,401 - DEBUG -   Вариант 3: размер=37.5, цена=679.0 CNY
2025-10-19 00:14:49,401 - DEBUG -   Вариант 4: размер=38.5, цена=1199.0 CNY
2025-10-19 00:14:49,401 - DEBUG -   Вариант 5: размер=39.5, цена=1029.0 CNY
2025-10-19 00:14:49,401 - DEBUG -   ... и еще 6 вариантов
2025-10-19 00:14:49,401 - INFO - ЭТАП 4: Сохранение в БД...
2025-10-19 00:14:49,413 - INFO - ✓ УСПЕХ: Данные сохранены в БД
2025-10-19 00:14:49,414 - INFO - Название (краткое): New Balance XC72
2025-10-19 00:14:49,414 - INFO - ================================================================================

2025-10-19 00:14:51,417 - INFO - 
================================================================================
2025-10-19 00:14:51,417 - INFO - [11/369] НАЧАЛО ОБРАБОТКИ
2025-10-19 00:14:51,417 - INFO - Product ID: 246
2025-10-19 00:14:51,417 - INFO - SPU ID: 17023528
2025-10-19 00:14:51,418 - INFO - Reference SKU ID: 757569487
2025-10-19 00:14:51,418 - INFO - ================================================================================
2025-10-19 00:14:51,418 - INFO - ЭТАП 1: Загрузка данных из API (productDetailWithPrice)...
2025-10-19 00:14:53,693 - INFO - ✓ Данные загружены, ключи верхнего уровня: ['modelSequence', 'price', 'lastSold', 'image', 'frontLabelSummaryDTO', 'atmosphere', 'basicParam', 'floorsModel', 'qaModel', 'imageAndTextMap', 'virtualImageAndTextModel', 'brandingModel', 'commonTipsModel', 'newService', 'favoriteData']
2025-10-19 00:14:53,694 - DEBUG - detail ключи: ['spuId', 'isSelf', 'categoryId', 'level1CategoryId', 'level2CategoryId', 'brandId', 'relationBrandIds', 'logoUrl', 'title', 'subTitle']
2025-10-19 00:14:53,694 - INFO - ✓ Количество SKU: 22
2025-10-19 00:14:53,694 - INFO - ✓ Все данные получены в одном запросе (productDetailWithPrice)
2025-10-19 00:14:53,704 - INFO - ЭТАП 2: Обработка данных через ProductProcessor...
2025-10-19 00:14:53,704 - INFO - Передаем reference_sku_id: 757569487
2025-10-19 00:14:53,705 - INFO - ✓ Данные обработаны, ключи: ['spu_id', 'title', 'brand', 'category', 'category_id', 'article_number', 'main_image_url', 'images', 'variants', 'is_active']
2025-10-19 00:14:53,705 - INFO - Название товара: Nike C1TY
2025-10-19 00:14:53,705 - INFO - Бренд: Nike
2025-10-19 00:14:53,705 - INFO - ✓ Получено вариантов: 13
2025-10-19 00:14:53,705 - DEBUG -   Вариант 1: размер=39, цена=449.0 CNY
2025-10-19 00:14:53,705 - DEBUG -   Вариант 2: размер=40, цена=469.0 CNY
2025-10-19 00:14:53,705 - DEBUG -   Вариант 3: размер=40.5, цена=419.0 CNY
2025-10-19 00:14:53,705 - DEBUG -   Вариант 4: размер=41, цена=469.0 CNY
2025-10-19 00:14:53,705 - DEBUG -   Вариант 5: размер=42, цена=459.0 CNY
2025-10-19 00:14:53,705 - DEBUG -   ... и еще 8 вариантов
2025-10-19 00:14:53,705 - INFO - ЭТАП 4: Сохранение в БД...
2025-10-19 00:14:53,714 - INFO - ✓ УСПЕХ: Данные сохранены в БД
2025-10-19 00:14:53,714 - INFO - Название (краткое): Nike C1TY
2025-10-19 00:14:53,714 - INFO - ================================================================================

2025-10-19 00:14:55,717 - INFO - 
================================================================================
2025-10-19 00:14:55,718 - INFO - [12/369] НАЧАЛО ОБРАБОТКИ
2025-10-19 00:14:55,718 - INFO - Product ID: 247
2025-10-19 00:14:55,718 - INFO - SPU ID: 4503350
2025-10-19 00:14:55,718 - INFO - Reference SKU ID: 621650042
2025-10-19 00:14:55,718 - INFO - ================================================================================
2025-10-19 00:14:55,718 - INFO - ЭТАП 1: Загрузка данных из API (productDetailWithPrice)...
2025-10-19 00:14:58,034 - INFO - ✓ Данные загружены, ключи верхнего уровня: ['modelSequence', 'price', 'lastSold', 'image', 'frontLabelSummaryDTO', 'basicParam', 'floorsModel', 'qaModel', 'imageAndTextMap', 'virtualImageAndTextModel', 'brandingModel', 'newService', 'favoriteData', 'extraToolModels', 'brandRootInfo']
2025-10-19 00:14:58,035 - DEBUG - detail ключи: ['spuId', 'isSelf', 'categoryId', 'level1CategoryId', 'level2CategoryId', 'brandId', 'relationBrandIds', 'logoUrl', 'title', 'subTitle']
2025-10-19 00:14:58,035 - INFO - ✓ Количество SKU: 22
2025-10-19 00:14:58,035 - INFO - ✓ Все данные получены в одном запросе (productDetailWithPrice)
2025-10-19 00:14:58,049 - INFO - ЭТАП 2: Обработка данных через ProductProcessor...
2025-10-19 00:14:58,049 - INFO - Передаем reference_sku_id: 621650042
2025-10-19 00:14:58,051 - INFO - ✓ Данные обработаны, ключи: ['spu_id', 'title', 'brand', 'category', 'category_id', 'article_number', 'main_image_url', 'images', 'variants', 'is_active']
2025-10-19 00:14:58,052 - INFO - Название товара: Nike Dunk Velvet Brown and Rugged Orange
2025-10-19 00:14:58,052 - INFO - Бренд: Nike
2025-10-19 00:14:58,052 - INFO - ✓ Получено вариантов: 16
2025-10-19 00:14:58,052 - DEBUG -   Вариант 1: размер=39, цена=1509.0 CNY
2025-10-19 00:14:58,052 - DEBUG -   Вариант 2: размер=40, цена=1889.0 CNY
2025-10-19 00:14:58,052 - DEBUG -   Вариант 3: размер=40.5, цена=1589.0 CNY
2025-10-19 00:14:58,052 - DEBUG -   Вариант 4: размер=41, цена=1149.0 CNY
2025-10-19 00:14:58,052 - DEBUG -   Вариант 5: размер=42, цена=1049.0 CNY
2025-10-19 00:14:58,052 - DEBUG -   ... и еще 11 вариантов
2025-10-19 00:14:58,052 - INFO - ЭТАП 4: Сохранение в БД...
2025-10-19 00:14:58,069 - INFO - ✓ УСПЕХ: Данные сохранены в БД
2025-10-19 00:14:58,069 - INFO - Название (краткое): Nike Dunk Velvet Brown and Rugged Orange
2025-10-19 00:14:58,069 - INFO - ================================================================================

2025-10-19 00:15:00,070 - INFO - 
================================================================================
2025-10-19 00:15:00,070 - INFO - [13/369] НАЧАЛО ОБРАБОТКИ
2025-10-19 00:15:00,070 - INFO - Product ID: 248
2025-10-19 00:15:00,070 - INFO - SPU ID: 2313492
2025-10-19 00:15:00,070 - INFO - Reference SKU ID: 608436644
2025-10-19 00:15:00,070 - INFO - ================================================================================
2025-10-19 00:15:00,071 - INFO - ЭТАП 1: Загрузка данных из API (productDetailWithPrice)...
2025-10-19 00:15:04,292 - INFO - ✓ Данные загружены, ключи верхнего уровня: ['modelSequence', 'price', 'lastSold', 'image', 'frontLabelSummaryDTO', 'basicParam', 'floorsModel', 'qaModel', 'imageAndTextMap', 'virtualImageAndTextModel', 'brandingModel', 'newService', 'favoriteData', 'extraToolModels', 'brandRootInfo']
2025-10-19 00:15:04,293 - DEBUG - detail ключи: ['spuId', 'isSelf', 'categoryId', 'level1CategoryId', 'level2CategoryId', 'brandId', 'relationBrandIds', 'logoUrl', 'title', 'subTitle']
2025-10-19 00:15:04,293 - INFO - ✓ Количество SKU: 13
2025-10-19 00:15:04,293 - INFO - ✓ Все данные получены в одном запросе (productDetailWithPrice)
2025-10-19 00:15:04,307 - INFO - ЭТАП 2: Обработка данных через ProductProcessor...
2025-10-19 00:15:04,307 - INFO - Передаем reference_sku_id: 608436644
2025-10-19 00:15:04,310 - INFO - ✓ Данные обработаны, ключи: ['spu_id', 'title', 'brand', 'category', 'category_id', 'article_number', 'main_image_url', 'images', 'variants', 'is_active']
2025-10-19 00:15:04,310 - INFO - Название товара: xVESSEL gop lows redxblue paisley
2025-10-19 00:15:04,310 - INFO - Бренд: xVESSEL
2025-10-19 00:15:04,310 - INFO - ✓ Получено вариантов: 10
2025-10-19 00:15:04,310 - DEBUG -   Вариант 1: размер=35, цена=1179.0 CNY
2025-10-19 00:15:04,310 - DEBUG -   Вариант 2: размер=36, цена=1349.0 CNY
2025-10-19 00:15:04,310 - DEBUG -   Вариант 3: размер=37, цена=1779.0 CNY
2025-10-19 00:15:04,310 - DEBUG -   Вариант 4: размер=38, цена=1359.0 CNY
2025-10-19 00:15:04,310 - DEBUG -   Вариант 5: размер=39, цена=1759.0 CNY
2025-10-19 00:15:04,311 - DEBUG -   ... и еще 5 вариантов
2025-10-19 00:15:04,311 - INFO - ЭТАП 4: Сохранение в БД...
2025-10-19 00:15:04,326 - INFO - ✓ УСПЕХ: Данные сохранены в БД
2025-10-19 00:15:04,326 - INFO - Название (краткое): xVESSEL gop lows redxblue paisley
2025-10-19 00:15:04,326 - INFO - ================================================================================

2025-10-19 00:15:10,277 - INFO - 
================================================================================
2025-10-19 00:15:10,762 - INFO - [14/369] НАЧАЛО ОБРАБОТКИ
2025-10-19 00:15:10,764 - INFO - Product ID: 249
2025-10-19 00:15:10,764 - INFO - SPU ID: 13761342
2025-10-19 00:15:10,764 - INFO - Reference SKU ID: 745064402
2025-10-19 00:15:10,764 - INFO - ================================================================================
2025-10-19 00:15:10,764 - INFO - ЭТАП 1: Загрузка данных из API (productDetailWithPrice)...
