2025-10-22 01:08:08,801 - INFO - ================================================================================
2025-10-22 01:08:08,802 - INFO - НАЧАЛО ДЕТАЛЬНОГО ЛОГИРОВАНИЯ sync_new
2025-10-22 01:08:08,802 - INFO - ================================================================================
2025-10-22 01:08:08,873 - INFO - Всего товаров без WP ID: 30
2025-10-22 01:08:08,873 - INFO - С загруженными данными: 22
2025-10-22 01:08:08,873 - INFO - Пропущено (без данных): 8
2025-10-22 01:08:08,874 - INFO - 
================================================================================
2025-10-22 01:08:08,874 - INFO - [1/22] НАЧАЛО СИНХРОНИЗАЦИИ
2025-10-22 01:08:08,874 - INFO - Product ID: 2358
2025-10-22 01:08:08,874 - INFO - SPU ID: 26098538
2025-10-22 01:08:08,874 - INFO - Reference SKU: 910566606
2025-10-22 01:08:08,874 - INFO - Название: NTOZE PU
2025-10-22 01:08:08,874 - INFO - Бренд: NTOZE
2025-10-22 01:08:08,874 - INFO - Категории: [152]
2025-10-22 01:08:08,874 - INFO - ================================================================================
2025-10-22 01:08:08,874 - INFO - Всего вариантов: 14
2025-10-22 01:08:08,874 - INFO - В наличии: 14
2025-10-22 01:08:08,874 - INFO - Нет в наличии: 0
2025-10-22 01:08:08,874 - INFO - Варианты в наличии:
2025-10-22 01:08:08,875 - INFO -   • Размер 34: 88.00 CNY (stock_status=1)
2025-10-22 01:08:08,875 - INFO -   • Размер 34: 98.00 CNY (stock_status=1)
2025-10-22 01:08:08,875 - INFO -   • Размер 35: 88.00 CNY (stock_status=1)
2025-10-22 01:08:08,875 - INFO -   • Размер 35: 98.00 CNY (stock_status=1)
2025-10-22 01:08:08,875 - INFO -   • Размер 36: 88.00 CNY (stock_status=1)
2025-10-22 01:08:08,875 - INFO - ЭТАП 1: Создание товара в WooCommerce...
2025-10-22 01:08:08,875 - INFO - URL сайта: https://plummy.ru
2025-10-22 01:08:25,675 - INFO - ✓ УСПЕХ: Товар создан в WP с ID=243022
2025-10-22 01:08:25,742 - INFO - ================================================================================

2025-10-22 01:08:25,742 - INFO - 
================================================================================
2025-10-22 01:08:25,742 - INFO - [2/22] НАЧАЛО СИНХРОНИЗАЦИИ
2025-10-22 01:08:25,742 - INFO - Product ID: 2359
2025-10-22 01:08:25,742 - INFO - SPU ID: 5042879
2025-10-22 01:08:25,742 - INFO - Reference SKU: 624804277
2025-10-22 01:08:25,742 - INFO - Название: JOSINY PU 75cm
2025-10-22 01:08:25,742 - INFO - Бренд: 
2025-10-22 01:08:25,742 - INFO - Категории: [152]
2025-10-22 01:08:25,743 - INFO - ================================================================================
2025-10-22 01:08:25,743 - INFO - Всего вариантов: 4
2025-10-22 01:08:25,743 - INFO - В наличии: 4
2025-10-22 01:08:25,743 - INFO - Нет в наличии: 0
2025-10-22 01:08:25,743 - INFO - Варианты в наличии:
2025-10-22 01:08:25,743 - INFO -   • Размер 35: 147.00 CNY (stock_status=1)
2025-10-22 01:08:25,743 - INFO -   • Размер 36: 147.00 CNY (stock_status=1)
2025-10-22 01:08:25,743 - INFO -   • Размер 37: 158.00 CNY (stock_status=1)
2025-10-22 01:08:25,743 - INFO -   • Размер 38: 147.00 CNY (stock_status=1)
2025-10-22 01:08:25,744 - INFO - ЭТАП 1: Создание товара в WooCommerce...
2025-10-22 01:08:25,744 - INFO - URL сайта: https://plummy.ru
2025-10-22 01:08:32,263 - INFO - ✓ УСПЕХ: Товар создан в WP с ID=243056
2025-10-22 01:08:32,331 - INFO - ================================================================================

2025-10-22 01:08:32,332 - INFO - 
================================================================================
2025-10-22 01:08:32,332 - INFO - [3/22] НАЧАЛО СИНХРОНИЗАЦИИ
2025-10-22 01:08:32,332 - INFO - Product ID: 2360
2025-10-22 01:08:32,332 - INFO - SPU ID: 4054499
2025-10-22 01:08:32,332 - INFO - Reference SKU: 618836470
2025-10-22 01:08:32,332 - INFO - Название: CHARLESKEITH CK 125cm
2025-10-22 01:08:32,333 - INFO - Бренд: CHARLES&KEITH
2025-10-22 01:08:32,333 - INFO - Категории: [152]
2025-10-22 01:08:32,333 - INFO - ================================================================================
2025-10-22 01:08:32,333 - INFO - Всего вариантов: 2
2025-10-22 01:08:32,333 - INFO - В наличии: 2
2025-10-22 01:08:32,333 - INFO - Нет в наличии: 0
2025-10-22 01:08:32,333 - INFO - Варианты в наличии:
2025-10-22 01:08:32,333 - INFO -   • Размер 34: 489.00 CNY (stock_status=1)
2025-10-22 01:08:32,333 - INFO -   • Размер 35: 489.00 CNY (stock_status=1)
2025-10-22 01:08:32,333 - INFO - ЭТАП 1: Создание товара в WooCommerce...
2025-10-22 01:08:32,333 - INFO - URL сайта: https://plummy.ru
2025-10-22 01:08:49,389 - INFO - ✓ УСПЕХ: Товар создан в WP с ID=243070
2025-10-22 01:08:49,449 - INFO - ================================================================================

2025-10-22 01:08:49,449 - INFO - 
================================================================================
2025-10-22 01:08:49,449 - INFO - [4/22] НАЧАЛО СИНХРОНИЗАЦИИ
2025-10-22 01:08:49,449 - INFO - Product ID: 2362
2025-10-22 01:08:49,449 - INFO - SPU ID: 19915301
2025-10-22 01:08:49,449 - INFO - Reference SKU: 844342296
2025-10-22 01:08:49,449 - INFO - Название: NTOZE PU
2025-10-22 01:08:49,449 - INFO - Бренд: NTOZE
2025-10-22 01:08:49,449 - INFO - Категории: [152]
2025-10-22 01:08:49,449 - INFO - ================================================================================
2025-10-22 01:08:49,449 - INFO - Всего вариантов: 21
2025-10-22 01:08:49,450 - INFO - В наличии: 21
2025-10-22 01:08:49,450 - INFO - Нет в наличии: 0
2025-10-22 01:08:49,450 - INFO - Варианты в наличии:
2025-10-22 01:08:49,450 - INFO -   • Размер 10CM: 126.00 CNY (stock_status=1)
2025-10-22 01:08:49,450 - INFO -   • Размер 10CM: 126.00 CNY (stock_status=1)
2025-10-22 01:08:49,450 - INFO -   • Размер 10CM: 126.00 CNY (stock_status=1)
2025-10-22 01:08:49,450 - INFO -   • Размер 10CM: 126.00 CNY (stock_status=1)
2025-10-22 01:08:49,450 - INFO -   • Размер 10CM: 126.00 CNY (stock_status=1)
2025-10-22 01:08:49,450 - INFO - ЭТАП 1: Создание товара в WooCommerce...
2025-10-22 01:08:49,450 - INFO - URL сайта: https://plummy.ru
2025-10-22 01:09:08,499 - INFO - ✓ УСПЕХ: Товар создан в WP с ID=243080
2025-10-22 01:09:08,567 - INFO - ================================================================================

2025-10-22 01:09:08,567 - INFO - 
================================================================================
2025-10-22 01:09:08,567 - INFO - [5/22] НАЧАЛО СИНХРОНИЗАЦИИ
2025-10-22 01:09:08,567 - INFO - Product ID: 2363
2025-10-22 01:09:08,567 - INFO - SPU ID: 24709540
2025-10-22 01:09:08,567 - INFO - Reference SKU: 884047525
2025-10-22 01:09:08,567 - INFO - Название: PU
2025-10-22 01:09:08,567 - INFO - Бренд: 
2025-10-22 01:09:08,567 - INFO - Категории: [152]
2025-10-22 01:09:08,567 - INFO - ================================================================================
2025-10-22 01:09:08,567 - INFO - Всего вариантов: 14
2025-10-22 01:09:08,568 - INFO - В наличии: 14
2025-10-22 01:09:08,568 - INFO - Нет в наличии: 0
2025-10-22 01:09:08,568 - INFO - Варианты в наличии:
2025-10-22 01:09:08,568 - INFO -   • Размер 34: 86.00 CNY (stock_status=1)
2025-10-22 01:09:08,568 - INFO -   • Размер 34: 97.00 CNY (stock_status=1)
2025-10-22 01:09:08,568 - INFO -   • Размер 35: 86.00 CNY (stock_status=1)
2025-10-22 01:09:08,568 - INFO -   • Размер 35: 97.00 CNY (stock_status=1)
2025-10-22 01:09:08,568 - INFO -   • Размер 36: 86.00 CNY (stock_status=1)
2025-10-22 01:09:08,568 - INFO - ЭТАП 1: Создание товара в WooCommerce...
2025-10-22 01:09:08,568 - INFO - URL сайта: https://plummy.ru
2025-10-22 01:09:20,012 - INFO - ✓ УСПЕХ: Товар создан в WP с ID=243128
2025-10-22 01:09:20,092 - INFO - ================================================================================

2025-10-22 01:09:20,092 - INFO - 
================================================================================
2025-10-22 01:09:20,092 - INFO - [6/22] НАЧАЛО СИНХРОНИЗАЦИИ
2025-10-22 01:09:20,093 - INFO - Product ID: 2364
2025-10-22 01:09:20,093 - INFO - SPU ID: 14573597
2025-10-22 01:09:20,093 - INFO - Reference SKU: 853113731
2025-10-22 01:09:20,093 - INFO - Название: Luji
2025-10-22 01:09:20,093 - INFO - Бренд: Luji
2025-10-22 01:09:20,093 - INFO - Категории: [152]
2025-10-22 01:09:20,093 - INFO - ================================================================================
2025-10-22 01:09:20,093 - INFO - Всего вариантов: 6
2025-10-22 01:09:20,093 - INFO - В наличии: 6
2025-10-22 01:09:20,093 - INFO - Нет в наличии: 0
2025-10-22 01:09:20,093 - INFO - Варианты в наличии:
2025-10-22 01:09:20,093 - INFO -   • Размер 8cm: 118.00 CNY (stock_status=1)
2025-10-22 01:09:20,093 - INFO -   • Размер 8cm: 118.00 CNY (stock_status=1)
2025-10-22 01:09:20,093 - INFO -   • Размер 8cm: 118.00 CNY (stock_status=1)
2025-10-22 01:09:20,093 - INFO -   • Размер 8cm: 118.00 CNY (stock_status=1)
2025-10-22 01:09:20,093 - INFO -   • Размер 8cm: 118.00 CNY (stock_status=1)
2025-10-22 01:09:20,093 - INFO - ЭТАП 1: Создание товара в WooCommerce...
2025-10-22 01:09:20,094 - INFO - URL сайта: https://plummy.ru
2025-10-22 01:09:27,301 - INFO - ✓ УСПЕХ: Товар создан в WP с ID=243162
2025-10-22 01:09:27,367 - INFO - ================================================================================

2025-10-22 01:09:27,384 - INFO - 
================================================================================
2025-10-22 01:09:27,384 - INFO - [7/22] НАЧАЛО СИНХРОНИЗАЦИИ
2025-10-22 01:09:27,385 - INFO - Product ID: 2365
2025-10-22 01:09:27,385 - INFO - SPU ID: 19684721
2025-10-22 01:09:27,385 - INFO - Reference SKU: 800981709
2025-10-22 01:09:27,385 - INFO - Название: CZRSK
2025-10-22 01:09:27,385 - INFO - Бренд: CZRSK
2025-10-22 01:09:27,385 - INFO - Категории: [152]
2025-10-22 01:09:27,385 - INFO - ================================================================================
2025-10-22 01:09:27,385 - INFO - Всего вариантов: 18
2025-10-22 01:09:27,385 - INFO - В наличии: 18
2025-10-22 01:09:27,385 - INFO - Нет в наличии: 0
2025-10-22 01:09:27,385 - INFO - Варианты в наличии:
2025-10-22 01:09:27,385 - INFO -   • Размер 5cm: 99.00 CNY (stock_status=1)
2025-10-22 01:09:27,385 - INFO -   • Размер 5cm: 99.00 CNY (stock_status=1)
2025-10-22 01:09:27,385 - INFO -   • Размер 5cm: 99.00 CNY (stock_status=1)
2025-10-22 01:09:27,385 - INFO -   • Размер 5cm: 99.00 CNY (stock_status=1)
2025-10-22 01:09:27,385 - INFO -   • Размер 5cm: 99.00 CNY (stock_status=1)
2025-10-22 01:09:27,385 - INFO - ЭТАП 1: Создание товара в WooCommerce...
2025-10-22 01:09:27,385 - INFO - URL сайта: https://plummy.ru
2025-10-22 01:09:47,561 - INFO - ✓ УСПЕХ: Товар создан в WP с ID=243180
2025-10-22 01:09:47,623 - INFO - ================================================================================

2025-10-22 01:09:47,623 - INFO - 
================================================================================
2025-10-22 01:09:47,623 - INFO - [8/22] НАЧАЛО СИНХРОНИЗАЦИИ
2025-10-22 01:09:47,623 - INFO - Product ID: 2366
2025-10-22 01:09:47,623 - INFO - SPU ID: 25700918
2025-10-22 01:09:47,623 - INFO - Reference SKU: 902125662
2025-10-22 01:09:47,623 - INFO - Название: PU 6cm
2025-10-22 01:09:47,623 - INFO - Бренд: 
2025-10-22 01:09:47,623 - INFO - Категории: [152]
2025-10-22 01:09:47,623 - INFO - ================================================================================
2025-10-22 01:09:47,623 - INFO - Всего вариантов: 12
2025-10-22 01:09:47,623 - INFO - В наличии: 12
2025-10-22 01:09:47,623 - INFO - Нет в наличии: 0
2025-10-22 01:09:47,623 - INFO - Варианты в наличии:
2025-10-22 01:09:47,624 - INFO -   • Размер 35: 99.00 CNY (stock_status=1)
2025-10-22 01:09:47,624 - INFO -   • Размер 35: 111.00 CNY (stock_status=1)
2025-10-22 01:09:47,624 - INFO -   • Размер 36: 99.00 CNY (stock_status=1)
2025-10-22 01:09:47,624 - INFO -   • Размер 36: 111.00 CNY (stock_status=1)
2025-10-22 01:09:47,624 - INFO -   • Размер 37: 99.00 CNY (stock_status=1)
2025-10-22 01:09:47,624 - INFO - ЭТАП 1: Создание товара в WooCommerce...
2025-10-22 01:09:47,624 - INFO - URL сайта: https://plummy.ru
2025-10-22 01:09:57,113 - INFO - ✓ УСПЕХ: Товар создан в WP с ID=243222
2025-10-22 01:09:57,176 - INFO - ================================================================================

2025-10-22 01:09:57,176 - INFO - 
================================================================================
2025-10-22 01:09:57,176 - INFO - [9/22] НАЧАЛО СИНХРОНИЗАЦИИ
2025-10-22 01:09:57,176 - INFO - Product ID: 2369
2025-10-22 01:09:57,176 - INFO - SPU ID: 5363194
2025-10-22 01:09:57,176 - INFO - Reference SKU: 626614550
2025-10-22 01:09:57,176 - INFO - Название: CHARLESKEITH PU 47cm
2025-10-22 01:09:57,176 - INFO - Бренд: CHARLES&KEITH
2025-10-22 01:09:57,176 - INFO - Категории: [152]
2025-10-22 01:09:57,176 - INFO - ================================================================================
2025-10-22 01:09:57,176 - INFO - Всего вариантов: 6
2025-10-22 01:09:57,176 - INFO - В наличии: 6
2025-10-22 01:09:57,176 - INFO - Нет в наличии: 0
2025-10-22 01:09:57,176 - INFO - Варианты в наличии:
2025-10-22 01:09:57,176 - INFO -   • Размер 34: 269.00 CNY (stock_status=1)
2025-10-22 01:09:57,176 - INFO -   • Размер 35: 102.00 CNY (stock_status=1)
2025-10-22 01:09:57,176 - INFO -   • Размер 36: 104.00 CNY (stock_status=1)
2025-10-22 01:09:57,176 - INFO -   • Размер 37: 105.00 CNY (stock_status=1)
2025-10-22 01:09:57,176 - INFO -   • Размер 38: 101.00 CNY (stock_status=1)
2025-10-22 01:09:57,177 - INFO - ЭТАП 1: Создание товара в WooCommerce...
2025-10-22 01:09:57,177 - INFO - URL сайта: https://plummy.ru
2025-10-22 01:10:24,009 - INFO - ✓ УСПЕХ: Товар создан в WP с ID=243252
2025-10-22 01:10:24,079 - INFO - ================================================================================

2025-10-22 01:10:24,079 - INFO - 
================================================================================
2025-10-22 01:10:24,079 - INFO - [10/22] НАЧАЛО СИНХРОНИЗАЦИИ
2025-10-22 01:10:24,079 - INFO - Product ID: 2370
2025-10-22 01:10:24,079 - INFO - SPU ID: 4417459
2025-10-22 01:10:24,079 - INFO - Reference SKU: 621067857
2025-10-22 01:10:24,079 - INFO - Название: CHARLESKEITH PU 62cm
2025-10-22 01:10:24,079 - INFO - Бренд: CHARLES&KEITH
2025-10-22 01:10:24,079 - INFO - Категории: [152]
2025-10-22 01:10:24,079 - INFO - ================================================================================
2025-10-22 01:10:24,079 - INFO - Всего вариантов: 3
2025-10-22 01:10:24,079 - INFO - В наличии: 3
2025-10-22 01:10:24,079 - INFO - Нет в наличии: 0
2025-10-22 01:10:24,079 - INFO - Варианты в наличии:
2025-10-22 01:10:24,079 - INFO -   • Размер 34: 239.00 CNY (stock_status=1)
2025-10-22 01:10:24,079 - INFO -   • Размер 35: 269.00 CNY (stock_status=1)
2025-10-22 01:10:24,079 - INFO -   • Размер 36: 279.00 CNY (stock_status=1)
2025-10-22 01:10:24,079 - INFO - ЭТАП 1: Создание товара в WooCommerce...
2025-10-22 01:10:24,079 - INFO - URL сайта: https://plummy.ru
2025-10-22 01:10:33,311 - INFO - ✓ УСПЕХ: Товар создан в WP с ID=243270
2025-10-22 01:10:33,373 - INFO - ================================================================================

2025-10-22 01:10:33,373 - INFO - 
================================================================================
2025-10-22 01:10:33,373 - INFO - [11/22] НАЧАЛО СИНХРОНИЗАЦИИ
2025-10-22 01:10:33,373 - INFO - Product ID: 2371
2025-10-22 01:10:33,373 - INFO - SPU ID: 16029434
2025-10-22 01:10:33,373 - INFO - Reference SKU: 742062472
2025-10-22 01:10:33,373 - INFO - Название: CHARLESKEITH ck 92cm
2025-10-22 01:10:33,373 - INFO - Бренд: CHARLES&KEITH
2025-10-22 01:10:33,373 - INFO - Категории: [152]
2025-10-22 01:10:33,373 - INFO - ================================================================================
2025-10-22 01:10:33,373 - INFO - Всего вариантов: 5
2025-10-22 01:10:33,373 - INFO - В наличии: 5
2025-10-22 01:10:33,373 - INFO - Нет в наличии: 0
2025-10-22 01:10:33,373 - INFO - Варианты в наличии:
2025-10-22 01:10:33,374 - INFO -   • Размер 34: 699.00 CNY (stock_status=1)
2025-10-22 01:10:33,374 - INFO -   • Размер 35: 699.00 CNY (stock_status=1)
2025-10-22 01:10:33,374 - INFO -   • Размер 37: 699.00 CNY (stock_status=1)
2025-10-22 01:10:33,374 - INFO -   • Размер 38: 699.00 CNY (stock_status=1)
2025-10-22 01:10:33,374 - INFO -   • Размер 39: 699.00 CNY (stock_status=1)
2025-10-22 01:10:33,374 - INFO - ЭТАП 1: Создание товара в WooCommerce...
2025-10-22 01:10:33,374 - INFO - URL сайта: https://plummy.ru
2025-10-22 01:10:47,885 - INFO - ✓ УСПЕХ: Товар создан в WP с ID=243282
2025-10-22 01:10:47,945 - INFO - ================================================================================

2025-10-22 01:10:47,946 - INFO - 
================================================================================
2025-10-22 01:10:47,946 - INFO - [12/22] НАЧАЛО СИНХРОНИЗАЦИИ
2025-10-22 01:10:47,946 - INFO - Product ID: 2372
2025-10-22 01:10:47,946 - INFO - SPU ID: 6668646
2025-10-22 01:10:47,946 - INFO - Reference SKU: 635895891
2025-10-22 01:10:47,946 - INFO - Название: CHARLESKEITH PU 89cm
2025-10-22 01:10:47,946 - INFO - Бренд: CHARLES&KEITH
2025-10-22 01:10:47,946 - INFO - Категории: [152]
2025-10-22 01:10:47,946 - INFO - ================================================================================
2025-10-22 01:10:47,946 - INFO - Всего вариантов: 1
2025-10-22 01:10:47,946 - INFO - В наличии: 1
2025-10-22 01:10:47,946 - INFO - Нет в наличии: 0
2025-10-22 01:10:47,946 - INFO - Варианты в наличии:
2025-10-22 01:10:47,947 - INFO -   • Размер 34: 699.00 CNY (stock_status=1)
2025-10-22 01:10:47,947 - INFO - ЭТАП 1: Создание товара в WooCommerce...
2025-10-22 01:10:47,947 - INFO - URL сайта: https://plummy.ru
2025-10-22 01:11:03,291 - INFO - ✓ УСПЕХ: Товар создан в WP с ID=243298
2025-10-22 01:11:03,353 - INFO - ================================================================================

2025-10-22 01:11:03,353 - INFO - 
================================================================================
2025-10-22 01:11:03,354 - INFO - [13/22] НАЧАЛО СИНХРОНИЗАЦИИ
2025-10-22 01:11:03,354 - INFO - Product ID: 2373
2025-10-22 01:11:03,354 - INFO - SPU ID: 25126371
2025-10-22 01:11:03,354 - INFO - Reference SKU: 890491853
2025-10-22 01:11:03,354 - INFO - Название: CHARLESKEITH ck PU 77cm CARAMEL
2025-10-22 01:11:03,354 - INFO - Бренд: CHARLES&KEITH
2025-10-22 01:11:03,354 - INFO - Категории: [152]
2025-10-22 01:11:03,354 - INFO - ================================================================================
2025-10-22 01:11:03,354 - INFO - Всего вариантов: 1
2025-10-22 01:11:03,355 - INFO - В наличии: 1
2025-10-22 01:11:03,355 - INFO - Нет в наличии: 0
2025-10-22 01:11:03,355 - INFO - Варианты в наличии:
2025-10-22 01:11:03,355 - INFO -   • Размер 34: 369.00 CNY (stock_status=1)
2025-10-22 01:11:03,355 - INFO - ЭТАП 1: Создание товара в WooCommerce...
2025-10-22 01:11:03,355 - INFO - URL сайта: https://plummy.ru
2025-10-22 01:11:21,860 - INFO - ✓ УСПЕХ: Товар создан в WP с ID=243306
2025-10-22 01:11:21,933 - INFO - ================================================================================

2025-10-22 01:11:21,933 - INFO - 
================================================================================
2025-10-22 01:11:21,933 - INFO - [14/22] НАЧАЛО СИНХРОНИЗАЦИИ
2025-10-22 01:11:21,933 - INFO - Product ID: 2374
2025-10-22 01:11:21,933 - INFO - SPU ID: 19309985
2025-10-22 01:11:21,933 - INFO - Reference SKU: 795208923
2025-10-22 01:11:21,933 - INFO - Название: CHARLESKEITH ck PU 93cm
2025-10-22 01:11:21,933 - INFO - Бренд: CHARLES&KEITH
2025-10-22 01:11:21,933 - INFO - Категории: [152]
2025-10-22 01:11:21,933 - INFO - ================================================================================
2025-10-22 01:11:21,933 - INFO - Всего вариантов: 8
2025-10-22 01:11:21,933 - INFO - В наличии: 8
2025-10-22 01:11:21,933 - INFO - Нет в наличии: 0
2025-10-22 01:11:21,933 - INFO - Варианты в наличии:
2025-10-22 01:11:21,933 - INFO -   • Размер 34: 549.00 CNY (stock_status=1)
2025-10-22 01:11:21,933 - INFO -   • Размер 35: 529.00 CNY (stock_status=1)
2025-10-22 01:11:21,933 - INFO -   • Размер 36: 549.00 CNY (stock_status=1)
2025-10-22 01:11:21,933 - INFO -   • Размер 37: 689.00 CNY (stock_status=1)
2025-10-22 01:11:21,934 - INFO -   • Размер 38: 589.00 CNY (stock_status=1)
2025-10-22 01:11:21,934 - INFO - ЭТАП 1: Создание товара в WooCommerce...
2025-10-22 01:11:21,934 - INFO - URL сайта: https://plummy.ru
2025-10-22 01:11:36,042 - INFO - ✓ УСПЕХ: Товар создан в WP с ID=243314
2025-10-22 01:11:36,105 - INFO - ================================================================================

2025-10-22 01:11:36,105 - INFO - 
================================================================================
2025-10-22 01:11:36,105 - INFO - [15/22] НАЧАЛО СИНХРОНИЗАЦИИ
2025-10-22 01:11:36,106 - INFO - Product ID: 2375
2025-10-22 01:11:36,106 - INFO - SPU ID: 8985559
2025-10-22 01:11:36,106 - INFO - Reference SKU: 654058931
2025-10-22 01:11:36,106 - INFO - Название: Burberry 45cm
2025-10-22 01:11:36,106 - INFO - Бренд: Burberry
2025-10-22 01:11:36,106 - INFO - Категории: [152]
2025-10-22 01:11:36,106 - INFO - ================================================================================
2025-10-22 01:11:36,106 - INFO - Всего вариантов: 2
2025-10-22 01:11:36,106 - INFO - В наличии: 2
2025-10-22 01:11:36,106 - INFO - Нет в наличии: 0
2025-10-22 01:11:36,106 - INFO - Варианты в наличии:
2025-10-22 01:11:36,106 - INFO -   • Размер 35: 2599.00 CNY (stock_status=1)
2025-10-22 01:11:36,106 - INFO -   • Размер 37: 2299.00 CNY (stock_status=1)
2025-10-22 01:11:36,106 - INFO - ЭТАП 1: Создание товара в WooCommerce...
2025-10-22 01:11:36,106 - INFO - URL сайта: https://plummy.ru
2025-10-22 01:11:42,597 - INFO - ✓ УСПЕХ: Товар создан в WP с ID=243336
2025-10-22 01:11:42,660 - INFO - ================================================================================

2025-10-22 01:11:42,661 - INFO - 
================================================================================
2025-10-22 01:11:42,661 - INFO - [16/22] НАЧАЛО СИНХРОНИЗАЦИИ
2025-10-22 01:11:42,661 - INFO - Product ID: 2376
2025-10-22 01:11:42,661 - INFO - SPU ID: 3668514
2025-10-22 01:11:42,661 - INFO - Reference SKU: 616728186
2025-10-22 01:11:42,661 - INFO - Название: Burberry
2025-10-22 01:11:42,661 - INFO - Бренд: Burberry
2025-10-22 01:11:42,661 - INFO - Категории: [152]
2025-10-22 01:11:42,661 - INFO - ================================================================================
2025-10-22 01:11:42,662 - INFO - Всего вариантов: 1
2025-10-22 01:11:42,662 - INFO - В наличии: 1
2025-10-22 01:11:42,662 - INFO - Нет в наличии: 0
2025-10-22 01:11:42,662 - INFO - Варианты в наличии:
2025-10-22 01:11:42,662 - INFO -   • Размер 35: 2999.00 CNY (stock_status=1)
2025-10-22 01:11:42,662 - INFO - ЭТАП 1: Создание товара в WooCommerce...
2025-10-22 01:11:42,662 - INFO - URL сайта: https://plummy.ru
2025-10-22 01:11:48,064 - INFO - ✓ УСПЕХ: Товар создан в WP с ID=243346
2025-10-22 01:11:48,123 - INFO - ================================================================================

2025-10-22 01:11:48,123 - INFO - 
================================================================================
2025-10-22 01:11:48,123 - INFO - [17/22] НАЧАЛО СИНХРОНИЗАЦИИ
2025-10-22 01:11:48,123 - INFO - Product ID: 2377
2025-10-22 01:11:48,123 - INFO - SPU ID: 29731176
2025-10-22 01:11:48,123 - INFO - Reference SKU: 976577437
2025-10-22 01:11:48,123 - INFO - Название: ZARA x Harry Lambert 9cm
2025-10-22 01:11:48,124 - INFO - Бренд: ZARA
2025-10-22 01:11:48,124 - INFO - Категории: [152]
2025-10-22 01:11:48,124 - INFO - ================================================================================
2025-10-22 01:11:48,124 - INFO - Всего вариантов: 3
2025-10-22 01:11:48,124 - INFO - В наличии: 3
2025-10-22 01:11:48,124 - INFO - Нет в наличии: 0
2025-10-22 01:11:48,124 - INFO - Варианты в наличии:
2025-10-22 01:11:48,124 - INFO -   • Размер 37: 999.00 CNY (stock_status=1)
2025-10-22 01:11:48,124 - INFO -   • Размер 39: 999.00 CNY (stock_status=1)
2025-10-22 01:11:48,124 - INFO -   • Размер 40: 999.00 CNY (stock_status=1)
2025-10-22 01:11:48,124 - INFO - ЭТАП 1: Создание товара в WooCommerce...
2025-10-22 01:11:48,124 - INFO - URL сайта: https://plummy.ru
2025-10-22 01:11:56,401 - INFO - ✓ УСПЕХ: Товар создан в WP с ID=243354
2025-10-22 01:11:56,468 - INFO - ================================================================================

2025-10-22 01:11:56,468 - INFO - 
================================================================================
2025-10-22 01:11:56,468 - INFO - [18/22] НАЧАЛО СИНХРОНИЗАЦИИ
2025-10-22 01:11:56,468 - INFO - Product ID: 2378
2025-10-22 01:11:56,468 - INFO - SPU ID: 5344738
2025-10-22 01:11:56,468 - INFO - Reference SKU: 626500823
2025-10-22 01:11:56,468 - INFO - Название: DIOR La Parisienne Dior 6cm
2025-10-22 01:11:56,468 - INFO - Бренд: DIOR
2025-10-22 01:11:56,468 - INFO - Категории: [152]
2025-10-22 01:11:56,468 - INFO - ================================================================================
2025-10-22 01:11:56,468 - INFO - Всего вариантов: 3
2025-10-22 01:11:56,468 - INFO - В наличии: 3
2025-10-22 01:11:56,468 - INFO - Нет в наличии: 0
2025-10-22 01:11:56,468 - INFO - Варианты в наличии:
2025-10-22 01:11:56,469 - INFO -   • Размер 36.5: 4999.00 CNY (stock_status=1)
2025-10-22 01:11:56,469 - INFO -   • Размер 37: 4999.00 CNY (stock_status=1)
2025-10-22 01:11:56,469 - INFO -   • Размер 38: 4999.00 CNY (stock_status=1)
2025-10-22 01:11:56,469 - INFO - ЭТАП 1: Создание товара в WooCommerce...
2025-10-22 01:11:56,469 - INFO - URL сайта: https://plummy.ru
2025-10-22 01:12:05,710 - INFO - ✓ УСПЕХ: Товар создан в WP с ID=243366
2025-10-22 01:12:05,772 - INFO - ================================================================================

2025-10-22 01:12:05,774 - INFO - 
================================================================================
2025-10-22 01:12:05,774 - INFO - [19/22] НАЧАЛО СИНХРОНИЗАЦИИ
2025-10-22 01:12:05,774 - INFO - Product ID: 2380
2025-10-22 01:12:05,775 - INFO - SPU ID: 24773800
2025-10-22 01:12:05,775 - INFO - Reference SKU: 884860566
2025-10-22 01:12:05,776 - INFO - Название: Maison Margiela Tabi 3cm
2025-10-22 01:12:05,777 - INFO - Бренд: Maison Margiela
2025-10-22 01:12:05,777 - INFO - Категории: [152]
2025-10-22 01:12:05,777 - INFO - ================================================================================
2025-10-22 01:12:05,777 - INFO - Всего вариантов: 4
2025-10-22 01:12:05,777 - INFO - В наличии: 4
2025-10-22 01:12:05,777 - INFO - Нет в наличии: 0
2025-10-22 01:12:05,777 - INFO - Варианты в наличии:
2025-10-22 01:12:05,778 - INFO -   • Размер 36: 6099.00 CNY (stock_status=1)
2025-10-22 01:12:05,778 - INFO -   • Размер 37: 6099.00 CNY (stock_status=1)
2025-10-22 01:12:05,778 - INFO -   • Размер 38: 6099.00 CNY (stock_status=1)
2025-10-22 01:12:05,778 - INFO -   • Размер 39: 6099.00 CNY (stock_status=1)
2025-10-22 01:12:05,778 - INFO - ЭТАП 1: Создание товара в WooCommerce...
2025-10-22 01:12:05,778 - INFO - URL сайта: https://plummy.ru
2025-10-22 01:12:18,213 - INFO - ✓ УСПЕХ: Товар создан в WP с ID=243378
2025-10-22 01:12:18,278 - INFO - ================================================================================

2025-10-22 01:12:18,278 - INFO - 
================================================================================
2025-10-22 01:12:18,278 - INFO - [20/22] НАЧАЛО СИНХРОНИЗАЦИИ
2025-10-22 01:12:18,279 - INFO - Product ID: 2382
2025-10-22 01:12:18,279 - INFO - SPU ID: 8428247
2025-10-22 01:12:18,279 - INFO - Reference SKU: 650382470
2025-10-22 01:12:18,279 - INFO - Название: BIGTREE PU
2025-10-22 01:12:18,279 - INFO - Бренд: BIGTREE
2025-10-22 01:12:18,279 - INFO - Категории: [152]
2025-10-22 01:12:18,279 - INFO - ================================================================================
2025-10-22 01:12:18,279 - INFO - Всего вариантов: 1
2025-10-22 01:12:18,279 - INFO - В наличии: 1
2025-10-22 01:12:18,279 - INFO - Нет в наличии: 0
2025-10-22 01:12:18,279 - INFO - Варианты в наличии:
2025-10-22 01:12:18,279 - INFO -   • Размер ONE SIZE: 229.00 CNY (stock_status=1)
2025-10-22 01:12:18,280 - INFO - ЭТАП 1: Создание товара в WooCommerce...
2025-10-22 01:12:18,280 - INFO - URL сайта: https://plummy.ru
2025-10-22 01:12:29,088 - INFO - ✓ УСПЕХ: Товар создан в WP с ID=243392
2025-10-22 01:12:29,151 - INFO - ================================================================================

2025-10-22 01:12:29,151 - INFO - 
================================================================================
2025-10-22 01:12:29,151 - INFO - [21/22] НАЧАЛО СИНХРОНИЗАЦИИ
2025-10-22 01:12:29,151 - INFO - Product ID: 2383
2025-10-22 01:12:29,151 - INFO - SPU ID: 14976124
2025-10-22 01:12:29,151 - INFO - Reference SKU: 725399260
2025-10-22 01:12:29,151 - INFO - Название: BIGTREE
2025-10-22 01:12:29,152 - INFO - Бренд: BIGTREE
2025-10-22 01:12:29,152 - INFO - Категории: [152]
2025-10-22 01:12:29,152 - INFO - ================================================================================
2025-10-22 01:12:29,152 - INFO - Всего вариантов: 7
2025-10-22 01:12:29,152 - INFO - В наличии: 7
2025-10-22 01:12:29,152 - INFO - Нет в наличии: 0
2025-10-22 01:12:29,152 - INFO - Варианты в наличии:
2025-10-22 01:12:29,152 - INFO -   • Размер 34: 229.00 CNY (stock_status=1)
2025-10-22 01:12:29,152 - INFO -   • Размер 35: 229.00 CNY (stock_status=1)
2025-10-22 01:12:29,153 - INFO -   • Размер 36: 229.00 CNY (stock_status=1)
2025-10-22 01:12:29,153 - INFO -   • Размер 37: 229.00 CNY (stock_status=1)
2025-10-22 01:12:29,153 - INFO -   • Размер 38: 229.00 CNY (stock_status=1)
2025-10-22 01:12:29,154 - INFO - ЭТАП 1: Создание товара в WooCommerce...
2025-10-22 01:12:29,154 - INFO - URL сайта: https://plummy.ru
2025-10-22 01:12:46,005 - INFO - ✓ УСПЕХ: Товар создан в WP с ID=243400
2025-10-22 01:12:46,069 - INFO - ================================================================================

2025-10-22 01:12:46,069 - INFO - 
================================================================================
2025-10-22 01:12:46,069 - INFO - [22/22] НАЧАЛО СИНХРОНИЗАЦИИ
2025-10-22 01:12:46,069 - INFO - Product ID: 2384
2025-10-22 01:12:46,069 - INFO - SPU ID: 26063881
2025-10-22 01:12:46,069 - INFO - Reference SKU: 910647492
2025-10-22 01:12:46,070 - INFO - Название: BIGTREE PU
2025-10-22 01:12:46,070 - INFO - Бренд: BIGTREE
2025-10-22 01:12:46,070 - INFO - Категории: [152]
2025-10-22 01:12:46,070 - INFO - ================================================================================
2025-10-22 01:12:46,071 - INFO - Всего вариантов: 14
2025-10-22 01:12:46,071 - INFO - В наличии: 14
2025-10-22 01:12:46,071 - INFO - Нет в наличии: 0
2025-10-22 01:12:46,071 - INFO - Варианты в наличии:
2025-10-22 01:12:46,071 - INFO -   • Размер 34: 199.00 CNY (stock_status=1)
2025-10-22 01:12:46,071 - INFO -   • Размер 34: 199.00 CNY (stock_status=1)
2025-10-22 01:12:46,071 - INFO -   • Размер 35: 199.00 CNY (stock_status=1)
2025-10-22 01:12:46,071 - INFO -   • Размер 35: 199.00 CNY (stock_status=1)
2025-10-22 01:12:46,071 - INFO -   • Размер 36: 199.00 CNY (stock_status=1)
2025-10-22 01:12:46,071 - INFO - ЭТАП 1: Создание товара в WooCommerce...
2025-10-22 01:12:46,071 - INFO - URL сайта: https://plummy.ru
2025-10-22 01:13:05,358 - INFO - ✓ УСПЕХ: Товар создан в WP с ID=243420
2025-10-22 01:13:05,417 - INFO - ================================================================================

2025-10-22 01:13:05,477 - INFO - ================================================================================
2025-10-22 01:13:05,477 - INFO - ЗАВЕРШЕНИЕ: Создано 22, Ошибок 0, Пропущено 0
2025-10-22 01:13:05,477 - INFO - ================================================================================
