2025-10-20 01:45:45,878 - INFO - ================================================================================
2025-10-20 01:45:45,879 - INFO - НАЧАЛО ДЕТАЛЬНОГО ЛОГИРОВАНИЯ sync_new
2025-10-20 01:45:45,879 - INFO - ================================================================================
2025-10-20 01:45:45,939 - INFO - Всего товаров без WP ID: 20
2025-10-20 01:45:45,939 - INFO - С загруженными данными: 11
2025-10-20 01:45:45,939 - INFO - Пропущено (без данных): 9
2025-10-20 01:45:45,941 - INFO - 
================================================================================
2025-10-20 01:45:45,941 - INFO - [1/11] НАЧАЛО СИНХРОНИЗАЦИИ
2025-10-20 01:45:45,941 - INFO - Product ID: 2150
2025-10-20 01:45:45,941 - INFO - SPU ID: 16375811
2025-10-20 01:45:45,941 - INFO - Reference SKU: 747045321
2025-10-20 01:45:45,941 - INFO - Название: TF
2025-10-20 01:45:45,941 - INFO - Бренд: TOM FORD
2025-10-20 01:45:45,941 - INFO - Категории: [122, 134]
2025-10-20 01:45:45,941 - INFO - ================================================================================
2025-10-20 01:45:45,941 - INFO - Всего вариантов: 1
2025-10-20 01:45:45,941 - INFO - В наличии: 1
2025-10-20 01:45:45,941 - INFO - Нет в наличии: 0
2025-10-20 01:45:45,941 - INFO - Варианты в наличии:
2025-10-20 01:45:45,941 - INFO -   • Размер ONE SIZE: 1189.00 CNY (stock_status=1)
2025-10-20 01:45:45,941 - INFO - ЭТАП 1: Создание товара в WooCommerce...
2025-10-20 01:45:45,941 - INFO - URL сайта: https://plummy.ru
2025-10-20 01:45:59,212 - INFO - ✓ УСПЕХ: Товар создан в WP с ID=239400
2025-10-20 01:45:59,273 - INFO - ================================================================================

2025-10-20 01:45:59,273 - INFO - 
================================================================================
2025-10-20 01:45:59,273 - INFO - [2/11] НАЧАЛО СИНХРОНИЗАЦИИ
2025-10-20 01:45:59,273 - INFO - Product ID: 2151
2025-10-20 01:45:59,274 - INFO - SPU ID: 3144717
2025-10-20 01:45:59,274 - INFO - Reference SKU: 613453227
2025-10-20 01:45:59,274 - INFO - Название: Burberry BURBERRY B
2025-10-20 01:45:59,274 - INFO - Бренд: Burberry
2025-10-20 01:45:59,274 - INFO - Категории: [122, 134]
2025-10-20 01:45:59,274 - INFO - ================================================================================
2025-10-20 01:45:59,274 - INFO - Всего вариантов: 1
2025-10-20 01:45:59,274 - INFO - В наличии: 1
2025-10-20 01:45:59,274 - INFO - Нет в наличии: 0
2025-10-20 01:45:59,274 - INFO - Варианты в наличии:
2025-10-20 01:45:59,275 - INFO -   • Размер ONE SIZE: 779.00 CNY (stock_status=1)
2025-10-20 01:45:59,275 - INFO - ЭТАП 1: Создание товара в WooCommerce...
2025-10-20 01:45:59,275 - INFO - URL сайта: https://plummy.ru
2025-10-20 01:46:18,660 - INFO - ✓ УСПЕХ: Товар создан в WP с ID=239408
2025-10-20 01:46:18,725 - INFO - ================================================================================

2025-10-20 01:46:18,726 - INFO - 
================================================================================
2025-10-20 01:46:18,726 - INFO - [3/11] НАЧАЛО СИНХРОНИЗАЦИИ
2025-10-20 01:46:18,726 - INFO - Product ID: 2152
2025-10-20 01:46:18,726 - INFO - SPU ID: 10905787
2025-10-20 01:46:18,726 - INFO - Reference SKU: 670844223
2025-10-20 01:46:18,726 - INFO - Название: MIU MIU
2025-10-20 01:46:18,726 - INFO - Бренд: MIU MIU
2025-10-20 01:46:18,727 - INFO - Категории: [122, 134]
2025-10-20 01:46:18,727 - INFO - ================================================================================
2025-10-20 01:46:18,727 - INFO - Всего вариантов: 1
2025-10-20 01:46:18,727 - INFO - В наличии: 1
2025-10-20 01:46:18,727 - INFO - Нет в наличии: 0
2025-10-20 01:46:18,727 - INFO - Варианты в наличии:
2025-10-20 01:46:18,727 - INFO -   • Размер 54: 1699.00 CNY (stock_status=1)
2025-10-20 01:46:18,728 - INFO - ЭТАП 1: Создание товара в WooCommerce...
2025-10-20 01:46:18,728 - INFO - URL сайта: https://plummy.ru
2025-10-20 01:46:54,704 - INFO - ✓ УСПЕХ: Товар создан в WP с ID=239416
2025-10-20 01:46:54,773 - INFO - ================================================================================

2025-10-20 01:46:54,773 - INFO - 
================================================================================
2025-10-20 01:46:54,773 - INFO - [4/11] НАЧАЛО СИНХРОНИЗАЦИИ
2025-10-20 01:46:54,773 - INFO - Product ID: 2153
2025-10-20 01:46:54,773 - INFO - SPU ID: 19439152
2025-10-20 01:46:54,773 - INFO - Reference SKU: 797334959
2025-10-20 01:46:54,773 - INFO - Название: GUCCI
2025-10-20 01:46:54,773 - INFO - Бренд: GUCCI
2025-10-20 01:46:54,773 - INFO - Категории: [122, 134]
2025-10-20 01:46:54,773 - INFO - ================================================================================
2025-10-20 01:46:54,773 - INFO - Всего вариантов: 1
2025-10-20 01:46:54,773 - INFO - В наличии: 1
2025-10-20 01:46:54,773 - INFO - Нет в наличии: 0
2025-10-20 01:46:54,773 - INFO - Варианты в наличии:
2025-10-20 01:46:54,773 - INFO -   • Размер ONE SIZE: 2199.00 CNY (stock_status=1)
2025-10-20 01:46:54,773 - INFO - ЭТАП 1: Создание товара в WooCommerce...
2025-10-20 01:46:54,773 - INFO - URL сайта: https://plummy.ru
2025-10-20 01:47:05,806 - INFO - ✓ УСПЕХ: Товар создан в WP с ID=239424
2025-10-20 01:47:05,870 - INFO - ================================================================================

2025-10-20 01:47:05,870 - INFO - 
================================================================================
2025-10-20 01:47:05,870 - INFO - [5/11] НАЧАЛО СИНХРОНИЗАЦИИ
2025-10-20 01:47:05,870 - INFO - Product ID: 2154
2025-10-20 01:47:05,870 - INFO - SPU ID: 15353755
2025-10-20 01:47:05,870 - INFO - Reference SKU: 731438243
2025-10-20 01:47:05,870 - INFO - Название: CALVIN KLEIN
2025-10-20 01:47:05,870 - INFO - Бренд: Calvin Klein
2025-10-20 01:47:05,870 - INFO - Категории: [122, 134]
2025-10-20 01:47:05,870 - INFO - ================================================================================
2025-10-20 01:47:05,870 - INFO - Всего вариантов: 1
2025-10-20 01:47:05,870 - INFO - В наличии: 1
2025-10-20 01:47:05,870 - INFO - Нет в наличии: 0
2025-10-20 01:47:05,870 - INFO - Варианты в наличии:
2025-10-20 01:47:05,870 - INFO -   • Размер ONE SIZE: 595.00 CNY (stock_status=1)
2025-10-20 01:47:05,870 - INFO - ЭТАП 1: Создание товара в WooCommerce...
2025-10-20 01:47:05,870 - INFO - URL сайта: https://plummy.ru
2025-10-20 01:47:17,762 - INFO - ✓ УСПЕХ: Товар создан в WP с ID=239431
2025-10-20 01:47:17,826 - INFO - ================================================================================

2025-10-20 01:47:17,826 - INFO - 
================================================================================
2025-10-20 01:47:17,827 - INFO - [6/11] НАЧАЛО СИНХРОНИЗАЦИИ
2025-10-20 01:47:17,827 - INFO - Product ID: 2155
2025-10-20 01:47:17,827 - INFO - SPU ID: 4379279
2025-10-20 01:47:17,828 - INFO - Reference SKU: 620844769
2025-10-20 01:47:17,828 - INFO - Название: CLARKIA FLOWER ins
2025-10-20 01:47:17,828 - INFO - Бренд: CLARKIA FLOWER
2025-10-20 01:47:17,828 - INFO - Категории: [122, 134]
2025-10-20 01:47:17,828 - INFO - ================================================================================
2025-10-20 01:47:17,828 - INFO - Всего вариантов: 1
2025-10-20 01:47:17,828 - INFO - В наличии: 1
2025-10-20 01:47:17,828 - INFO - Нет в наличии: 0
2025-10-20 01:47:17,828 - INFO - Варианты в наличии:
2025-10-20 01:47:17,828 - INFO -   • Размер ONE SIZE: 119.00 CNY (stock_status=1)
2025-10-20 01:47:17,828 - INFO - ЭТАП 1: Создание товара в WooCommerce...
2025-10-20 01:47:17,829 - INFO - URL сайта: https://plummy.ru
2025-10-20 01:47:33,722 - INFO - ✓ УСПЕХ: Товар создан в WP с ID=239439
2025-10-20 01:47:33,785 - INFO - ================================================================================

2025-10-20 01:47:33,785 - INFO - 
================================================================================
2025-10-20 01:47:33,785 - INFO - [7/11] НАЧАЛО СИНХРОНИЗАЦИИ
2025-10-20 01:47:33,785 - INFO - Product ID: 2157
2025-10-20 01:47:33,785 - INFO - SPU ID: 8181145
2025-10-20 01:47:33,785 - INFO - Reference SKU: 648414284
2025-10-20 01:47:33,785 - INFO - Название: Oakley
2025-10-20 01:47:33,785 - INFO - Бренд: Oakley
2025-10-20 01:47:33,785 - INFO - Категории: [122, 134]
2025-10-20 01:47:33,785 - INFO - ================================================================================
2025-10-20 01:47:33,785 - INFO - Всего вариантов: 1
2025-10-20 01:47:33,785 - INFO - В наличии: 1
2025-10-20 01:47:33,785 - INFO - Нет в наличии: 0
2025-10-20 01:47:33,785 - INFO - Варианты в наличии:
2025-10-20 01:47:33,785 - INFO -   • Размер ONE SIZE: 1399.00 CNY (stock_status=1)
2025-10-20 01:47:33,785 - INFO - ЭТАП 1: Создание товара в WooCommerce...
2025-10-20 01:47:33,785 - INFO - URL сайта: https://plummy.ru
2025-10-20 01:47:42,075 - INFO - ✓ УСПЕХ: Товар создан в WP с ID=239447
2025-10-20 01:47:42,139 - INFO - ================================================================================

2025-10-20 01:47:42,139 - INFO - 
================================================================================
2025-10-20 01:47:42,140 - INFO - [8/11] НАЧАЛО СИНХРОНИЗАЦИИ
2025-10-20 01:47:42,140 - INFO - Product ID: 2158
2025-10-20 01:47:42,140 - INFO - SPU ID: 25461722
2025-10-20 01:47:42,140 - INFO - Reference SKU: 897365385
2025-10-20 01:47:42,140 - INFO - Название: GM PC
2025-10-20 01:47:42,140 - INFO - Бренд: 
2025-10-20 01:47:42,140 - INFO - Категории: [122, 134]
2025-10-20 01:47:42,140 - INFO - ================================================================================
2025-10-20 01:47:42,140 - INFO - Всего вариантов: 1
2025-10-20 01:47:42,140 - INFO - В наличии: 1
2025-10-20 01:47:42,140 - INFO - Нет в наличии: 0
2025-10-20 01:47:42,140 - INFO - Варианты в наличии:
2025-10-20 01:47:42,140 - INFO -   • Размер ONE SIZE: 109.00 CNY (stock_status=1)
2025-10-20 01:47:42,141 - INFO - ЭТАП 1: Создание товара в WooCommerce...
2025-10-20 01:47:42,141 - INFO - URL сайта: https://plummy.ru
2025-10-20 01:47:50,324 - INFO - ✓ УСПЕХ: Товар создан в WP с ID=239455
2025-10-20 01:47:50,404 - INFO - ================================================================================

2025-10-20 01:47:50,404 - INFO - 
================================================================================
2025-10-20 01:47:50,404 - INFO - [9/11] НАЧАЛО СИНХРОНИЗАЦИИ
2025-10-20 01:47:50,404 - INFO - Product ID: 2159
2025-10-20 01:47:50,405 - INFO - SPU ID: 20583889
2025-10-20 01:47:50,405 - INFO - Reference SKU: 810914509
2025-10-20 01:47:50,405 - INFO - Название: GENTLE MONSTER x Maison Margiela
2025-10-20 01:47:50,405 - INFO - Бренд: GENTLE MONSTER
2025-10-20 01:47:50,405 - INFO - Категории: [122, 134]
2025-10-20 01:47:50,405 - INFO - ================================================================================
2025-10-20 01:47:50,405 - INFO - Всего вариантов: 1
2025-10-20 01:47:50,405 - INFO - В наличии: 1
2025-10-20 01:47:50,405 - INFO - Нет в наличии: 0
2025-10-20 01:47:50,405 - INFO - Варианты в наличии:
2025-10-20 01:47:50,406 - INFO -   • Размер ONE SIZE: 3599.00 CNY (stock_status=1)
2025-10-20 01:47:50,406 - INFO - ЭТАП 1: Создание товара в WooCommerce...
2025-10-20 01:47:50,406 - INFO - URL сайта: https://plummy.ru
2025-10-20 01:49:23,895 - INFO - ✓ УСПЕХ: Товар создан в WP с ID=239463
2025-10-20 01:49:23,979 - INFO - ================================================================================

2025-10-20 01:49:23,979 - INFO - 
================================================================================
2025-10-20 01:49:23,979 - INFO - [10/11] НАЧАЛО СИНХРОНИЗАЦИИ
2025-10-20 01:49:23,980 - INFO - Product ID: 2160
2025-10-20 01:49:23,980 - INFO - SPU ID: 5145309
2025-10-20 01:49:23,980 - INFO - Reference SKU: 625441363
2025-10-20 01:49:23,980 - INFO - Название: MIU MIU Logo
2025-10-20 01:49:23,980 - INFO - Бренд: MIU MIU
2025-10-20 01:49:23,980 - INFO - Категории: [122, 134]
2025-10-20 01:49:23,980 - INFO - ================================================================================
2025-10-20 01:49:23,980 - INFO - Всего вариантов: 1
2025-10-20 01:49:23,980 - INFO - В наличии: 1
2025-10-20 01:49:23,980 - INFO - Нет в наличии: 0
2025-10-20 01:49:23,980 - INFO - Варианты в наличии:
2025-10-20 01:49:23,980 - INFO -   • Размер ONE SIZE: 1899.00 CNY (stock_status=1)
2025-10-20 01:49:23,981 - INFO - ЭТАП 1: Создание товара в WooCommerce...
2025-10-20 01:49:23,981 - INFO - URL сайта: https://plummy.ru
2025-10-20 01:58:19,374 - INFO - ✓ УСПЕХ: Товар создан в WP с ID=239471
2025-10-20 01:58:19,512 - INFO - ================================================================================

2025-10-20 01:58:19,513 - INFO - 
================================================================================
2025-10-20 01:58:19,513 - INFO - [11/11] НАЧАЛО СИНХРОНИЗАЦИИ
2025-10-20 01:58:19,513 - INFO - Product ID: 2161
2025-10-20 01:58:19,513 - INFO - SPU ID: 3203772
2025-10-20 01:58:19,513 - INFO - Reference SKU: 613846286
2025-10-20 01:58:19,513 - INFO - Название: MIU MIU logo
2025-10-20 01:58:19,513 - INFO - Бренд: MIU MIU
2025-10-20 01:58:19,513 - INFO - Категории: [122, 134]
2025-10-20 01:58:19,513 - INFO - ================================================================================
2025-10-20 01:58:19,513 - INFO - Всего вариантов: 3
2025-10-20 01:58:19,513 - INFO - В наличии: 3
2025-10-20 01:58:19,513 - INFO - Нет в наличии: 0
2025-10-20 01:58:19,513 - INFO - Варианты в наличии:
2025-10-20 01:58:19,513 - INFO -   • Размер 54: 1509.00 CNY (stock_status=1)
2025-10-20 01:58:19,513 - INFO -   • Размер 54: 1589.00 CNY (stock_status=1)
2025-10-20 01:58:19,514 - INFO -   • Размер 54: 1589.00 CNY (stock_status=1)
2025-10-20 01:58:19,514 - INFO - ЭТАП 1: Создание товара в WooCommerce...
2025-10-20 01:58:19,514 - INFO - URL сайта: https://plummy.ru
2025-10-20 01:58:28,136 - INFO - ✓ УСПЕХ: Товар создан в WP с ID=239489
2025-10-20 01:58:28,195 - INFO - ================================================================================

2025-10-20 01:58:28,223 - INFO - ================================================================================
2025-10-20 01:58:28,223 - INFO - ЗАВЕРШЕНИЕ: Создано 11, Ошибок 0, Пропущено 0
2025-10-20 01:58:28,223 - INFO - ================================================================================
