2025-10-19 21:42:38,865 - INFO - ================================================================================
2025-10-19 21:42:38,866 - INFO - НАЧАЛО ДЕТАЛЬНОГО ЛОГИРОВАНИЯ sync_new
2025-10-19 21:42:38,866 - INFO - ================================================================================
2025-10-19 21:42:38,920 - INFO - Всего товаров без WP ID: 10
2025-10-19 21:42:38,920 - INFO - С загруженными данными: 4
2025-10-19 21:42:38,921 - INFO - Пропущено (без данных): 6
2025-10-19 21:42:38,921 - INFO - 
================================================================================
2025-10-19 21:42:38,921 - INFO - [1/4] НАЧАЛО СИНХРОНИЗАЦИИ
2025-10-19 21:42:38,921 - INFO - Product ID: 1866
2025-10-19 21:42:38,921 - INFO - SPU ID: 2664554
2025-10-19 21:42:38,921 - INFO - Reference SKU: 610363657
2025-10-19 21:42:38,921 - INFO - Название: Jordan Logo
2025-10-19 21:42:38,921 - INFO - Бренд: Jordan
2025-10-19 21:42:38,921 - INFO - Категории: [1173, 1174]
2025-10-19 21:42:38,921 - INFO - ================================================================================
2025-10-19 21:42:38,921 - INFO - Всего вариантов: 5
2025-10-19 21:42:38,921 - INFO - В наличии: 5
2025-10-19 21:42:38,921 - INFO - Нет в наличии: 0
2025-10-19 21:42:38,921 - INFO - Варианты в наличии:
2025-10-19 21:42:38,921 - INFO -   • Размер L: 225.00 CNY (stock_status=1)
2025-10-19 21:42:38,921 - INFO -   • Размер S: 222.00 CNY (stock_status=1)
2025-10-19 21:42:38,921 - INFO -   • Размер XL: 273.00 CNY (stock_status=1)
2025-10-19 21:42:38,921 - INFO -   • Размер XXL: 285.00 CNY (stock_status=1)
2025-10-19 21:42:38,921 - INFO -   • Размер XXXL: 389.00 CNY (stock_status=1)
2025-10-19 21:42:38,921 - INFO - ЭТАП 1: Создание товара в WooCommerce...
2025-10-19 21:42:38,921 - INFO - URL сайта: https://plummy.ru
2025-10-19 21:42:45,841 - INFO - ✓ УСПЕХ: Товар создан в WP с ID=236857
2025-10-19 21:42:45,906 - INFO - ================================================================================

2025-10-19 21:42:45,907 - INFO - 
================================================================================
2025-10-19 21:42:45,907 - INFO - [2/4] НАЧАЛО СИНХРОНИЗАЦИИ
2025-10-19 21:42:45,907 - INFO - Product ID: 1867
2025-10-19 21:42:45,907 - INFO - SPU ID: 26724283
2025-10-19 21:42:45,907 - INFO - Reference SKU: 922655664
2025-10-19 21:42:45,907 - INFO - Название: EXPM
2025-10-19 21:42:45,907 - INFO - Бренд: EXPM
2025-10-19 21:42:45,907 - INFO - Категории: [1173, 1174]
2025-10-19 21:42:45,907 - INFO - ================================================================================
2025-10-19 21:42:45,908 - INFO - Всего вариантов: 5
2025-10-19 21:42:45,908 - INFO - В наличии: 5
2025-10-19 21:42:45,908 - INFO - Нет в наличии: 0
2025-10-19 21:42:45,908 - INFO - Варианты в наличии:
2025-10-19 21:42:45,908 - INFO -   • Размер 2XL: 199.00 CNY (stock_status=1)
2025-10-19 21:42:45,908 - INFO -   • Размер L: 199.00 CNY (stock_status=1)
2025-10-19 21:42:45,908 - INFO -   • Размер M: 199.00 CNY (stock_status=1)
2025-10-19 21:42:45,908 - INFO -   • Размер S: 199.00 CNY (stock_status=1)
2025-10-19 21:42:45,908 - INFO -   • Размер XL: 199.00 CNY (stock_status=1)
2025-10-19 21:42:45,908 - INFO - ЭТАП 1: Создание товара в WooCommerce...
2025-10-19 21:42:45,909 - INFO - URL сайта: https://plummy.ru
2025-10-19 21:42:55,401 - INFO - ✓ УСПЕХ: Товар создан в WP с ID=236873
2025-10-19 21:42:55,466 - INFO - ================================================================================

2025-10-19 21:42:55,466 - INFO - 
================================================================================
2025-10-19 21:42:55,466 - INFO - [3/4] НАЧАЛО СИНХРОНИЗАЦИИ
2025-10-19 21:42:55,466 - INFO - Product ID: 1868
2025-10-19 21:42:55,466 - INFO - SPU ID: 11729620
2025-10-19 21:42:55,467 - INFO - Reference SKU: 679592614
2025-10-19 21:42:55,467 - INFO - Название: Nike
2025-10-19 21:42:55,467 - INFO - Бренд: Nike
2025-10-19 21:42:55,467 - INFO - Категории: [1173, 1174]
2025-10-19 21:42:55,467 - INFO - ================================================================================
2025-10-19 21:42:55,467 - INFO - Всего вариантов: 2
2025-10-19 21:42:55,467 - INFO - В наличии: 2
2025-10-19 21:42:55,467 - INFO - Нет в наличии: 0
2025-10-19 21:42:55,467 - INFO - Варианты в наличии:
2025-10-19 21:42:55,467 - INFO -   • Размер L: 249.00 CNY (stock_status=1)
2025-10-19 21:42:55,467 - INFO -   • Размер M: 299.00 CNY (stock_status=1)
2025-10-19 21:42:55,467 - INFO - ЭТАП 1: Создание товара в WooCommerce...
2025-10-19 21:42:55,467 - INFO - URL сайта: https://plummy.ru
2025-10-19 21:43:03,921 - INFO - ✓ УСПЕХ: Товар создан в WP с ID=236889
2025-10-19 21:43:03,989 - INFO - ================================================================================

2025-10-19 21:43:03,989 - INFO - 
================================================================================
2025-10-19 21:43:03,989 - INFO - [4/4] НАЧАЛО СИНХРОНИЗАЦИИ
2025-10-19 21:43:03,990 - INFO - Product ID: 1869
2025-10-19 21:43:03,990 - INFO - SPU ID: 22843111
2025-10-19 21:43:03,990 - INFO - Reference SKU: 853833919
2025-10-19 21:43:03,990 - INFO - Название: City Hipster
2025-10-19 21:43:03,990 - INFO - Бренд: City Hipster
2025-10-19 21:43:03,990 - INFO - Категории: [1173, 1174]
2025-10-19 21:43:03,990 - INFO - ================================================================================
2025-10-19 21:43:03,990 - INFO - Всего вариантов: 6
2025-10-19 21:43:03,990 - INFO - В наличии: 6
2025-10-19 21:43:03,991 - INFO - Нет в наличии: 0
2025-10-19 21:43:03,991 - INFO - Варианты в наличии:
2025-10-19 21:43:03,991 - INFO -   • Размер 2XL: 89.00 CNY (stock_status=1)
2025-10-19 21:43:03,991 - INFO -   • Размер 3XL: 89.00 CNY (stock_status=1)
2025-10-19 21:43:03,991 - INFO -   • Размер L: 89.00 CNY (stock_status=1)
2025-10-19 21:43:03,991 - INFO -   • Размер M: 89.00 CNY (stock_status=1)
2025-10-19 21:43:03,991 - INFO -   • Размер S: 89.00 CNY (stock_status=1)
2025-10-19 21:43:03,991 - INFO - ЭТАП 1: Создание товара в WooCommerce...
2025-10-19 21:43:03,991 - INFO - URL сайта: https://plummy.ru
2025-10-19 21:43:12,924 - INFO - ✓ УСПЕХ: Товар создан в WP с ID=236897
2025-10-19 21:43:12,983 - INFO - ================================================================================

2025-10-19 21:43:12,996 - INFO - ================================================================================
2025-10-19 21:43:12,996 - INFO - ЗАВЕРШЕНИЕ: Создано 4, Ошибок 0, Пропущено 0
2025-10-19 21:43:12,996 - INFO - ================================================================================
