2025-10-20 00:30:01,147 - INFO - ================================================================================
2025-10-20 00:30:01,148 - INFO - НАЧАЛО ДЕТАЛЬНОГО ЛОГИРОВАНИЯ sync_new
2025-10-20 00:30:01,148 - INFO - ================================================================================
2025-10-20 00:30:01,198 - INFO - Всего товаров без WP ID: 24
2025-10-20 00:30:01,198 - INFO - С загруженными данными: 18
2025-10-20 00:30:01,198 - INFO - Пропущено (без данных): 6
2025-10-20 00:30:01,199 - INFO - 
================================================================================
2025-10-20 00:30:01,199 - INFO - [1/18] НАЧАЛО СИНХРОНИЗАЦИИ
2025-10-20 00:30:01,199 - INFO - Product ID: 2074
2025-10-20 00:30:01,199 - INFO - SPU ID: 4716982
2025-10-20 00:30:01,199 - INFO - Reference SKU: 622965815
2025-10-20 00:30:01,200 - INFO - Название: New Balance Logo
2025-10-20 00:30:01,200 - INFO - Бренд: New Balance
2025-10-20 00:30:01,200 - INFO - Категории: [123, 133]
2025-10-20 00:30:01,200 - INFO - ================================================================================
2025-10-20 00:30:01,200 - INFO - Всего вариантов: 1
2025-10-20 00:30:01,200 - INFO - В наличии: 1
2025-10-20 00:30:01,200 - INFO - Нет в наличии: 0
2025-10-20 00:30:01,200 - INFO - Варианты в наличии:
2025-10-20 00:30:01,200 - INFO -   • Размер ONE SIZE: 250.00 CNY (stock_status=1)
2025-10-20 00:30:01,200 - INFO - ЭТАП 1: Создание товара в WooCommerce...
2025-10-20 00:30:01,200 - INFO - URL сайта: https://plummy.ru
2025-10-20 00:30:21,626 - INFO - ✓ УСПЕХ: Товар создан в WP с ID=238627
2025-10-20 00:30:21,693 - INFO - ================================================================================

2025-10-20 00:30:21,693 - INFO - 
================================================================================
2025-10-20 00:30:21,693 - INFO - [2/18] НАЧАЛО СИНХРОНИЗАЦИИ
2025-10-20 00:30:21,693 - INFO - Product ID: 2075
2025-10-20 00:30:21,693 - INFO - SPU ID: 3711586
2025-10-20 00:30:21,693 - INFO - Reference SKU: 617119754
2025-10-20 00:30:21,693 - INFO - Название: Champion V
2025-10-20 00:30:21,693 - INFO - Бренд: Champion
2025-10-20 00:30:21,693 - INFO - Категории: [123, 133]
2025-10-20 00:30:21,693 - INFO - ================================================================================
2025-10-20 00:30:21,693 - INFO - Всего вариантов: 1
2025-10-20 00:30:21,693 - INFO - В наличии: 1
2025-10-20 00:30:21,693 - INFO - Нет в наличии: 0
2025-10-20 00:30:21,693 - INFO - Варианты в наличии:
2025-10-20 00:30:21,693 - INFO -   • Размер ONE SIZE: 189.00 CNY (stock_status=1)
2025-10-20 00:30:21,693 - INFO - ЭТАП 1: Создание товара в WooCommerce...
2025-10-20 00:30:21,693 - INFO - URL сайта: https://plummy.ru
2025-10-20 00:30:27,484 - INFO - ✓ УСПЕХ: Товар создан в WP с ID=238635
2025-10-20 00:30:27,540 - INFO - ================================================================================

2025-10-20 00:30:27,540 - INFO - 
================================================================================
2025-10-20 00:30:27,540 - INFO - [3/18] НАЧАЛО СИНХРОНИЗАЦИИ
2025-10-20 00:30:27,540 - INFO - Product ID: 2076
2025-10-20 00:30:27,540 - INFO - SPU ID: 3489351
2025-10-20 00:30:27,540 - INFO - Reference SKU: 616180754
2025-10-20 00:30:27,541 - INFO - Название: A BATHING APE Logo
2025-10-20 00:30:27,541 - INFO - Бренд: A BATHING APE
2025-10-20 00:30:27,541 - INFO - Категории: [123, 133]
2025-10-20 00:30:27,541 - INFO - ================================================================================
2025-10-20 00:30:27,541 - INFO - Всего вариантов: 1
2025-10-20 00:30:27,541 - INFO - В наличии: 1
2025-10-20 00:30:27,541 - INFO - Нет в наличии: 0
2025-10-20 00:30:27,541 - INFO - Варианты в наличии:
2025-10-20 00:30:27,541 - INFO -   • Размер ONE SIZE: 969.00 CNY (stock_status=1)
2025-10-20 00:30:27,541 - INFO - ЭТАП 1: Создание товара в WooCommerce...
2025-10-20 00:30:27,541 - INFO - URL сайта: https://plummy.ru
2025-10-20 00:30:35,629 - INFO - ✓ УСПЕХ: Товар создан в WP с ID=238643
2025-10-20 00:30:35,691 - INFO - ================================================================================

2025-10-20 00:30:35,691 - INFO - 
================================================================================
2025-10-20 00:30:35,691 - INFO - [4/18] НАЧАЛО СИНХРОНИЗАЦИИ
2025-10-20 00:30:35,691 - INFO - Product ID: 2077
2025-10-20 00:30:35,691 - INFO - SPU ID: 1395577
2025-10-20 00:30:35,691 - INFO - Reference SKU: 602488959
2025-10-20 00:30:35,691 - INFO - Название: New Era MLB NyLogo
2025-10-20 00:30:35,691 - INFO - Бренд: New Era
2025-10-20 00:30:35,691 - INFO - Категории: [123, 133]
2025-10-20 00:30:35,691 - INFO - ================================================================================
2025-10-20 00:30:35,691 - INFO - Всего вариантов: 1
2025-10-20 00:30:35,691 - INFO - В наличии: 1
2025-10-20 00:30:35,691 - INFO - Нет в наличии: 0
2025-10-20 00:30:35,691 - INFO - Варианты в наличии:
2025-10-20 00:30:35,692 - INFO -   • Размер ONE SIZE: 249.00 CNY (stock_status=1)
2025-10-20 00:30:35,692 - INFO - ЭТАП 1: Создание товара в WooCommerce...
2025-10-20 00:30:35,692 - INFO - URL сайта: https://plummy.ru
2025-10-20 00:30:43,976 - INFO - ✓ УСПЕХ: Товар создан в WP с ID=238651
2025-10-20 00:30:44,034 - INFO - ================================================================================

2025-10-20 00:30:44,035 - INFO - 
================================================================================
2025-10-20 00:30:44,035 - INFO - [5/18] НАЧАЛО СИНХРОНИЗАЦИИ
2025-10-20 00:30:44,035 - INFO - Product ID: 2078
2025-10-20 00:30:44,035 - INFO - SPU ID: 1739450
2025-10-20 00:30:44,035 - INFO - Reference SKU: 604649344
2025-10-20 00:30:44,035 - INFO - Название: New Era NBA
2025-10-20 00:30:44,035 - INFO - Бренд: New Era
2025-10-20 00:30:44,035 - INFO - Категории: [123, 133]
2025-10-20 00:30:44,035 - INFO - ================================================================================
2025-10-20 00:30:44,035 - INFO - Всего вариантов: 1
2025-10-20 00:30:44,035 - INFO - В наличии: 1
2025-10-20 00:30:44,036 - INFO - Нет в наличии: 0
2025-10-20 00:30:44,036 - INFO - Варианты в наличии:
2025-10-20 00:30:44,036 - INFO -   • Размер ONE SIZE: 299.00 CNY (stock_status=1)
2025-10-20 00:30:44,036 - INFO - ЭТАП 1: Создание товара в WooCommerce...
2025-10-20 00:30:44,036 - INFO - URL сайта: https://plummy.ru
2025-10-20 00:30:48,790 - INFO - ✓ УСПЕХ: Товар создан в WP с ID=238659
2025-10-20 00:30:48,850 - INFO - ================================================================================

2025-10-20 00:30:48,851 - INFO - 
================================================================================
2025-10-20 00:30:48,851 - INFO - [6/18] НАЧАЛО СИНХРОНИЗАЦИИ
2025-10-20 00:30:48,851 - INFO - Product ID: 2079
2025-10-20 00:30:48,851 - INFO - SPU ID: 1777697
2025-10-20 00:30:48,851 - INFO - Reference SKU: 604939269
2025-10-20 00:30:48,851 - INFO - Название: KANGOL Logo
2025-10-20 00:30:48,851 - INFO - Бренд: KANGOL
2025-10-20 00:30:48,851 - INFO - Категории: [123, 133]
2025-10-20 00:30:48,851 - INFO - ================================================================================
2025-10-20 00:30:48,851 - INFO - Всего вариантов: 1
2025-10-20 00:30:48,851 - INFO - В наличии: 1
2025-10-20 00:30:48,851 - INFO - Нет в наличии: 0
2025-10-20 00:30:48,852 - INFO - Варианты в наличии:
2025-10-20 00:30:48,852 - INFO -   • Размер ONE SIZE: 369.00 CNY (stock_status=1)
2025-10-20 00:30:48,852 - INFO - ЭТАП 1: Создание товара в WooCommerce...
2025-10-20 00:30:48,852 - INFO - URL сайта: https://plummy.ru
2025-10-20 00:30:52,811 - INFO - ✓ УСПЕХ: Товар создан в WP с ID=238667
2025-10-20 00:30:52,864 - INFO - ================================================================================

2025-10-20 00:30:52,865 - INFO - 
================================================================================
2025-10-20 00:30:52,865 - INFO - [7/18] НАЧАЛО СИНХРОНИЗАЦИИ
2025-10-20 00:30:52,865 - INFO - Product ID: 2080
2025-10-20 00:30:52,865 - INFO - SPU ID: 3979837
2025-10-20 00:30:52,865 - INFO - Reference SKU: 618432769
2025-10-20 00:30:52,865 - INFO - Название: Polo Ralph Lauren
2025-10-20 00:30:52,865 - INFO - Бренд: Polo Ralph Lauren
2025-10-20 00:30:52,865 - INFO - Категории: [123, 133]
2025-10-20 00:30:52,865 - INFO - ================================================================================
2025-10-20 00:30:52,865 - INFO - Всего вариантов: 1
2025-10-20 00:30:52,865 - INFO - В наличии: 1
2025-10-20 00:30:52,865 - INFO - Нет в наличии: 0
2025-10-20 00:30:52,865 - INFO - Варианты в наличии:
2025-10-20 00:30:52,865 - INFO -   • Размер ONE SIZE: 399.00 CNY (stock_status=1)
2025-10-20 00:30:52,866 - INFO - ЭТАП 1: Создание товара в WooCommerce...
2025-10-20 00:30:52,866 - INFO - URL сайта: https://plummy.ru
2025-10-20 00:31:09,980 - INFO - ✓ УСПЕХ: Товар создан в WP с ID=238672
2025-10-20 00:31:10,062 - INFO - ================================================================================

2025-10-20 00:31:10,062 - INFO - 
================================================================================
2025-10-20 00:31:10,062 - INFO - [8/18] НАЧАЛО СИНХРОНИЗАЦИИ
2025-10-20 00:31:10,062 - INFO - Product ID: 2081
2025-10-20 00:31:10,062 - INFO - SPU ID: 21831012
2025-10-20 00:31:10,062 - INFO - Reference SKU: 844506598
2025-10-20 00:31:10,062 - INFO - Название: HUMAN MADE logo
2025-10-20 00:31:10,062 - INFO - Бренд: HUMAN MADE
2025-10-20 00:31:10,062 - INFO - Категории: [123, 133]
2025-10-20 00:31:10,062 - INFO - ================================================================================
2025-10-20 00:31:10,063 - INFO - Всего вариантов: 1
2025-10-20 00:31:10,063 - INFO - В наличии: 1
2025-10-20 00:31:10,063 - INFO - Нет в наличии: 0
2025-10-20 00:31:10,063 - INFO - Варианты в наличии:
2025-10-20 00:31:10,063 - INFO -   • Размер ONE SIZE: 599.00 CNY (stock_status=1)
2025-10-20 00:31:10,063 - INFO - ЭТАП 1: Создание товара в WooCommerce...
2025-10-20 00:31:10,063 - INFO - URL сайта: https://plummy.ru
2025-10-20 00:31:15,307 - INFO - ✓ УСПЕХ: Товар создан в WP с ID=238680
2025-10-20 00:31:15,366 - INFO - ================================================================================

2025-10-20 00:31:15,366 - INFO - 
================================================================================
2025-10-20 00:31:15,366 - INFO - [9/18] НАЧАЛО СИНХРОНИЗАЦИИ
2025-10-20 00:31:15,366 - INFO - Product ID: 2083
2025-10-20 00:31:15,366 - INFO - SPU ID: 25548636
2025-10-20 00:31:15,366 - INFO - Reference SKU: 899751461
2025-10-20 00:31:15,367 - INFO - Название: Acne Studios
2025-10-20 00:31:15,367 - INFO - Бренд: Acne Studios
2025-10-20 00:31:15,367 - INFO - Категории: [123, 133]
2025-10-20 00:31:15,367 - INFO - ================================================================================
2025-10-20 00:31:15,367 - INFO - Всего вариантов: 1
2025-10-20 00:31:15,367 - INFO - В наличии: 1
2025-10-20 00:31:15,367 - INFO - Нет в наличии: 0
2025-10-20 00:31:15,367 - INFO - Варианты в наличии:
2025-10-20 00:31:15,367 - INFO -   • Размер ONE SIZE: 1389.00 CNY (stock_status=1)
2025-10-20 00:31:15,367 - INFO - ЭТАП 1: Создание товара в WooCommerce...
2025-10-20 00:31:15,367 - INFO - URL сайта: https://plummy.ru
2025-10-20 00:31:20,425 - INFO - ✓ УСПЕХ: Товар создан в WP с ID=238688
2025-10-20 00:31:20,483 - INFO - ================================================================================

2025-10-20 00:31:20,483 - INFO - 
================================================================================
2025-10-20 00:31:20,483 - INFO - [10/18] НАЧАЛО СИНХРОНИЗАЦИИ
2025-10-20 00:31:20,484 - INFO - Product ID: 2084
2025-10-20 00:31:20,484 - INFO - SPU ID: 10557698
2025-10-20 00:31:20,484 - INFO - Reference SKU: 739485274
2025-10-20 00:31:20,484 - INFO - Название: Jordan Logo
2025-10-20 00:31:20,484 - INFO - Бренд: Jordan
2025-10-20 00:31:20,484 - INFO - Категории: [123, 133]
2025-10-20 00:31:20,484 - INFO - ================================================================================
2025-10-20 00:31:20,484 - INFO - Всего вариантов: 1
2025-10-20 00:31:20,484 - INFO - В наличии: 1
2025-10-20 00:31:20,484 - INFO - Нет в наличии: 0
2025-10-20 00:31:20,484 - INFO - Варианты в наличии:
2025-10-20 00:31:20,484 - INFO -   • Размер ONE SIZE: 194.00 CNY (stock_status=1)
2025-10-20 00:31:20,484 - INFO - ЭТАП 1: Создание товара в WooCommerce...
2025-10-20 00:31:20,484 - INFO - URL сайта: https://plummy.ru
2025-10-20 00:31:26,032 - INFO - ✓ УСПЕХ: Товар создан в WP с ID=238694
2025-10-20 00:31:26,098 - INFO - ================================================================================

2025-10-20 00:31:26,098 - INFO - 
================================================================================
2025-10-20 00:31:26,098 - INFO - [11/18] НАЧАЛО СИНХРОНИЗАЦИИ
2025-10-20 00:31:26,098 - INFO - Product ID: 2085
2025-10-20 00:31:26,098 - INFO - SPU ID: 17173704
2025-10-20 00:31:26,098 - INFO - Reference SKU: 760098928
2025-10-20 00:31:26,098 - INFO - Название: MLB
2025-10-20 00:31:26,098 - INFO - Бренд: MLB
2025-10-20 00:31:26,098 - INFO - Категории: [123, 133]
2025-10-20 00:31:26,098 - INFO - ================================================================================
2025-10-20 00:31:26,098 - INFO - Всего вариантов: 1
2025-10-20 00:31:26,098 - INFO - В наличии: 1
2025-10-20 00:31:26,098 - INFO - Нет в наличии: 0
2025-10-20 00:31:26,098 - INFO - Варианты в наличии:
2025-10-20 00:31:26,099 - INFO -   • Размер ONE SIZE: 209.00 CNY (stock_status=1)
2025-10-20 00:31:26,099 - INFO - ЭТАП 1: Создание товара в WooCommerce...
2025-10-20 00:31:26,099 - INFO - URL сайта: https://plummy.ru
2025-10-20 00:31:33,433 - INFO - ✓ УСПЕХ: Товар создан в WP с ID=238700
2025-10-20 00:31:33,496 - INFO - ================================================================================

2025-10-20 00:31:33,496 - INFO - 
================================================================================
2025-10-20 00:31:33,497 - INFO - [12/18] НАЧАЛО СИНХРОНИЗАЦИИ
2025-10-20 00:31:33,497 - INFO - Product ID: 2086
2025-10-20 00:31:33,497 - INFO - SPU ID: 14481759
2025-10-20 00:31:33,497 - INFO - Reference SKU: 717176617
2025-10-20 00:31:33,497 - INFO - Название: Under Armour Logo
2025-10-20 00:31:33,497 - INFO - Бренд: Under Armour
2025-10-20 00:31:33,497 - INFO - Категории: [123, 133]
2025-10-20 00:31:33,497 - INFO - ================================================================================
2025-10-20 00:31:33,497 - INFO - Всего вариантов: 1
2025-10-20 00:31:33,497 - INFO - В наличии: 1
2025-10-20 00:31:33,497 - INFO - Нет в наличии: 0
2025-10-20 00:31:33,498 - INFO - Варианты в наличии:
2025-10-20 00:31:33,498 - INFO -   • Размер ONE SIZE: 219.00 CNY (stock_status=1)
2025-10-20 00:31:33,498 - INFO - ЭТАП 1: Создание товара в WooCommerce...
2025-10-20 00:31:33,498 - INFO - URL сайта: https://plummy.ru
2025-10-20 00:31:38,700 - INFO - ✓ УСПЕХ: Товар создан в WP с ID=238708
2025-10-20 00:31:38,757 - INFO - ================================================================================

2025-10-20 00:31:38,757 - INFO - 
================================================================================
2025-10-20 00:31:38,758 - INFO - [13/18] НАЧАЛО СИНХРОНИЗАЦИИ
2025-10-20 00:31:38,758 - INFO - Product ID: 2087
2025-10-20 00:31:38,758 - INFO - SPU ID: 8973251
2025-10-20 00:31:38,758 - INFO - Reference SKU: 654871360
2025-10-20 00:31:38,758 - INFO - Название: adidas
2025-10-20 00:31:38,758 - INFO - Бренд: adidas
2025-10-20 00:31:38,758 - INFO - Категории: [123, 133]
2025-10-20 00:31:38,758 - INFO - ================================================================================
2025-10-20 00:31:38,758 - INFO - Всего вариантов: 1
2025-10-20 00:31:38,758 - INFO - В наличии: 1
2025-10-20 00:31:38,758 - INFO - Нет в наличии: 0
2025-10-20 00:31:38,758 - INFO - Варианты в наличии:
2025-10-20 00:31:38,759 - INFO -   • Размер ONE SIZE: 177.00 CNY (stock_status=1)
2025-10-20 00:31:38,759 - INFO - ЭТАП 1: Создание товара в WooCommerce...
2025-10-20 00:31:38,759 - INFO - URL сайта: https://plummy.ru
2025-10-20 00:31:48,544 - INFO - ✓ УСПЕХ: Товар создан в WP с ID=238715
2025-10-20 00:31:48,604 - INFO - ================================================================================

2025-10-20 00:31:48,605 - INFO - 
================================================================================
2025-10-20 00:31:48,605 - INFO - [14/18] НАЧАЛО СИНХРОНИЗАЦИИ
2025-10-20 00:31:48,605 - INFO - Product ID: 2088
2025-10-20 00:31:48,605 - INFO - SPU ID: 17980052
2025-10-20 00:31:48,605 - INFO - Reference SKU: 845848368
2025-10-20 00:31:48,605 - INFO - Название: Jordan Logo
2025-10-20 00:31:48,605 - INFO - Бренд: Jordan
2025-10-20 00:31:48,605 - INFO - Категории: [123, 133]
2025-10-20 00:31:48,605 - INFO - ================================================================================
2025-10-20 00:31:48,605 - INFO - Всего вариантов: 1
2025-10-20 00:31:48,605 - INFO - В наличии: 1
2025-10-20 00:31:48,605 - INFO - Нет в наличии: 0
2025-10-20 00:31:48,605 - INFO - Варианты в наличии:
2025-10-20 00:31:48,605 - INFO -   • Размер ONE SIZE: 149.00 CNY (stock_status=1)
2025-10-20 00:31:48,605 - INFO - ЭТАП 1: Создание товара в WooCommerce...
2025-10-20 00:31:48,605 - INFO - URL сайта: https://plummy.ru
2025-10-20 00:31:54,640 - INFO - ✓ УСПЕХ: Товар создан в WP с ID=238722
2025-10-20 00:31:54,703 - INFO - ================================================================================

2025-10-20 00:31:54,704 - INFO - 
================================================================================
2025-10-20 00:31:54,704 - INFO - [15/18] НАЧАЛО СИНХРОНИЗАЦИИ
2025-10-20 00:31:54,704 - INFO - Product ID: 2089
2025-10-20 00:31:54,704 - INFO - SPU ID: 1970554
2025-10-20 00:31:54,705 - INFO - Reference SKU: 606244523
2025-10-20 00:31:54,705 - INFO - Название: MLB
2025-10-20 00:31:54,705 - INFO - Бренд: MLB
2025-10-20 00:31:54,705 - INFO - Категории: [123, 133]
2025-10-20 00:31:54,705 - INFO - ================================================================================
2025-10-20 00:31:54,705 - INFO - Всего вариантов: 1
2025-10-20 00:31:54,705 - INFO - В наличии: 1
2025-10-20 00:31:54,705 - INFO - Нет в наличии: 0
2025-10-20 00:31:54,705 - INFO - Варианты в наличии:
2025-10-20 00:31:54,705 - INFO -   • Размер ONE SIZE: 188.00 CNY (stock_status=1)
2025-10-20 00:31:54,706 - INFO - ЭТАП 1: Создание товара в WooCommerce...
2025-10-20 00:31:54,706 - INFO - URL сайта: https://plummy.ru
2025-10-20 00:32:02,832 - INFO - ✓ УСПЕХ: Товар создан в WP с ID=238729
2025-10-20 00:32:02,895 - INFO - ================================================================================

2025-10-20 00:32:02,895 - INFO - 
================================================================================
2025-10-20 00:32:02,895 - INFO - [16/18] НАЧАЛО СИНХРОНИЗАЦИИ
2025-10-20 00:32:02,896 - INFO - Product ID: 2090
2025-10-20 00:32:02,896 - INFO - SPU ID: 4129194
2025-10-20 00:32:02,896 - INFO - Reference SKU: 619249328
2025-10-20 00:32:02,896 - INFO - Название: acme de la vieADLV
2025-10-20 00:32:02,896 - INFO - Бренд: acme de la vie
2025-10-20 00:32:02,896 - INFO - Категории: [123, 133]
2025-10-20 00:32:02,896 - INFO - ================================================================================
2025-10-20 00:32:02,896 - INFO - Всего вариантов: 1
2025-10-20 00:32:02,896 - INFO - В наличии: 1
2025-10-20 00:32:02,896 - INFO - Нет в наличии: 0
2025-10-20 00:32:02,896 - INFO - Варианты в наличии:
2025-10-20 00:32:02,896 - INFO -   • Размер ONE SIZE: 298.00 CNY (stock_status=1)
2025-10-20 00:32:02,896 - INFO - ЭТАП 1: Создание товара в WooCommerce...
2025-10-20 00:32:02,897 - INFO - URL сайта: https://plummy.ru
2025-10-20 00:32:10,011 - INFO - ✓ УСПЕХ: Товар создан в WP с ID=238737
2025-10-20 00:32:10,073 - INFO - ================================================================================

2025-10-20 00:32:10,073 - INFO - 
================================================================================
2025-10-20 00:32:10,074 - INFO - [17/18] НАЧАЛО СИНХРОНИЗАЦИИ
2025-10-20 00:32:10,074 - INFO - Product ID: 2091
2025-10-20 00:32:10,074 - INFO - SPU ID: 28747095
2025-10-20 00:32:10,074 - INFO - Reference SKU: 961525643
2025-10-20 00:32:10,074 - INFO - Название: Supreme FW25 Week 3 Sharp Spellout Adjustable New Era
2025-10-20 00:32:10,074 - INFO - Бренд: Supreme
2025-10-20 00:32:10,074 - INFO - Категории: [123, 133]
2025-10-20 00:32:10,074 - INFO - ================================================================================
2025-10-20 00:32:10,074 - INFO - Всего вариантов: 1
2025-10-20 00:32:10,074 - INFO - В наличии: 1
2025-10-20 00:32:10,074 - INFO - Нет в наличии: 0
2025-10-20 00:32:10,075 - INFO - Варианты в наличии:
2025-10-20 00:32:10,075 - INFO -   • Размер ONE SIZE: 789.00 CNY (stock_status=1)
2025-10-20 00:32:10,075 - INFO - ЭТАП 1: Создание товара в WooCommerce...
2025-10-20 00:32:10,075 - INFO - URL сайта: https://plummy.ru
2025-10-20 00:32:18,155 - INFO - ✓ УСПЕХ: Товар создан в WP с ID=238745
2025-10-20 00:32:18,233 - INFO - ================================================================================

2025-10-20 00:32:18,233 - INFO - 
================================================================================
2025-10-20 00:32:18,233 - INFO - [18/18] НАЧАЛО СИНХРОНИЗАЦИИ
2025-10-20 00:32:18,233 - INFO - Product ID: 2092
2025-10-20 00:32:18,234 - INFO - SPU ID: 3377811
2025-10-20 00:32:18,234 - INFO - Reference SKU: 615004057
2025-10-20 00:32:18,234 - INFO - Название: Supreme FW22 WEEK 3 MILITARY CAMP CAP
2025-10-20 00:32:18,234 - INFO - Бренд: Supreme
2025-10-20 00:32:18,234 - INFO - Категории: [123, 133]
2025-10-20 00:32:18,234 - INFO - ================================================================================
2025-10-20 00:32:18,234 - INFO - Всего вариантов: 1
2025-10-20 00:32:18,234 - INFO - В наличии: 1
2025-10-20 00:32:18,234 - INFO - Нет в наличии: 0
2025-10-20 00:32:18,234 - INFO - Варианты в наличии:
2025-10-20 00:32:18,234 - INFO -   • Размер ONE SIZE: 1199.00 CNY (stock_status=1)
2025-10-20 00:32:18,234 - INFO - ЭТАП 1: Создание товара в WooCommerce...
2025-10-20 00:32:18,234 - INFO - URL сайта: https://plummy.ru
2025-10-20 00:32:23,657 - INFO - ✓ УСПЕХ: Товар создан в WP с ID=238753
2025-10-20 00:32:23,720 - INFO - ================================================================================

2025-10-20 00:32:23,742 - INFO - ================================================================================
2025-10-20 00:32:23,742 - INFO - ЗАВЕРШЕНИЕ: Создано 18, Ошибок 0, Пропущено 0
2025-10-20 00:32:23,743 - INFO - ================================================================================
