2025-10-18 21:39:29,907 - INFO - ================================================================================
2025-10-18 21:39:29,908 - INFO - НАЧАЛО ДЕТАЛЬНОГО ЛОГИРОВАНИЯ sync_new
2025-10-18 21:39:29,908 - INFO - ================================================================================
2025-10-18 21:39:29,945 - INFO - Всего товаров без WP ID: 2
2025-10-18 21:39:29,945 - INFO - С загруженными данными: 1
2025-10-18 21:39:29,945 - INFO - Пропущено (без данных): 1
2025-10-18 21:39:29,950 - INFO - 
================================================================================
2025-10-18 21:39:29,950 - INFO - [1/1] НАЧАЛО СИНХРОНИЗАЦИИ
2025-10-18 21:39:29,950 - INFO - Product ID: 1826
2025-10-18 21:39:29,950 - INFO - SPU ID: 1159
2025-10-18 21:39:29,950 - INFO - Reference SKU: 6948618
2025-10-18 21:39:29,950 - INFO - Название: Jordan Air Jordan 11 Retro Premium Grey Suede OG
2025-10-18 21:39:29,950 - INFO - Бренд: Jordan
2025-10-18 21:39:29,950 - INFO - Категории: [103]
2025-10-18 21:39:29,950 - INFO - ================================================================================
2025-10-18 21:39:29,950 - INFO - Всего вариантов: 8
2025-10-18 21:39:29,951 - INFO - В наличии: 8
2025-10-18 21:39:29,951 - INFO - Нет в наличии: 0
2025-10-18 21:39:29,951 - INFO - Варианты в наличии:
2025-10-18 21:39:29,951 - INFO -   • Размер 41: 4599.00 CNY (stock_status=1)
2025-10-18 21:39:29,951 - INFO -   • Размер 42: 3999.00 CNY (stock_status=1)
2025-10-18 21:39:29,951 - INFO -   • Размер 42.5: 4169.00 CNY (stock_status=1)
2025-10-18 21:39:29,951 - INFO -   • Размер 43: 4269.00 CNY (stock_status=1)
2025-10-18 21:39:29,951 - INFO -   • Размер 44: 4899.00 CNY (stock_status=1)
2025-10-18 21:39:29,951 - INFO - ЭТАП 1: Создание товара в WooCommerce...
2025-10-18 21:39:29,951 - INFO - URL сайта: https://plummy.ru
2025-10-18 21:39:38,006 - INFO - ✓ УСПЕХ: Товар создан в WP с ID=208410
2025-10-18 21:39:38,097 - INFO - ================================================================================

2025-10-18 21:39:38,106 - INFO - ================================================================================
2025-10-18 21:39:38,106 - INFO - ЗАВЕРШЕНИЕ: Создано 1, Ошибок 0, Пропущено 0
2025-10-18 21:39:38,106 - INFO - ================================================================================
