2025-10-20 01:28:24,509 - INFO - ================================================================================
2025-10-20 01:28:24,510 - INFO - НАЧАЛО ДЕТАЛЬНОГО ЛОГИРОВАНИЯ sync_new
2025-10-20 01:28:24,510 - INFO - ================================================================================
2025-10-20 01:28:24,605 - INFO - Всего товаров без WP ID: 20
2025-10-20 01:28:24,605 - INFO - С загруженными данными: 13
2025-10-20 01:28:24,605 - INFO - Пропущено (без данных): 7
2025-10-20 01:28:24,608 - INFO - 
================================================================================
2025-10-20 01:28:24,608 - INFO - [1/13] НАЧАЛО СИНХРОНИЗАЦИИ
2025-10-20 01:28:24,608 - INFO - Product ID: 2137
2025-10-20 01:28:24,608 - INFO - SPU ID: 1616760
2025-10-20 01:28:24,608 - INFO - Reference SKU: 603856535
2025-10-20 01:28:24,608 - INFO - Название: Y3 38CM
2025-10-20 01:28:24,608 - INFO - Бренд: Y-3
2025-10-20 01:28:24,608 - INFO - Категории: [121, 136]
2025-10-20 01:28:24,609 - INFO - ================================================================================
2025-10-20 01:28:24,609 - INFO - Всего вариантов: 2
2025-10-20 01:28:24,609 - INFO - В наличии: 2
2025-10-20 01:28:24,609 - INFO - Нет в наличии: 0
2025-10-20 01:28:24,609 - INFO - Варианты в наличии:
2025-10-20 01:28:24,609 - INFO -   • Размер L: 699.00 CNY (stock_status=1)
2025-10-20 01:28:24,609 - INFO -   • Размер M: 439.00 CNY (stock_status=1)
2025-10-20 01:28:24,609 - INFO - ЭТАП 1: Создание товара в WooCommerce...
2025-10-20 01:28:24,609 - INFO - URL сайта: https://plummy.ru
2025-10-20 01:28:30,764 - INFO - ✓ УСПЕХ: Товар создан в WP с ID=239088
2025-10-20 01:28:30,830 - INFO - ================================================================================

2025-10-20 01:28:30,830 - INFO - 
================================================================================
2025-10-20 01:28:30,830 - INFO - [2/13] НАЧАЛО СИНХРОНИЗАЦИИ
2025-10-20 01:28:30,831 - INFO - Product ID: 2138
2025-10-20 01:28:30,831 - INFO - SPU ID: 21913842
2025-10-20 01:28:30,831 - INFO - Reference SKU: 837516140
2025-10-20 01:28:30,831 - INFO - Название: ASTAR HADES y2k pu 33cm
2025-10-20 01:28:30,831 - INFO - Бренд: ASTAR HADES
2025-10-20 01:28:30,831 - INFO - Категории: [121, 136]
2025-10-20 01:28:30,831 - INFO - ================================================================================
2025-10-20 01:28:30,831 - INFO - Всего вариантов: 1
2025-10-20 01:28:30,831 - INFO - В наличии: 1
2025-10-20 01:28:30,831 - INFO - Нет в наличии: 0
2025-10-20 01:28:30,831 - INFO - Варианты в наличии:
2025-10-20 01:28:30,831 - INFO -   • Размер ONE SIZE: 109.00 CNY (stock_status=1)
2025-10-20 01:28:30,831 - INFO - ЭТАП 1: Создание товара в WooCommerce...
2025-10-20 01:28:30,831 - INFO - URL сайта: https://plummy.ru
2025-10-20 01:28:36,105 - INFO - ✓ УСПЕХ: Товар создан в WP с ID=239098
2025-10-20 01:28:36,173 - INFO - ================================================================================

2025-10-20 01:28:36,174 - INFO - 
================================================================================
2025-10-20 01:28:36,174 - INFO - [3/13] НАЧАЛО СИНХРОНИЗАЦИИ
2025-10-20 01:28:36,174 - INFO - Product ID: 2139
2025-10-20 01:28:36,174 - INFO - SPU ID: 1624311
2025-10-20 01:28:36,174 - INFO - Reference SKU: 603902416
2025-10-20 01:28:36,174 - INFO - Название: SAINT LAURENT 3cm
2025-10-20 01:28:36,174 - INFO - Бренд: SAINT LAURENT
2025-10-20 01:28:36,174 - INFO - Категории: [121, 136]
2025-10-20 01:28:36,174 - INFO - ================================================================================
2025-10-20 01:28:36,174 - INFO - Всего вариантов: 8
2025-10-20 01:28:36,174 - INFO - В наличии: 8
2025-10-20 01:28:36,174 - INFO - Нет в наличии: 0
2025-10-20 01:28:36,174 - INFO - Варианты в наличии:
2025-10-20 01:28:36,175 - INFO -   • Размер 100: 2569.00 CNY (stock_status=1)
2025-10-20 01:28:36,175 - INFO -   • Размер 105: 2719.00 CNY (stock_status=1)
2025-10-20 01:28:36,175 - INFO -   • Размер 70: 3389.00 CNY (stock_status=1)
2025-10-20 01:28:36,175 - INFO -   • Размер 75: 3269.00 CNY (stock_status=1)
2025-10-20 01:28:36,175 - INFO -   • Размер 80: 3169.00 CNY (stock_status=1)
2025-10-20 01:28:36,175 - INFO - ЭТАП 1: Создание товара в WooCommerce...
2025-10-20 01:28:36,175 - INFO - URL сайта: https://plummy.ru
2025-10-20 01:29:58,073 - INFO - ✓ УСПЕХ: Товар создан в WP с ID=239105
2025-10-20 01:29:58,157 - INFO - ================================================================================

2025-10-20 01:29:58,157 - INFO - 
================================================================================
2025-10-20 01:29:58,157 - INFO - [4/13] НАЧАЛО СИНХРОНИЗАЦИИ
2025-10-20 01:29:58,157 - INFO - Product ID: 2140
2025-10-20 01:29:58,157 - INFO - SPU ID: 4208492
2025-10-20 01:29:58,157 - INFO - Reference SKU: 619727021
2025-10-20 01:29:58,157 - INFO - Название: DIESEL OVALD LOGO 4cm
2025-10-20 01:29:58,157 - INFO - Бренд: DIESEL
2025-10-20 01:29:58,157 - INFO - Категории: [121, 136]
2025-10-20 01:29:58,157 - INFO - ================================================================================
2025-10-20 01:29:58,157 - INFO - Всего вариантов: 3
2025-10-20 01:29:58,158 - INFO - В наличии: 3
2025-10-20 01:29:58,158 - INFO - Нет в наличии: 0
2025-10-20 01:29:58,158 - INFO - Варианты в наличии:
2025-10-20 01:29:58,158 - INFO -   • Размер 100: 839.00 CNY (stock_status=1)
2025-10-20 01:29:58,158 - INFO -   • Размер 105: 999.00 CNY (stock_status=1)
2025-10-20 01:29:58,158 - INFO -   • Размер 80: 939.00 CNY (stock_status=1)
2025-10-20 01:29:58,158 - INFO - ЭТАП 1: Создание товара в WooCommerce...
2025-10-20 01:29:58,158 - INFO - URL сайта: https://plummy.ru
2025-10-20 01:30:06,898 - INFO - ✓ УСПЕХ: Товар создан в WP с ID=239126
2025-10-20 01:30:06,964 - INFO - ================================================================================

2025-10-20 01:30:06,965 - INFO - 
================================================================================
2025-10-20 01:30:06,965 - INFO - [5/13] НАЧАЛО СИНХРОНИЗАЦИИ
2025-10-20 01:30:06,965 - INFO - Product ID: 2141
2025-10-20 01:30:06,965 - INFO - SPU ID: 3832295
2025-10-20 01:30:06,965 - INFO - Reference SKU: 617661503
2025-10-20 01:30:06,965 - INFO - Название: DIESEL 39cm
2025-10-20 01:30:06,965 - INFO - Бренд: DIESEL
2025-10-20 01:30:06,965 - INFO - Категории: [121, 136]
2025-10-20 01:30:06,965 - INFO - ================================================================================
2025-10-20 01:30:06,965 - INFO - Всего вариантов: 8
2025-10-20 01:30:06,966 - INFO - В наличии: 8
2025-10-20 01:30:06,966 - INFO - Нет в наличии: 0
2025-10-20 01:30:06,966 - INFO - Варианты в наличии:
2025-10-20 01:30:06,966 - INFO -   • Размер 100: 779.00 CNY (stock_status=1)
2025-10-20 01:30:06,966 - INFO -   • Размер 105: 1049.00 CNY (stock_status=1)
2025-10-20 01:30:06,966 - INFO -   • Размер 70: 1019.00 CNY (stock_status=1)
2025-10-20 01:30:06,966 - INFO -   • Размер 75: 1049.00 CNY (stock_status=1)
2025-10-20 01:30:06,966 - INFO -   • Размер 80: 819.00 CNY (stock_status=1)
2025-10-20 01:30:06,966 - INFO - ЭТАП 1: Создание товара в WooCommerce...
2025-10-20 01:30:06,966 - INFO - URL сайта: https://plummy.ru
2025-10-20 01:39:23,829 - INFO - ✓ УСПЕХ: Товар создан в WP с ID=239137
2025-10-20 01:39:23,916 - INFO - ================================================================================

2025-10-20 01:39:23,917 - INFO - 
================================================================================
2025-10-20 01:39:23,917 - INFO - [6/13] НАЧАЛО СИНХРОНИЗАЦИИ
2025-10-20 01:39:23,917 - INFO - Product ID: 2142
2025-10-20 01:39:23,917 - INFO - SPU ID: 2842360
2025-10-20 01:39:23,917 - INFO - Reference SKU: 627097194
2025-10-20 01:39:23,917 - INFO - Название: NINE NAIL 37cm
2025-10-20 01:39:23,917 - INFO - Бренд: NINE NAIL
2025-10-20 01:39:23,918 - INFO - Категории: [121, 136]
2025-10-20 01:39:23,918 - INFO - ================================================================================
2025-10-20 01:39:23,918 - INFO - Всего вариантов: 12
2025-10-20 01:39:23,918 - INFO - В наличии: 12
2025-10-20 01:39:23,918 - INFO - Нет в наличии: 0
2025-10-20 01:39:23,918 - INFO - Варианты в наличии:
2025-10-20 01:39:23,918 - INFO -   • Размер 145cm: 169.00 CNY (stock_status=1)
2025-10-20 01:39:23,918 - INFO -   • Размер 145cm: 169.00 CNY (stock_status=1)
2025-10-20 01:39:23,918 - INFO -   • Размер 145cm: 169.00 CNY (stock_status=1)
2025-10-20 01:39:23,918 - INFO -   • Размер 145cm: 169.00 CNY (stock_status=1)
2025-10-20 01:39:23,918 - INFO -   • Размер 145cm: 169.00 CNY (stock_status=1)
2025-10-20 01:39:23,918 - INFO - ЭТАП 1: Создание товара в WooCommerce...
2025-10-20 01:39:23,918 - INFO - URL сайта: https://plummy.ru
2025-10-20 01:39:32,478 - INFO - ✓ УСПЕХ: Товар создан в WP с ID=239169
2025-10-20 01:39:32,536 - INFO - ================================================================================

2025-10-20 01:39:32,536 - INFO - 
================================================================================
2025-10-20 01:39:32,537 - INFO - [7/13] НАЧАЛО СИНХРОНИЗАЦИИ
2025-10-20 01:39:32,537 - INFO - Product ID: 2143
2025-10-20 01:39:32,537 - INFO - SPU ID: 23302198
2025-10-20 01:39:32,537 - INFO - Reference SKU: 860481006
2025-10-20 01:39:32,537 - INFO - Название: PAUL COSTELLOE pu 35cm
2025-10-20 01:39:32,537 - INFO - Бренд: PAUL COSTELLOE
2025-10-20 01:39:32,537 - INFO - Категории: [121, 136]
2025-10-20 01:39:32,537 - INFO - ================================================================================
2025-10-20 01:39:32,538 - INFO - Всего вариантов: 20
2025-10-20 01:39:32,538 - INFO - В наличии: 20
2025-10-20 01:39:32,538 - INFO - Нет в наличии: 0
2025-10-20 01:39:32,538 - INFO - Варианты в наличии:
2025-10-20 01:39:32,538 - INFO -   • Размер 110: 139.00 CNY (stock_status=1)
2025-10-20 01:39:32,538 - INFO -   • Размер 110: 155.00 CNY (stock_status=1)
2025-10-20 01:39:32,538 - INFO -   • Размер 110: 155.00 CNY (stock_status=1)
2025-10-20 01:39:32,538 - INFO -   • Размер 110: 155.00 CNY (stock_status=1)
2025-10-20 01:39:32,538 - INFO -   • Размер 115: 139.00 CNY (stock_status=1)
2025-10-20 01:39:32,538 - INFO - ЭТАП 1: Создание товара в WooCommerce...
2025-10-20 01:39:32,538 - INFO - URL сайта: https://plummy.ru
2025-10-20 01:39:41,188 - INFO - ✓ УСПЕХ: Товар создан в WP с ID=239199
2025-10-20 01:39:41,251 - INFO - ================================================================================

2025-10-20 01:39:41,251 - INFO - 
================================================================================
2025-10-20 01:39:41,251 - INFO - [8/13] НАЧАЛО СИНХРОНИЗАЦИИ
2025-10-20 01:39:41,251 - INFO - Product ID: 2144
2025-10-20 01:39:41,251 - INFO - SPU ID: 25382251
2025-10-20 01:39:41,251 - INFO - Reference SKU: 895642975
2025-10-20 01:39:41,251 - INFO - Название: CARDANRO PU 37cm
2025-10-20 01:39:41,251 - INFO - Бренд: CARDANRO
2025-10-20 01:39:41,251 - INFO - Категории: [121, 136]
2025-10-20 01:39:41,251 - INFO - ================================================================================
2025-10-20 01:39:41,251 - INFO - Всего вариантов: 2
2025-10-20 01:39:41,251 - INFO - В наличии: 2
2025-10-20 01:39:41,251 - INFO - Нет в наличии: 0
2025-10-20 01:39:41,251 - INFO - Варианты в наличии:
2025-10-20 01:39:41,251 - INFO -   • Размер 105: 109.00 CNY (stock_status=1)
2025-10-20 01:39:41,251 - INFO -   • Размер 105: 118.00 CNY (stock_status=1)
2025-10-20 01:39:41,251 - INFO - ЭТАП 1: Создание товара в WooCommerce...
2025-10-20 01:39:41,251 - INFO - URL сайта: https://plummy.ru
2025-10-20 01:39:48,490 - INFO - ✓ УСПЕХ: Товар создан в WP с ID=239245
2025-10-20 01:39:48,550 - INFO - ================================================================================

2025-10-20 01:39:48,551 - INFO - 
================================================================================
2025-10-20 01:39:48,551 - INFO - [9/13] НАЧАЛО СИНХРОНИЗАЦИИ
2025-10-20 01:39:48,551 - INFO - Product ID: 2145
2025-10-20 01:39:48,551 - INFO - SPU ID: 12142119
2025-10-20 01:39:48,552 - INFO - Reference SKU: 684652054
2025-10-20 01:39:48,552 - INFO - Название: 34CM
2025-10-20 01:39:48,552 - INFO - Бренд: 
2025-10-20 01:39:48,552 - INFO - Категории: [121, 136]
2025-10-20 01:39:48,552 - INFO - ================================================================================
2025-10-20 01:39:48,552 - INFO - Всего вариантов: 1
2025-10-20 01:39:48,552 - INFO - В наличии: 1
2025-10-20 01:39:48,552 - INFO - Нет в наличии: 0
2025-10-20 01:39:48,552 - INFO - Варианты в наличии:
2025-10-20 01:39:48,552 - INFO -   • Размер 120CM: 119.00 CNY (stock_status=1)
2025-10-20 01:39:48,552 - INFO - ЭТАП 1: Создание товара в WooCommerce...
2025-10-20 01:39:48,552 - INFO - URL сайта: https://plummy.ru
2025-10-20 01:39:55,572 - INFO - ✓ УСПЕХ: Товар создан в WP с ID=239255
2025-10-20 01:39:55,630 - INFO - ================================================================================

2025-10-20 01:39:55,630 - INFO - 
================================================================================
2025-10-20 01:39:55,630 - INFO - [10/13] НАЧАЛО СИНХРОНИЗАЦИИ
2025-10-20 01:39:55,630 - INFO - Product ID: 2146
2025-10-20 01:39:55,630 - INFO - SPU ID: 14719879
2025-10-20 01:39:55,630 - INFO - Reference SKU: 720837195
2025-10-20 01:39:55,630 - INFO - Название: 35cm
2025-10-20 01:39:55,630 - INFO - Бренд: 
2025-10-20 01:39:55,630 - INFO - Категории: [121, 136]
2025-10-20 01:39:55,630 - INFO - ================================================================================
2025-10-20 01:39:55,631 - INFO - Всего вариантов: 12
2025-10-20 01:39:55,631 - INFO - В наличии: 12
2025-10-20 01:39:55,631 - INFO - Нет в наличии: 0
2025-10-20 01:39:55,631 - INFO - Варианты в наличии:
2025-10-20 01:39:55,631 - INFO -   • Размер 105CM: 131.00 CNY (stock_status=1)
2025-10-20 01:39:55,631 - INFO -   • Размер 105CM: 131.00 CNY (stock_status=1)
2025-10-20 01:39:55,631 - INFO -   • Размер 105CM: 131.00 CNY (stock_status=1)
2025-10-20 01:39:55,631 - INFO -   • Размер 115CM: 131.00 CNY (stock_status=1)
2025-10-20 01:39:55,631 - INFO -   • Размер 115CM: 131.00 CNY (stock_status=1)
2025-10-20 01:39:55,632 - INFO - ЭТАП 1: Создание товара в WooCommerce...
2025-10-20 01:39:55,632 - INFO - URL сайта: https://plummy.ru
2025-10-20 01:40:16,963 - INFO - ✓ УСПЕХ: Товар создан в WP с ID=239260
2025-10-20 01:40:17,026 - INFO - ================================================================================

2025-10-20 01:40:17,026 - INFO - 
================================================================================
2025-10-20 01:40:17,026 - INFO - [11/13] НАЧАЛО СИНХРОНИЗАЦИИ
2025-10-20 01:40:17,026 - INFO - Product ID: 2147
2025-10-20 01:40:17,027 - INFO - SPU ID: 15890746
2025-10-20 01:40:17,027 - INFO - Reference SKU: 739968014
2025-10-20 01:40:17,027 - INFO - Название: 2024 38cm
2025-10-20 01:40:17,027 - INFO - Бренд: 
2025-10-20 01:40:17,027 - INFO - Категории: [121, 136]
2025-10-20 01:40:17,027 - INFO - ================================================================================
2025-10-20 01:40:17,027 - INFO - Всего вариантов: 32
2025-10-20 01:40:17,027 - INFO - В наличии: 32
2025-10-20 01:40:17,027 - INFO - Нет в наличии: 0
2025-10-20 01:40:17,027 - INFO - Варианты в наличии:
2025-10-20 01:40:17,027 - INFO -   • Размер 105CM: 110.00 CNY (stock_status=1)
2025-10-20 01:40:17,028 - INFO -   • Размер 105CM: 110.00 CNY (stock_status=1)
2025-10-20 01:40:17,028 - INFO -   • Размер 105CM: 110.00 CNY (stock_status=1)
2025-10-20 01:40:17,028 - INFO -   • Размер 105CM: 110.00 CNY (stock_status=1)
2025-10-20 01:40:17,028 - INFO -   • Размер 105CM: 110.00 CNY (stock_status=1)
2025-10-20 01:40:17,028 - INFO - ЭТАП 1: Создание товара в WooCommerce...
2025-10-20 01:40:17,029 - INFO - URL сайта: https://plummy.ru
2025-10-20 01:40:28,647 - INFO - ✓ УСПЕХ: Товар создан в WP с ID=239289
2025-10-20 01:40:28,707 - INFO - ================================================================================

2025-10-20 01:40:28,707 - INFO - 
================================================================================
2025-10-20 01:40:28,707 - INFO - [12/13] НАЧАЛО СИНХРОНИЗАЦИИ
2025-10-20 01:40:28,707 - INFO - Product ID: 2148
2025-10-20 01:40:28,707 - INFO - SPU ID: 25641236
2025-10-20 01:40:28,707 - INFO - Reference SKU: 901090615
2025-10-20 01:40:28,707 - INFO - Название: NOMK 24cm
2025-10-20 01:40:28,707 - INFO - Бренд: NOMK
2025-10-20 01:40:28,707 - INFO - Категории: [121, 136]
2025-10-20 01:40:28,707 - INFO - ================================================================================
2025-10-20 01:40:28,707 - INFO - Всего вариантов: 3
2025-10-20 01:40:28,707 - INFO - В наличии: 3
2025-10-20 01:40:28,707 - INFO - Нет в наличии: 0
2025-10-20 01:40:28,707 - INFO - Варианты в наличии:
2025-10-20 01:40:28,707 - INFO -   • Размер 105: 129.00 CNY (stock_status=1)
2025-10-20 01:40:28,707 - INFO -   • Размер 120: 129.00 CNY (stock_status=1)
2025-10-20 01:40:28,707 - INFO -   • Размер 130: 129.00 CNY (stock_status=1)
2025-10-20 01:40:28,708 - INFO - ЭТАП 1: Создание товара в WooCommerce...
2025-10-20 01:40:28,708 - INFO - URL сайта: https://plummy.ru
2025-10-20 01:40:38,210 - INFO - ✓ УСПЕХ: Товар создан в WP с ID=239359
2025-10-20 01:40:38,272 - INFO - ================================================================================

2025-10-20 01:40:38,272 - INFO - 
================================================================================
2025-10-20 01:40:38,272 - INFO - [13/13] НАЧАЛО СИНХРОНИЗАЦИИ
2025-10-20 01:40:38,273 - INFO - Product ID: 2149
2025-10-20 01:40:38,273 - INFO - SPU ID: 10978313
2025-10-20 01:40:38,273 - INFO - Reference SKU: 669555037
2025-10-20 01:40:38,273 - INFO - Название: JEEP SPIRIT 35cm
2025-10-20 01:40:38,273 - INFO - Бренд: JEEP SPIRIT
2025-10-20 01:40:38,273 - INFO - Категории: [121, 136]
2025-10-20 01:40:38,273 - INFO - ================================================================================
2025-10-20 01:40:38,273 - INFO - Всего вариантов: 12
2025-10-20 01:40:38,273 - INFO - В наличии: 12
2025-10-20 01:40:38,273 - INFO - Нет в наличии: 0
2025-10-20 01:40:38,273 - INFO - Варианты в наличии:
2025-10-20 01:40:38,273 - INFO -   • Размер 105: 168.00 CNY (stock_status=1)
2025-10-20 01:40:38,273 - INFO -   • Размер 105: 168.00 CNY (stock_status=1)
2025-10-20 01:40:38,273 - INFO -   • Размер 110: 168.00 CNY (stock_status=1)
2025-10-20 01:40:38,273 - INFO -   • Размер 110: 168.00 CNY (stock_status=1)
2025-10-20 01:40:38,273 - INFO -   • Размер 115: 168.00 CNY (stock_status=1)
2025-10-20 01:40:38,273 - INFO - ЭТАП 1: Создание товара в WooCommerce...
2025-10-20 01:40:38,273 - INFO - URL сайта: https://plummy.ru
2025-10-20 01:40:48,337 - INFO - ✓ УСПЕХ: Товар создан в WP с ID=239370
2025-10-20 01:40:48,396 - INFO - ================================================================================

2025-10-20 01:40:48,414 - INFO - ================================================================================
2025-10-20 01:40:48,414 - INFO - ЗАВЕРШЕНИЕ: Создано 13, Ошибок 0, Пропущено 0
2025-10-20 01:40:48,415 - INFO - ================================================================================
