2025-10-19 21:25:52,295 - INFO - ================================================================================
2025-10-19 21:25:52,296 - INFO - НАЧАЛО ДЕТАЛЬНОГО ЛОГИРОВАНИЯ sync_new
2025-10-19 21:25:52,296 - INFO - ================================================================================
2025-10-19 21:25:52,355 - INFO - Всего товаров без WP ID: 16
2025-10-19 21:25:52,355 - INFO - С загруженными данными: 10
2025-10-19 21:25:52,355 - INFO - Пропущено (без данных): 6
2025-10-19 21:25:52,356 - INFO - 
================================================================================
2025-10-19 21:25:52,356 - INFO - [1/10] НАЧАЛО СИНХРОНИЗАЦИИ
2025-10-19 21:25:52,356 - INFO - Product ID: 1856
2025-10-19 21:25:52,356 - INFO - SPU ID: 15979040
2025-10-19 21:25:52,356 - INFO - Reference SKU: 741354994
2025-10-19 21:25:52,356 - INFO - Название: CLOT
2025-10-19 21:25:52,356 - INFO - Бренд: CLOT
2025-10-19 21:25:52,356 - INFO - Категории: [113, 1175]
2025-10-19 21:25:52,356 - INFO - ================================================================================
2025-10-19 21:25:52,356 - INFO - Всего вариантов: 5
2025-10-19 21:25:52,356 - INFO - В наличии: 5
2025-10-19 21:25:52,356 - INFO - Нет в наличии: 0
2025-10-19 21:25:52,356 - INFO - Варианты в наличии:
2025-10-19 21:25:52,356 - INFO -   • Размер L: 379.00 CNY (stock_status=1)
2025-10-19 21:25:52,356 - INFO -   • Размер M: 379.00 CNY (stock_status=1)
2025-10-19 21:25:52,356 - INFO -   • Размер S: 379.00 CNY (stock_status=1)
2025-10-19 21:25:52,356 - INFO -   • Размер XL: 379.00 CNY (stock_status=1)
2025-10-19 21:25:52,356 - INFO -   • Размер XXL: 379.00 CNY (stock_status=1)
2025-10-19 21:25:52,356 - INFO - ЭТАП 1: Создание товара в WooCommerce...
2025-10-19 21:25:52,356 - INFO - URL сайта: https://plummy.ru
2025-10-19 21:26:04,540 - INFO - ✓ УСПЕХ: Товар создан в WP с ID=236736
2025-10-19 21:26:04,609 - INFO - ================================================================================

2025-10-19 21:26:04,609 - INFO - 
================================================================================
2025-10-19 21:26:04,609 - INFO - [2/10] НАЧАЛО СИНХРОНИЗАЦИИ
2025-10-19 21:26:04,609 - INFO - Product ID: 1857
2025-10-19 21:26:04,609 - INFO - SPU ID: 11018181
2025-10-19 21:26:04,609 - INFO - Reference SKU: 670604231
2025-10-19 21:26:04,609 - INFO - Название: PALACE x EVISU SS24 LOGO
2025-10-19 21:26:04,609 - INFO - Бренд: PALACE
2025-10-19 21:26:04,609 - INFO - Категории: [113, 1175]
2025-10-19 21:26:04,609 - INFO - ================================================================================
2025-10-19 21:26:04,610 - INFO - Всего вариантов: 4
2025-10-19 21:26:04,610 - INFO - В наличии: 4
2025-10-19 21:26:04,610 - INFO - Нет в наличии: 0
2025-10-19 21:26:04,610 - INFO - Варианты в наличии:
2025-10-19 21:26:04,610 - INFO -   • Размер 31: 2399.00 CNY (stock_status=1)
2025-10-19 21:26:04,610 - INFO -   • Размер 32: 2599.00 CNY (stock_status=1)
2025-10-19 21:26:04,610 - INFO -   • Размер 34: 2299.00 CNY (stock_status=1)
2025-10-19 21:26:04,610 - INFO -   • Размер 36: 2909.00 CNY (stock_status=1)
2025-10-19 21:26:04,610 - INFO - ЭТАП 1: Создание товара в WooCommerce...
2025-10-19 21:26:04,610 - INFO - URL сайта: https://plummy.ru
2025-10-19 21:26:11,281 - INFO - ✓ УСПЕХ: Товар создан в WP с ID=236752
2025-10-19 21:26:11,337 - INFO - ================================================================================

2025-10-19 21:26:11,338 - INFO - 
================================================================================
2025-10-19 21:26:11,338 - INFO - [3/10] НАЧАЛО СИНХРОНИЗАЦИИ
2025-10-19 21:26:11,338 - INFO - Product ID: 1858
2025-10-19 21:26:11,338 - INFO - SPU ID: 19824617
2025-10-19 21:26:11,338 - INFO - Reference SKU: 803415298
2025-10-19 21:26:11,338 - INFO - Название: Supreme SS25 Rigid Baggy Selvedge Denim Short
2025-10-19 21:26:11,338 - INFO - Бренд: Supreme
2025-10-19 21:26:11,338 - INFO - Категории: [113, 1175]
2025-10-19 21:26:11,338 - INFO - ================================================================================
2025-10-19 21:26:11,339 - INFO - Всего вариантов: 2
2025-10-19 21:26:11,339 - INFO - В наличии: 2
2025-10-19 21:26:11,339 - INFO - Нет в наличии: 0
2025-10-19 21:26:11,339 - INFO - Варианты в наличии:
2025-10-19 21:26:11,339 - INFO -   • Размер 30: 2099.00 CNY (stock_status=1)
2025-10-19 21:26:11,339 - INFO -   • Размер 36: 3099.00 CNY (stock_status=1)
2025-10-19 21:26:11,339 - INFO - ЭТАП 1: Создание товара в WooCommerce...
2025-10-19 21:26:11,339 - INFO - URL сайта: https://plummy.ru
2025-10-19 21:26:26,755 - INFO - ✓ УСПЕХ: Товар создан в WP с ID=236766
2025-10-19 21:26:26,815 - INFO - ================================================================================

2025-10-19 21:26:26,816 - INFO - 
================================================================================
2025-10-19 21:26:26,816 - INFO - [4/10] НАЧАЛО СИНХРОНИЗАЦИИ
2025-10-19 21:26:26,816 - INFO - Product ID: 1859
2025-10-19 21:26:26,816 - INFO - SPU ID: 10698369
2025-10-19 21:26:26,816 - INFO - Reference SKU: 877997985
2025-10-19 21:26:26,816 - INFO - Название: KREATE DENIM
2025-10-19 21:26:26,816 - INFO - Бренд: KREATE
2025-10-19 21:26:26,816 - INFO - Категории: [113, 1175]
2025-10-19 21:26:26,817 - INFO - ================================================================================
2025-10-19 21:26:26,817 - INFO - Всего вариантов: 2
2025-10-19 21:26:26,817 - INFO - В наличии: 2
2025-10-19 21:26:26,817 - INFO - Нет в наличии: 0
2025-10-19 21:26:26,817 - INFO - Варианты в наличии:
2025-10-19 21:26:26,817 - INFO -   • Размер L: 199.00 CNY (stock_status=1)
2025-10-19 21:26:26,817 - INFO -   • Размер S: 199.00 CNY (stock_status=1)
2025-10-19 21:26:26,817 - INFO - ЭТАП 1: Создание товара в WooCommerce...
2025-10-19 21:26:26,817 - INFO - URL сайта: https://plummy.ru
2025-10-19 21:26:37,191 - INFO - ✓ УСПЕХ: Товар создан в WP с ID=236775
2025-10-19 21:26:37,250 - INFO - ================================================================================

2025-10-19 21:26:37,250 - INFO - 
================================================================================
2025-10-19 21:26:37,250 - INFO - [5/10] НАЧАЛО СИНХРОНИЗАЦИИ
2025-10-19 21:26:37,250 - INFO - Product ID: 1860
2025-10-19 21:26:37,250 - INFO - SPU ID: 10698369
2025-10-19 21:26:37,251 - INFO - Reference SKU: 666027274
2025-10-19 21:26:37,251 - INFO - Название: KREATE DENIM
2025-10-19 21:26:37,251 - INFO - Бренд: KREATE
2025-10-19 21:26:37,251 - INFO - Категории: [113, 1175]
2025-10-19 21:26:37,251 - INFO - ================================================================================
2025-10-19 21:26:37,251 - INFO - Всего вариантов: 2
2025-10-19 21:26:37,251 - INFO - В наличии: 2
2025-10-19 21:26:37,251 - INFO - Нет в наличии: 0
2025-10-19 21:26:37,251 - INFO - Варианты в наличии:
2025-10-19 21:26:37,251 - INFO -   • Размер M: 189.00 CNY (stock_status=1)
2025-10-19 21:26:37,251 - INFO -   • Размер XL: 189.00 CNY (stock_status=1)
2025-10-19 21:26:37,251 - INFO - ЭТАП 1: Создание товара в WooCommerce...
2025-10-19 21:26:37,251 - INFO - URL сайта: https://plummy.ru
2025-10-19 21:26:44,983 - INFO - ✓ УСПЕХ: Товар создан в WP с ID=236785
2025-10-19 21:26:45,044 - INFO - ================================================================================

2025-10-19 21:26:45,045 - INFO - 
================================================================================
2025-10-19 21:26:45,045 - INFO - [6/10] НАЧАЛО СИНХРОНИЗАЦИИ
2025-10-19 21:26:45,045 - INFO - Product ID: 1861
2025-10-19 21:26:45,045 - INFO - SPU ID: 10698369
2025-10-19 21:26:45,045 - INFO - Reference SKU: 877997981
2025-10-19 21:26:45,045 - INFO - Название: KREATE DENIM
2025-10-19 21:26:45,045 - INFO - Бренд: KREATE
2025-10-19 21:26:45,045 - INFO - Категории: [113, 1175]
2025-10-19 21:26:45,045 - INFO - ================================================================================
2025-10-19 21:26:45,045 - INFO - Всего вариантов: 4
2025-10-19 21:26:45,045 - INFO - В наличии: 4
2025-10-19 21:26:45,045 - INFO - Нет в наличии: 0
2025-10-19 21:26:45,045 - INFO - Варианты в наличии:
2025-10-19 21:26:45,045 - INFO -   • Размер L: 199.00 CNY (stock_status=1)
2025-10-19 21:26:45,045 - INFO -   • Размер M: 199.00 CNY (stock_status=1)
2025-10-19 21:26:45,045 - INFO -   • Размер S: 199.00 CNY (stock_status=1)
2025-10-19 21:26:45,045 - INFO -   • Размер XL: 199.00 CNY (stock_status=1)
2025-10-19 21:26:45,045 - INFO - ЭТАП 1: Создание товара в WooCommerce...
2025-10-19 21:26:45,046 - INFO - URL сайта: https://plummy.ru
2025-10-19 21:26:55,123 - INFO - ✓ УСПЕХ: Товар создан в WP с ID=236795
2025-10-19 21:26:55,186 - INFO - ================================================================================

2025-10-19 21:26:55,186 - INFO - 
================================================================================
2025-10-19 21:26:55,186 - INFO - [7/10] НАЧАЛО СИНХРОНИЗАЦИИ
2025-10-19 21:26:55,187 - INFO - Product ID: 1862
2025-10-19 21:26:55,187 - INFO - SPU ID: 10698369
2025-10-19 21:26:55,187 - INFO - Reference SKU: 877997989
2025-10-19 21:26:55,187 - INFO - Название: KREATE DENIM
2025-10-19 21:26:55,187 - INFO - Бренд: KREATE
2025-10-19 21:26:55,187 - INFO - Категории: [113, 1175]
2025-10-19 21:26:55,187 - INFO - ================================================================================
2025-10-19 21:26:55,187 - INFO - Всего вариантов: 2
2025-10-19 21:26:55,187 - INFO - В наличии: 2
2025-10-19 21:26:55,187 - INFO - Нет в наличии: 0
2025-10-19 21:26:55,187 - INFO - Варианты в наличии:
2025-10-19 21:26:55,187 - INFO -   • Размер M: 199.00 CNY (stock_status=1)
2025-10-19 21:26:55,187 - INFO -   • Размер S: 199.00 CNY (stock_status=1)
2025-10-19 21:26:55,187 - INFO - ЭТАП 1: Создание товара в WooCommerce...
2025-10-19 21:26:55,187 - INFO - URL сайта: https://plummy.ru
2025-10-19 21:27:05,425 - INFO - ✓ УСПЕХ: Товар создан в WP с ID=236809
2025-10-19 21:27:05,481 - INFO - ================================================================================

2025-10-19 21:27:05,482 - INFO - 
================================================================================
2025-10-19 21:27:05,482 - INFO - [8/10] НАЧАЛО СИНХРОНИЗАЦИИ
2025-10-19 21:27:05,482 - INFO - Product ID: 1863
2025-10-19 21:27:05,482 - INFO - SPU ID: 23120319
2025-10-19 21:27:05,482 - INFO - Reference SKU: 857839675
2025-10-19 21:27:05,482 - INFO - Название: CLOT Be Like Water Be Like Water
2025-10-19 21:27:05,482 - INFO - Бренд: CLOT
2025-10-19 21:27:05,483 - INFO - Категории: [113, 1175]
2025-10-19 21:27:05,483 - INFO - ================================================================================
2025-10-19 21:27:05,483 - INFO - Всего вариантов: 2
2025-10-19 21:27:05,483 - INFO - В наличии: 2
2025-10-19 21:27:05,483 - INFO - Нет в наличии: 0
2025-10-19 21:27:05,483 - INFO - Варианты в наличии:
2025-10-19 21:27:05,483 - INFO -   • Размер M: 519.00 CNY (stock_status=1)
2025-10-19 21:27:05,483 - INFO -   • Размер S: 399.00 CNY (stock_status=1)
2025-10-19 21:27:05,483 - INFO - ЭТАП 1: Создание товара в WooCommerce...
2025-10-19 21:27:05,483 - INFO - URL сайта: https://plummy.ru
2025-10-19 21:27:11,699 - INFO - ✓ УСПЕХ: Товар создан в WP с ID=236819
2025-10-19 21:27:11,762 - INFO - ================================================================================

2025-10-19 21:27:11,762 - INFO - 
================================================================================
2025-10-19 21:27:11,762 - INFO - [9/10] НАЧАЛО СИНХРОНИЗАЦИИ
2025-10-19 21:27:11,763 - INFO - Product ID: 1864
2025-10-19 21:27:11,763 - INFO - SPU ID: 23132561
2025-10-19 21:27:11,763 - INFO - Reference SKU: 857887736
2025-10-19 21:27:11,763 - INFO - Название: BUTTBILL
2025-10-19 21:27:11,763 - INFO - Бренд: BUTTBILL
2025-10-19 21:27:11,763 - INFO - Категории: [113, 1175]
2025-10-19 21:27:11,763 - INFO - ================================================================================
2025-10-19 21:27:11,763 - INFO - Всего вариантов: 4
2025-10-19 21:27:11,763 - INFO - В наличии: 4
2025-10-19 21:27:11,763 - INFO - Нет в наличии: 0
2025-10-19 21:27:11,763 - INFO - Варианты в наличии:
2025-10-19 21:27:11,763 - INFO -   • Размер L: 199.00 CNY (stock_status=1)
2025-10-19 21:27:11,763 - INFO -   • Размер M: 199.00 CNY (stock_status=1)
2025-10-19 21:27:11,763 - INFO -   • Размер S: 199.00 CNY (stock_status=1)
2025-10-19 21:27:11,763 - INFO -   • Размер XL: 199.00 CNY (stock_status=1)
2025-10-19 21:27:11,763 - INFO - ЭТАП 1: Создание товара в WooCommerce...
2025-10-19 21:27:11,763 - INFO - URL сайта: https://plummy.ru
2025-10-19 21:27:18,383 - INFO - ✓ УСПЕХ: Товар создан в WP с ID=236829
2025-10-19 21:27:18,440 - INFO - ================================================================================

2025-10-19 21:27:18,441 - INFO - 
================================================================================
2025-10-19 21:27:18,441 - INFO - [10/10] НАЧАЛО СИНХРОНИЗАЦИИ
2025-10-19 21:27:18,441 - INFO - Product ID: 1865
2025-10-19 21:27:18,441 - INFO - SPU ID: 23132561
2025-10-19 21:27:18,441 - INFO - Reference SKU: 857887740
2025-10-19 21:27:18,441 - INFO - Название: BUTTBILL
2025-10-19 21:27:18,441 - INFO - Бренд: BUTTBILL
2025-10-19 21:27:18,441 - INFO - Категории: [113, 1175]
2025-10-19 21:27:18,442 - INFO - ================================================================================
2025-10-19 21:27:18,442 - INFO - Всего вариантов: 4
2025-10-19 21:27:18,442 - INFO - В наличии: 4
2025-10-19 21:27:18,442 - INFO - Нет в наличии: 0
2025-10-19 21:27:18,442 - INFO - Варианты в наличии:
2025-10-19 21:27:18,442 - INFO -   • Размер L: 199.00 CNY (stock_status=1)
2025-10-19 21:27:18,442 - INFO -   • Размер M: 199.00 CNY (stock_status=1)
2025-10-19 21:27:18,442 - INFO -   • Размер S: 199.00 CNY (stock_status=1)
2025-10-19 21:27:18,442 - INFO -   • Размер XL: 199.00 CNY (stock_status=1)
2025-10-19 21:27:18,442 - INFO - ЭТАП 1: Создание товара в WooCommerce...
2025-10-19 21:27:18,442 - INFO - URL сайта: https://plummy.ru
2025-10-19 21:27:24,139 - INFO - ✓ УСПЕХ: Товар создан в WP с ID=236843
2025-10-19 21:27:24,199 - INFO - ================================================================================

2025-10-19 21:27:24,217 - INFO - ================================================================================
2025-10-19 21:27:24,217 - INFO - ЗАВЕРШЕНИЕ: Создано 10, Ошибок 0, Пропущено 0
2025-10-19 21:27:24,217 - INFO - ================================================================================
