2025-10-22 01:31:07,960 - INFO - ================================================================================
2025-10-22 01:31:07,961 - INFO - НАЧАЛО ДЕТАЛЬНОГО ЛОГИРОВАНИЯ sync_new
2025-10-22 01:31:07,961 - INFO - ================================================================================
2025-10-22 01:31:08,036 - INFO - Всего товаров без WP ID: 30
2025-10-22 01:31:08,036 - INFO - С загруженными данными: 13
2025-10-22 01:31:08,036 - INFO - Пропущено (без данных): 17
2025-10-22 01:31:08,037 - INFO - 
================================================================================
2025-10-22 01:31:08,038 - INFO - [1/13] НАЧАЛО СИНХРОНИЗАЦИИ
2025-10-22 01:31:08,038 - INFO - Product ID: 2385
2025-10-22 01:31:08,038 - INFO - SPU ID: 27441815
2025-10-22 01:31:08,038 - INFO - Reference SKU: 935904850
2025-10-22 01:31:08,038 - INFO - Название: Siwei
2025-10-22 01:31:08,038 - INFO - Бренд: Siwei
2025-10-22 01:31:08,038 - INFO - Категории: [152]
2025-10-22 01:31:08,038 - INFO - ================================================================================
2025-10-22 01:31:08,038 - INFO - Всего вариантов: 27
2025-10-22 01:31:08,038 - INFO - В наличии: 27
2025-10-22 01:31:08,038 - INFO - Нет в наличии: 0
2025-10-22 01:31:08,038 - INFO - Варианты в наличии:
2025-10-22 01:31:08,038 - INFO -   • Размер 黑色10cm: 359.00 CNY (stock_status=1)
2025-10-22 01:31:08,038 - INFO -   • Размер 黑色10cm: 359.00 CNY (stock_status=1)
2025-10-22 01:31:08,038 - INFO -   • Размер 黑色10cm: 359.00 CNY (stock_status=1)
2025-10-22 01:31:08,038 - INFO -   • Размер 黑色10cm: 359.00 CNY (stock_status=1)
2025-10-22 01:31:08,038 - INFO -   • Размер 黑色10cm: 359.00 CNY (stock_status=1)
2025-10-22 01:31:08,038 - INFO - ЭТАП 1: Создание товара в WooCommerce...
2025-10-22 01:31:08,038 - INFO - URL сайта: https://plummy.ru
2025-10-22 01:31:27,789 - INFO - ✓ УСПЕХ: Товар создан в WP с ID=243454
2025-10-22 01:31:27,866 - INFO - ================================================================================

2025-10-22 01:31:27,866 - INFO - 
================================================================================
2025-10-22 01:31:27,866 - INFO - [2/13] НАЧАЛО СИНХРОНИЗАЦИИ
2025-10-22 01:31:27,866 - INFO - Product ID: 2386
2025-10-22 01:31:27,866 - INFO - SPU ID: 4266388
2025-10-22 01:31:27,866 - INFO - Reference SKU: 620094468
2025-10-22 01:31:27,866 - INFO - Название: DIESEL DVenus 9cm
2025-10-22 01:31:27,867 - INFO - Бренд: DIESEL
2025-10-22 01:31:27,867 - INFO - Категории: [152]
2025-10-22 01:31:27,867 - INFO - ================================================================================
2025-10-22 01:31:27,867 - INFO - Всего вариантов: 6
2025-10-22 01:31:27,867 - INFO - В наличии: 6
2025-10-22 01:31:27,867 - INFO - Нет в наличии: 0
2025-10-22 01:31:27,867 - INFO - Варианты в наличии:
2025-10-22 01:31:27,867 - INFO -   • Размер 36: 3179.00 CNY (stock_status=1)
2025-10-22 01:31:27,867 - INFO -   • Размер 37: 3399.00 CNY (stock_status=1)
2025-10-22 01:31:27,867 - INFO -   • Размер 38: 3159.00 CNY (stock_status=1)
2025-10-22 01:31:27,867 - INFO -   • Размер 39: 2689.00 CNY (stock_status=1)
2025-10-22 01:31:27,867 - INFO -   • Размер 40: 2679.00 CNY (stock_status=1)
2025-10-22 01:31:27,867 - INFO - ЭТАП 1: Создание товара в WooCommerce...
2025-10-22 01:31:27,867 - INFO - URL сайта: https://plummy.ru
2025-10-22 01:31:37,427 - INFO - ✓ УСПЕХ: Товар создан в WP с ID=243514
2025-10-22 01:31:37,489 - INFO - ================================================================================

2025-10-22 01:31:37,489 - INFO - 
================================================================================
2025-10-22 01:31:37,489 - INFO - [3/13] НАЧАЛО СИНХРОНИЗАЦИИ
2025-10-22 01:31:37,489 - INFO - Product ID: 2387
2025-10-22 01:31:37,490 - INFO - SPU ID: 22883381
2025-10-22 01:31:37,490 - INFO - Reference SKU: 854329407
2025-10-22 01:31:37,490 - INFO - Название: Lily Wei
2025-10-22 01:31:37,490 - INFO - Бренд: Lily Wei
2025-10-22 01:31:37,490 - INFO - Категории: [152]
2025-10-22 01:31:37,490 - INFO - ================================================================================
2025-10-22 01:31:37,490 - INFO - Всего вариантов: 108
2025-10-22 01:31:37,490 - INFO - В наличии: 108
2025-10-22 01:31:37,490 - INFO - Нет в наличии: 0
2025-10-22 01:31:37,490 - INFO - Варианты в наличии:
2025-10-22 01:31:37,490 - INFO -   • Размер 【跟高10cm】: 569.00 CNY (stock_status=1)
2025-10-22 01:31:37,490 - INFO -   • Размер 【跟高10cm】: 569.00 CNY (stock_status=1)
2025-10-22 01:31:37,490 - INFO -   • Размер 【跟高10cm】: 569.00 CNY (stock_status=1)
2025-10-22 01:31:37,490 - INFO -   • Размер 【跟高10cm】: 569.00 CNY (stock_status=1)
2025-10-22 01:31:37,490 - INFO -   • Размер 【跟高10cm】: 569.00 CNY (stock_status=1)
2025-10-22 01:31:37,490 - INFO - ЭТАП 1: Создание товара в WooCommerce...
2025-10-22 01:31:37,491 - INFO - URL сайта: https://plummy.ru
2025-10-22 01:31:46,348 - INFO - ✓ УСПЕХ: Товар создан в WP с ID=243532
2025-10-22 01:31:46,405 - INFO - ================================================================================

2025-10-22 01:31:46,406 - INFO - 
================================================================================
2025-10-22 01:31:46,406 - INFO - [4/13] НАЧАЛО СИНХРОНИЗАЦИИ
2025-10-22 01:31:46,406 - INFO - Product ID: 2388
2025-10-22 01:31:46,406 - INFO - SPU ID: 28688668
2025-10-22 01:31:46,406 - INFO - Reference SKU: 960243603
2025-10-22 01:31:46,406 - INFO - Название: ZARA PU 10cm
2025-10-22 01:31:46,406 - INFO - Бренд: ZARA
2025-10-22 01:31:46,406 - INFO - Категории: [152]
2025-10-22 01:31:46,406 - INFO - ================================================================================
2025-10-22 01:31:46,406 - INFO - Всего вариантов: 7
2025-10-22 01:31:46,406 - INFO - В наличии: 7
2025-10-22 01:31:46,406 - INFO - Нет в наличии: 0
2025-10-22 01:31:46,406 - INFO - Варианты в наличии:
2025-10-22 01:31:46,406 - INFO -   • Размер 35: 429.00 CNY (stock_status=1)
2025-10-22 01:31:46,406 - INFO -   • Размер 36: 409.00 CNY (stock_status=1)
2025-10-22 01:31:46,406 - INFO -   • Размер 37: 439.00 CNY (stock_status=1)
2025-10-22 01:31:46,406 - INFO -   • Размер 38: 439.00 CNY (stock_status=1)
2025-10-22 01:31:46,406 - INFO -   • Размер 39: 529.00 CNY (stock_status=1)
2025-10-22 01:31:46,407 - INFO - ЭТАП 1: Создание товара в WooCommerce...
2025-10-22 01:31:46,407 - INFO - URL сайта: https://plummy.ru
2025-10-22 01:31:55,016 - INFO - ✓ УСПЕХ: Товар создан в WP с ID=243538
2025-10-22 01:31:55,094 - INFO - ================================================================================

2025-10-22 01:31:55,094 - INFO - 
================================================================================
2025-10-22 01:31:55,094 - INFO - [5/13] НАЧАЛО СИНХРОНИЗАЦИИ
2025-10-22 01:31:55,095 - INFO - Product ID: 2389
2025-10-22 01:31:55,095 - INFO - SPU ID: 24358763
2025-10-22 01:31:55,095 - INFO - Reference SKU: 877691403
2025-10-22 01:31:55,095 - INFO - Название: Lily Wei
2025-10-22 01:31:55,095 - INFO - Бренд: Lily Wei
2025-10-22 01:31:55,095 - INFO - Категории: [152]
2025-10-22 01:31:55,095 - INFO - ================================================================================
2025-10-22 01:31:55,096 - INFO - Всего вариантов: 54
2025-10-22 01:31:55,096 - INFO - В наличии: 54
2025-10-22 01:31:55,096 - INFO - Нет в наличии: 0
2025-10-22 01:31:55,096 - INFO - Варианты в наличии:
2025-10-22 01:31:55,096 - INFO -   • Размер 【跟高10cm】: 669.00 CNY (stock_status=1)
2025-10-22 01:31:55,096 - INFO -   • Размер 【跟高10cm】: 669.00 CNY (stock_status=1)
2025-10-22 01:31:55,096 - INFO -   • Размер 【跟高10cm】: 669.00 CNY (stock_status=1)
2025-10-22 01:31:55,096 - INFO -   • Размер 【跟高10cm】: 669.00 CNY (stock_status=1)
2025-10-22 01:31:55,096 - INFO -   • Размер 【跟高10cm】: 669.00 CNY (stock_status=1)
2025-10-22 01:31:55,096 - INFO - ЭТАП 1: Создание товара в WooCommerce...
2025-10-22 01:31:55,096 - INFO - URL сайта: https://plummy.ru
2025-10-22 01:32:05,381 - INFO - ✓ УСПЕХ: Товар создан в WP с ID=243558
2025-10-22 01:32:05,448 - INFO - ================================================================================

2025-10-22 01:32:05,448 - INFO - 
================================================================================
2025-10-22 01:32:05,449 - INFO - [6/13] НАЧАЛО СИНХРОНИЗАЦИИ
2025-10-22 01:32:05,449 - INFO - Product ID: 2390
2025-10-22 01:32:05,449 - INFO - SPU ID: 24838185
2025-10-22 01:32:05,449 - INFO - Reference SKU: 885308708
2025-10-22 01:32:05,449 - INFO - Название: NTOZE PU
2025-10-22 01:32:05,449 - INFO - Бренд: NTOZE
2025-10-22 01:32:05,449 - INFO - Категории: [152]
2025-10-22 01:32:05,449 - INFO - ================================================================================
2025-10-22 01:32:05,449 - INFO - Всего вариантов: 6
2025-10-22 01:32:05,449 - INFO - В наличии: 6
2025-10-22 01:32:05,449 - INFO - Нет в наличии: 0
2025-10-22 01:32:05,449 - INFO - Варианты в наличии:
2025-10-22 01:32:05,450 - INFO -   • Размер 35: 79.00 CNY (stock_status=1)
2025-10-22 01:32:05,450 - INFO -   • Размер 36: 79.00 CNY (stock_status=1)
2025-10-22 01:32:05,450 - INFO -   • Размер 37: 79.00 CNY (stock_status=1)
2025-10-22 01:32:05,450 - INFO -   • Размер 38: 79.00 CNY (stock_status=1)
2025-10-22 01:32:05,450 - INFO -   • Размер 39: 79.00 CNY (stock_status=1)
2025-10-22 01:32:05,450 - INFO - ЭТАП 1: Создание товара в WooCommerce...
2025-10-22 01:32:05,450 - INFO - URL сайта: https://plummy.ru
2025-10-22 01:32:18,076 - INFO - ✓ УСПЕХ: Товар создан в WP с ID=243564
2025-10-22 01:32:18,154 - INFO - ================================================================================

2025-10-22 01:32:18,154 - INFO - 
================================================================================
2025-10-22 01:32:18,154 - INFO - [7/13] НАЧАЛО СИНХРОНИЗАЦИИ
2025-10-22 01:32:18,154 - INFO - Product ID: 2392
2025-10-22 01:32:18,154 - INFO - SPU ID: 24043324
2025-10-22 01:32:18,154 - INFO - Reference SKU: 873918354
2025-10-22 01:32:18,154 - INFO - Название: DIESEL DVenus Sb 4cm
2025-10-22 01:32:18,154 - INFO - Бренд: DIESEL
2025-10-22 01:32:18,154 - INFO - Категории: [152]
2025-10-22 01:32:18,155 - INFO - ================================================================================
2025-10-22 01:32:18,155 - INFO - Всего вариантов: 2
2025-10-22 01:32:18,155 - INFO - В наличии: 2
2025-10-22 01:32:18,155 - INFO - Нет в наличии: 0
2025-10-22 01:32:18,155 - INFO - Варианты в наличии:
2025-10-22 01:32:18,155 - INFO -   • Размер 35: 4999.00 CNY (stock_status=1)
2025-10-22 01:32:18,155 - INFO -   • Размер 36: 4699.00 CNY (stock_status=1)
2025-10-22 01:32:18,155 - INFO - ЭТАП 1: Создание товара в WooCommerce...
2025-10-22 01:32:18,155 - INFO - URL сайта: https://plummy.ru
2025-10-22 01:32:32,386 - INFO - ✓ УСПЕХ: Товар создан в WP с ID=243582
2025-10-22 01:32:32,455 - INFO - ================================================================================

2025-10-22 01:32:32,455 - INFO - 
================================================================================
2025-10-22 01:32:32,455 - INFO - [8/13] НАЧАЛО СИНХРОНИЗАЦИИ
2025-10-22 01:32:32,455 - INFO - Product ID: 2395
2025-10-22 01:32:32,455 - INFO - SPU ID: 25258160
2025-10-22 01:32:32,455 - INFO - Reference SKU: 893547314
2025-10-22 01:32:32,455 - INFO - Название: HMZ 8cm
2025-10-22 01:32:32,455 - INFO - Бренд: HMZ
2025-10-22 01:32:32,455 - INFO - Категории: [152]
2025-10-22 01:32:32,455 - INFO - ================================================================================
2025-10-22 01:32:32,456 - INFO - Всего вариантов: 9
2025-10-22 01:32:32,456 - INFO - В наличии: 9
2025-10-22 01:32:32,456 - INFO - Нет в наличии: 0
2025-10-22 01:32:32,456 - INFO - Варианты в наличии:
2025-10-22 01:32:32,456 - INFO -   • Размер 33: 339.00 CNY (stock_status=1)
2025-10-22 01:32:32,456 - INFO -   • Размер 34: 339.00 CNY (stock_status=1)
2025-10-22 01:32:32,456 - INFO -   • Размер 35: 339.00 CNY (stock_status=1)
2025-10-22 01:32:32,456 - INFO -   • Размер 36: 339.00 CNY (stock_status=1)
2025-10-22 01:32:32,456 - INFO -   • Размер 37: 339.00 CNY (stock_status=1)
2025-10-22 01:32:32,456 - INFO - ЭТАП 1: Создание товара в WooCommerce...
2025-10-22 01:32:32,457 - INFO - URL сайта: https://plummy.ru
2025-10-22 01:32:48,487 - INFO - ✓ УСПЕХ: Товар создан в WP с ID=243592
2025-10-22 01:32:48,552 - INFO - ================================================================================

2025-10-22 01:32:48,553 - INFO - 
================================================================================
2025-10-22 01:32:48,553 - INFO - [9/13] НАЧАЛО СИНХРОНИЗАЦИИ
2025-10-22 01:32:48,553 - INFO - Product ID: 2396
2025-10-22 01:32:48,553 - INFO - SPU ID: 25063919
2025-10-22 01:32:48,553 - INFO - Reference SKU: 890043843
2025-10-22 01:32:48,553 - INFO - Название: HMZ
2025-10-22 01:32:48,553 - INFO - Бренд: HMZ
2025-10-22 01:32:48,553 - INFO - Категории: [152]
2025-10-22 01:32:48,553 - INFO - ================================================================================
2025-10-22 01:32:48,553 - INFO - Всего вариантов: 9
2025-10-22 01:32:48,553 - INFO - В наличии: 9
2025-10-22 01:32:48,553 - INFO - Нет в наличии: 0
2025-10-22 01:32:48,553 - INFO - Варианты в наличии:
2025-10-22 01:32:48,553 - INFO -   • Размер 33: 339.00 CNY (stock_status=1)
2025-10-22 01:32:48,553 - INFO -   • Размер 34: 339.00 CNY (stock_status=1)
2025-10-22 01:32:48,553 - INFO -   • Размер 35: 339.00 CNY (stock_status=1)
2025-10-22 01:32:48,553 - INFO -   • Размер 36: 339.00 CNY (stock_status=1)
2025-10-22 01:32:48,553 - INFO -   • Размер 37: 339.00 CNY (stock_status=1)
2025-10-22 01:32:48,553 - INFO - ЭТАП 1: Создание товара в WooCommerce...
2025-10-22 01:32:48,553 - INFO - URL сайта: https://plummy.ru
2025-10-22 01:33:01,608 - INFO - ✓ УСПЕХ: Товар создан в WP с ID=243616
2025-10-22 01:33:01,665 - INFO - ================================================================================

2025-10-22 01:33:01,665 - INFO - 
================================================================================
2025-10-22 01:33:01,665 - INFO - [10/13] НАЧАЛО СИНХРОНИЗАЦИИ
2025-10-22 01:33:01,665 - INFO - Product ID: 2397
2025-10-22 01:33:01,665 - INFO - SPU ID: 25117952
2025-10-22 01:33:01,665 - INFO - Reference SKU: 891039356
2025-10-22 01:33:01,666 - INFO - Название: HMZ
2025-10-22 01:33:01,666 - INFO - Бренд: HMZ
2025-10-22 01:33:01,666 - INFO - Категории: [152]
2025-10-22 01:33:01,666 - INFO - ================================================================================
2025-10-22 01:33:01,666 - INFO - Всего вариантов: 9
2025-10-22 01:33:01,666 - INFO - В наличии: 9
2025-10-22 01:33:01,666 - INFO - Нет в наличии: 0
2025-10-22 01:33:01,666 - INFO - Варианты в наличии:
2025-10-22 01:33:01,667 - INFO -   • Размер 33: 339.00 CNY (stock_status=1)
2025-10-22 01:33:01,667 - INFO -   • Размер 34: 339.00 CNY (stock_status=1)
2025-10-22 01:33:01,667 - INFO -   • Размер 35: 339.00 CNY (stock_status=1)
2025-10-22 01:33:01,667 - INFO -   • Размер 36: 339.00 CNY (stock_status=1)
2025-10-22 01:33:01,667 - INFO -   • Размер 37: 339.00 CNY (stock_status=1)
2025-10-22 01:33:01,667 - INFO - ЭТАП 1: Создание товара в WooCommerce...
2025-10-22 01:33:01,667 - INFO - URL сайта: https://plummy.ru
2025-10-22 01:33:14,430 - INFO - ✓ УСПЕХ: Товар создан в WP с ID=243640
2025-10-22 01:33:14,487 - INFO - ================================================================================

2025-10-22 01:33:14,488 - INFO - 
================================================================================
2025-10-22 01:33:14,489 - INFO - [11/13] НАЧАЛО СИНХРОНИЗАЦИИ
2025-10-22 01:33:14,489 - INFO - Product ID: 2399
2025-10-22 01:33:14,489 - INFO - SPU ID: 28149250
2025-10-22 01:33:14,489 - INFO - Reference SKU: 950626152
2025-10-22 01:33:14,489 - INFO - Название: WECKER
2025-10-22 01:33:14,489 - INFO - Бренд: WECKER
2025-10-22 01:33:14,489 - INFO - Категории: [152]
2025-10-22 01:33:14,489 - INFO - ================================================================================
2025-10-22 01:33:14,489 - INFO - Всего вариантов: 6
2025-10-22 01:33:14,489 - INFO - В наличии: 6
2025-10-22 01:33:14,489 - INFO - Нет в наличии: 0
2025-10-22 01:33:14,489 - INFO - Варианты в наличии:
2025-10-22 01:33:14,489 - INFO -   • Размер 34: 159.00 CNY (stock_status=1)
2025-10-22 01:33:14,489 - INFO -   • Размер 35: 159.00 CNY (stock_status=1)
2025-10-22 01:33:14,489 - INFO -   • Размер 36: 159.00 CNY (stock_status=1)
2025-10-22 01:33:14,489 - INFO -   • Размер 37: 159.00 CNY (stock_status=1)
2025-10-22 01:33:14,489 - INFO -   • Размер 38: 159.00 CNY (stock_status=1)
2025-10-22 01:33:14,489 - INFO - ЭТАП 1: Создание товара в WooCommerce...
2025-10-22 01:33:14,489 - INFO - URL сайта: https://plummy.ru
2025-10-22 01:33:34,046 - INFO - ✓ УСПЕХ: Товар создан в WP с ID=243664
2025-10-22 01:33:34,133 - INFO - ================================================================================

2025-10-22 01:33:34,133 - INFO - 
================================================================================
2025-10-22 01:33:34,133 - INFO - [12/13] НАЧАЛО СИНХРОНИЗАЦИИ
2025-10-22 01:33:34,133 - INFO - Product ID: 2404
2025-10-22 01:33:34,133 - INFO - SPU ID: 1728257
2025-10-22 01:33:34,133 - INFO - Reference SKU: 604574150
2025-10-22 01:33:34,134 - INFO - Название: Balenciaga Tug
2025-10-22 01:33:34,134 - INFO - Бренд: Balenciaga
2025-10-22 01:33:34,134 - INFO - Категории: [152]
2025-10-22 01:33:34,134 - INFO - ================================================================================
2025-10-22 01:33:34,134 - INFO - Всего вариантов: 1
2025-10-22 01:33:34,134 - INFO - В наличии: 1
2025-10-22 01:33:34,134 - INFO - Нет в наличии: 0
2025-10-22 01:33:34,134 - INFO - Варианты в наличии:
2025-10-22 01:33:34,134 - INFO -   • Размер 39: 1799.00 CNY (stock_status=1)
2025-10-22 01:33:34,134 - INFO - ЭТАП 1: Создание товара в WooCommerce...
2025-10-22 01:33:34,134 - INFO - URL сайта: https://plummy.ru
2025-10-22 01:33:46,968 - INFO - ✓ УСПЕХ: Товар создан в WP с ID=243682
2025-10-22 01:33:47,032 - INFO - ================================================================================

2025-10-22 01:33:47,033 - INFO - 
================================================================================
2025-10-22 01:33:47,033 - INFO - [13/13] НАЧАЛО СИНХРОНИЗАЦИИ
2025-10-22 01:33:47,033 - INFO - Product ID: 2405
2025-10-22 01:33:47,033 - INFO - SPU ID: 3514405
2025-10-22 01:33:47,033 - INFO - Reference SKU: 615850588
2025-10-22 01:33:47,033 - INFO - Название: Balenciaga Knife 11cm
2025-10-22 01:33:47,034 - INFO - Бренд: Balenciaga
2025-10-22 01:33:47,034 - INFO - Категории: [152]
2025-10-22 01:33:47,034 - INFO - ================================================================================
2025-10-22 01:33:47,034 - INFO - Всего вариантов: 4
2025-10-22 01:33:47,034 - INFO - В наличии: 4
2025-10-22 01:33:47,034 - INFO - Нет в наличии: 0
2025-10-22 01:33:47,034 - INFO - Варианты в наличии:
2025-10-22 01:33:47,034 - INFO -   • Размер 35: 5279.00 CNY (stock_status=1)
2025-10-22 01:33:47,034 - INFO -   • Размер 36: 5279.00 CNY (stock_status=1)
2025-10-22 01:33:47,034 - INFO -   • Размер 37: 5279.00 CNY (stock_status=1)
2025-10-22 01:33:47,034 - INFO -   • Размер 38: 5279.00 CNY (stock_status=1)
2025-10-22 01:33:47,034 - INFO - ЭТАП 1: Создание товара в WooCommerce...
2025-10-22 01:33:47,035 - INFO - URL сайта: https://plummy.ru
2025-10-22 01:33:56,673 - INFO - ✓ УСПЕХ: Товар создан в WP с ID=243690
2025-10-22 01:33:56,736 - INFO - ================================================================================

2025-10-22 01:33:56,774 - INFO - ================================================================================
2025-10-22 01:33:56,774 - INFO - ЗАВЕРШЕНИЕ: Создано 13, Ошибок 0, Пропущено 0
2025-10-22 01:33:56,774 - INFO - ================================================================================
