2025-10-21 23:47:30,839 - INFO - ================================================================================
2025-10-21 23:47:30,840 - INFO - НАЧАЛО ДЕТАЛЬНОГО ЛОГИРОВАНИЯ sync_new
2025-10-21 23:47:30,840 - INFO - ================================================================================
2025-10-21 23:47:30,935 - INFO - Всего товаров без WP ID: 51
2025-10-21 23:47:30,935 - INFO - С загруженными данными: 34
2025-10-21 23:47:30,935 - INFO - Пропущено (без данных): 17
2025-10-21 23:47:30,939 - INFO - 
================================================================================
2025-10-21 23:47:30,939 - INFO - [1/34] НАЧАЛО СИНХРОНИЗАЦИИ
2025-10-21 23:47:30,939 - INFO - Product ID: 2264
2025-10-21 23:47:30,939 - INFO - SPU ID: 12224626
2025-10-21 23:47:30,939 - INFO - Reference SKU: 685747502
2025-10-21 23:47:30,939 - INFO - Название: adidas originals Mad IIInfinity
2025-10-21 23:47:30,939 - INFO - Бренд: adidas originals
2025-10-21 23:47:30,939 - INFO - Категории: [103]
2025-10-21 23:47:30,939 - INFO - ================================================================================
2025-10-21 23:47:30,940 - INFO - Всего вариантов: 11
2025-10-21 23:47:30,940 - INFO - В наличии: 11
2025-10-21 23:47:30,940 - INFO - Нет в наличии: 0
2025-10-21 23:47:30,940 - INFO - Варианты в наличии:
2025-10-21 23:47:30,940 - INFO -   • Размер 40⅔: 749.00 CNY (stock_status=1)
2025-10-21 23:47:30,940 - INFO -   • Размер 41⅓: 839.00 CNY (stock_status=1)
2025-10-21 23:47:30,940 - INFO -   • Размер 42: 769.00 CNY (stock_status=1)
2025-10-21 23:47:30,940 - INFO -   • Размер 42⅔: 679.00 CNY (stock_status=1)
2025-10-21 23:47:30,940 - INFO -   • Размер 43⅓: 809.00 CNY (stock_status=1)
2025-10-21 23:47:30,940 - INFO - ЭТАП 1: Создание товара в WooCommerce...
2025-10-21 23:47:30,940 - INFO - URL сайта: https://plummy.ru
2025-10-21 23:47:43,981 - INFO - ✓ УСПЕХ: Товар создан в WP с ID=241568
2025-10-21 23:47:44,053 - INFO - ================================================================================

2025-10-21 23:47:44,053 - INFO - 
================================================================================
2025-10-21 23:47:44,054 - INFO - [2/34] НАЧАЛО СИНХРОНИЗАЦИИ
2025-10-21 23:47:44,054 - INFO - Product ID: 2265
2025-10-21 23:47:44,054 - INFO - SPU ID: 10785373
2025-10-21 23:47:44,054 - INFO - Reference SKU: 667301096
2025-10-21 23:47:44,054 - INFO - Название: Rick Owens DRKSHDW x Converse DRKSHDW TURBOWPN
2025-10-21 23:47:44,054 - INFO - Бренд: Converse
2025-10-21 23:47:44,054 - INFO - Категории: [103, 154]
2025-10-21 23:47:44,054 - INFO - ================================================================================
2025-10-21 23:47:44,054 - INFO - Всего вариантов: 17
2025-10-21 23:47:44,054 - INFO - В наличии: 17
2025-10-21 23:47:44,054 - INFO - Нет в наличии: 0
2025-10-21 23:47:44,054 - INFO - Варианты в наличии:
2025-10-21 23:47:44,054 - INFO -   • Размер 35: 1149.00 CNY (stock_status=1)
2025-10-21 23:47:44,054 - INFO -   • Размер 35.5: 1839.00 CNY (stock_status=1)
2025-10-21 23:47:44,054 - INFO -   • Размер 36: 1139.00 CNY (stock_status=1)
2025-10-21 23:47:44,054 - INFO -   • Размер 37: 1109.00 CNY (stock_status=1)
2025-10-21 23:47:44,054 - INFO -   • Размер 37.5: 1089.00 CNY (stock_status=1)
2025-10-21 23:47:44,054 - INFO - ЭТАП 1: Создание товара в WooCommerce...
2025-10-21 23:47:44,054 - INFO - URL сайта: https://plummy.ru
2025-10-21 23:47:50,566 - INFO - ✓ УСПЕХ: Товар создан в WP с ID=241596
2025-10-21 23:47:50,640 - INFO - ================================================================================

2025-10-21 23:47:50,640 - INFO - 
================================================================================
2025-10-21 23:47:50,640 - INFO - [3/34] НАЧАЛО СИНХРОНИЗАЦИИ
2025-10-21 23:47:50,640 - INFO - Product ID: 2266
2025-10-21 23:47:50,640 - INFO - SPU ID: 1159
2025-10-21 23:47:50,640 - INFO - Reference SKU: 6948633
2025-10-21 23:47:50,641 - INFO - Название: Jordan Air Jordan 11 Retro Premium Grey Suede OG
2025-10-21 23:47:50,642 - INFO - Бренд: Jordan
2025-10-21 23:47:50,642 - INFO - Категории: [103]
2025-10-21 23:47:50,642 - INFO - ================================================================================
2025-10-21 23:47:50,642 - INFO - Всего вариантов: 8
2025-10-21 23:47:50,642 - INFO - В наличии: 8
2025-10-21 23:47:50,642 - INFO - Нет в наличии: 0
2025-10-21 23:47:50,642 - INFO - Варианты в наличии:
2025-10-21 23:47:50,642 - INFO -   • Размер 41: 4599.00 CNY (stock_status=1)
2025-10-21 23:47:50,642 - INFO -   • Размер 42: 3999.00 CNY (stock_status=1)
2025-10-21 23:47:50,642 - INFO -   • Размер 42.5: 4169.00 CNY (stock_status=1)
2025-10-21 23:47:50,642 - INFO -   • Размер 43: 4269.00 CNY (stock_status=1)
2025-10-21 23:47:50,642 - INFO -   • Размер 44: 4899.00 CNY (stock_status=1)
2025-10-21 23:47:50,642 - INFO - ЭТАП 1: Создание товара в WooCommerce...
2025-10-21 23:47:50,642 - INFO - URL сайта: https://plummy.ru
2025-10-21 23:47:57,761 - INFO - ✓ УСПЕХ: Товар создан в WP с ID=241636
2025-10-21 23:47:57,817 - INFO - ================================================================================

2025-10-21 23:47:57,818 - INFO - 
================================================================================
2025-10-21 23:47:57,818 - INFO - [4/34] НАЧАЛО СИНХРОНИЗАЦИИ
2025-10-21 23:47:57,818 - INFO - Product ID: 2267
2025-10-21 23:47:57,818 - INFO - SPU ID: 3951
2025-10-21 23:47:57,818 - INFO - Reference SKU: 23700592
2025-10-21 23:47:57,818 - INFO - Название: Jordan Air Jordan 13 Retro Wheat OG 2017
2025-10-21 23:47:57,818 - INFO - Бренд: Jordan
2025-10-21 23:47:57,819 - INFO - Категории: [103]
2025-10-21 23:47:57,819 - INFO - ================================================================================
2025-10-21 23:47:57,819 - INFO - Всего вариантов: 4
2025-10-21 23:47:57,819 - INFO - В наличии: 4
2025-10-21 23:47:57,819 - INFO - Нет в наличии: 0
2025-10-21 23:47:57,819 - INFO - Варианты в наличии:
2025-10-21 23:47:57,819 - INFO -   • Размер 40.5: 1999.00 CNY (stock_status=1)
2025-10-21 23:47:57,819 - INFO -   • Размер 41: 2699.00 CNY (stock_status=1)
2025-10-21 23:47:57,819 - INFO -   • Размер 43: 1999.00 CNY (stock_status=1)
2025-10-21 23:47:57,819 - INFO -   • Размер 44: 2499.00 CNY (stock_status=1)
2025-10-21 23:47:57,819 - INFO - ЭТАП 1: Создание товара в WooCommerce...
2025-10-21 23:47:57,819 - INFO - URL сайта: https://plummy.ru
2025-10-21 23:48:05,379 - INFO - ✓ УСПЕХ: Товар создан в WP с ID=241658
2025-10-21 23:48:05,443 - INFO - ================================================================================

2025-10-21 23:48:05,443 - INFO - 
================================================================================
2025-10-21 23:48:05,443 - INFO - [5/34] НАЧАЛО СИНХРОНИЗАЦИИ
2025-10-21 23:48:05,443 - INFO - Product ID: 2268
2025-10-21 23:48:05,443 - INFO - SPU ID: 14070112
2025-10-21 23:48:05,443 - INFO - Reference SKU: 709616954
2025-10-21 23:48:05,443 - INFO - Название: Jordan Air Jordan 13 DongdanLow 2025
2025-10-21 23:48:05,443 - INFO - Бренд: Jordan
2025-10-21 23:48:05,443 - INFO - Категории: [103]
2025-10-21 23:48:05,443 - INFO - ================================================================================
2025-10-21 23:48:05,443 - INFO - Всего вариантов: 13
2025-10-21 23:48:05,443 - INFO - В наличии: 13
2025-10-21 23:48:05,444 - INFO - Нет в наличии: 0
2025-10-21 23:48:05,444 - INFO - Варианты в наличии:
2025-10-21 23:48:05,444 - INFO -   • Размер 40: 889.00 CNY (stock_status=1)
2025-10-21 23:48:05,444 - INFO -   • Размер 40.5: 859.00 CNY (stock_status=1)
2025-10-21 23:48:05,444 - INFO -   • Размер 41: 789.00 CNY (stock_status=1)
2025-10-21 23:48:05,444 - INFO -   • Размер 42: 769.00 CNY (stock_status=1)
2025-10-21 23:48:05,444 - INFO -   • Размер 42.5: 759.00 CNY (stock_status=1)
2025-10-21 23:48:05,444 - INFO - ЭТАП 1: Создание товара в WooCommerce...
2025-10-21 23:48:05,444 - INFO - URL сайта: https://plummy.ru
2025-10-21 23:48:15,135 - INFO - ✓ УСПЕХ: Товар создан в WP с ID=241672
2025-10-21 23:48:15,932 - INFO - ================================================================================

2025-10-21 23:48:15,932 - INFO - 
================================================================================
2025-10-21 23:48:15,932 - INFO - [6/34] НАЧАЛО СИНХРОНИЗАЦИИ
2025-10-21 23:48:15,932 - INFO - Product ID: 2269
2025-10-21 23:48:15,932 - INFO - SPU ID: 1122665
2025-10-21 23:48:15,932 - INFO - Reference SKU: 602097368
2025-10-21 23:48:15,932 - INFO - Название: CLOT x Jordan Air Jordan 14 low sp terracotta
2025-10-21 23:48:15,932 - INFO - Бренд: Jordan
2025-10-21 23:48:15,932 - INFO - Категории: [103, 154]
2025-10-21 23:48:15,932 - INFO - ================================================================================
2025-10-21 23:48:15,932 - INFO - Всего вариантов: 19
2025-10-21 23:48:15,932 - INFO - В наличии: 19
2025-10-21 23:48:15,932 - INFO - Нет в наличии: 0
2025-10-21 23:48:15,932 - INFO - Варианты в наличии:
2025-10-21 23:48:15,932 - INFO -   • Размер 35.5: 1839.00 CNY (stock_status=1)
2025-10-21 23:48:15,932 - INFO -   • Размер 36: 799.00 CNY (stock_status=1)
2025-10-21 23:48:15,932 - INFO -   • Размер 36.5: 779.00 CNY (stock_status=1)
2025-10-21 23:48:15,932 - INFO -   • Размер 37.5: 809.00 CNY (stock_status=1)
2025-10-21 23:48:15,932 - INFO -   • Размер 38: 979.00 CNY (stock_status=1)
2025-10-21 23:48:15,932 - INFO - ЭТАП 1: Создание товара в WooCommerce...
2025-10-21 23:48:15,932 - INFO - URL сайта: https://plummy.ru
2025-10-21 23:48:23,322 - INFO - ✓ УСПЕХ: Товар создан в WP с ID=241704
2025-10-21 23:48:23,382 - INFO - ================================================================================

2025-10-21 23:48:23,383 - INFO - 
================================================================================
2025-10-21 23:48:23,383 - INFO - [7/34] НАЧАЛО СИНХРОНИЗАЦИИ
2025-10-21 23:48:23,383 - INFO - Product ID: 2270
2025-10-21 23:48:23,383 - INFO - SPU ID: 69386
2025-10-21 23:48:23,383 - INFO - Reference SKU: 416310592
2025-10-21 23:48:23,383 - INFO - Название: Jordan Air Jordan 13 retro cny chinese new year
2025-10-21 23:48:23,383 - INFO - Бренд: Jordan
2025-10-21 23:48:23,383 - INFO - Категории: [103, 154]
2025-10-21 23:48:23,383 - INFO - ================================================================================
2025-10-21 23:48:23,383 - INFO - Всего вариантов: 11
2025-10-21 23:48:23,383 - INFO - В наличии: 11
2025-10-21 23:48:23,383 - INFO - Нет в наличии: 0
2025-10-21 23:48:23,383 - INFO - Варианты в наличии:
2025-10-21 23:48:23,383 - INFO -   • Размер 38: 1899.00 CNY (stock_status=1)
2025-10-21 23:48:23,383 - INFO -   • Размер 40: 1599.00 CNY (stock_status=1)
2025-10-21 23:48:23,383 - INFO -   • Размер 40.5: 1009.00 CNY (stock_status=1)
2025-10-21 23:48:23,384 - INFO -   • Размер 41: 1219.00 CNY (stock_status=1)
2025-10-21 23:48:23,384 - INFO -   • Размер 42: 1119.00 CNY (stock_status=1)
2025-10-21 23:48:23,384 - INFO - ЭТАП 1: Создание товара в WooCommerce...
2025-10-21 23:48:23,384 - INFO - URL сайта: https://plummy.ru
2025-10-21 23:48:29,896 - INFO - ✓ УСПЕХ: Товар создан в WP с ID=241748
2025-10-21 23:48:29,961 - INFO - ================================================================================

2025-10-21 23:48:29,962 - INFO - 
================================================================================
2025-10-21 23:48:29,962 - INFO - [8/34] НАЧАЛО СИНХРОНИЗАЦИИ
2025-10-21 23:48:29,962 - INFO - Product ID: 2271
2025-10-21 23:48:29,962 - INFO - SPU ID: 3500158
2025-10-21 23:48:29,962 - INFO - Reference SKU: 615757850
2025-10-21 23:48:29,962 - INFO - Название: SoleFly x Jordan Air Jordan 13
2025-10-21 23:48:29,962 - INFO - Бренд: Jordan
2025-10-21 23:48:29,962 - INFO - Категории: [103, 154]
2025-10-21 23:48:29,962 - INFO - ================================================================================
2025-10-21 23:48:29,963 - INFO - Всего вариантов: 19
2025-10-21 23:48:29,963 - INFO - В наличии: 19
2025-10-21 23:48:29,963 - INFO - Нет в наличии: 0
2025-10-21 23:48:29,963 - INFO - Варианты в наличии:
2025-10-21 23:48:29,963 - INFO -   • Размер 35.5: 1929.00 CNY (stock_status=1)
2025-10-21 23:48:29,963 - INFO -   • Размер 36: 1699.00 CNY (stock_status=1)
2025-10-21 23:48:29,963 - INFO -   • Размер 36.5: 1759.00 CNY (stock_status=1)
2025-10-21 23:48:29,963 - INFO -   • Размер 37.5: 1939.00 CNY (stock_status=1)
2025-10-21 23:48:29,963 - INFO -   • Размер 38: 2789.00 CNY (stock_status=1)
2025-10-21 23:48:29,963 - INFO - ЭТАП 1: Создание товара в WooCommerce...
2025-10-21 23:48:29,963 - INFO - URL сайта: https://plummy.ru
2025-10-21 23:48:39,477 - INFO - ✓ УСПЕХ: Товар создан в WP с ID=241776
2025-10-21 23:48:39,540 - INFO - ================================================================================

2025-10-21 23:48:39,540 - INFO - 
================================================================================
2025-10-21 23:48:39,540 - INFO - [9/34] НАЧАЛО СИНХРОНИЗАЦИИ
2025-10-21 23:48:39,540 - INFO - Product ID: 2272
2025-10-21 23:48:39,540 - INFO - SPU ID: 3090609
2025-10-21 23:48:39,540 - INFO - Reference SKU: 616899122
2025-10-21 23:48:39,540 - INFO - Название: A Ma Manire x Jordan Air Jordan 4 retro violet ore
2025-10-21 23:48:39,541 - INFO - Бренд: Jordan
2025-10-21 23:48:39,541 - INFO - Категории: [103, 154]
2025-10-21 23:48:39,541 - INFO - ================================================================================
2025-10-21 23:48:39,541 - INFO - Всего вариантов: 19
2025-10-21 23:48:39,541 - INFO - В наличии: 19
2025-10-21 23:48:39,541 - INFO - Нет в наличии: 0
2025-10-21 23:48:39,541 - INFO - Варианты в наличии:
2025-10-21 23:48:39,541 - INFO -   • Размер 35.5: 1599.00 CNY (stock_status=1)
2025-10-21 23:48:39,541 - INFO -   • Размер 36: 1679.00 CNY (stock_status=1)
2025-10-21 23:48:39,541 - INFO -   • Размер 36.5: 1419.00 CNY (stock_status=1)
2025-10-21 23:48:39,541 - INFO -   • Размер 37.5: 1829.00 CNY (stock_status=1)
2025-10-21 23:48:39,541 - INFO -   • Размер 38: 2389.00 CNY (stock_status=1)
2025-10-21 23:48:39,541 - INFO - ЭТАП 1: Создание товара в WooCommerce...
2025-10-21 23:48:39,541 - INFO - URL сайта: https://plummy.ru
2025-10-21 23:48:46,356 - INFO - ✓ УСПЕХ: Товар создан в WP с ID=241820
2025-10-21 23:48:46,418 - INFO - ================================================================================

2025-10-21 23:48:46,418 - INFO - 
================================================================================
2025-10-21 23:48:46,418 - INFO - [10/34] НАЧАЛО СИНХРОНИЗАЦИИ
2025-10-21 23:48:46,418 - INFO - Product ID: 2273
2025-10-21 23:48:46,419 - INFO - SPU ID: 2429226
2025-10-21 23:48:46,419 - INFO - Reference SKU: 610569642
2025-10-21 23:48:46,419 - INFO - Название: Jordan Air Jordan 11 retro low 7210
2025-10-21 23:48:46,419 - INFO - Бренд: Jordan
2025-10-21 23:48:46,419 - INFO - Категории: [103, 154]
2025-10-21 23:48:46,419 - INFO - ================================================================================
2025-10-21 23:48:46,419 - INFO - Всего вариантов: 19
2025-10-21 23:48:46,419 - INFO - В наличии: 19
2025-10-21 23:48:46,419 - INFO - Нет в наличии: 0
2025-10-21 23:48:46,419 - INFO - Варианты в наличии:
2025-10-21 23:48:46,419 - INFO -   • Размер 35.5: 1299.00 CNY (stock_status=1)
2025-10-21 23:48:46,420 - INFO -   • Размер 36: 1009.00 CNY (stock_status=1)
2025-10-21 23:48:46,420 - INFO -   • Размер 37.5: 1289.00 CNY (stock_status=1)
2025-10-21 23:48:46,420 - INFO -   • Размер 38: 1599.00 CNY (stock_status=1)
2025-10-21 23:48:46,420 - INFO -   • Размер 38.5: 1689.00 CNY (stock_status=1)
2025-10-21 23:48:46,420 - INFO - ЭТАП 1: Создание товара в WooCommerce...
2025-10-21 23:48:46,420 - INFO - URL сайта: https://plummy.ru
2025-10-21 23:48:55,957 - INFO - ✓ УСПЕХ: Товар создан в WP с ID=241864
2025-10-21 23:48:56,032 - INFO - ================================================================================

2025-10-21 23:48:56,032 - INFO - 
================================================================================
2025-10-21 23:48:56,032 - INFO - [11/34] НАЧАЛО СИНХРОНИЗАЦИИ
2025-10-21 23:48:56,032 - INFO - Product ID: 2275
2025-10-21 23:48:56,032 - INFO - SPU ID: 22565436
2025-10-21 23:48:56,033 - INFO - Reference SKU: 848930209
2025-10-21 23:48:56,033 - INFO - Название: Converse x Rick Owens DRKSHDW TURBOWPN OX
2025-10-21 23:48:56,033 - INFO - Бренд: Rick Owens DRKSHDW
2025-10-21 23:48:56,033 - INFO - Категории: [154]
2025-10-21 23:48:56,033 - INFO - ================================================================================
2025-10-21 23:48:56,033 - INFO - Всего вариантов: 1
2025-10-21 23:48:56,033 - INFO - В наличии: 1
2025-10-21 23:48:56,033 - INFO - Нет в наличии: 0
2025-10-21 23:48:56,033 - INFO - Варианты в наличии:
2025-10-21 23:48:56,033 - INFO -   • Размер 35: 1599.00 CNY (stock_status=1)
2025-10-21 23:48:56,034 - INFO - ЭТАП 1: Создание товара в WooCommerce...
2025-10-21 23:48:56,034 - INFO - URL сайта: https://plummy.ru
2025-10-21 23:49:04,015 - INFO - ✓ УСПЕХ: Товар создан в WP с ID=241908
2025-10-21 23:49:04,077 - INFO - ================================================================================

2025-10-21 23:49:04,077 - INFO - 
================================================================================
2025-10-21 23:49:04,078 - INFO - [12/34] НАЧАЛО СИНХРОНИЗАЦИИ
2025-10-21 23:49:04,078 - INFO - Product ID: 2276
2025-10-21 23:49:04,078 - INFO - SPU ID: 1883168
2025-10-21 23:49:04,078 - INFO - Reference SKU: 605630448
2025-10-21 23:49:04,078 - INFO - Название: Maison Margiela Replica
2025-10-21 23:49:04,078 - INFO - Бренд: Maison Margiela
2025-10-21 23:49:04,078 - INFO - Категории: [103, 154]
2025-10-21 23:49:04,078 - INFO - ================================================================================
2025-10-21 23:49:04,078 - INFO - Всего вариантов: 3
2025-10-21 23:49:04,078 - INFO - В наличии: 3
2025-10-21 23:49:04,078 - INFO - Нет в наличии: 0
2025-10-21 23:49:04,078 - INFO - Варианты в наличии:
2025-10-21 23:49:04,078 - INFO -   • Размер 35: 3699.00 CNY (stock_status=1)
2025-10-21 23:49:04,078 - INFO -   • Размер 38: 3389.00 CNY (stock_status=1)
2025-10-21 23:49:04,078 - INFO -   • Размер 41: 2999.00 CNY (stock_status=1)
2025-10-21 23:49:04,078 - INFO - ЭТАП 1: Создание товара в WooCommerce...
2025-10-21 23:49:04,078 - INFO - URL сайта: https://plummy.ru
2025-10-21 23:49:10,681 - INFO - ✓ УСПЕХ: Товар создан в WP с ID=241916
2025-10-21 23:49:10,742 - INFO - ================================================================================

2025-10-21 23:49:10,743 - INFO - 
================================================================================
2025-10-21 23:49:10,743 - INFO - [13/34] НАЧАЛО СИНХРОНИЗАЦИИ
2025-10-21 23:49:10,743 - INFO - Product ID: 2278
2025-10-21 23:49:10,743 - INFO - SPU ID: 4205389
2025-10-21 23:49:10,743 - INFO - Reference SKU: 619769618
2025-10-21 23:49:10,743 - INFO - Название: RAF SIMONS
2025-10-21 23:49:10,743 - INFO - Бренд: RAF SIMONS
2025-10-21 23:49:10,743 - INFO - Категории: [103]
2025-10-21 23:49:10,743 - INFO - ================================================================================
2025-10-21 23:49:10,743 - INFO - Всего вариантов: 2
2025-10-21 23:49:10,743 - INFO - В наличии: 2
2025-10-21 23:49:10,743 - INFO - Нет в наличии: 0
2025-10-21 23:49:10,743 - INFO - Варианты в наличии:
2025-10-21 23:49:10,743 - INFO -   • Размер 40: 2279.00 CNY (stock_status=1)
2025-10-21 23:49:10,743 - INFO -   • Размер 41: 2399.00 CNY (stock_status=1)
2025-10-21 23:49:10,743 - INFO - ЭТАП 1: Создание товара в WooCommerce...
2025-10-21 23:49:10,743 - INFO - URL сайта: https://plummy.ru
2025-10-21 23:49:16,300 - INFO - ✓ УСПЕХ: Товар создан в WP с ID=241928
2025-10-21 23:49:16,363 - INFO - ================================================================================

2025-10-21 23:49:16,363 - INFO - 
================================================================================
2025-10-21 23:49:16,364 - INFO - [14/34] НАЧАЛО СИНХРОНИЗАЦИИ
2025-10-21 23:49:16,364 - INFO - Product ID: 2279
2025-10-21 23:49:16,364 - INFO - SPU ID: 2333006
2025-10-21 23:49:16,364 - INFO - Reference SKU: 658810998
2025-10-21 23:49:16,364 - INFO - Название: Rick Owens DRKSHDW
2025-10-21 23:49:16,364 - INFO - Бренд: Rick Owens DRKSHDW
2025-10-21 23:49:16,364 - INFO - Категории: [154]
2025-10-21 23:49:16,364 - INFO - ================================================================================
2025-10-21 23:49:16,364 - INFO - Всего вариантов: 1
2025-10-21 23:49:16,364 - INFO - В наличии: 1
2025-10-21 23:49:16,364 - INFO - Нет в наличии: 0
2025-10-21 23:49:16,364 - INFO - Варианты в наличии:
2025-10-21 23:49:16,365 - INFO -   • Размер 35.5: 5299.00 CNY (stock_status=1)
2025-10-21 23:49:16,365 - INFO - ЭТАП 1: Создание товара в WooCommerce...
2025-10-21 23:49:16,365 - INFO - URL сайта: https://plummy.ru
2025-10-21 23:49:21,863 - INFO - ✓ УСПЕХ: Товар создан в WP с ID=241938
2025-10-21 23:49:21,920 - INFO - ================================================================================

2025-10-21 23:49:21,920 - INFO - 
================================================================================
2025-10-21 23:49:21,920 - INFO - [15/34] НАЧАЛО СИНХРОНИЗАЦИИ
2025-10-21 23:49:21,920 - INFO - Product ID: 2280
2025-10-21 23:49:21,920 - INFO - SPU ID: 6600414
2025-10-21 23:49:21,920 - INFO - Reference SKU: 635347754
2025-10-21 23:49:21,921 - INFO - Название: Golden Goose
2025-10-21 23:49:21,921 - INFO - Бренд: Golden Goose
2025-10-21 23:49:21,921 - INFO - Категории: [154]
2025-10-21 23:49:21,921 - INFO - ================================================================================
2025-10-21 23:49:21,921 - INFO - Всего вариантов: 1
2025-10-21 23:49:21,921 - INFO - В наличии: 1
2025-10-21 23:49:21,921 - INFO - Нет в наличии: 0
2025-10-21 23:49:21,921 - INFO - Варианты в наличии:
2025-10-21 23:49:21,921 - INFO -   • Размер 38: 2999.00 CNY (stock_status=1)
2025-10-21 23:49:21,921 - INFO - ЭТАП 1: Создание товара в WooCommerce...
2025-10-21 23:49:21,921 - INFO - URL сайта: https://plummy.ru
2025-10-21 23:49:28,039 - INFO - ✓ УСПЕХ: Товар создан в WP с ID=241946
2025-10-21 23:49:28,113 - INFO - ================================================================================

2025-10-21 23:49:28,114 - INFO - 
================================================================================
2025-10-21 23:49:28,114 - INFO - [16/34] НАЧАЛО СИНХРОНИЗАЦИИ
2025-10-21 23:49:28,114 - INFO - Product ID: 2281
2025-10-21 23:49:28,114 - INFO - SPU ID: 13852225
2025-10-21 23:49:28,114 - INFO - Reference SKU: 706330251
2025-10-21 23:49:28,114 - INFO - Название: PUMA x SKEPTA Forever NBK Select
2025-10-21 23:49:28,114 - INFO - Бренд: PUMA
2025-10-21 23:49:28,114 - INFO - Категории: [103, 154]
2025-10-21 23:49:28,114 - INFO - ================================================================================
2025-10-21 23:49:28,115 - INFO - Всего вариантов: 11
2025-10-21 23:49:28,115 - INFO - В наличии: 11
2025-10-21 23:49:28,115 - INFO - Нет в наличии: 0
2025-10-21 23:49:28,115 - INFO - Варианты в наличии:
2025-10-21 23:49:28,115 - INFO -   • Размер 37: 799.00 CNY (stock_status=1)
2025-10-21 23:49:28,115 - INFO -   • Размер 37.5: 759.00 CNY (stock_status=1)
2025-10-21 23:49:28,115 - INFO -   • Размер 38: 799.00 CNY (stock_status=1)
2025-10-21 23:49:28,115 - INFO -   • Размер 38.5: 799.00 CNY (stock_status=1)
2025-10-21 23:49:28,115 - INFO -   • Размер 40.5: 789.00 CNY (stock_status=1)
2025-10-21 23:49:28,115 - INFO - ЭТАП 1: Создание товара в WooCommerce...
2025-10-21 23:49:28,115 - INFO - URL сайта: https://plummy.ru
2025-10-21 23:49:35,610 - INFO - ✓ УСПЕХ: Товар создан в WP с ID=241954
2025-10-21 23:49:35,674 - INFO - ================================================================================

2025-10-21 23:49:35,674 - INFO - 
================================================================================
2025-10-21 23:49:35,675 - INFO - [17/34] НАЧАЛО СИНХРОНИЗАЦИИ
2025-10-21 23:49:35,675 - INFO - Product ID: 2282
2025-10-21 23:49:35,675 - INFO - SPU ID: 21758
2025-10-21 23:49:35,675 - INFO - Reference SKU: 130542544
2025-10-21 23:49:35,675 - INFO - Название: Nike Air More Uptempo 96 Cool Grey Midnight Navy
2025-10-21 23:49:35,675 - INFO - Бренд: Nike
2025-10-21 23:49:35,675 - INFO - Категории: [103, 154]
2025-10-21 23:49:35,675 - INFO - ================================================================================
2025-10-21 23:49:35,675 - INFO - Всего вариантов: 8
2025-10-21 23:49:35,675 - INFO - В наличии: 8
2025-10-21 23:49:35,675 - INFO - Нет в наличии: 0
2025-10-21 23:49:35,676 - INFO - Варианты в наличии:
2025-10-21 23:49:35,676 - INFO -   • Размер 35.5: 639.00 CNY (stock_status=1)
2025-10-21 23:49:35,676 - INFO -   • Размер 36: 509.00 CNY (stock_status=1)
2025-10-21 23:49:35,676 - INFO -   • Размер 36.5: 489.00 CNY (stock_status=1)
2025-10-21 23:49:35,676 - INFO -   • Размер 37.5: 489.00 CNY (stock_status=1)
2025-10-21 23:49:35,676 - INFO -   • Размер 38: 489.00 CNY (stock_status=1)
2025-10-21 23:49:35,676 - INFO - ЭТАП 1: Создание товара в WooCommerce...
2025-10-21 23:49:35,677 - INFO - URL сайта: https://plummy.ru
2025-10-21 23:50:20,400 - INFO - ✓ УСПЕХ: Товар создан в WP с ID=241982
2025-10-21 23:50:20,485 - INFO - ================================================================================

2025-10-21 23:50:20,485 - INFO - 
================================================================================
2025-10-21 23:50:20,485 - INFO - [18/34] НАЧАЛО СИНХРОНИЗАЦИИ
2025-10-21 23:50:20,486 - INFO - Product ID: 2283
2025-10-21 23:50:20,486 - INFO - SPU ID: 16877208
2025-10-21 23:50:20,486 - INFO - Reference SKU: 762682865
2025-10-21 23:50:20,486 - INFO - Название: adidas MAD IIINFINITYMocha
2025-10-21 23:50:20,486 - INFO - Бренд: adidas
2025-10-21 23:50:20,486 - INFO - Категории: [103]
2025-10-21 23:50:20,486 - INFO - ================================================================================
2025-10-21 23:50:20,486 - INFO - Всего вариантов: 5
2025-10-21 23:50:20,487 - INFO - В наличии: 5
2025-10-21 23:50:20,487 - INFO - Нет в наличии: 0
2025-10-21 23:50:20,487 - INFO - Варианты в наличии:
2025-10-21 23:50:20,487 - INFO -   • Размер 40: 999.00 CNY (stock_status=1)
2025-10-21 23:50:20,487 - INFO -   • Размер 42⅔: 699.00 CNY (stock_status=1)
2025-10-21 23:50:20,487 - INFO -   • Размер 44: 639.00 CNY (stock_status=1)
2025-10-21 23:50:20,487 - INFO -   • Размер 44⅔: 639.00 CNY (stock_status=1)
2025-10-21 23:50:20,487 - INFO -   • Размер 45⅓: 649.00 CNY (stock_status=1)
2025-10-21 23:50:20,487 - INFO - ЭТАП 1: Создание товара в WooCommerce...
2025-10-21 23:50:20,487 - INFO - URL сайта: https://plummy.ru
2025-10-21 23:50:31,085 - INFO - ✓ УСПЕХ: Товар создан в WP с ID=242004
2025-10-21 23:50:31,169 - INFO - ================================================================================

2025-10-21 23:50:31,170 - INFO - 
================================================================================
2025-10-21 23:50:31,170 - INFO - [19/34] НАЧАЛО СИНХРОНИЗАЦИИ
2025-10-21 23:50:31,170 - INFO - Product ID: 2284
2025-10-21 23:50:31,170 - INFO - SPU ID: 12499331
2025-10-21 23:50:31,170 - INFO - Reference SKU: 688458287
2025-10-21 23:50:31,170 - INFO - Название: adidas Crazy 2 KB II Silver Metallic
2025-10-21 23:50:31,171 - INFO - Бренд: adidas
2025-10-21 23:50:31,171 - INFO - Категории: [103]
2025-10-21 23:50:31,171 - INFO - ================================================================================
2025-10-21 23:50:31,171 - INFO - Всего вариантов: 11
2025-10-21 23:50:31,171 - INFO - В наличии: 11
2025-10-21 23:50:31,171 - INFO - Нет в наличии: 0
2025-10-21 23:50:31,171 - INFO - Варианты в наличии:
2025-10-21 23:50:31,171 - INFO -   • Размер 39⅓: 589.00 CNY (stock_status=1)
2025-10-21 23:50:31,172 - INFO -   • Размер 40: 829.00 CNY (stock_status=1)
2025-10-21 23:50:31,172 - INFO -   • Размер 40⅔: 959.00 CNY (stock_status=1)
2025-10-21 23:50:31,172 - INFO -   • Размер 41⅓: 959.00 CNY (stock_status=1)
2025-10-21 23:50:31,172 - INFO -   • Размер 42: 899.00 CNY (stock_status=1)
2025-10-21 23:50:31,172 - INFO - ЭТАП 1: Создание товара в WooCommerce...
2025-10-21 23:50:31,173 - INFO - URL сайта: https://plummy.ru
2025-10-21 23:50:41,638 - INFO - ✓ УСПЕХ: Товар создан в WP с ID=242020
2025-10-21 23:50:41,702 - INFO - ================================================================================

2025-10-21 23:50:41,702 - INFO - 
================================================================================
2025-10-21 23:50:41,702 - INFO - [20/34] НАЧАЛО СИНХРОНИЗАЦИИ
2025-10-21 23:50:41,702 - INFO - Product ID: 2285
2025-10-21 23:50:41,702 - INFO - SPU ID: 8591092
2025-10-21 23:50:41,703 - INFO - Reference SKU: 651789945
2025-10-21 23:50:41,703 - INFO - Название: adidas Crazy Infinity PU
2025-10-21 23:50:41,703 - INFO - Бренд: adidas
2025-10-21 23:50:41,703 - INFO - Категории: [103, 154]
2025-10-21 23:50:41,703 - INFO - ================================================================================
2025-10-21 23:50:41,703 - INFO - Всего вариантов: 15
2025-10-21 23:50:41,703 - INFO - В наличии: 15
2025-10-21 23:50:41,703 - INFO - Нет в наличии: 0
2025-10-21 23:50:41,703 - INFO - Варианты в наличии:
2025-10-21 23:50:41,703 - INFO -   • Размер 36.5: 599.00 CNY (stock_status=1)
2025-10-21 23:50:41,703 - INFO -   • Размер 37: 579.00 CNY (stock_status=1)
2025-10-21 23:50:41,703 - INFO -   • Размер 38.5: 589.00 CNY (stock_status=1)
2025-10-21 23:50:41,703 - INFO -   • Размер 39: 479.00 CNY (stock_status=1)
2025-10-21 23:50:41,703 - INFO -   • Размер 40: 489.00 CNY (stock_status=1)
2025-10-21 23:50:41,703 - INFO - ЭТАП 1: Создание товара в WooCommerce...
2025-10-21 23:50:41,703 - INFO - URL сайта: https://plummy.ru
2025-10-21 23:50:51,470 - INFO - ✓ УСПЕХ: Товар создан в WP с ID=242048
2025-10-21 23:50:51,541 - INFO - ================================================================================

2025-10-21 23:50:51,541 - INFO - 
================================================================================
2025-10-21 23:50:51,541 - INFO - [21/34] НАЧАЛО СИНХРОНИЗАЦИИ
2025-10-21 23:50:51,541 - INFO - Product ID: 2287
2025-10-21 23:50:51,541 - INFO - SPU ID: 15357508
2025-10-21 23:50:51,541 - INFO - Reference SKU: 731509196
2025-10-21 23:50:51,542 - INFO - Название: Nike Air Foamposite One Triple White
2025-10-21 23:50:51,542 - INFO - Бренд: Nike
2025-10-21 23:50:51,542 - INFO - Категории: [103, 154]
2025-10-21 23:50:51,542 - INFO - ================================================================================
2025-10-21 23:50:51,542 - INFO - Всего вариантов: 16
2025-10-21 23:50:51,542 - INFO - В наличии: 16
2025-10-21 23:50:51,542 - INFO - Нет в наличии: 0
2025-10-21 23:50:51,542 - INFO - Варианты в наличии:
2025-10-21 23:50:51,542 - INFO -   • Размер 38.5: 1599.00 CNY (stock_status=1)
2025-10-21 23:50:51,542 - INFO -   • Размер 39: 1599.00 CNY (stock_status=1)
2025-10-21 23:50:51,542 - INFO -   • Размер 40: 1079.00 CNY (stock_status=1)
2025-10-21 23:50:51,542 - INFO -   • Размер 40.5: 1119.00 CNY (stock_status=1)
2025-10-21 23:50:51,542 - INFO -   • Размер 41: 1099.00 CNY (stock_status=1)
2025-10-21 23:50:51,542 - INFO - ЭТАП 1: Создание товара в WooCommerce...
2025-10-21 23:50:51,543 - INFO - URL сайта: https://plummy.ru
2025-10-21 23:51:01,600 - INFO - ✓ УСПЕХ: Товар создан в WP с ID=242084
2025-10-21 23:51:01,659 - INFO - ================================================================================

2025-10-21 23:51:01,659 - INFO - 
================================================================================
2025-10-21 23:51:01,659 - INFO - [22/34] НАЧАЛО СИНХРОНИЗАЦИИ
2025-10-21 23:51:01,660 - INFO - Product ID: 2289
2025-10-21 23:51:01,660 - INFO - SPU ID: 25509610
2025-10-21 23:51:01,660 - INFO - Reference SKU: 898394325
2025-10-21 23:51:01,660 - INFO - Название: Rick Owens DRKSHDW
2025-10-21 23:51:01,660 - INFO - Бренд: Rick Owens DRKSHDW
2025-10-21 23:51:01,660 - INFO - Категории: [103]
2025-10-21 23:51:01,660 - INFO - ================================================================================
2025-10-21 23:51:01,661 - INFO - Всего вариантов: 9
2025-10-21 23:51:01,661 - INFO - В наличии: 9
2025-10-21 23:51:01,661 - INFO - Нет в наличии: 0
2025-10-21 23:51:01,661 - INFO - Варианты в наличии:
2025-10-21 23:51:01,661 - INFO -   • Размер 40: 4999.00 CNY (stock_status=1)
2025-10-21 23:51:01,661 - INFO -   • Размер 41: 4169.00 CNY (stock_status=1)
2025-10-21 23:51:01,661 - INFO -   • Размер 41.5: 4599.00 CNY (stock_status=1)
2025-10-21 23:51:01,661 - INFO -   • Размер 42: 4199.00 CNY (stock_status=1)
2025-10-21 23:51:01,661 - INFO -   • Размер 42.5: 4599.00 CNY (stock_status=1)
2025-10-21 23:51:01,661 - INFO - ЭТАП 1: Создание товара в WooCommerce...
2025-10-21 23:51:01,661 - INFO - URL сайта: https://plummy.ru
2025-10-21 23:51:11,513 - INFO - ✓ УСПЕХ: Товар создан в WP с ID=242122
2025-10-21 23:51:11,573 - INFO - ================================================================================

2025-10-21 23:51:11,573 - INFO - 
================================================================================
2025-10-21 23:51:11,573 - INFO - [23/34] НАЧАЛО СИНХРОНИЗАЦИИ
2025-10-21 23:51:11,573 - INFO - Product ID: 2292
2025-10-21 23:51:11,573 - INFO - SPU ID: 17859258
2025-10-21 23:51:11,574 - INFO - Reference SKU: 771744674
2025-10-21 23:51:11,574 - INFO - Название: SALOMON x MM6 Maison Margiela
2025-10-21 23:51:11,574 - INFO - Бренд: MM6 Maison Margiela
2025-10-21 23:51:11,574 - INFO - Категории: [103]
2025-10-21 23:51:11,574 - INFO - ================================================================================
2025-10-21 23:51:11,574 - INFO - Всего вариантов: 4
2025-10-21 23:51:11,574 - INFO - В наличии: 4
2025-10-21 23:51:11,574 - INFO - Нет в наличии: 0
2025-10-21 23:51:11,574 - INFO - Варианты в наличии:
2025-10-21 23:51:11,574 - INFO -   • Размер 40: 1589.00 CNY (stock_status=1)
2025-10-21 23:51:11,575 - INFO -   • Размер 41⅓: 1579.00 CNY (stock_status=1)
2025-10-21 23:51:11,575 - INFO -   • Размер 42: 1699.00 CNY (stock_status=1)
2025-10-21 23:51:11,575 - INFO -   • Размер 43⅓: 1599.00 CNY (stock_status=1)
2025-10-21 23:51:11,575 - INFO - ЭТАП 1: Создание товара в WooCommerce...
2025-10-21 23:51:11,576 - INFO - URL сайта: https://plummy.ru
2025-10-21 23:51:21,082 - INFO - ✓ УСПЕХ: Товар создан в WP с ID=242146
2025-10-21 23:51:21,164 - INFO - ================================================================================

2025-10-21 23:51:21,165 - INFO - 
================================================================================
2025-10-21 23:51:21,165 - INFO - [24/34] НАЧАЛО СИНХРОНИЗАЦИИ
2025-10-21 23:51:21,165 - INFO - Product ID: 2293
2025-10-21 23:51:21,165 - INFO - SPU ID: 1067709
2025-10-21 23:51:21,165 - INFO - Reference SKU: 600466113
2025-10-21 23:51:21,165 - INFO - Название: Maison Margiela Replica Fusion
2025-10-21 23:51:21,165 - INFO - Бренд: Maison Margiela
2025-10-21 23:51:21,165 - INFO - Категории: [154]
2025-10-21 23:51:21,165 - INFO - ================================================================================
2025-10-21 23:51:21,165 - INFO - Всего вариантов: 1
2025-10-21 23:51:21,165 - INFO - В наличии: 1
2025-10-21 23:51:21,165 - INFO - Нет в наличии: 0
2025-10-21 23:51:21,165 - INFO - Варианты в наличии:
2025-10-21 23:51:21,165 - INFO -   • Размер 35: 2989.00 CNY (stock_status=1)
2025-10-21 23:51:21,165 - INFO - ЭТАП 1: Создание товара в WooCommerce...
2025-10-21 23:51:21,165 - INFO - URL сайта: https://plummy.ru
2025-10-21 23:51:26,837 - INFO - ✓ УСПЕХ: Товар создан в WP с ID=242160
2025-10-21 23:51:26,902 - INFO - ================================================================================

2025-10-21 23:51:26,902 - INFO - 
================================================================================
2025-10-21 23:51:26,902 - INFO - [25/34] НАЧАЛО СИНХРОНИЗАЦИИ
2025-10-21 23:51:26,902 - INFO - Product ID: 2295
2025-10-21 23:51:26,902 - INFO - SPU ID: 18690762
2025-10-21 23:51:26,902 - INFO - Reference SKU: 785541085
2025-10-21 23:51:26,902 - INFO - Название: THE NORTH FACE GLENCLYFFE
2025-10-21 23:51:26,903 - INFO - Бренд: THE NORTH FACE
2025-10-21 23:51:26,903 - INFO - Категории: [103, 154]
2025-10-21 23:51:26,903 - INFO - ================================================================================
2025-10-21 23:51:26,903 - INFO - Всего вариантов: 11
2025-10-21 23:51:26,903 - INFO - В наличии: 11
2025-10-21 23:51:26,903 - INFO - Нет в наличии: 0
2025-10-21 23:51:26,903 - INFO - Варианты в наличии:
2025-10-21 23:51:26,903 - INFO -   • Размер 37: 1189.00 CNY (stock_status=1)
2025-10-21 23:51:26,903 - INFO -   • Размер 38: 749.00 CNY (stock_status=1)
2025-10-21 23:51:26,903 - INFO -   • Размер 38.5: 969.00 CNY (stock_status=1)
2025-10-21 23:51:26,903 - INFO -   • Размер 39: 919.00 CNY (stock_status=1)
2025-10-21 23:51:26,903 - INFO -   • Размер 40: 739.00 CNY (stock_status=1)
2025-10-21 23:51:26,903 - INFO - ЭТАП 1: Создание товара в WooCommerce...
2025-10-21 23:51:26,903 - INFO - URL сайта: https://plummy.ru
2025-10-21 23:51:35,943 - INFO - ✓ УСПЕХ: Товар создан в WP с ID=242168
2025-10-21 23:51:36,003 - INFO - ================================================================================

2025-10-21 23:51:36,003 - INFO - 
================================================================================
2025-10-21 23:51:36,003 - INFO - [26/34] НАЧАЛО СИНХРОНИЗАЦИИ
2025-10-21 23:51:36,003 - INFO - Product ID: 2296
2025-10-21 23:51:36,003 - INFO - SPU ID: 3658104
2025-10-21 23:51:36,003 - INFO - Reference SKU: 616662017
2025-10-21 23:51:36,003 - INFO - Название: SALOMON x MM6 Maison Margiela
2025-10-21 23:51:36,003 - INFO - Бренд: MM6 Maison Margiela
2025-10-21 23:51:36,004 - INFO - Категории: [103, 154]
2025-10-21 23:51:36,004 - INFO - ================================================================================
2025-10-21 23:51:36,004 - INFO - Всего вариантов: 4
2025-10-21 23:51:36,004 - INFO - В наличии: 4
2025-10-21 23:51:36,004 - INFO - Нет в наличии: 0
2025-10-21 23:51:36,004 - INFO - Варианты в наличии:
2025-10-21 23:51:36,004 - INFO -   • Размер 37: 3179.00 CNY (stock_status=1)
2025-10-21 23:51:36,004 - INFO -   • Размер 40: 2289.00 CNY (stock_status=1)
2025-10-21 23:51:36,004 - INFO -   • Размер 42: 1899.00 CNY (stock_status=1)
2025-10-21 23:51:36,004 - INFO -   • Размер 43: 3499.00 CNY (stock_status=1)
2025-10-21 23:51:36,004 - INFO - ЭТАП 1: Создание товара в WooCommerce...
2025-10-21 23:51:36,004 - INFO - URL сайта: https://plummy.ru
2025-10-21 23:51:41,948 - INFO - ✓ УСПЕХ: Товар создан в WP с ID=242195
2025-10-21 23:51:42,010 - INFO - ================================================================================

2025-10-21 23:51:42,011 - INFO - 
================================================================================
2025-10-21 23:51:42,011 - INFO - [27/34] НАЧАЛО СИНХРОНИЗАЦИИ
2025-10-21 23:51:42,011 - INFO - Product ID: 2297
2025-10-21 23:51:42,011 - INFO - SPU ID: 6110
2025-10-21 23:51:42,011 - INFO - Reference SKU: 36654612
2025-10-21 23:51:42,011 - INFO - Название: Nike Air Flightposite Carbon Fiber 2014 OG
2025-10-21 23:51:42,011 - INFO - Бренд: Nike
2025-10-21 23:51:42,011 - INFO - Категории: [103, 154]
2025-10-21 23:51:42,012 - INFO - ================================================================================
2025-10-21 23:51:42,012 - INFO - Всего вариантов: 4
2025-10-21 23:51:42,012 - INFO - В наличии: 4
2025-10-21 23:51:42,012 - INFO - Нет в наличии: 0
2025-10-21 23:51:42,012 - INFO - Варианты в наличии:
2025-10-21 23:51:42,012 - INFO -   • Размер 39: 4999.00 CNY (stock_status=1)
2025-10-21 23:51:42,012 - INFO -   • Размер 42: 4559.00 CNY (stock_status=1)
2025-10-21 23:51:42,012 - INFO -   • Размер 42.5: 4599.00 CNY (stock_status=1)
2025-10-21 23:51:42,012 - INFO -   • Размер 45: 4599.00 CNY (stock_status=1)
2025-10-21 23:51:42,012 - INFO - ЭТАП 1: Создание товара в WooCommerce...
2025-10-21 23:51:42,012 - INFO - URL сайта: https://plummy.ru
2025-10-21 23:51:47,957 - INFO - ✓ УСПЕХ: Товар создан в WP с ID=242209
2025-10-21 23:51:48,017 - INFO - ================================================================================

2025-10-21 23:51:48,021 - INFO - 
================================================================================
2025-10-21 23:51:48,021 - INFO - [28/34] НАЧАЛО СИНХРОНИЗАЦИИ
2025-10-21 23:51:48,022 - INFO - Product ID: 2298
2025-10-21 23:51:48,023 - INFO - SPU ID: 8089481
2025-10-21 23:51:48,023 - INFO - Reference SKU: 647520614
2025-10-21 23:51:48,023 - INFO - Название: Nike Air Force 1 Low
2025-10-21 23:51:48,023 - INFO - Бренд: Nike
2025-10-21 23:51:48,023 - INFO - Категории: [103, 154]
2025-10-21 23:51:48,023 - INFO - ================================================================================
2025-10-21 23:51:48,023 - INFO - Всего вариантов: 8
2025-10-21 23:51:48,023 - INFO - В наличии: 8
2025-10-21 23:51:48,024 - INFO - Нет в наличии: 0
2025-10-21 23:51:48,024 - INFO - Варианты в наличии:
2025-10-21 23:51:48,024 - INFO -   • Размер 35.5: 399.00 CNY (stock_status=1)
2025-10-21 23:51:48,024 - INFO -   • Размер 36: 399.00 CNY (stock_status=1)
2025-10-21 23:51:48,024 - INFO -   • Размер 36.5: 409.00 CNY (stock_status=1)
2025-10-21 23:51:48,024 - INFO -   • Размер 37.5: 529.00 CNY (stock_status=1)
2025-10-21 23:51:48,024 - INFO -   • Размер 38: 439.00 CNY (stock_status=1)
2025-10-21 23:51:48,024 - INFO - ЭТАП 1: Создание товара в WooCommerce...
2025-10-21 23:51:48,024 - INFO - URL сайта: https://plummy.ru
2025-10-21 23:52:38,414 - INFO - ✓ УСПЕХ: Товар создан в WP с ID=242223
2025-10-21 23:52:38,490 - INFO - ================================================================================

2025-10-21 23:52:38,491 - INFO - 
================================================================================
2025-10-21 23:52:38,491 - INFO - [29/34] НАЧАЛО СИНХРОНИЗАЦИИ
2025-10-21 23:52:38,491 - INFO - Product ID: 2299
2025-10-21 23:52:38,491 - INFO - SPU ID: 10756790
2025-10-21 23:52:38,491 - INFO - Reference SKU: 784351536
2025-10-21 23:52:38,491 - INFO - Название: MMW x Nike Nike x MMW TRD Run 6
2025-10-21 23:52:38,491 - INFO - Бренд: Nike
2025-10-21 23:52:38,491 - INFO - Категории: [103, 154]
2025-10-21 23:52:38,491 - INFO - ================================================================================
2025-10-21 23:52:38,491 - INFO - Всего вариантов: 13
2025-10-21 23:52:38,491 - INFO - В наличии: 13
2025-10-21 23:52:38,491 - INFO - Нет в наличии: 0
2025-10-21 23:52:38,491 - INFO - Варианты в наличии:
2025-10-21 23:52:38,493 - INFO -   • Размер 35.5: 1999.00 CNY (stock_status=1)
2025-10-21 23:52:38,493 - INFO -   • Размер 36: 2299.00 CNY (stock_status=1)
2025-10-21 23:52:38,493 - INFO -   • Размер 36.5: 1219.00 CNY (stock_status=1)
2025-10-21 23:52:38,493 - INFO -   • Размер 38: 1769.00 CNY (stock_status=1)
2025-10-21 23:52:38,493 - INFO -   • Размер 38.5: 2029.00 CNY (stock_status=1)
2025-10-21 23:52:38,493 - INFO - ЭТАП 1: Создание товара в WooCommerce...
2025-10-21 23:52:38,493 - INFO - URL сайта: https://plummy.ru
2025-10-21 23:52:47,529 - INFO - ✓ УСПЕХ: Товар создан в WP с ID=242245
2025-10-21 23:52:47,593 - INFO - ================================================================================

2025-10-21 23:52:47,594 - INFO - 
================================================================================
2025-10-21 23:52:47,594 - INFO - [30/34] НАЧАЛО СИНХРОНИЗАЦИИ
2025-10-21 23:52:47,594 - INFO - Product ID: 2300
2025-10-21 23:52:47,594 - INFO - SPU ID: 1617114
2025-10-21 23:52:47,594 - INFO - Reference SKU: 603868152
2025-10-21 23:52:47,594 - INFO - Название: Balenciaga XPander
2025-10-21 23:52:47,594 - INFO - Бренд: Balenciaga
2025-10-21 23:52:47,594 - INFO - Категории: [103, 154]
2025-10-21 23:52:47,594 - INFO - ================================================================================
2025-10-21 23:52:47,594 - INFO - Всего вариантов: 8
2025-10-21 23:52:47,594 - INFO - В наличии: 8
2025-10-21 23:52:47,594 - INFO - Нет в наличии: 0
2025-10-21 23:52:47,594 - INFO - Варианты в наличии:
2025-10-21 23:52:47,594 - INFO -   • Размер 39: 4159.00 CNY (stock_status=1)
2025-10-21 23:52:47,594 - INFO -   • Размер 40: 4579.00 CNY (stock_status=1)
2025-10-21 23:52:47,594 - INFO -   • Размер 41: 4699.00 CNY (stock_status=1)
2025-10-21 23:52:47,594 - INFO -   • Размер 42: 4179.00 CNY (stock_status=1)
2025-10-21 23:52:47,594 - INFO -   • Размер 43: 3769.00 CNY (stock_status=1)
2025-10-21 23:52:47,595 - INFO - ЭТАП 1: Создание товара в WooCommerce...
2025-10-21 23:52:47,595 - INFO - URL сайта: https://plummy.ru
2025-10-21 23:52:54,335 - INFO - ✓ УСПЕХ: Товар создан в WP с ID=242277
2025-10-21 23:52:54,397 - INFO - ================================================================================

2025-10-21 23:52:54,397 - INFO - 
================================================================================
2025-10-21 23:52:54,397 - INFO - [31/34] НАЧАЛО СИНХРОНИЗАЦИИ
2025-10-21 23:52:54,397 - INFO - Product ID: 2301
2025-10-21 23:52:54,397 - INFO - SPU ID: 6387404
2025-10-21 23:52:54,397 - INFO - Reference SKU: 633499899
2025-10-21 23:52:54,397 - INFO - Название: Nike Air Max Scorpion
2025-10-21 23:52:54,398 - INFO - Бренд: Nike
2025-10-21 23:52:54,398 - INFO - Категории: [103, 154]
2025-10-21 23:52:54,398 - INFO - ================================================================================
2025-10-21 23:52:54,398 - INFO - Всего вариантов: 11
2025-10-21 23:52:54,398 - INFO - В наличии: 11
2025-10-21 23:52:54,398 - INFO - Нет в наличии: 0
2025-10-21 23:52:54,398 - INFO - Варианты в наличии:
2025-10-21 23:52:54,398 - INFO -   • Размер 39: 819.00 CNY (stock_status=1)
2025-10-21 23:52:54,398 - INFO -   • Размер 40: 959.00 CNY (stock_status=1)
2025-10-21 23:52:54,398 - INFO -   • Размер 40.5: 999.00 CNY (stock_status=1)
2025-10-21 23:52:54,398 - INFO -   • Размер 41: 529.00 CNY (stock_status=1)
2025-10-21 23:52:54,399 - INFO -   • Размер 42: 629.00 CNY (stock_status=1)
2025-10-21 23:52:54,399 - INFO - ЭТАП 1: Создание товара в WooCommerce...
2025-10-21 23:52:54,399 - INFO - URL сайта: https://plummy.ru
2025-10-21 23:53:04,063 - INFO - ✓ УСПЕХ: Товар создан в WP с ID=242299
2025-10-21 23:53:04,129 - INFO - ================================================================================

2025-10-21 23:53:04,129 - INFO - 
================================================================================
2025-10-21 23:53:04,129 - INFO - [32/34] НАЧАЛО СИНХРОНИЗАЦИИ
2025-10-21 23:53:04,129 - INFO - Product ID: 2302
2025-10-21 23:53:04,129 - INFO - SPU ID: 14183838
2025-10-21 23:53:04,129 - INFO - Reference SKU: 711307560
2025-10-21 23:53:04,130 - INFO - Название: YEEZY x adidas originals Yeezy 450
2025-10-21 23:53:04,130 - INFO - Бренд: adidas originals
2025-10-21 23:53:04,130 - INFO - Категории: [103, 154]
2025-10-21 23:53:04,130 - INFO - ================================================================================
2025-10-21 23:53:04,130 - INFO - Всего вариантов: 16
2025-10-21 23:53:04,130 - INFO - В наличии: 16
2025-10-21 23:53:04,130 - INFO - Нет в наличии: 0
2025-10-21 23:53:04,130 - INFO - Варианты в наличии:
2025-10-21 23:53:04,130 - INFO -   • Размер 36: 1299.00 CNY (stock_status=1)
2025-10-21 23:53:04,130 - INFO -   • Размер 36⅔: 499.00 CNY (stock_status=1)
2025-10-21 23:53:04,130 - INFO -   • Размер 37⅓: 399.00 CNY (stock_status=1)
2025-10-21 23:53:04,130 - INFO -   • Размер 38: 399.00 CNY (stock_status=1)
2025-10-21 23:53:04,130 - INFO -   • Размер 38⅔: 549.00 CNY (stock_status=1)
2025-10-21 23:53:04,130 - INFO - ЭТАП 1: Создание товара в WooCommerce...
2025-10-21 23:53:04,130 - INFO - URL сайта: https://plummy.ru
2025-10-21 23:53:12,282 - INFO - ✓ УСПЕХ: Товар создан в WP с ID=242327
2025-10-21 23:53:12,339 - INFO - ================================================================================

2025-10-21 23:53:12,339 - INFO - 
================================================================================
2025-10-21 23:53:12,339 - INFO - [33/34] НАЧАЛО СИНХРОНИЗАЦИИ
2025-10-21 23:53:12,339 - INFO - Product ID: 2303
2025-10-21 23:53:12,339 - INFO - SPU ID: 13947442
2025-10-21 23:53:12,340 - INFO - Reference SKU: 707678358
2025-10-21 23:53:12,340 - INFO - Название: UGG
2025-10-21 23:53:12,340 - INFO - Бренд: UGG
2025-10-21 23:53:12,340 - INFO - Категории: [103]
2025-10-21 23:53:12,340 - INFO - ================================================================================
2025-10-21 23:53:12,340 - INFO - Всего вариантов: 3
2025-10-21 23:53:12,340 - INFO - В наличии: 3
2025-10-21 23:53:12,340 - INFO - Нет в наличии: 0
2025-10-21 23:53:12,340 - INFO - Варианты в наличии:
2025-10-21 23:53:12,340 - INFO -   • Размер 41: 1629.00 CNY (stock_status=1)
2025-10-21 23:53:12,340 - INFO -   • Размер 42: 1639.00 CNY (stock_status=1)
2025-10-21 23:53:12,340 - INFO -   • Размер 43: 1639.00 CNY (stock_status=1)
2025-10-21 23:53:12,340 - INFO - ЭТАП 1: Создание товара в WooCommerce...
2025-10-21 23:53:12,341 - INFO - URL сайта: https://plummy.ru
2025-10-21 23:53:20,782 - INFO - ✓ УСПЕХ: Товар создан в WP с ID=242365
2025-10-21 23:53:20,844 - INFO - ================================================================================

2025-10-21 23:53:20,844 - INFO - 
================================================================================
2025-10-21 23:53:20,844 - INFO - [34/34] НАЧАЛО СИНХРОНИЗАЦИИ
2025-10-21 23:53:20,844 - INFO - Product ID: 2304
2025-10-21 23:53:20,845 - INFO - SPU ID: 3308124
2025-10-21 23:53:20,845 - INFO - Reference SKU: 614518611
2025-10-21 23:53:20,845 - INFO - Название: Jordan Air Jordan 12 Retro
2025-10-21 23:53:20,845 - INFO - Бренд: Jordan
2025-10-21 23:53:20,845 - INFO - Категории: [103, 154]
2025-10-21 23:53:20,845 - INFO - ================================================================================
2025-10-21 23:53:20,845 - INFO - Всего вариантов: 7
2025-10-21 23:53:20,845 - INFO - В наличии: 7
2025-10-21 23:53:20,845 - INFO - Нет в наличии: 0
2025-10-21 23:53:20,845 - INFO - Варианты в наличии:
2025-10-21 23:53:20,845 - INFO -   • Размер 35.5: 499.00 CNY (stock_status=1)
2025-10-21 23:53:20,845 - INFO -   • Размер 36: 409.00 CNY (stock_status=1)
2025-10-21 23:53:20,845 - INFO -   • Размер 36.5: 399.00 CNY (stock_status=1)
2025-10-21 23:53:20,846 - INFO -   • Размер 37.5: 389.00 CNY (stock_status=1)
2025-10-21 23:53:20,846 - INFO -   • Размер 38: 629.00 CNY (stock_status=1)
2025-10-21 23:53:20,846 - INFO - ЭТАП 1: Создание товара в WooCommerce...
2025-10-21 23:53:20,846 - INFO - URL сайта: https://plummy.ru
2025-10-21 23:54:04,257 - INFO - ✓ УСПЕХ: Товар создан в WP с ID=242377
2025-10-21 23:54:04,319 - INFO - ================================================================================

2025-10-21 23:54:04,338 - INFO - ================================================================================
2025-10-21 23:54:04,338 - INFO - ЗАВЕРШЕНИЕ: Создано 34, Ошибок 0, Пропущено 0
2025-10-21 23:54:04,338 - INFO - ================================================================================
