2025-10-19 22:26:58,006 - INFO - ================================================================================
2025-10-19 22:26:58,006 - INFO - НАЧАЛО ДЕТАЛЬНОГО ЛОГИРОВАНИЯ sync_new
2025-10-19 22:26:58,006 - INFO - ================================================================================
2025-10-19 22:26:58,050 - INFO - Всего товаров без WP ID: 32
2025-10-19 22:26:58,050 - INFO - С загруженными данными: 25
2025-10-19 22:26:58,050 - INFO - Пропущено (без данных): 7
2025-10-19 22:26:58,050 - INFO - 
================================================================================
2025-10-19 22:26:58,050 - INFO - [1/25] НАЧАЛО СИНХРОНИЗАЦИИ
2025-10-19 22:26:58,050 - INFO - Product ID: 1875
2025-10-19 22:26:58,050 - INFO - SPU ID: 18357167
2025-10-19 22:26:58,050 - INFO - Reference SKU: 780262905
2025-10-19 22:26:58,050 - INFO - Название: adidas originals FBIRD TTFirebird WOVEN logo
2025-10-19 22:26:58,050 - INFO - Бренд: adidas originals
2025-10-19 22:26:58,050 - INFO - Категории: [1176, 1177]
2025-10-19 22:26:58,050 - INFO - ================================================================================
2025-10-19 22:26:58,050 - INFO - Всего вариантов: 8
2025-10-19 22:26:58,050 - INFO - В наличии: 8
2025-10-19 22:26:58,050 - INFO - Нет в наличии: 0
2025-10-19 22:26:58,050 - INFO - Варианты в наличии:
2025-10-19 22:26:58,050 - INFO -   • Размер 2XL: 479.00 CNY (stock_status=1)
2025-10-19 22:26:58,050 - INFO -   • Размер 3XL: 499.00 CNY (stock_status=1)
2025-10-19 22:26:58,050 - INFO -   • Размер 4XL: 839.00 CNY (stock_status=1)
2025-10-19 22:26:58,050 - INFO -   • Размер L: 499.00 CNY (stock_status=1)
2025-10-19 22:26:58,050 - INFO -   • Размер M: 499.00 CNY (stock_status=1)
2025-10-19 22:26:58,050 - INFO - ЭТАП 1: Создание товара в WooCommerce...
2025-10-19 22:26:58,050 - INFO - URL сайта: https://plummy.ru
2025-10-19 22:27:09,060 - INFO - ✓ УСПЕХ: Товар создан в WP с ID=236973
2025-10-19 22:27:09,135 - INFO - ================================================================================

2025-10-19 22:27:09,135 - INFO - 
================================================================================
2025-10-19 22:27:09,135 - INFO - [2/25] НАЧАЛО СИНХРОНИЗАЦИИ
2025-10-19 22:27:09,136 - INFO - Product ID: 1876
2025-10-19 22:27:09,136 - INFO - SPU ID: 12771548
2025-10-19 22:27:09,136 - INFO - Reference SKU: 692131418
2025-10-19 22:27:09,136 - INFO - Название: adidas originals ADICOLOR
2025-10-19 22:27:09,136 - INFO - Бренд: adidas originals
2025-10-19 22:27:09,136 - INFO - Категории: [1176, 1177]
2025-10-19 22:27:09,136 - INFO - ================================================================================
2025-10-19 22:27:09,136 - INFO - Всего вариантов: 6
2025-10-19 22:27:09,136 - INFO - В наличии: 6
2025-10-19 22:27:09,136 - INFO - Нет в наличии: 0
2025-10-19 22:27:09,136 - INFO - Варианты в наличии:
2025-10-19 22:27:09,136 - INFO -   • Размер 2XS: 359.00 CNY (stock_status=1)
2025-10-19 22:27:09,136 - INFO -   • Размер L: 379.00 CNY (stock_status=1)
2025-10-19 22:27:09,136 - INFO -   • Размер M: 379.00 CNY (stock_status=1)
2025-10-19 22:27:09,136 - INFO -   • Размер S: 349.00 CNY (stock_status=1)
2025-10-19 22:27:09,136 - INFO -   • Размер XL: 379.00 CNY (stock_status=1)
2025-10-19 22:27:09,136 - INFO - ЭТАП 1: Создание товара в WooCommerce...
2025-10-19 22:27:09,136 - INFO - URL сайта: https://plummy.ru
2025-10-19 22:27:21,670 - INFO - ✓ УСПЕХ: Товар создан в WP с ID=236995
2025-10-19 22:27:21,737 - INFO - ================================================================================

2025-10-19 22:27:21,737 - INFO - 
================================================================================
2025-10-19 22:27:21,738 - INFO - [3/25] НАЧАЛО СИНХРОНИЗАЦИИ
2025-10-19 22:27:21,738 - INFO - Product ID: 1877
2025-10-19 22:27:21,738 - INFO - SPU ID: 19516242
2025-10-19 22:27:21,738 - INFO - Reference SKU: 798500895
2025-10-19 22:27:21,738 - INFO - Название: adidas originals Logo
2025-10-19 22:27:21,738 - INFO - Бренд: adidas originals
2025-10-19 22:27:21,738 - INFO - Категории: [1176, 1177]
2025-10-19 22:27:21,738 - INFO - ================================================================================
2025-10-19 22:27:21,738 - INFO - Всего вариантов: 7
2025-10-19 22:27:21,738 - INFO - В наличии: 7
2025-10-19 22:27:21,738 - INFO - Нет в наличии: 0
2025-10-19 22:27:21,738 - INFO - Варианты в наличии:
2025-10-19 22:27:21,738 - INFO -   • Размер L: 679.00 CNY (stock_status=1)
2025-10-19 22:27:21,738 - INFO -   • Размер M: 649.00 CNY (stock_status=1)
2025-10-19 22:27:21,738 - INFO -   • Размер S: 669.00 CNY (stock_status=1)
2025-10-19 22:27:21,738 - INFO -   • Размер XL: 609.00 CNY (stock_status=1)
2025-10-19 22:27:21,738 - INFO -   • Размер XS: 729.00 CNY (stock_status=1)
2025-10-19 22:27:21,738 - INFO - ЭТАП 1: Создание товара в WooCommerce...
2025-10-19 22:27:21,738 - INFO - URL сайта: https://plummy.ru
2025-10-19 22:27:30,934 - INFO - ✓ УСПЕХ: Товар создан в WP с ID=237013
2025-10-19 22:27:31,000 - INFO - ================================================================================

2025-10-19 22:27:31,001 - INFO - 
================================================================================
2025-10-19 22:27:31,001 - INFO - [4/25] НАЧАЛО СИНХРОНИЗАЦИИ
2025-10-19 22:27:31,001 - INFO - Product ID: 1878
2025-10-19 22:27:31,001 - INFO - SPU ID: 5355339
2025-10-19 22:27:31,001 - INFO - Reference SKU: 626581821
2025-10-19 22:27:31,001 - INFO - Название: adidas originals
2025-10-19 22:27:31,001 - INFO - Бренд: adidas originals
2025-10-19 22:27:31,001 - INFO - Категории: [1176, 1177]
2025-10-19 22:27:31,001 - INFO - ================================================================================
2025-10-19 22:27:31,002 - INFO - Всего вариантов: 7
2025-10-19 22:27:31,002 - INFO - В наличии: 7
2025-10-19 22:27:31,002 - INFO - Нет в наличии: 0
2025-10-19 22:27:31,002 - INFO - Варианты в наличии:
2025-10-19 22:27:31,002 - INFO -   • Размер L: 399.00 CNY (stock_status=1)
2025-10-19 22:27:31,002 - INFO -   • Размер M: 399.00 CNY (stock_status=1)
2025-10-19 22:27:31,002 - INFO -   • Размер S: 409.00 CNY (stock_status=1)
2025-10-19 22:27:31,002 - INFO -   • Размер XL: 409.00 CNY (stock_status=1)
2025-10-19 22:27:31,002 - INFO -   • Размер XS: 659.00 CNY (stock_status=1)
2025-10-19 22:27:31,002 - INFO - ЭТАП 1: Создание товара в WooCommerce...
2025-10-19 22:27:31,002 - INFO - URL сайта: https://plummy.ru
2025-10-19 22:27:37,402 - INFO - ✓ УСПЕХ: Товар создан в WP с ID=237033
2025-10-19 22:27:37,456 - INFO - ================================================================================

2025-10-19 22:27:37,457 - INFO - 
================================================================================
2025-10-19 22:27:37,457 - INFO - [5/25] НАЧАЛО СИНХРОНИЗАЦИИ
2025-10-19 22:27:37,457 - INFO - Product ID: 1879
2025-10-19 22:27:37,457 - INFO - SPU ID: 13122454
2025-10-19 22:27:37,457 - INFO - Reference SKU: 695824575
2025-10-19 22:27:37,457 - INFO - Название: PALACE Stella Artois SS24 logo
2025-10-19 22:27:37,457 - INFO - Бренд: PALACE
2025-10-19 22:27:37,457 - INFO - Категории: [1176, 1177]
2025-10-19 22:27:37,457 - INFO - ================================================================================
2025-10-19 22:27:37,457 - INFO - Всего вариантов: 1
2025-10-19 22:27:37,457 - INFO - В наличии: 1
2025-10-19 22:27:37,458 - INFO - Нет в наличии: 0
2025-10-19 22:27:37,458 - INFO - Варианты в наличии:
2025-10-19 22:27:37,458 - INFO -   • Размер M: 1699.00 CNY (stock_status=1)
2025-10-19 22:27:37,458 - INFO - ЭТАП 1: Создание товара в WooCommerce...
2025-10-19 22:27:37,458 - INFO - URL сайта: https://plummy.ru
2025-10-19 22:27:42,710 - INFO - ✓ УСПЕХ: Товар создан в WP с ID=237053
2025-10-19 22:27:42,772 - INFO - ================================================================================

2025-10-19 22:27:42,773 - INFO - 
================================================================================
2025-10-19 22:27:42,773 - INFO - [6/25] НАЧАЛО СИНХРОНИЗАЦИИ
2025-10-19 22:27:42,773 - INFO - Product ID: 1880
2025-10-19 22:27:42,773 - INFO - SPU ID: 2393573
2025-10-19 22:27:42,773 - INFO - Reference SKU: 608885037
2025-10-19 22:27:42,773 - INFO - Название: Polo Ralph Lauren Logo
2025-10-19 22:27:42,773 - INFO - Бренд: Polo Ralph Lauren
2025-10-19 22:27:42,773 - INFO - Категории: [1176, 1177]
2025-10-19 22:27:42,773 - INFO - ================================================================================
2025-10-19 22:27:42,773 - INFO - Всего вариантов: 10
2025-10-19 22:27:42,774 - INFO - В наличии: 10
2025-10-19 22:27:42,774 - INFO - Нет в наличии: 0
2025-10-19 22:27:42,774 - INFO - Варианты в наличии:
2025-10-19 22:27:42,774 - INFO -   • Размер L: 1129.00 CNY (stock_status=1)
2025-10-19 22:27:42,774 - INFO -   • Размер L: 1499.00 CNY (stock_status=1)
2025-10-19 22:27:42,774 - INFO -   • Размер M: 1229.00 CNY (stock_status=1)
2025-10-19 22:27:42,774 - INFO -   • Размер M: 1339.00 CNY (stock_status=1)
2025-10-19 22:27:42,774 - INFO -   • Размер S: 1089.00 CNY (stock_status=1)
2025-10-19 22:27:42,774 - INFO - ЭТАП 1: Создание товара в WooCommerce...
2025-10-19 22:27:42,774 - INFO - URL сайта: https://plummy.ru
2025-10-19 22:27:52,456 - INFO - ✓ УСПЕХ: Товар создан в WP с ID=237061
2025-10-19 22:27:52,525 - INFO - ================================================================================

2025-10-19 22:27:52,525 - INFO - 
================================================================================
2025-10-19 22:27:52,525 - INFO - [7/25] НАЧАЛО СИНХРОНИЗАЦИИ
2025-10-19 22:27:52,525 - INFO - Product ID: 1881
2025-10-19 22:27:52,525 - INFO - SPU ID: 4518606
2025-10-19 22:27:52,525 - INFO - Reference SKU: 621735531
2025-10-19 22:27:52,525 - INFO - Название: Nike ACG STORMFIT Logo
2025-10-19 22:27:52,525 - INFO - Бренд: Nike
2025-10-19 22:27:52,526 - INFO - Категории: [1176, 1177]
2025-10-19 22:27:52,526 - INFO - ================================================================================
2025-10-19 22:27:52,526 - INFO - Всего вариантов: 5
2025-10-19 22:27:52,526 - INFO - В наличии: 5
2025-10-19 22:27:52,526 - INFO - Нет в наличии: 0
2025-10-19 22:27:52,526 - INFO - Варианты в наличии:
2025-10-19 22:27:52,526 - INFO -   • Размер L: 689.00 CNY (stock_status=1)
2025-10-19 22:27:52,526 - INFO -   • Размер M: 689.00 CNY (stock_status=1)
2025-10-19 22:27:52,526 - INFO -   • Размер S: 699.00 CNY (stock_status=1)
2025-10-19 22:27:52,526 - INFO -   • Размер XL: 689.00 CNY (stock_status=1)
2025-10-19 22:27:52,526 - INFO -   • Размер XXL: 689.00 CNY (stock_status=1)
2025-10-19 22:27:52,526 - INFO - ЭТАП 1: Создание товара в WooCommerce...
2025-10-19 22:27:52,526 - INFO - URL сайта: https://plummy.ru
2025-10-19 22:28:06,242 - INFO - ✓ УСПЕХ: Товар создан в WP с ID=237087
2025-10-19 22:28:06,306 - INFO - ================================================================================

2025-10-19 22:28:06,307 - INFO - 
================================================================================
2025-10-19 22:28:06,307 - INFO - [8/25] НАЧАЛО СИНХРОНИЗАЦИИ
2025-10-19 22:28:06,307 - INFO - Product ID: 1882
2025-10-19 22:28:06,307 - INFO - SPU ID: 1298915
2025-10-19 22:28:06,307 - INFO - Reference SKU: 601952364
2025-10-19 22:28:06,307 - INFO - Название: adidas CNY Jkt South
2025-10-19 22:28:06,307 - INFO - Бренд: adidas
2025-10-19 22:28:06,307 - INFO - Категории: [1176, 1177]
2025-10-19 22:28:06,307 - INFO - ================================================================================
2025-10-19 22:28:06,307 - INFO - Всего вариантов: 4
2025-10-19 22:28:06,307 - INFO - В наличии: 4
2025-10-19 22:28:06,307 - INFO - Нет в наличии: 0
2025-10-19 22:28:06,307 - INFO - Варианты в наличии:
2025-10-19 22:28:06,308 - INFO -   • Размер M: 349.00 CNY (stock_status=1)
2025-10-19 22:28:06,308 - INFO -   • Размер S: 259.00 CNY (stock_status=1)
2025-10-19 22:28:06,308 - INFO -   • Размер XL: 329.00 CNY (stock_status=1)
2025-10-19 22:28:06,308 - INFO -   • Размер XXL: 499.00 CNY (stock_status=1)
2025-10-19 22:28:06,308 - INFO - ЭТАП 1: Создание товара в WooCommerce...
2025-10-19 22:28:06,308 - INFO - URL сайта: https://plummy.ru
2025-10-19 22:28:18,182 - INFO - ✓ УСПЕХ: Товар создан в WP с ID=237103
2025-10-19 22:28:18,248 - INFO - ================================================================================

2025-10-19 22:28:18,248 - INFO - 
================================================================================
2025-10-19 22:28:18,248 - INFO - [9/25] НАЧАЛО СИНХРОНИЗАЦИИ
2025-10-19 22:28:18,248 - INFO - Product ID: 1883
2025-10-19 22:28:18,248 - INFO - SPU ID: 21682003
2025-10-19 22:28:18,248 - INFO - Reference SKU: 832996433
2025-10-19 22:28:18,248 - INFO - Название: PUMA T7 FERRARI SF DRIVERSOVERSIZED JACKET LOGO
2025-10-19 22:28:18,248 - INFO - Бренд: PUMA
2025-10-19 22:28:18,249 - INFO - Категории: [1176, 1177]
2025-10-19 22:28:18,249 - INFO - ================================================================================
2025-10-19 22:28:18,249 - INFO - Всего вариантов: 4
2025-10-19 22:28:18,249 - INFO - В наличии: 4
2025-10-19 22:28:18,249 - INFO - Нет в наличии: 0
2025-10-19 22:28:18,249 - INFO - Варианты в наличии:
2025-10-19 22:28:18,249 - INFO -   • Размер L: 1189.00 CNY (stock_status=1)
2025-10-19 22:28:18,249 - INFO -   • Размер M: 1169.00 CNY (stock_status=1)
2025-10-19 22:28:18,249 - INFO -   • Размер XL: 1099.00 CNY (stock_status=1)
2025-10-19 22:28:18,249 - INFO -   • Размер XS: 1599.00 CNY (stock_status=1)
2025-10-19 22:28:18,249 - INFO - ЭТАП 1: Создание товара в WooCommerce...
2025-10-19 22:28:18,250 - INFO - URL сайта: https://plummy.ru
2025-10-19 22:28:29,834 - INFO - ✓ УСПЕХ: Товар создан в WP с ID=237117
2025-10-19 22:28:29,893 - INFO - ================================================================================

2025-10-19 22:28:29,893 - INFO - 
================================================================================
2025-10-19 22:28:29,893 - INFO - [10/25] НАЧАЛО СИНХРОНИЗАЦИИ
2025-10-19 22:28:29,894 - INFO - Product ID: 1884
2025-10-19 22:28:29,894 - INFO - SPU ID: 11418279
2025-10-19 22:28:29,894 - INFO - Reference SKU: 675126163
2025-10-19 22:28:29,894 - INFO - Название: PALACE SS24 FASTER JACKET
2025-10-19 22:28:29,894 - INFO - Бренд: PALACE
2025-10-19 22:28:29,894 - INFO - Категории: [1176, 1177]
2025-10-19 22:28:29,894 - INFO - ================================================================================
2025-10-19 22:28:29,895 - INFO - Всего вариантов: 2
2025-10-19 22:28:29,895 - INFO - В наличии: 2
2025-10-19 22:28:29,895 - INFO - Нет в наличии: 0
2025-10-19 22:28:29,895 - INFO - Варианты в наличии:
2025-10-19 22:28:29,895 - INFO -   • Размер L: 5699.00 CNY (stock_status=1)
2025-10-19 22:28:29,895 - INFO -   • Размер S: 6999.00 CNY (stock_status=1)
2025-10-19 22:28:29,895 - INFO - ЭТАП 1: Создание товара в WooCommerce...
2025-10-19 22:28:29,895 - INFO - URL сайта: https://plummy.ru
2025-10-19 22:28:37,609 - INFO - ✓ УСПЕХ: Товар создан в WP с ID=237130
2025-10-19 22:28:37,675 - INFO - ================================================================================

2025-10-19 22:28:37,678 - INFO - 
================================================================================
2025-10-19 22:28:37,679 - INFO - [11/25] НАЧАЛО СИНХРОНИЗАЦИИ
2025-10-19 22:28:37,679 - INFO - Product ID: 1885
2025-10-19 22:28:37,679 - INFO - SPU ID: 14122794
2025-10-19 22:28:37,679 - INFO - Reference SKU: 710380690
2025-10-19 22:28:37,679 - INFO - Название: adidas originals WAFFLE BBTT
2025-10-19 22:28:37,679 - INFO - Бренд: adidas originals
2025-10-19 22:28:37,679 - INFO - Категории: [1176, 1177]
2025-10-19 22:28:37,679 - INFO - ================================================================================
2025-10-19 22:28:37,679 - INFO - Всего вариантов: 9
2025-10-19 22:28:37,679 - INFO - В наличии: 9
2025-10-19 22:28:37,679 - INFO - Нет в наличии: 0
2025-10-19 22:28:37,679 - INFO - Варианты в наличии:
2025-10-19 22:28:37,679 - INFO -   • Размер 2XL: 589.00 CNY (stock_status=1)
2025-10-19 22:28:37,679 - INFO -   • Размер 2XS: 729.00 CNY (stock_status=1)
2025-10-19 22:28:37,679 - INFO -   • Размер 3XL: 649.00 CNY (stock_status=1)
2025-10-19 22:28:37,679 - INFO -   • Размер 4XL: 959.00 CNY (stock_status=1)
2025-10-19 22:28:37,679 - INFO -   • Размер L: 589.00 CNY (stock_status=1)
2025-10-19 22:28:37,680 - INFO - ЭТАП 1: Создание товара в WooCommerce...
2025-10-19 22:28:37,680 - INFO - URL сайта: https://plummy.ru
2025-10-19 22:28:51,105 - INFO - ✓ УСПЕХ: Товар создан в WP с ID=237139
2025-10-19 22:28:51,163 - INFO - ================================================================================

2025-10-19 22:28:51,163 - INFO - 
================================================================================
2025-10-19 22:28:51,163 - INFO - [12/25] НАЧАЛО СИНХРОНИЗАЦИИ
2025-10-19 22:28:51,163 - INFO - Product ID: 1886
2025-10-19 22:28:51,163 - INFO - SPU ID: 25633684
2025-10-19 22:28:51,163 - INFO - Reference SKU: 901817057
2025-10-19 22:28:51,163 - INFO - Название: Mizuno
2025-10-19 22:28:51,163 - INFO - Бренд: Mizuno
2025-10-19 22:28:51,163 - INFO - Категории: [1176, 1177]
2025-10-19 22:28:51,163 - INFO - ================================================================================
2025-10-19 22:28:51,163 - INFO - Всего вариантов: 5
2025-10-19 22:28:51,163 - INFO - В наличии: 5
2025-10-19 22:28:51,163 - INFO - Нет в наличии: 0
2025-10-19 22:28:51,163 - INFO - Варианты в наличии:
2025-10-19 22:28:51,163 - INFO -   • Размер 2XL: 299.00 CNY (stock_status=1)
2025-10-19 22:28:51,163 - INFO -   • Размер 3XL: 299.00 CNY (stock_status=1)
2025-10-19 22:28:51,163 - INFO -   • Размер 4XL: 299.00 CNY (stock_status=1)
2025-10-19 22:28:51,163 - INFO -   • Размер L: 299.00 CNY (stock_status=1)
2025-10-19 22:28:51,163 - INFO -   • Размер XL: 299.00 CNY (stock_status=1)
2025-10-19 22:28:51,163 - INFO - ЭТАП 1: Создание товара в WooCommerce...
2025-10-19 22:28:51,163 - INFO - URL сайта: https://plummy.ru
2025-10-19 22:28:59,518 - INFO - ✓ УСПЕХ: Товар создан в WP с ID=237163
2025-10-19 22:28:59,583 - INFO - ================================================================================

2025-10-19 22:28:59,583 - INFO - 
================================================================================
2025-10-19 22:28:59,583 - INFO - [13/25] НАЧАЛО СИНХРОНИЗАЦИИ
2025-10-19 22:28:59,583 - INFO - Product ID: 1887
2025-10-19 22:28:59,583 - INFO - SPU ID: 2172214
2025-10-19 22:28:59,583 - INFO - Reference SKU: 607710020
2025-10-19 22:28:59,583 - INFO - Название: LiNing
2025-10-19 22:28:59,583 - INFO - Бренд: 
2025-10-19 22:28:59,583 - INFO - Категории: [1176, 1177]
2025-10-19 22:28:59,583 - INFO - ================================================================================
2025-10-19 22:28:59,584 - INFO - Всего вариантов: 6
2025-10-19 22:28:59,584 - INFO - В наличии: 6
2025-10-19 22:28:59,584 - INFO - Нет в наличии: 0
2025-10-19 22:28:59,584 - INFO - Варианты в наличии:
2025-10-19 22:28:59,584 - INFO -   • Размер 4XL: 349.00 CNY (stock_status=1)
2025-10-19 22:28:59,584 - INFO -   • Размер L: 156.00 CNY (stock_status=1)
2025-10-19 22:28:59,584 - INFO -   • Размер M: 166.00 CNY (stock_status=1)
2025-10-19 22:28:59,584 - INFO -   • Размер XL: 155.00 CNY (stock_status=1)
2025-10-19 22:28:59,584 - INFO -   • Размер XXL: 159.00 CNY (stock_status=1)
2025-10-19 22:28:59,584 - INFO - ЭТАП 1: Создание товара в WooCommerce...
2025-10-19 22:28:59,584 - INFO - URL сайта: https://plummy.ru
2025-10-19 22:29:06,637 - INFO - ✓ УСПЕХ: Товар создан в WP с ID=237179
2025-10-19 22:29:06,694 - INFO - ================================================================================

2025-10-19 22:29:06,695 - INFO - 
================================================================================
2025-10-19 22:29:06,696 - INFO - [14/25] НАЧАЛО СИНХРОНИЗАЦИИ
2025-10-19 22:29:06,696 - INFO - Product ID: 1888
2025-10-19 22:29:06,696 - INFO - SPU ID: 1356377
2025-10-19 22:29:06,696 - INFO - Reference SKU: 602273855
2025-10-19 22:29:06,696 - INFO - Название: levis
2025-10-19 22:29:06,696 - INFO - Бренд: levis
2025-10-19 22:29:06,696 - INFO - Категории: [1176, 1177]
2025-10-19 22:29:06,696 - INFO - ================================================================================
2025-10-19 22:29:06,696 - INFO - Всего вариантов: 4
2025-10-19 22:29:06,697 - INFO - В наличии: 4
2025-10-19 22:29:06,697 - INFO - Нет в наличии: 0
2025-10-19 22:29:06,697 - INFO - Варианты в наличии:
2025-10-19 22:29:06,697 - INFO -   • Размер L: 439.00 CNY (stock_status=1)
2025-10-19 22:29:06,697 - INFO -   • Размер M: 379.00 CNY (stock_status=1)
2025-10-19 22:29:06,697 - INFO -   • Размер S: 389.00 CNY (stock_status=1)
2025-10-19 22:29:06,697 - INFO -   • Размер XS: 389.00 CNY (stock_status=1)
2025-10-19 22:29:06,697 - INFO - ЭТАП 1: Создание товара в WooCommerce...
2025-10-19 22:29:06,697 - INFO - URL сайта: https://plummy.ru
2025-10-19 22:29:13,040 - INFO - ✓ УСПЕХ: Товар создан в WP с ID=237194
2025-10-19 22:29:13,104 - INFO - ================================================================================

2025-10-19 22:29:13,105 - INFO - 
================================================================================
2025-10-19 22:29:13,105 - INFO - [15/25] НАЧАЛО СИНХРОНИЗАЦИИ
2025-10-19 22:29:13,105 - INFO - Product ID: 1889
2025-10-19 22:29:13,105 - INFO - SPU ID: 2267027
2025-10-19 22:29:13,105 - INFO - Reference SKU: 608204152
2025-10-19 22:29:13,105 - INFO - Название: levis
2025-10-19 22:29:13,105 - INFO - Бренд: levis
2025-10-19 22:29:13,105 - INFO - Категории: [1176, 1177]
2025-10-19 22:29:13,106 - INFO - ================================================================================
2025-10-19 22:29:13,106 - INFO - Всего вариантов: 4
2025-10-19 22:29:13,106 - INFO - В наличии: 4
2025-10-19 22:29:13,106 - INFO - Нет в наличии: 0
2025-10-19 22:29:13,106 - INFO - Варианты в наличии:
2025-10-19 22:29:13,106 - INFO -   • Размер L: 599.00 CNY (stock_status=1)
2025-10-19 22:29:13,106 - INFO -   • Размер M: 599.00 CNY (stock_status=1)
2025-10-19 22:29:13,106 - INFO -   • Размер S: 599.00 CNY (stock_status=1)
2025-10-19 22:29:13,106 - INFO -   • Размер XL: 639.00 CNY (stock_status=1)
2025-10-19 22:29:13,106 - INFO - ЭТАП 1: Создание товара в WooCommerce...
2025-10-19 22:29:13,107 - INFO - URL сайта: https://plummy.ru
2025-10-19 22:29:17,579 - INFO - ✓ УСПЕХ: Товар создан в WP с ID=237208
2025-10-19 22:29:17,637 - INFO - ================================================================================

2025-10-19 22:29:17,637 - INFO - 
================================================================================
2025-10-19 22:29:17,637 - INFO - [16/25] НАЧАЛО СИНХРОНИЗАЦИИ
2025-10-19 22:29:17,638 - INFO - Product ID: 1890
2025-10-19 22:29:17,638 - INFO - SPU ID: 19007251
2025-10-19 22:29:17,638 - INFO - Reference SKU: 790635888
2025-10-19 22:29:17,638 - INFO - Название: Arcteryx BETA SL LOGO
2025-10-19 22:29:17,638 - INFO - Бренд: Arcteryx
2025-10-19 22:29:17,638 - INFO - Категории: [1176, 1177]
2025-10-19 22:29:17,638 - INFO - ================================================================================
2025-10-19 22:29:17,638 - INFO - Всего вариантов: 6
2025-10-19 22:29:17,638 - INFO - В наличии: 6
2025-10-19 22:29:17,638 - INFO - Нет в наличии: 0
2025-10-19 22:29:17,638 - INFO - Варианты в наличии:
2025-10-19 22:29:17,638 - INFO -   • Размер L: 3389.00 CNY (stock_status=1)
2025-10-19 22:29:17,638 - INFO -   • Размер M: 4299.00 CNY (stock_status=1)
2025-10-19 22:29:17,638 - INFO -   • Размер S: 3509.00 CNY (stock_status=1)
2025-10-19 22:29:17,639 - INFO -   • Размер XL: 4579.00 CNY (stock_status=1)
2025-10-19 22:29:17,639 - INFO -   • Размер XS: 3369.00 CNY (stock_status=1)
2025-10-19 22:29:17,639 - INFO - ЭТАП 1: Создание товара в WooCommerce...
2025-10-19 22:29:17,639 - INFO - URL сайта: https://plummy.ru
2025-10-19 22:29:29,662 - INFO - ✓ УСПЕХ: Товар создан в WP с ID=237220
2025-10-19 22:29:29,722 - INFO - ================================================================================

2025-10-19 22:29:29,722 - INFO - 
================================================================================
2025-10-19 22:29:29,723 - INFO - [17/25] НАЧАЛО СИНХРОНИЗАЦИИ
2025-10-19 22:29:29,723 - INFO - Product ID: 1891
2025-10-19 22:29:29,723 - INFO - SPU ID: 19007251
2025-10-19 22:29:29,723 - INFO - Reference SKU: 790635902
2025-10-19 22:29:29,723 - INFO - Название: Arcteryx BETA SL LOGO
2025-10-19 22:29:29,723 - INFO - Бренд: Arcteryx
2025-10-19 22:29:29,723 - INFO - Категории: [1176, 1177]
2025-10-19 22:29:29,723 - INFO - ================================================================================
2025-10-19 22:29:29,723 - INFO - Всего вариантов: 4
2025-10-19 22:29:29,723 - INFO - В наличии: 4
2025-10-19 22:29:29,723 - INFO - Нет в наличии: 0
2025-10-19 22:29:29,724 - INFO - Варианты в наличии:
2025-10-19 22:29:29,724 - INFO -   • Размер M: 3839.00 CNY (stock_status=1)
2025-10-19 22:29:29,724 - INFO -   • Размер S: 3299.00 CNY (stock_status=1)
2025-10-19 22:29:29,724 - INFO -   • Размер XS: 3679.00 CNY (stock_status=1)
2025-10-19 22:29:29,724 - INFO -   • Размер XXL: 3459.00 CNY (stock_status=1)
2025-10-19 22:29:29,724 - INFO - ЭТАП 1: Создание товара в WooCommerce...
2025-10-19 22:29:29,724 - INFO - URL сайта: https://plummy.ru
2025-10-19 22:29:41,077 - INFO - ✓ УСПЕХ: Товар создан в WP с ID=237238
2025-10-19 22:29:41,141 - INFO - ================================================================================

2025-10-19 22:29:41,142 - INFO - 
================================================================================
2025-10-19 22:29:41,142 - INFO - [18/25] НАЧАЛО СИНХРОНИЗАЦИИ
2025-10-19 22:29:41,142 - INFO - Product ID: 1892
2025-10-19 22:29:41,142 - INFO - SPU ID: 2233553
2025-10-19 22:29:41,142 - INFO - Reference SKU: 608031359
2025-10-19 22:29:41,142 - INFO - Название: CLOT TEE DYNASTY
2025-10-19 22:29:41,143 - INFO - Бренд: CLOT
2025-10-19 22:29:41,143 - INFO - Категории: [1176, 1177]
2025-10-19 22:29:41,143 - INFO - ================================================================================
2025-10-19 22:29:41,143 - INFO - Всего вариантов: 3
2025-10-19 22:29:41,143 - INFO - В наличии: 3
2025-10-19 22:29:41,143 - INFO - Нет в наличии: 0
2025-10-19 22:29:41,143 - INFO - Варианты в наличии:
2025-10-19 22:29:41,143 - INFO -   • Размер M: 299.00 CNY (stock_status=1)
2025-10-19 22:29:41,143 - INFO -   • Размер XL: 399.00 CNY (stock_status=1)
2025-10-19 22:29:41,143 - INFO -   • Размер XXL: 229.00 CNY (stock_status=1)
2025-10-19 22:29:41,143 - INFO - ЭТАП 1: Создание товара в WooCommerce...
2025-10-19 22:29:41,145 - INFO - URL сайта: https://plummy.ru
2025-10-19 22:29:48,840 - INFO - ✓ УСПЕХ: Товар создан в WP с ID=237252
2025-10-19 22:29:48,901 - INFO - ================================================================================

2025-10-19 22:29:48,901 - INFO - 
================================================================================
2025-10-19 22:29:48,901 - INFO - [19/25] НАЧАЛО СИНХРОНИЗАЦИИ
2025-10-19 22:29:48,901 - INFO - Product ID: 1893
2025-10-19 22:29:48,901 - INFO - SPU ID: 20073840
2025-10-19 22:29:48,901 - INFO - Reference SKU: 807642766
2025-10-19 22:29:48,902 - INFO - Название: adidas originals STAG TRACK
2025-10-19 22:29:48,902 - INFO - Бренд: adidas originals
2025-10-19 22:29:48,902 - INFO - Категории: [1176, 1177]
2025-10-19 22:29:48,902 - INFO - ================================================================================
2025-10-19 22:29:48,902 - INFO - Всего вариантов: 6
2025-10-19 22:29:48,902 - INFO - В наличии: 6
2025-10-19 22:29:48,902 - INFO - Нет в наличии: 0
2025-10-19 22:29:48,902 - INFO - Варианты в наличии:
2025-10-19 22:29:48,902 - INFO -   • Размер 2XL: 339.00 CNY (stock_status=1)
2025-10-19 22:29:48,902 - INFO -   • Размер L: 349.00 CNY (stock_status=1)
2025-10-19 22:29:48,902 - INFO -   • Размер M: 339.00 CNY (stock_status=1)
2025-10-19 22:29:48,902 - INFO -   • Размер S: 349.00 CNY (stock_status=1)
2025-10-19 22:29:48,903 - INFO -   • Размер XL: 339.00 CNY (stock_status=1)
2025-10-19 22:29:48,903 - INFO - ЭТАП 1: Создание товара в WooCommerce...
2025-10-19 22:29:48,903 - INFO - URL сайта: https://plummy.ru
2025-10-19 22:30:16,238 - INFO - ✓ УСПЕХ: Товар создан в WP с ID=237264
2025-10-19 22:30:16,302 - INFO - ================================================================================

2025-10-19 22:30:16,302 - INFO - 
================================================================================
2025-10-19 22:30:16,302 - INFO - [20/25] НАЧАЛО СИНХРОНИЗАЦИИ
2025-10-19 22:30:16,303 - INFO - Product ID: 1894
2025-10-19 22:30:16,303 - INFO - SPU ID: 4501544
2025-10-19 22:30:16,303 - INFO - Reference SKU: 621639736
2025-10-19 22:30:16,303 - INFO - Название: CLOT
2025-10-19 22:30:16,303 - INFO - Бренд: CLOT
2025-10-19 22:30:16,303 - INFO - Категории: [1176, 1177]
2025-10-19 22:30:16,303 - INFO - ================================================================================
2025-10-19 22:30:16,303 - INFO - Всего вариантов: 1
2025-10-19 22:30:16,303 - INFO - В наличии: 1
2025-10-19 22:30:16,303 - INFO - Нет в наличии: 0
2025-10-19 22:30:16,303 - INFO - Варианты в наличии:
2025-10-19 22:30:16,303 - INFO -   • Размер XL: 399.00 CNY (stock_status=1)
2025-10-19 22:30:16,303 - INFO - ЭТАП 1: Создание товара в WooCommerce...
2025-10-19 22:30:16,303 - INFO - URL сайта: https://plummy.ru
2025-10-19 22:30:26,599 - INFO - ✓ УСПЕХ: Товар создан в WP с ID=237282
2025-10-19 22:30:26,660 - INFO - ================================================================================

2025-10-19 22:30:26,662 - INFO - 
================================================================================
2025-10-19 22:30:26,663 - INFO - [21/25] НАЧАЛО СИНХРОНИЗАЦИИ
2025-10-19 22:30:26,663 - INFO - Product ID: 1895
2025-10-19 22:30:26,663 - INFO - SPU ID: 21471774
2025-10-19 22:30:26,663 - INFO - Reference SKU: 828668288
2025-10-19 22:30:26,663 - INFO - Название: CLOT Be Like Water Be Like Water
2025-10-19 22:30:26,663 - INFO - Бренд: CLOT
2025-10-19 22:30:26,663 - INFO - Категории: [1176, 1177]
2025-10-19 22:30:26,663 - INFO - ================================================================================
2025-10-19 22:30:26,663 - INFO - Всего вариантов: 5
2025-10-19 22:30:26,663 - INFO - В наличии: 5
2025-10-19 22:30:26,663 - INFO - Нет в наличии: 0
2025-10-19 22:30:26,663 - INFO - Варианты в наличии:
2025-10-19 22:30:26,663 - INFO -   • Размер 00L: 999.00 CNY (stock_status=1)
2025-10-19 22:30:26,663 - INFO -   • Размер 00M: 999.00 CNY (stock_status=1)
2025-10-19 22:30:26,664 - INFO -   • Размер 00S: 999.00 CNY (stock_status=1)
2025-10-19 22:30:26,664 - INFO -   • Размер 0XL: 999.00 CNY (stock_status=1)
2025-10-19 22:30:26,664 - INFO -   • Размер XXL: 999.00 CNY (stock_status=1)
2025-10-19 22:30:26,664 - INFO - ЭТАП 1: Создание товара в WooCommerce...
2025-10-19 22:30:26,664 - INFO - URL сайта: https://plummy.ru
2025-10-19 22:30:34,861 - INFO - ✓ УСПЕХ: Товар создан в WP с ID=237290
2025-10-19 22:30:34,918 - INFO - ================================================================================

2025-10-19 22:30:34,918 - INFO - 
================================================================================
2025-10-19 22:30:34,919 - INFO - [22/25] НАЧАЛО СИНХРОНИЗАЦИИ
2025-10-19 22:30:34,919 - INFO - Product ID: 1896
2025-10-19 22:30:34,919 - INFO - SPU ID: 15030678
2025-10-19 22:30:34,919 - INFO - Reference SKU: 726334583
2025-10-19 22:30:34,919 - INFO - Название: adidas originals RT TT U2 Logo
2025-10-19 22:30:34,919 - INFO - Бренд: adidas originals
2025-10-19 22:30:34,919 - INFO - Категории: [1176, 1177]
2025-10-19 22:30:34,919 - INFO - ================================================================================
2025-10-19 22:30:34,919 - INFO - Всего вариантов: 8
2025-10-19 22:30:34,919 - INFO - В наличии: 8
2025-10-19 22:30:34,919 - INFO - Нет в наличии: 0
2025-10-19 22:30:34,919 - INFO - Варианты в наличии:
2025-10-19 22:30:34,920 - INFO -   • Размер 2XL: 267.00 CNY (stock_status=1)
2025-10-19 22:30:34,920 - INFO -   • Размер 2XS: 309.00 CNY (stock_status=1)
2025-10-19 22:30:34,920 - INFO -   • Размер 3XL: 267.00 CNY (stock_status=1)
2025-10-19 22:30:34,920 - INFO -   • Размер L: 319.00 CNY (stock_status=1)
2025-10-19 22:30:34,920 - INFO -   • Размер M: 319.00 CNY (stock_status=1)
2025-10-19 22:30:34,920 - INFO - ЭТАП 1: Создание товара в WooCommerce...
2025-10-19 22:30:34,920 - INFO - URL сайта: https://plummy.ru
2025-10-19 22:30:46,407 - INFO - ✓ УСПЕХ: Товар создан в WP с ID=237306
2025-10-19 22:30:46,465 - INFO - ================================================================================

2025-10-19 22:30:46,465 - INFO - 
================================================================================
2025-10-19 22:30:46,465 - INFO - [23/25] НАЧАЛО СИНХРОНИЗАЦИИ
2025-10-19 22:30:46,465 - INFO - Product ID: 1897
2025-10-19 22:30:46,465 - INFO - SPU ID: 19536111
2025-10-19 22:30:46,465 - INFO - Reference SKU: 799010605
2025-10-19 22:30:46,465 - INFO - Название: PALACE SS25
2025-10-19 22:30:46,465 - INFO - Бренд: PALACE
2025-10-19 22:30:46,465 - INFO - Категории: [1176, 1177]
2025-10-19 22:30:46,465 - INFO - ================================================================================
2025-10-19 22:30:46,466 - INFO - Всего вариантов: 3
2025-10-19 22:30:46,466 - INFO - В наличии: 3
2025-10-19 22:30:46,466 - INFO - Нет в наличии: 0
2025-10-19 22:30:46,466 - INFO - Варианты в наличии:
2025-10-19 22:30:46,466 - INFO -   • Размер L: 6599.00 CNY (stock_status=1)
2025-10-19 22:30:46,466 - INFO -   • Размер M: 5999.00 CNY (stock_status=1)
2025-10-19 22:30:46,466 - INFO -   • Размер S: 5979.00 CNY (stock_status=1)
2025-10-19 22:30:46,466 - INFO - ЭТАП 1: Создание товара в WooCommerce...
2025-10-19 22:30:46,466 - INFO - URL сайта: https://plummy.ru
2025-10-19 22:31:28,279 - INFO - ✓ УСПЕХ: Товар создан в WP с ID=237328
2025-10-19 22:31:28,346 - INFO - ================================================================================

2025-10-19 22:31:28,346 - INFO - 
================================================================================
2025-10-19 22:31:28,347 - INFO - [24/25] НАЧАЛО СИНХРОНИЗАЦИИ
2025-10-19 22:31:28,347 - INFO - Product ID: 1898
2025-10-19 22:31:28,348 - INFO - SPU ID: 16935996
2025-10-19 22:31:28,348 - INFO - Reference SKU: 756014668
2025-10-19 22:31:28,348 - INFO - Название: Mizuno
2025-10-19 22:31:28,348 - INFO - Бренд: Mizuno
2025-10-19 22:31:28,348 - INFO - Категории: [1176, 1177]
2025-10-19 22:31:28,348 - INFO - ================================================================================
2025-10-19 22:31:28,348 - INFO - Всего вариантов: 6
2025-10-19 22:31:28,348 - INFO - В наличии: 6
2025-10-19 22:31:28,348 - INFO - Нет в наличии: 0
2025-10-19 22:31:28,348 - INFO - Варианты в наличии:
2025-10-19 22:31:28,348 - INFO -   • Размер 2XL: 399.00 CNY (stock_status=1)
2025-10-19 22:31:28,348 - INFO -   • Размер 3XL: 399.00 CNY (stock_status=1)
2025-10-19 22:31:28,348 - INFO -   • Размер 4XL: 399.00 CNY (stock_status=1)
2025-10-19 22:31:28,348 - INFO -   • Размер 5XL: 399.00 CNY (stock_status=1)
2025-10-19 22:31:28,348 - INFO -   • Размер L: 399.00 CNY (stock_status=1)
2025-10-19 22:31:28,349 - INFO - ЭТАП 1: Создание товара в WooCommerce...
2025-10-19 22:31:28,349 - INFO - URL сайта: https://plummy.ru
2025-10-19 22:31:49,149 - INFO - ✓ УСПЕХ: Товар создан в WP с ID=237339
2025-10-19 22:31:49,227 - INFO - ================================================================================

2025-10-19 22:31:49,229 - INFO - 
================================================================================
2025-10-19 22:31:49,229 - INFO - [25/25] НАЧАЛО СИНХРОНИЗАЦИИ
2025-10-19 22:31:49,229 - INFO - Product ID: 1899
2025-10-19 22:31:49,229 - INFO - SPU ID: 16935996
2025-10-19 22:31:49,229 - INFO - Reference SKU: 765362154
2025-10-19 22:31:49,229 - INFO - Название: Mizuno
2025-10-19 22:31:49,229 - INFO - Бренд: Mizuno
2025-10-19 22:31:49,229 - INFO - Категории: [1176, 1177]
2025-10-19 22:31:49,229 - INFO - ================================================================================
2025-10-19 22:31:49,229 - INFO - Всего вариантов: 6
2025-10-19 22:31:49,229 - INFO - В наличии: 6
2025-10-19 22:31:49,229 - INFO - Нет в наличии: 0
2025-10-19 22:31:49,229 - INFO - Варианты в наличии:
2025-10-19 22:31:49,229 - INFO -   • Размер 2XL: 399.00 CNY (stock_status=1)
2025-10-19 22:31:49,229 - INFO -   • Размер 3XL: 399.00 CNY (stock_status=1)
2025-10-19 22:31:49,229 - INFO -   • Размер 4XL: 399.00 CNY (stock_status=1)
2025-10-19 22:31:49,230 - INFO -   • Размер 5XL: 399.00 CNY (stock_status=1)
2025-10-19 22:31:49,230 - INFO -   • Размер L: 399.00 CNY (stock_status=1)
2025-10-19 22:31:49,230 - INFO - ЭТАП 1: Создание товара в WooCommerce...
2025-10-19 22:31:49,230 - INFO - URL сайта: https://plummy.ru
2025-10-19 22:32:13,839 - INFO - ✓ УСПЕХ: Товар создан в WP с ID=237357
2025-10-19 22:32:13,914 - INFO - ================================================================================

2025-10-19 22:32:13,958 - INFO - ================================================================================
2025-10-19 22:32:13,958 - INFO - ЗАВЕРШЕНИЕ: Создано 25, Ошибок 0, Пропущено 0
2025-10-19 22:32:13,958 - INFO - ================================================================================
