2025-10-22 00:46:48,669 - INFO - ================================================================================
2025-10-22 00:46:48,669 - INFO - НАЧАЛО ДЕТАЛЬНОГО ЛОГИРОВАНИЯ sync_new
2025-10-22 00:46:48,669 - INFO - ================================================================================
2025-10-22 00:46:48,727 - INFO - Всего товаров без WP ID: 3
2025-10-22 00:46:48,727 - INFO - С загруженными данными: 1
2025-10-22 00:46:48,727 - INFO - Пропущено (без данных): 2
2025-10-22 00:46:48,728 - INFO - 
================================================================================
2025-10-22 00:46:48,728 - INFO - [1/1] НАЧАЛО СИНХРОНИЗАЦИИ
2025-10-22 00:46:48,728 - INFO - Product ID: 2336
2025-10-22 00:46:48,728 - INFO - SPU ID: 28240384
2025-10-22 00:46:48,728 - INFO - Reference SKU: 952679627
2025-10-22 00:46:48,728 - INFO - Название: adidas originals FW25 PU PAD logo
2025-10-22 00:46:48,728 - INFO - Бренд: adidas originals
2025-10-22 00:46:48,728 - INFO - Категории: [1176, 1177]
2025-10-22 00:46:48,728 - INFO - ================================================================================
2025-10-22 00:46:48,728 - INFO - Всего вариантов: 6
2025-10-22 00:46:48,728 - INFO - В наличии: 6
2025-10-22 00:46:48,728 - INFO - Нет в наличии: 0
2025-10-22 00:46:48,728 - INFO - Варианты в наличии:
2025-10-22 00:46:48,729 - INFO -   • Размер 2XS: 1279.00 CNY (stock_status=1)
2025-10-22 00:46:48,729 - INFO -   • Размер L: 1189.00 CNY (stock_status=1)
2025-10-22 00:46:48,729 - INFO -   • Размер M: 1299.00 CNY (stock_status=1)
2025-10-22 00:46:48,729 - INFO -   • Размер S: 1309.00 CNY (stock_status=1)
2025-10-22 00:46:48,729 - INFO -   • Размер XL: 1309.00 CNY (stock_status=1)
2025-10-22 00:46:48,729 - INFO - ЭТАП 1: Создание товара в WooCommerce...
2025-10-22 00:46:48,729 - INFO - URL сайта: https://plummy.ru
2025-10-22 00:47:12,211 - INFO - ✓ УСПЕХ: Товар создан в WP с ID=242796
2025-10-22 00:47:12,284 - INFO - ================================================================================

2025-10-22 00:47:12,297 - INFO - ================================================================================
2025-10-22 00:47:12,297 - INFO - ЗАВЕРШЕНИЕ: Создано 1, Ошибок 0, Пропущено 0
2025-10-22 00:47:12,297 - INFO - ================================================================================
