2025-10-21 23:57:30,787 - INFO - ================================================================================
2025-10-21 23:57:30,787 - INFO - НАЧАЛО ДЕТАЛЬНОГО ЛОГИРОВАНИЯ sync_new
2025-10-21 23:57:30,787 - INFO - ================================================================================
2025-10-21 23:57:30,841 - INFO - Всего товаров без WP ID: 23
2025-10-21 23:57:30,841 - INFO - С загруженными данными: 6
2025-10-21 23:57:30,841 - INFO - Пропущено (без данных): 17
2025-10-21 23:57:30,842 - INFO - 
================================================================================
2025-10-21 23:57:30,842 - INFO - [1/6] НАЧАЛО СИНХРОНИЗАЦИИ
2025-10-21 23:57:30,842 - INFO - Product ID: 2305
2025-10-21 23:57:30,842 - INFO - SPU ID: 34729
2025-10-21 23:57:30,842 - INFO - Reference SKU: 208368559
2025-10-21 23:57:30,842 - INFO - Название: Timberland PREMIUM
2025-10-21 23:57:30,842 - INFO - Бренд: Timberland
2025-10-21 23:57:30,842 - INFO - Категории: [104, 153]
2025-10-21 23:57:30,842 - INFO - ================================================================================
2025-10-21 23:57:30,842 - INFO - Всего вариантов: 8
2025-10-21 23:57:30,842 - INFO - В наличии: 8
2025-10-21 23:57:30,842 - INFO - Нет в наличии: 0
2025-10-21 23:57:30,842 - INFO - Варианты в наличии:
2025-10-21 23:57:30,842 - INFO -   • Размер 35.5: 589.00 CNY (stock_status=1)
2025-10-21 23:57:30,842 - INFO -   • Размер 36: 549.00 CNY (stock_status=1)
2025-10-21 23:57:30,842 - INFO -   • Размер 37: 549.00 CNY (stock_status=1)
2025-10-21 23:57:30,842 - INFO -   • Размер 37.5: 519.00 CNY (stock_status=1)
2025-10-21 23:57:30,842 - INFO -   • Размер 38: 539.00 CNY (stock_status=1)
2025-10-21 23:57:30,842 - INFO - ЭТАП 1: Создание товара в WooCommerce...
2025-10-21 23:57:30,842 - INFO - URL сайта: https://plummy.ru
2025-10-21 23:57:38,591 - INFO - ✓ УСПЕХ: Товар создан в WP с ID=242397
2025-10-21 23:57:38,654 - INFO - ================================================================================

2025-10-21 23:57:38,654 - INFO - 
================================================================================
2025-10-21 23:57:38,654 - INFO - [2/6] НАЧАЛО СИНХРОНИЗАЦИИ
2025-10-21 23:57:38,655 - INFO - Product ID: 2306
2025-10-21 23:57:38,655 - INFO - SPU ID: 6020773
2025-10-21 23:57:38,655 - INFO - Reference SKU: 630943258
2025-10-21 23:57:38,655 - INFO - Название: Moon Boot
2025-10-21 23:57:38,655 - INFO - Бренд: Moon Boot
2025-10-21 23:57:38,655 - INFO - Категории: [104, 153]
2025-10-21 23:57:38,655 - INFO - ================================================================================
2025-10-21 23:57:38,655 - INFO - Всего вариантов: 4
2025-10-21 23:57:38,655 - INFO - В наличии: 4
2025-10-21 23:57:38,655 - INFO - Нет в наличии: 0
2025-10-21 23:57:38,655 - INFO - Варианты в наличии:
2025-10-21 23:57:38,656 - INFO -   • Размер 33-35: 1229.00 CNY (stock_status=1)
2025-10-21 23:57:38,656 - INFO -   • Размер 36-38: 1889.00 CNY (stock_status=1)
2025-10-21 23:57:38,656 - INFO -   • Размер 39-41: 1369.00 CNY (stock_status=1)
2025-10-21 23:57:38,656 - INFO -   • Размер 45-47: 1289.00 CNY (stock_status=1)
2025-10-21 23:57:38,656 - INFO - ЭТАП 1: Создание товара в WooCommerce...
2025-10-21 23:57:38,656 - INFO - URL сайта: https://plummy.ru
2025-10-21 23:57:58,557 - INFO - ✓ УСПЕХ: Товар создан в WP с ID=242419
2025-10-21 23:57:58,627 - INFO - ================================================================================

2025-10-21 23:57:58,627 - INFO - 
================================================================================
2025-10-21 23:57:58,627 - INFO - [3/6] НАЧАЛО СИНХРОНИЗАЦИИ
2025-10-21 23:57:58,627 - INFO - Product ID: 2307
2025-10-21 23:57:58,627 - INFO - SPU ID: 6154614
2025-10-21 23:57:58,627 - INFO - Reference SKU: 631817723
2025-10-21 23:57:58,627 - INFO - Название: Moon Boot ICON
2025-10-21 23:57:58,628 - INFO - Бренд: Moon Boot
2025-10-21 23:57:58,628 - INFO - Категории: [104, 153]
2025-10-21 23:57:58,628 - INFO - ================================================================================
2025-10-21 23:57:58,628 - INFO - Всего вариантов: 3
2025-10-21 23:57:58,628 - INFO - В наличии: 3
2025-10-21 23:57:58,628 - INFO - Нет в наличии: 0
2025-10-21 23:57:58,628 - INFO - Варианты в наличии:
2025-10-21 23:57:58,628 - INFO -   • Размер 39-41: 1509.00 CNY (stock_status=1)
2025-10-21 23:57:58,628 - INFO -   • Размер 42-44: 1199.00 CNY (stock_status=1)
2025-10-21 23:57:58,628 - INFO -   • Размер 45-47: 1259.00 CNY (stock_status=1)
2025-10-21 23:57:58,628 - INFO - ЭТАП 1: Создание товара в WooCommerce...
2025-10-21 23:57:58,628 - INFO - URL сайта: https://plummy.ru
2025-10-21 23:58:06,413 - INFO - ✓ УСПЕХ: Товар создан в WP с ID=242433
2025-10-21 23:58:06,481 - INFO - ================================================================================

2025-10-21 23:58:06,481 - INFO - 
================================================================================
2025-10-21 23:58:06,481 - INFO - [4/6] НАЧАЛО СИНХРОНИЗАЦИИ
2025-10-21 23:58:06,482 - INFO - Product ID: 2308
2025-10-21 23:58:06,482 - INFO - SPU ID: 3750287
2025-10-21 23:58:06,482 - INFO - Reference SKU: 620828534
2025-10-21 23:58:06,482 - INFO - Название: ACOLDWALL x Converse Geo Forma Boot
2025-10-21 23:58:06,482 - INFO - Бренд: Converse
2025-10-21 23:58:06,482 - INFO - Категории: [104, 153]
2025-10-21 23:58:06,482 - INFO - ================================================================================
2025-10-21 23:58:06,482 - INFO - Всего вариантов: 12
2025-10-21 23:58:06,482 - INFO - В наличии: 12
2025-10-21 23:58:06,483 - INFO - Нет в наличии: 0
2025-10-21 23:58:06,483 - INFO - Варианты в наличии:
2025-10-21 23:58:06,483 - INFO -   • Размер 35: 1539.00 CNY (stock_status=1)
2025-10-21 23:58:06,483 - INFO -   • Размер 36: 1489.00 CNY (stock_status=1)
2025-10-21 23:58:06,483 - INFO -   • Размер 36.5: 1439.00 CNY (stock_status=1)
2025-10-21 23:58:06,483 - INFO -   • Размер 37: 1939.00 CNY (stock_status=1)
2025-10-21 23:58:06,483 - INFO -   • Размер 37.5: 1689.00 CNY (stock_status=1)
2025-10-21 23:58:06,483 - INFO - ЭТАП 1: Создание товара в WooCommerce...
2025-10-21 23:58:06,483 - INFO - URL сайта: https://plummy.ru
2025-10-21 23:58:13,159 - INFO - ✓ УСПЕХ: Товар создан в WP с ID=242445
2025-10-21 23:58:13,219 - INFO - ================================================================================

2025-10-21 23:58:13,219 - INFO - 
================================================================================
2025-10-21 23:58:13,219 - INFO - [5/6] НАЧАЛО СИНХРОНИЗАЦИИ
2025-10-21 23:58:13,219 - INFO - Product ID: 2309
2025-10-21 23:58:13,219 - INFO - SPU ID: 17361361
2025-10-21 23:58:13,220 - INFO - Reference SKU: 763602039
2025-10-21 23:58:13,220 - INFO - Название: MM6 Maison Margiela x DrMartens 1490 1461 4cm
2025-10-21 23:58:13,220 - INFO - Бренд: DRMARTENS
2025-10-21 23:58:13,220 - INFO - Категории: [104, 153]
2025-10-21 23:58:13,220 - INFO - ================================================================================
2025-10-21 23:58:13,220 - INFO - Всего вариантов: 5
2025-10-21 23:58:13,220 - INFO - В наличии: 5
2025-10-21 23:58:13,220 - INFO - Нет в наличии: 0
2025-10-21 23:58:13,220 - INFO - Варианты в наличии:
2025-10-21 23:58:13,220 - INFO -   • Размер 36: 1339.00 CNY (stock_status=1)
2025-10-21 23:58:13,220 - INFO -   • Размер 37: 1999.00 CNY (stock_status=1)
2025-10-21 23:58:13,220 - INFO -   • Размер 38: 1989.00 CNY (stock_status=1)
2025-10-21 23:58:13,220 - INFO -   • Размер 41: 1899.00 CNY (stock_status=1)
2025-10-21 23:58:13,221 - INFO -   • Размер 42: 1899.00 CNY (stock_status=1)
2025-10-21 23:58:13,221 - INFO - ЭТАП 1: Создание товара в WooCommerce...
2025-10-21 23:58:13,221 - INFO - URL сайта: https://plummy.ru
2025-10-21 23:58:21,699 - INFO - ✓ УСПЕХ: Товар создан в WP с ID=242475
2025-10-21 23:58:21,760 - INFO - ================================================================================

2025-10-21 23:58:21,760 - INFO - 
================================================================================
2025-10-21 23:58:21,761 - INFO - [6/6] НАЧАЛО СИНХРОНИЗАЦИИ
2025-10-21 23:58:21,761 - INFO - Product ID: 2310
2025-10-21 23:58:21,761 - INFO - SPU ID: 17265143
2025-10-21 23:58:21,761 - INFO - Reference SKU: 761615455
2025-10-21 23:58:21,761 - INFO - Название: UGG CLASSIC MINI
2025-10-21 23:58:21,761 - INFO - Бренд: UGG
2025-10-21 23:58:21,761 - INFO - Категории: [104, 153]
2025-10-21 23:58:21,761 - INFO - ================================================================================
2025-10-21 23:58:21,761 - INFO - Всего вариантов: 7
2025-10-21 23:58:21,761 - INFO - В наличии: 7
2025-10-21 23:58:21,761 - INFO - Нет в наличии: 0
2025-10-21 23:58:21,761 - INFO - Варианты в наличии:
2025-10-21 23:58:21,761 - INFO -   • Размер 34.5: 899.00 CNY (stock_status=1)
2025-10-21 23:58:21,762 - INFO -   • Размер 36: 899.00 CNY (stock_status=1)
2025-10-21 23:58:21,762 - INFO -   • Размер 37: 899.00 CNY (stock_status=1)
2025-10-21 23:58:21,762 - INFO -   • Размер 38: 859.00 CNY (stock_status=1)
2025-10-21 23:58:21,762 - INFO -   • Размер 39.5: 899.00 CNY (stock_status=1)
2025-10-21 23:58:21,762 - INFO - ЭТАП 1: Создание товара в WooCommerce...
2025-10-21 23:58:21,762 - INFO - URL сайта: https://plummy.ru
2025-10-21 23:58:31,845 - INFO - ✓ УСПЕХ: Товар создан в WP с ID=242491
2025-10-21 23:58:31,913 - INFO - ================================================================================

2025-10-21 23:58:31,937 - INFO - ================================================================================
2025-10-21 23:58:31,937 - INFO - ЗАВЕРШЕНИЕ: Создано 6, Ошибок 0, Пропущено 0
2025-10-21 23:58:31,937 - INFO - ================================================================================
