2025-10-19 21:52:44,814 - INFO - ================================================================================
2025-10-19 21:52:44,814 - INFO - НАЧАЛО ДЕТАЛЬНОГО ЛОГИРОВАНИЯ sync_new
2025-10-19 21:52:44,814 - INFO - ================================================================================
2025-10-19 21:52:44,875 - INFO - Всего товаров без WP ID: 10
2025-10-19 21:52:44,875 - INFO - С загруженными данными: 3
2025-10-19 21:52:44,876 - INFO - Пропущено (без данных): 7
2025-10-19 21:52:44,876 - INFO - 
================================================================================
2025-10-19 21:52:44,876 - INFO - [1/3] НАЧАЛО СИНХРОНИЗАЦИИ
2025-10-19 21:52:44,876 - INFO - Product ID: 1871
2025-10-19 21:52:44,876 - INFO - SPU ID: 8223479
2025-10-19 21:52:44,876 - INFO - Reference SKU: 648801780
2025-10-19 21:52:44,876 - INFO - Название: Victorias Secret 1
2025-10-19 21:52:44,876 - INFO - Бренд: Victorias Secret
2025-10-19 21:52:44,876 - INFO - Категории: [1181]
2025-10-19 21:52:44,876 - INFO - ================================================================================
2025-10-19 21:52:44,877 - INFO - Всего вариантов: 4
2025-10-19 21:52:44,877 - INFO - В наличии: 4
2025-10-19 21:52:44,877 - INFO - Нет в наличии: 0
2025-10-19 21:52:44,877 - INFO - Варианты в наличии:
2025-10-19 21:52:44,877 - INFO -   • Размер L: 139.00 CNY (stock_status=1)
2025-10-19 21:52:44,877 - INFO -   • Размер M: 133.00 CNY (stock_status=1)
2025-10-19 21:52:44,877 - INFO -   • Размер S: 127.00 CNY (stock_status=1)
2025-10-19 21:52:44,877 - INFO -   • Размер XS: 128.00 CNY (stock_status=1)
2025-10-19 21:52:44,877 - INFO - ЭТАП 1: Создание товара в WooCommerce...
2025-10-19 21:52:44,877 - INFO - URL сайта: https://plummy.ru
2025-10-19 21:52:51,316 - INFO - ✓ УСПЕХ: Товар создан в WP с ID=236915
2025-10-19 21:52:51,379 - INFO - ================================================================================

2025-10-19 21:52:51,379 - INFO - 
================================================================================
2025-10-19 21:52:51,379 - INFO - [2/3] НАЧАЛО СИНХРОНИЗАЦИИ
2025-10-19 21:52:51,379 - INFO - Product ID: 1872
2025-10-19 21:52:51,379 - INFO - SPU ID: 23756107
2025-10-19 21:52:51,379 - INFO - Reference SKU: 867693424
2025-10-19 21:52:51,379 - INFO - Название: Victorias Secret 1
2025-10-19 21:52:51,379 - INFO - Бренд: Victorias Secret
2025-10-19 21:52:51,379 - INFO - Категории: [1181]
2025-10-19 21:52:51,379 - INFO - ================================================================================
2025-10-19 21:52:51,380 - INFO - Всего вариантов: 4
2025-10-19 21:52:51,380 - INFO - В наличии: 4
2025-10-19 21:52:51,380 - INFO - Нет в наличии: 0
2025-10-19 21:52:51,380 - INFO - Варианты в наличии:
2025-10-19 21:52:51,380 - INFO -   • Размер L: 158.00 CNY (stock_status=1)
2025-10-19 21:52:51,380 - INFO -   • Размер M: 158.00 CNY (stock_status=1)
2025-10-19 21:52:51,380 - INFO -   • Размер S: 158.00 CNY (stock_status=1)
2025-10-19 21:52:51,380 - INFO -   • Размер XS: 158.00 CNY (stock_status=1)
2025-10-19 21:52:51,380 - INFO - ЭТАП 1: Создание товара в WooCommerce...
2025-10-19 21:52:51,380 - INFO - URL сайта: https://plummy.ru
2025-10-19 21:52:58,174 - INFO - ✓ УСПЕХ: Товар создан в WP с ID=236928
2025-10-19 21:52:58,230 - INFO - ================================================================================

2025-10-19 21:52:58,231 - INFO - 
================================================================================
2025-10-19 21:52:58,231 - INFO - [3/3] НАЧАЛО СИНХРОНИЗАЦИИ
2025-10-19 21:52:58,231 - INFO - Product ID: 1873
2025-10-19 21:52:58,231 - INFO - SPU ID: 6436195
2025-10-19 21:52:58,231 - INFO - Reference SKU: 633928782
2025-10-19 21:52:58,231 - INFO - Название: Victorias Secret
2025-10-19 21:52:58,231 - INFO - Бренд: Victorias Secret
2025-10-19 21:52:58,231 - INFO - Категории: [1181]
2025-10-19 21:52:58,231 - INFO - ================================================================================
2025-10-19 21:52:58,231 - INFO - Всего вариантов: 4
2025-10-19 21:52:58,231 - INFO - В наличии: 4
2025-10-19 21:52:58,231 - INFO - Нет в наличии: 0
2025-10-19 21:52:58,231 - INFO - Варианты в наличии:
2025-10-19 21:52:58,231 - INFO -   • Размер L: 178.00 CNY (stock_status=1)
2025-10-19 21:52:58,231 - INFO -   • Размер M: 154.00 CNY (stock_status=1)
2025-10-19 21:52:58,231 - INFO -   • Размер S: 169.00 CNY (stock_status=1)
2025-10-19 21:52:58,231 - INFO -   • Размер XS: 148.00 CNY (stock_status=1)
2025-10-19 21:52:58,231 - INFO - ЭТАП 1: Создание товара в WooCommerce...
2025-10-19 21:52:58,232 - INFO - URL сайта: https://plummy.ru
2025-10-19 21:53:06,524 - INFO - ✓ УСПЕХ: Товар создан в WP с ID=236939
2025-10-19 21:53:06,582 - INFO - ================================================================================

2025-10-19 21:53:06,598 - INFO - ================================================================================
2025-10-19 21:53:06,598 - INFO - ЗАВЕРШЕНИЕ: Создано 3, Ошибок 0, Пропущено 0
2025-10-19 21:53:06,598 - INFO - ================================================================================
