2025-10-19 21:03:22,066 - INFO - ================================================================================
2025-10-19 21:03:22,066 - INFO - НАЧАЛО ДЕТАЛЬНОГО ЛОГИРОВАНИЯ sync_new
2025-10-19 21:03:22,066 - INFO - ================================================================================
2025-10-19 21:03:22,119 - INFO - Всего товаров без WP ID: 7
2025-10-19 21:03:22,119 - INFO - С загруженными данными: 1
2025-10-19 21:03:22,119 - INFO - Пропущено (без данных): 6
2025-10-19 21:03:22,120 - INFO - 
================================================================================
2025-10-19 21:03:22,120 - INFO - [1/1] НАЧАЛО СИНХРОНИЗАЦИИ
2025-10-19 21:03:22,120 - INFO - Product ID: 1854
2025-10-19 21:03:22,120 - INFO - SPU ID: 3272151
2025-10-19 21:03:22,120 - INFO - Reference SKU: 614334038
2025-10-19 21:03:22,120 - INFO - Название: Travis Scott Cactus Jack x McDonalds SS22
2025-10-19 21:03:22,120 - INFO - Бренд: Travis Scott
2025-10-19 21:03:22,120 - INFO - Категории: [113, 1175]
2025-10-19 21:03:22,120 - INFO - ================================================================================
2025-10-19 21:03:22,120 - INFO - Всего вариантов: 2
2025-10-19 21:03:22,120 - INFO - В наличии: 2
2025-10-19 21:03:22,120 - INFO - Нет в наличии: 0
2025-10-19 21:03:22,120 - INFO - Варианты в наличии:
2025-10-19 21:03:22,120 - INFO -   • Размер M: 1009.00 CNY (stock_status=1)
2025-10-19 21:03:22,120 - INFO -   • Размер S: 799.00 CNY (stock_status=1)
2025-10-19 21:03:22,120 - INFO - ЭТАП 1: Создание товара в WooCommerce...
2025-10-19 21:03:22,120 - INFO - URL сайта: https://plummy.ru
2025-10-19 21:03:29,299 - INFO - ✓ УСПЕХ: Товар создан в WP с ID=236728
2025-10-19 21:03:29,360 - INFO - ================================================================================

2025-10-19 21:03:29,372 - INFO - ================================================================================
2025-10-19 21:03:29,372 - INFO - ЗАВЕРШЕНИЕ: Создано 1, Ошибок 0, Пропущено 0
2025-10-19 21:03:29,372 - INFO - ================================================================================
