2025-10-20 01:16:06,857 - INFO - ================================================================================
2025-10-20 01:16:06,858 - INFO - НАЧАЛО ДЕТАЛЬНОГО ЛОГИРОВАНИЯ sync_new
2025-10-20 01:16:06,858 - INFO - ================================================================================
2025-10-20 01:16:06,943 - INFO - Всего товаров без WP ID: 24
2025-10-20 01:16:06,943 - INFO - С загруженными данными: 17
2025-10-20 01:16:06,943 - INFO - Пропущено (без данных): 7
2025-10-20 01:16:06,946 - INFO - 
================================================================================
2025-10-20 01:16:06,947 - INFO - [1/17] НАЧАЛО СИНХРОНИЗАЦИИ
2025-10-20 01:16:06,947 - INFO - Product ID: 2119
2025-10-20 01:16:06,947 - INFO - SPU ID: 1017529
2025-10-20 01:16:06,947 - INFO - Reference SKU: 600111275
2025-10-20 01:16:06,947 - INFO - Название: Dickies Logo
2025-10-20 01:16:06,947 - INFO - Бренд: Dickies
2025-10-20 01:16:06,947 - INFO - Категории: [125, 131]
2025-10-20 01:16:06,947 - INFO - ================================================================================
2025-10-20 01:16:06,947 - INFO - Всего вариантов: 1
2025-10-20 01:16:06,947 - INFO - В наличии: 1
2025-10-20 01:16:06,947 - INFO - Нет в наличии: 0
2025-10-20 01:16:06,947 - INFO - Варианты в наличии:
2025-10-20 01:16:06,947 - INFO -   • Размер ONE SIZE: 99.00 CNY (stock_status=1)
2025-10-20 01:16:06,947 - INFO - ЭТАП 1: Создание товара в WooCommerce...
2025-10-20 01:16:06,947 - INFO - URL сайта: https://plummy.ru
2025-10-20 01:16:14,322 - INFO - ✓ УСПЕХ: Товар создан в WP с ID=238953
2025-10-20 01:16:14,385 - INFO - ================================================================================

2025-10-20 01:16:14,386 - INFO - 
================================================================================
2025-10-20 01:16:14,386 - INFO - [2/17] НАЧАЛО СИНХРОНИЗАЦИИ
2025-10-20 01:16:14,386 - INFO - Product ID: 2120
2025-10-20 01:16:14,386 - INFO - SPU ID: 2664814
2025-10-20 01:16:14,386 - INFO - Reference SKU: 610356581
2025-10-20 01:16:14,386 - INFO - Название: Carhartt WIP Logo
2025-10-20 01:16:14,386 - INFO - Бренд: Carhartt WIP
2025-10-20 01:16:14,386 - INFO - Категории: [125, 131]
2025-10-20 01:16:14,386 - INFO - ================================================================================
2025-10-20 01:16:14,386 - INFO - Всего вариантов: 1
2025-10-20 01:16:14,386 - INFO - В наличии: 1
2025-10-20 01:16:14,386 - INFO - Нет в наличии: 0
2025-10-20 01:16:14,386 - INFO - Варианты в наличии:
2025-10-20 01:16:14,387 - INFO -   • Размер ONE SIZE: 229.00 CNY (stock_status=1)
2025-10-20 01:16:14,387 - INFO - ЭТАП 1: Создание товара в WooCommerce...
2025-10-20 01:16:14,387 - INFO - URL сайта: https://plummy.ru
2025-10-20 01:16:21,236 - INFO - ✓ УСПЕХ: Товар создан в WP с ID=238961
2025-10-20 01:16:21,315 - INFO - ================================================================================

2025-10-20 01:16:21,316 - INFO - 
================================================================================
2025-10-20 01:16:21,316 - INFO - [3/17] НАЧАЛО СИНХРОНИЗАЦИИ
2025-10-20 01:16:21,316 - INFO - Product ID: 2121
2025-10-20 01:16:21,316 - INFO - SPU ID: 3906728
2025-10-20 01:16:21,316 - INFO - Reference SKU: 621189264
2025-10-20 01:16:21,316 - INFO - Название: Vivienne Westwood Logo PU
2025-10-20 01:16:21,316 - INFO - Бренд: Vivienne Westwood
2025-10-20 01:16:21,316 - INFO - Категории: [125, 131]
2025-10-20 01:16:21,316 - INFO - ================================================================================
2025-10-20 01:16:21,316 - INFO - Всего вариантов: 1
2025-10-20 01:16:21,316 - INFO - В наличии: 1
2025-10-20 01:16:21,316 - INFO - Нет в наличии: 0
2025-10-20 01:16:21,316 - INFO - Варианты в наличии:
2025-10-20 01:16:21,316 - INFO -   • Размер ONE SIZE: 1299.00 CNY (stock_status=1)
2025-10-20 01:16:21,316 - INFO - ЭТАП 1: Создание товара в WooCommerce...
2025-10-20 01:16:21,316 - INFO - URL сайта: https://plummy.ru
2025-10-20 01:16:29,566 - INFO - ✓ УСПЕХ: Товар создан в WP с ID=238969
2025-10-20 01:16:29,630 - INFO - ================================================================================

2025-10-20 01:16:29,630 - INFO - 
================================================================================
2025-10-20 01:16:29,630 - INFO - [4/17] НАЧАЛО СИНХРОНИЗАЦИИ
2025-10-20 01:16:29,630 - INFO - Product ID: 2122
2025-10-20 01:16:29,631 - INFO - SPU ID: 22782463
2025-10-20 01:16:29,631 - INFO - Reference SKU: 852439696
2025-10-20 01:16:29,631 - INFO - Название: LOUIS VUITTON
2025-10-20 01:16:29,631 - INFO - Бренд: LOUIS VUITTON
2025-10-20 01:16:29,631 - INFO - Категории: [125, 131]
2025-10-20 01:16:29,631 - INFO - ================================================================================
2025-10-20 01:16:29,631 - INFO - Всего вариантов: 1
2025-10-20 01:16:29,631 - INFO - В наличии: 1
2025-10-20 01:16:29,631 - INFO - Нет в наличии: 0
2025-10-20 01:16:29,631 - INFO - Варианты в наличии:
2025-10-20 01:16:29,631 - INFO -   • Размер ONE SIZE: 3789.00 CNY (stock_status=1)
2025-10-20 01:16:29,631 - INFO - ЭТАП 1: Создание товара в WooCommerce...
2025-10-20 01:16:29,632 - INFO - URL сайта: https://plummy.ru
2025-10-20 01:16:36,074 - INFO - ✓ УСПЕХ: Товар создан в WP с ID=238977
2025-10-20 01:16:36,150 - INFO - ================================================================================

2025-10-20 01:16:36,152 - INFO - 
================================================================================
2025-10-20 01:16:36,154 - INFO - [5/17] НАЧАЛО СИНХРОНИЗАЦИИ
2025-10-20 01:16:36,155 - INFO - Product ID: 2123
2025-10-20 01:16:36,155 - INFO - SPU ID: 5330967
2025-10-20 01:16:36,155 - INFO - Reference SKU: 626426549
2025-10-20 01:16:36,155 - INFO - Название: COACH Snap Wallet 11 Logo
2025-10-20 01:16:36,155 - INFO - Бренд: COACH
2025-10-20 01:16:36,155 - INFO - Категории: [125, 131]
2025-10-20 01:16:36,155 - INFO - ================================================================================
2025-10-20 01:16:36,155 - INFO - Всего вариантов: 1
2025-10-20 01:16:36,155 - INFO - В наличии: 1
2025-10-20 01:16:36,155 - INFO - Нет в наличии: 0
2025-10-20 01:16:36,155 - INFO - Варианты в наличии:
2025-10-20 01:16:36,162 - INFO -   • Размер ONE SIZE: 669.00 CNY (stock_status=1)
2025-10-20 01:16:36,163 - INFO - ЭТАП 1: Создание товара в WooCommerce...
2025-10-20 01:16:36,163 - INFO - URL сайта: https://plummy.ru
2025-10-20 01:16:43,383 - INFO - ✓ УСПЕХ: Товар создан в WP с ID=238985
2025-10-20 01:16:43,447 - INFO - ================================================================================

2025-10-20 01:16:43,447 - INFO - 
================================================================================
2025-10-20 01:16:43,448 - INFO - [6/17] НАЧАЛО СИНХРОНИЗАЦИИ
2025-10-20 01:16:43,448 - INFO - Product ID: 2124
2025-10-20 01:16:43,448 - INFO - SPU ID: 1395204
2025-10-20 01:16:43,448 - INFO - Reference SKU: 633222828
2025-10-20 01:16:43,448 - INFO - Название: Balenciaga Cash Logo
2025-10-20 01:16:43,448 - INFO - Бренд: Balenciaga
2025-10-20 01:16:43,449 - INFO - Категории: [125, 131]
2025-10-20 01:16:43,449 - INFO - ================================================================================
2025-10-20 01:16:43,449 - INFO - Всего вариантов: 1
2025-10-20 01:16:43,449 - INFO - В наличии: 1
2025-10-20 01:16:43,449 - INFO - Нет в наличии: 0
2025-10-20 01:16:43,449 - INFO - Варианты в наличии:
2025-10-20 01:16:43,449 - INFO -   • Размер ONE SIZE: 1489.00 CNY (stock_status=1)
2025-10-20 01:16:43,450 - INFO - ЭТАП 1: Создание товара в WooCommerce...
2025-10-20 01:16:43,450 - INFO - URL сайта: https://plummy.ru
2025-10-20 01:16:50,077 - INFO - ✓ УСПЕХ: Товар создан в WP с ID=238993
2025-10-20 01:16:50,141 - INFO - ================================================================================

2025-10-20 01:16:50,141 - INFO - 
================================================================================
2025-10-20 01:16:50,141 - INFO - [7/17] НАЧАЛО СИНХРОНИЗАЦИИ
2025-10-20 01:16:50,141 - INFO - Product ID: 2125
2025-10-20 01:16:50,141 - INFO - SPU ID: 2601201
2025-10-20 01:16:50,141 - INFO - Reference SKU: 609999210
2025-10-20 01:16:50,141 - INFO - Название: COACH Billfold Wallet ID 10
2025-10-20 01:16:50,141 - INFO - Бренд: COACH
2025-10-20 01:16:50,141 - INFO - Категории: [125, 131]
2025-10-20 01:16:50,141 - INFO - ================================================================================
2025-10-20 01:16:50,141 - INFO - Всего вариантов: 1
2025-10-20 01:16:50,141 - INFO - В наличии: 1
2025-10-20 01:16:50,141 - INFO - Нет в наличии: 0
2025-10-20 01:16:50,141 - INFO - Варианты в наличии:
2025-10-20 01:16:50,141 - INFO -   • Размер ONE SIZE: 809.00 CNY (stock_status=1)
2025-10-20 01:16:50,141 - INFO - ЭТАП 1: Создание товара в WooCommerce...
2025-10-20 01:16:50,141 - INFO - URL сайта: https://plummy.ru
2025-10-20 01:16:57,943 - INFO - ✓ УСПЕХ: Товар создан в WP с ID=239001
2025-10-20 01:16:58,013 - INFO - ================================================================================

2025-10-20 01:16:58,013 - INFO - 
================================================================================
2025-10-20 01:16:58,013 - INFO - [8/17] НАЧАЛО СИНХРОНИЗАЦИИ
2025-10-20 01:16:58,013 - INFO - Product ID: 2126
2025-10-20 01:16:58,013 - INFO - SPU ID: 2329033
2025-10-20 01:16:58,013 - INFO - Reference SKU: 608518402
2025-10-20 01:16:58,013 - INFO - Название: Valentino VLTN
2025-10-20 01:16:58,013 - INFO - Бренд: Valentino
2025-10-20 01:16:58,013 - INFO - Категории: [125, 131]
2025-10-20 01:16:58,013 - INFO - ================================================================================
2025-10-20 01:16:58,014 - INFO - Всего вариантов: 1
2025-10-20 01:16:58,014 - INFO - В наличии: 1
2025-10-20 01:16:58,014 - INFO - Нет в наличии: 0
2025-10-20 01:16:58,014 - INFO - Варианты в наличии:
2025-10-20 01:16:58,014 - INFO -   • Размер ONE SIZE: 1199.00 CNY (stock_status=1)
2025-10-20 01:16:58,014 - INFO - ЭТАП 1: Создание товара в WooCommerce...
2025-10-20 01:16:58,014 - INFO - URL сайта: https://plummy.ru
2025-10-20 01:17:05,032 - INFO - ✓ УСПЕХ: Товар создан в WP с ID=239009
2025-10-20 01:17:05,095 - INFO - ================================================================================

2025-10-20 01:17:05,096 - INFO - 
================================================================================
2025-10-20 01:17:05,096 - INFO - [9/17] НАЧАЛО СИНХРОНИЗАЦИИ
2025-10-20 01:17:05,096 - INFO - Product ID: 2128
2025-10-20 01:17:05,096 - INFO - SPU ID: 2247495
2025-10-20 01:17:05,096 - INFO - Reference SKU: 643284838
2025-10-20 01:17:05,096 - INFO - Название: Vivienne Westwood
2025-10-20 01:17:05,096 - INFO - Бренд: Vivienne Westwood
2025-10-20 01:17:05,096 - INFO - Категории: [125, 131]
2025-10-20 01:17:05,096 - INFO - ================================================================================
2025-10-20 01:17:05,096 - INFO - Всего вариантов: 1
2025-10-20 01:17:05,096 - INFO - В наличии: 1
2025-10-20 01:17:05,096 - INFO - Нет в наличии: 0
2025-10-20 01:17:05,096 - INFO - Варианты в наличии:
2025-10-20 01:17:05,096 - INFO -   • Размер ONE SIZE: 899.00 CNY (stock_status=1)
2025-10-20 01:17:05,097 - INFO - ЭТАП 1: Создание товара в WooCommerce...
2025-10-20 01:17:05,097 - INFO - URL сайта: https://plummy.ru
2025-10-20 01:17:10,655 - INFO - ✓ УСПЕХ: Товар создан в WP с ID=239017
2025-10-20 01:17:10,718 - INFO - ================================================================================

2025-10-20 01:17:10,719 - INFO - 
================================================================================
2025-10-20 01:17:10,720 - INFO - [10/17] НАЧАЛО СИНХРОНИЗАЦИИ
2025-10-20 01:17:10,720 - INFO - Product ID: 2129
2025-10-20 01:17:10,720 - INFO - SPU ID: 12823004
2025-10-20 01:17:10,720 - INFO - Reference SKU: 692998879
2025-10-20 01:17:10,720 - INFO - Название: BALLY TPU
2025-10-20 01:17:10,720 - INFO - Бренд: BALLY
2025-10-20 01:17:10,720 - INFO - Категории: [125, 131]
2025-10-20 01:17:10,720 - INFO - ================================================================================
2025-10-20 01:17:10,720 - INFO - Всего вариантов: 1
2025-10-20 01:17:10,720 - INFO - В наличии: 1
2025-10-20 01:17:10,720 - INFO - Нет в наличии: 0
2025-10-20 01:17:10,720 - INFO - Варианты в наличии:
2025-10-20 01:17:10,720 - INFO -   • Размер ONE SIZE: 1619.00 CNY (stock_status=1)
2025-10-20 01:17:10,720 - INFO - ЭТАП 1: Создание товара в WooCommerce...
2025-10-20 01:17:10,720 - INFO - URL сайта: https://plummy.ru
2025-10-20 01:17:16,363 - INFO - ✓ УСПЕХ: Товар создан в WP с ID=239025
2025-10-20 01:17:16,418 - INFO - ================================================================================

2025-10-20 01:17:16,418 - INFO - 
================================================================================
2025-10-20 01:17:16,418 - INFO - [11/17] НАЧАЛО СИНХРОНИЗАЦИИ
2025-10-20 01:17:16,418 - INFO - Product ID: 2130
2025-10-20 01:17:16,418 - INFO - SPU ID: 26205741
2025-10-20 01:17:16,418 - INFO - Reference SKU: 913326427
2025-10-20 01:17:16,418 - INFO - Название: SPRAYGROUND PVC
2025-10-20 01:17:16,418 - INFO - Бренд: SPRAYGROUND
2025-10-20 01:17:16,418 - INFO - Категории: [125, 131]
2025-10-20 01:17:16,418 - INFO - ================================================================================
2025-10-20 01:17:16,418 - INFO - Всего вариантов: 1
2025-10-20 01:17:16,418 - INFO - В наличии: 1
2025-10-20 01:17:16,418 - INFO - Нет в наличии: 0
2025-10-20 01:17:16,418 - INFO - Варианты в наличии:
2025-10-20 01:17:16,418 - INFO -   • Размер ONE SIZE: 297.00 CNY (stock_status=1)
2025-10-20 01:17:16,418 - INFO - ЭТАП 1: Создание товара в WooCommerce...
2025-10-20 01:17:16,418 - INFO - URL сайта: https://plummy.ru
2025-10-20 01:17:20,754 - INFO - ✓ УСПЕХ: Товар создан в WP с ID=239033
2025-10-20 01:17:20,811 - INFO - ================================================================================

2025-10-20 01:17:20,811 - INFO - 
================================================================================
2025-10-20 01:17:20,811 - INFO - [12/17] НАЧАЛО СИНХРОНИЗАЦИИ
2025-10-20 01:17:20,811 - INFO - Product ID: 2131
2025-10-20 01:17:20,811 - INFO - SPU ID: 1521343
2025-10-20 01:17:20,811 - INFO - Reference SKU: 609099009
2025-10-20 01:17:20,812 - INFO - Название: LOUIS VUITTON Zippy
2025-10-20 01:17:20,812 - INFO - Бренд: LOUIS VUITTON
2025-10-20 01:17:20,812 - INFO - Категории: [125, 131]
2025-10-20 01:17:20,812 - INFO - ================================================================================
2025-10-20 01:17:20,812 - INFO - Всего вариантов: 1
2025-10-20 01:17:20,812 - INFO - В наличии: 1
2025-10-20 01:17:20,812 - INFO - Нет в наличии: 0
2025-10-20 01:17:20,812 - INFO - Варианты в наличии:
2025-10-20 01:17:20,812 - INFO -   • Размер ONE SIZE: 3299.00 CNY (stock_status=1)
2025-10-20 01:17:20,812 - INFO - ЭТАП 1: Создание товара в WooCommerce...
2025-10-20 01:17:20,812 - INFO - URL сайта: https://plummy.ru
2025-10-20 01:17:25,766 - INFO - ✓ УСПЕХ: Товар создан в WP с ID=239040
2025-10-20 01:17:25,823 - INFO - ================================================================================

2025-10-20 01:17:25,823 - INFO - 
================================================================================
2025-10-20 01:17:25,824 - INFO - [13/17] НАЧАЛО СИНХРОНИЗАЦИИ
2025-10-20 01:17:25,824 - INFO - Product ID: 2132
2025-10-20 01:17:25,824 - INFO - SPU ID: 1383064
2025-10-20 01:17:25,824 - INFO - Reference SKU: 602425732
2025-10-20 01:17:25,824 - INFO - Название: SAINT LAURENT YSL CASSANDRE
2025-10-20 01:17:25,824 - INFO - Бренд: SAINT LAURENT
2025-10-20 01:17:25,824 - INFO - Категории: [125, 131]
2025-10-20 01:17:25,824 - INFO - ================================================================================
2025-10-20 01:17:25,824 - INFO - Всего вариантов: 1
2025-10-20 01:17:25,824 - INFO - В наличии: 1
2025-10-20 01:17:25,824 - INFO - Нет в наличии: 0
2025-10-20 01:17:25,824 - INFO - Варианты в наличии:
2025-10-20 01:17:25,824 - INFO -   • Размер ONE SIZE: 1799.00 CNY (stock_status=1)
2025-10-20 01:17:25,824 - INFO - ЭТАП 1: Создание товара в WooCommerce...
2025-10-20 01:17:25,824 - INFO - URL сайта: https://plummy.ru
2025-10-20 01:17:33,969 - INFO - ✓ УСПЕХ: Товар создан в WP с ID=239048
2025-10-20 01:17:34,045 - INFO - ================================================================================

2025-10-20 01:17:34,045 - INFO - 
================================================================================
2025-10-20 01:17:34,045 - INFO - [14/17] НАЧАЛО СИНХРОНИЗАЦИИ
2025-10-20 01:17:34,045 - INFO - Product ID: 2133
2025-10-20 01:17:34,045 - INFO - SPU ID: 1644157
2025-10-20 01:17:34,045 - INFO - Reference SKU: 604027839
2025-10-20 01:17:34,045 - INFO - Название: COACH Card Case 13 PVC
2025-10-20 01:17:34,045 - INFO - Бренд: COACH
2025-10-20 01:17:34,045 - INFO - Категории: [125, 131]
2025-10-20 01:17:34,045 - INFO - ================================================================================
2025-10-20 01:17:34,045 - INFO - Всего вариантов: 1
2025-10-20 01:17:34,045 - INFO - В наличии: 1
2025-10-20 01:17:34,045 - INFO - Нет в наличии: 0
2025-10-20 01:17:34,045 - INFO - Варианты в наличии:
2025-10-20 01:17:34,045 - INFO -   • Размер ONE SIZE: 329.00 CNY (stock_status=1)
2025-10-20 01:17:34,046 - INFO - ЭТАП 1: Создание товара в WooCommerce...
2025-10-20 01:17:34,046 - INFO - URL сайта: https://plummy.ru
2025-10-20 01:17:39,296 - INFO - ✓ УСПЕХ: Товар создан в WP с ID=239056
2025-10-20 01:17:39,360 - INFO - ================================================================================

2025-10-20 01:17:39,365 - INFO - 
================================================================================
2025-10-20 01:17:39,365 - INFO - [15/17] НАЧАЛО СИНХРОНИЗАЦИИ
2025-10-20 01:17:39,365 - INFO - Product ID: 2134
2025-10-20 01:17:39,366 - INFO - SPU ID: 1362621
2025-10-20 01:17:39,366 - INFO - Reference SKU: 633751169
2025-10-20 01:17:39,366 - INFO - Название: GOYARD SaintSulpice 11
2025-10-20 01:17:39,366 - INFO - Бренд: GOYARD
2025-10-20 01:17:39,366 - INFO - Категории: [125, 131]
2025-10-20 01:17:39,366 - INFO - ================================================================================
2025-10-20 01:17:39,366 - INFO - Всего вариантов: 1
2025-10-20 01:17:39,366 - INFO - В наличии: 1
2025-10-20 01:17:39,366 - INFO - Нет в наличии: 0
2025-10-20 01:17:39,367 - INFO - Варианты в наличии:
2025-10-20 01:17:39,367 - INFO -   • Размер ONE SIZE: 3999.00 CNY (stock_status=1)
2025-10-20 01:17:39,367 - INFO - ЭТАП 1: Создание товара в WooCommerce...
2025-10-20 01:17:39,367 - INFO - URL сайта: https://plummy.ru
2025-10-20 01:17:46,311 - INFO - ✓ УСПЕХ: Товар создан в WP с ID=239064
2025-10-20 01:17:46,375 - INFO - ================================================================================

2025-10-20 01:17:46,375 - INFO - 
================================================================================
2025-10-20 01:17:46,375 - INFO - [16/17] НАЧАЛО СИНХРОНИЗАЦИИ
2025-10-20 01:17:46,375 - INFO - Product ID: 2135
2025-10-20 01:17:46,375 - INFO - SPU ID: 1362621
2025-10-20 01:17:46,375 - INFO - Reference SKU: 640851427
2025-10-20 01:17:46,376 - INFO - Название: GOYARD SaintSulpice 11
2025-10-20 01:17:46,376 - INFO - Бренд: GOYARD
2025-10-20 01:17:46,376 - INFO - Категории: [125, 131]
2025-10-20 01:17:46,376 - INFO - ================================================================================
2025-10-20 01:17:46,376 - INFO - Всего вариантов: 1
2025-10-20 01:17:46,376 - INFO - В наличии: 1
2025-10-20 01:17:46,376 - INFO - Нет в наличии: 0
2025-10-20 01:17:46,376 - INFO - Варианты в наличии:
2025-10-20 01:17:46,376 - INFO -   • Размер ONE SIZE: 2949.00 CNY (stock_status=1)
2025-10-20 01:17:46,376 - INFO - ЭТАП 1: Создание товара в WooCommerce...
2025-10-20 01:17:46,376 - INFO - URL сайта: https://plummy.ru
2025-10-20 01:17:52,835 - INFO - ✓ УСПЕХ: Товар создан в WP с ID=239072
2025-10-20 01:17:52,900 - INFO - ================================================================================

2025-10-20 01:17:52,901 - INFO - 
================================================================================
2025-10-20 01:17:52,901 - INFO - [17/17] НАЧАЛО СИНХРОНИЗАЦИИ
2025-10-20 01:17:52,901 - INFO - Product ID: 2136
2025-10-20 01:17:52,901 - INFO - SPU ID: 1280267
2025-10-20 01:17:52,901 - INFO - Reference SKU: 609372364
2025-10-20 01:17:52,901 - INFO - Название: LOUIS VUITTON
2025-10-20 01:17:52,901 - INFO - Бренд: LOUIS VUITTON
2025-10-20 01:17:52,901 - INFO - Категории: [125, 131]
2025-10-20 01:17:52,901 - INFO - ================================================================================
2025-10-20 01:17:52,901 - INFO - Всего вариантов: 1
2025-10-20 01:17:52,901 - INFO - В наличии: 1
2025-10-20 01:17:52,901 - INFO - Нет в наличии: 0
2025-10-20 01:17:52,901 - INFO - Варианты в наличии:
2025-10-20 01:17:52,901 - INFO -   • Размер ONE SIZE: 1999.00 CNY (stock_status=1)
2025-10-20 01:17:52,901 - INFO - ЭТАП 1: Создание товара в WooCommerce...
2025-10-20 01:17:52,901 - INFO - URL сайта: https://plummy.ru
2025-10-20 01:17:58,647 - INFO - ✓ УСПЕХ: Товар создан в WP с ID=239080
2025-10-20 01:17:58,712 - INFO - ================================================================================

2025-10-20 01:17:58,752 - INFO - ================================================================================
2025-10-20 01:17:58,752 - INFO - ЗАВЕРШЕНИЕ: Создано 17, Ошибок 0, Пропущено 0
2025-10-20 01:17:58,752 - INFO - ================================================================================
