2025-10-19 23:17:47,288 - INFO - ================================================================================
2025-10-19 23:17:47,288 - INFO - НАЧАЛО ДЕТАЛЬНОГО ЛОГИРОВАНИЯ sync_new
2025-10-19 23:17:47,288 - INFO - ================================================================================
2025-10-19 23:17:47,353 - INFO - Всего товаров без WP ID: 48
2025-10-19 23:17:47,353 - INFO - С загруженными данными: 46
2025-10-19 23:17:47,353 - INFO - Пропущено (без данных): 2
2025-10-19 23:17:47,354 - INFO - 
================================================================================
2025-10-19 23:17:47,354 - INFO - [1/46] НАЧАЛО СИНХРОНИЗАЦИИ
2025-10-19 23:17:47,354 - INFO - Product ID: 1916
2025-10-19 23:17:47,354 - INFO - SPU ID: 1961464
2025-10-19 23:17:47,354 - INFO - Reference SKU: 606176789
2025-10-19 23:17:47,354 - INFO - Название: Nike Elite Pro
2025-10-19 23:17:47,354 - INFO - Бренд: Nike
2025-10-19 23:17:47,354 - INFO - Категории: [19, 1182]
2025-10-19 23:17:47,354 - INFO - ================================================================================
2025-10-19 23:17:47,354 - INFO - Всего вариантов: 1
2025-10-19 23:17:47,354 - INFO - В наличии: 1
2025-10-19 23:17:47,354 - INFO - Нет в наличии: 0
2025-10-19 23:17:47,354 - INFO - Варианты в наличии:
2025-10-19 23:17:47,354 - INFO -   • Размер ONE SIZE: 1149.00 CNY (stock_status=1)
2025-10-19 23:17:47,354 - INFO - ЭТАП 1: Создание товара в WooCommerce...
2025-10-19 23:17:47,354 - INFO - URL сайта: https://plummy.ru
2025-10-19 23:17:55,055 - INFO - ✓ УСПЕХ: Товар создан в WP с ID=237427
2025-10-19 23:17:55,129 - INFO - ================================================================================

2025-10-19 23:17:55,129 - INFO - 
================================================================================
2025-10-19 23:17:55,129 - INFO - [2/46] НАЧАЛО СИНХРОНИЗАЦИИ
2025-10-19 23:17:55,129 - INFO - Product ID: 1917
2025-10-19 23:17:55,129 - INFO - SPU ID: 1001613
2025-10-19 23:17:55,130 - INFO - Reference SKU: 600011619
2025-10-19 23:17:55,130 - INFO - Название: Dickies Logo
2025-10-19 23:17:55,130 - INFO - Бренд: Dickies
2025-10-19 23:17:55,130 - INFO - Категории: [19, 1182]
2025-10-19 23:17:55,130 - INFO - ================================================================================
2025-10-19 23:17:55,130 - INFO - Всего вариантов: 1
2025-10-19 23:17:55,130 - INFO - В наличии: 1
2025-10-19 23:17:55,130 - INFO - Нет в наличии: 0
2025-10-19 23:17:55,130 - INFO - Варианты в наличии:
2025-10-19 23:17:55,130 - INFO -   • Размер ONE SIZE: 96.00 CNY (stock_status=1)
2025-10-19 23:17:55,131 - INFO - ЭТАП 1: Создание товара в WooCommerce...
2025-10-19 23:17:55,131 - INFO - URL сайта: https://plummy.ru
2025-10-19 23:18:01,028 - INFO - ✓ УСПЕХ: Товар создан в WP с ID=237435
2025-10-19 23:18:01,085 - INFO - ================================================================================

2025-10-19 23:18:01,085 - INFO - 
================================================================================
2025-10-19 23:18:01,085 - INFO - [3/46] НАЧАЛО СИНХРОНИЗАЦИИ
2025-10-19 23:18:01,085 - INFO - Product ID: 1918
2025-10-19 23:18:01,085 - INFO - SPU ID: 8889982
2025-10-19 23:18:01,085 - INFO - Reference SKU: 679650389
2025-10-19 23:18:01,086 - INFO - Название: Dickies Logo
2025-10-19 23:18:01,086 - INFO - Бренд: Dickies
2025-10-19 23:18:01,086 - INFO - Категории: [19, 1182]
2025-10-19 23:18:01,086 - INFO - ================================================================================
2025-10-19 23:18:01,086 - INFO - Всего вариантов: 1
2025-10-19 23:18:01,086 - INFO - В наличии: 1
2025-10-19 23:18:01,086 - INFO - Нет в наличии: 0
2025-10-19 23:18:01,086 - INFO - Варианты в наличии:
2025-10-19 23:18:01,086 - INFO -   • Размер ONE SIZE: 189.00 CNY (stock_status=1)
2025-10-19 23:18:01,086 - INFO - ЭТАП 1: Создание товара в WooCommerce...
2025-10-19 23:18:01,087 - INFO - URL сайта: https://plummy.ru
2025-10-19 23:18:12,322 - INFO - ✓ УСПЕХ: Товар создан в WP с ID=237443
2025-10-19 23:18:12,388 - INFO - ================================================================================

2025-10-19 23:18:12,388 - INFO - 
================================================================================
2025-10-19 23:18:12,388 - INFO - [4/46] НАЧАЛО СИНХРОНИЗАЦИИ
2025-10-19 23:18:12,388 - INFO - Product ID: 1919
2025-10-19 23:18:12,388 - INFO - SPU ID: 1120310
2025-10-19 23:18:12,388 - INFO - Reference SKU: 600849686
2025-10-19 23:18:12,388 - INFO - Название: Nike Air
2025-10-19 23:18:12,388 - INFO - Бренд: Nike
2025-10-19 23:18:12,389 - INFO - Категории: [19, 1182]
2025-10-19 23:18:12,389 - INFO - ================================================================================
2025-10-19 23:18:12,389 - INFO - Всего вариантов: 1
2025-10-19 23:18:12,389 - INFO - В наличии: 1
2025-10-19 23:18:12,389 - INFO - Нет в наличии: 0
2025-10-19 23:18:12,389 - INFO - Варианты в наличии:
2025-10-19 23:18:12,389 - INFO -   • Размер ONE SIZE: 210.00 CNY (stock_status=1)
2025-10-19 23:18:12,389 - INFO - ЭТАП 1: Создание товара в WooCommerce...
2025-10-19 23:18:12,389 - INFO - URL сайта: https://plummy.ru
2025-10-19 23:18:18,546 - INFO - ✓ УСПЕХ: Товар создан в WP с ID=237451
2025-10-19 23:18:18,603 - INFO - ================================================================================

2025-10-19 23:18:18,604 - INFO - 
================================================================================
2025-10-19 23:18:18,604 - INFO - [5/46] НАЧАЛО СИНХРОНИЗАЦИИ
2025-10-19 23:18:18,604 - INFO - Product ID: 1920
2025-10-19 23:18:18,604 - INFO - SPU ID: 7695787
2025-10-19 23:18:18,604 - INFO - Reference SKU: 644116183
2025-10-19 23:18:18,604 - INFO - Название: Nike Sportswear RPM Backpack
2025-10-19 23:18:18,604 - INFO - Бренд: Nike
2025-10-19 23:18:18,604 - INFO - Категории: [19, 1182]
2025-10-19 23:18:18,604 - INFO - ================================================================================
2025-10-19 23:18:18,604 - INFO - Всего вариантов: 1
2025-10-19 23:18:18,604 - INFO - В наличии: 1
2025-10-19 23:18:18,604 - INFO - Нет в наличии: 0
2025-10-19 23:18:18,604 - INFO - Варианты в наличии:
2025-10-19 23:18:18,605 - INFO -   • Размер ONE SIZE: 399.00 CNY (stock_status=1)
2025-10-19 23:18:18,605 - INFO - ЭТАП 1: Создание товара в WooCommerce...
2025-10-19 23:18:18,605 - INFO - URL сайта: https://plummy.ru
2025-10-19 23:18:36,460 - INFO - ✓ УСПЕХ: Товар создан в WP с ID=237459
2025-10-19 23:18:36,541 - INFO - ================================================================================

2025-10-19 23:18:36,541 - INFO - 
================================================================================
2025-10-19 23:18:36,542 - INFO - [6/46] НАЧАЛО СИНХРОНИЗАЦИИ
2025-10-19 23:18:36,542 - INFO - Product ID: 1921
2025-10-19 23:18:36,542 - INFO - SPU ID: 12741064
2025-10-19 23:18:36,542 - INFO - Reference SKU: 691752694
2025-10-19 23:18:36,542 - INFO - Название: Nike Brasilia JDI
2025-10-19 23:18:36,542 - INFO - Бренд: Nike
2025-10-19 23:18:36,542 - INFO - Категории: [19, 1182]
2025-10-19 23:18:36,542 - INFO - ================================================================================
2025-10-19 23:18:36,542 - INFO - Всего вариантов: 1
2025-10-19 23:18:36,542 - INFO - В наличии: 1
2025-10-19 23:18:36,542 - INFO - Нет в наличии: 0
2025-10-19 23:18:36,542 - INFO - Варианты в наличии:
2025-10-19 23:18:36,542 - INFO -   • Размер ONE SIZE: 234.00 CNY (stock_status=1)
2025-10-19 23:18:36,543 - INFO - ЭТАП 1: Создание товара в WooCommerce...
2025-10-19 23:18:36,543 - INFO - URL сайта: https://plummy.ru
2025-10-19 23:18:45,034 - INFO - ✓ УСПЕХ: Товар создан в WP с ID=237467
2025-10-19 23:18:45,098 - INFO - ================================================================================

2025-10-19 23:18:45,099 - INFO - 
================================================================================
2025-10-19 23:18:45,099 - INFO - [7/46] НАЧАЛО СИНХРОНИЗАЦИИ
2025-10-19 23:18:45,099 - INFO - Product ID: 1922
2025-10-19 23:18:45,099 - INFO - SPU ID: 1644249
2025-10-19 23:18:45,099 - INFO - Reference SKU: 604026828
2025-10-19 23:18:45,099 - INFO - Название: SPRAYGROUND SG
2025-10-19 23:18:45,099 - INFO - Бренд: SPRAYGROUND
2025-10-19 23:18:45,099 - INFO - Категории: [19, 1182]
2025-10-19 23:18:45,099 - INFO - ================================================================================
2025-10-19 23:18:45,100 - INFO - Всего вариантов: 1
2025-10-19 23:18:45,100 - INFO - В наличии: 1
2025-10-19 23:18:45,100 - INFO - Нет в наличии: 0
2025-10-19 23:18:45,100 - INFO - Варианты в наличии:
2025-10-19 23:18:45,100 - INFO -   • Размер ONE SIZE: 449.00 CNY (stock_status=1)
2025-10-19 23:18:45,100 - INFO - ЭТАП 1: Создание товара в WooCommerce...
2025-10-19 23:18:45,100 - INFO - URL сайта: https://plummy.ru
2025-10-19 23:18:51,366 - INFO - ✓ УСПЕХ: Товар создан в WP с ID=237475
2025-10-19 23:18:51,426 - INFO - ================================================================================

2025-10-19 23:18:51,426 - INFO - 
================================================================================
2025-10-19 23:18:51,426 - INFO - [8/46] НАЧАЛО СИНХРОНИЗАЦИИ
2025-10-19 23:18:51,426 - INFO - Product ID: 1923
2025-10-19 23:18:51,426 - INFO - SPU ID: 3794232
2025-10-19 23:18:51,426 - INFO - Reference SKU: 617412521
2025-10-19 23:18:51,426 - INFO - Название: New Balance
2025-10-19 23:18:51,426 - INFO - Бренд: New Balance
2025-10-19 23:18:51,426 - INFO - Категории: [19, 1182]
2025-10-19 23:18:51,426 - INFO - ================================================================================
2025-10-19 23:18:51,426 - INFO - Всего вариантов: 1
2025-10-19 23:18:51,427 - INFO - В наличии: 1
2025-10-19 23:18:51,427 - INFO - Нет в наличии: 0
2025-10-19 23:18:51,427 - INFO - Варианты в наличии:
2025-10-19 23:18:51,427 - INFO -   • Размер ONE SIZE: 298.00 CNY (stock_status=1)
2025-10-19 23:18:51,427 - INFO - ЭТАП 1: Создание товара в WooCommerce...
2025-10-19 23:18:51,427 - INFO - URL сайта: https://plummy.ru
2025-10-19 23:18:58,256 - INFO - ✓ УСПЕХ: Товар создан в WP с ID=237483
2025-10-19 23:18:58,322 - INFO - ================================================================================

2025-10-19 23:18:58,323 - INFO - 
================================================================================
2025-10-19 23:18:58,323 - INFO - [9/46] НАЧАЛО СИНХРОНИЗАЦИИ
2025-10-19 23:18:58,323 - INFO - Product ID: 1924
2025-10-19 23:18:58,323 - INFO - SPU ID: 1111620
2025-10-19 23:18:58,323 - INFO - Reference SKU: 600789619
2025-10-19 23:18:58,323 - INFO - Название: Nike Heritage
2025-10-19 23:18:58,323 - INFO - Бренд: Nike
2025-10-19 23:18:58,323 - INFO - Категории: [19, 1182]
2025-10-19 23:18:58,323 - INFO - ================================================================================
2025-10-19 23:18:58,323 - INFO - Всего вариантов: 1
2025-10-19 23:18:58,323 - INFO - В наличии: 1
2025-10-19 23:18:58,323 - INFO - Нет в наличии: 0
2025-10-19 23:18:58,323 - INFO - Варианты в наличии:
2025-10-19 23:18:58,323 - INFO -   • Размер ONE SIZE: 187.00 CNY (stock_status=1)
2025-10-19 23:18:58,323 - INFO - ЭТАП 1: Создание товара в WooCommerce...
2025-10-19 23:18:58,323 - INFO - URL сайта: https://plummy.ru
2025-10-19 23:19:05,553 - INFO - ✓ УСПЕХ: Товар создан в WP с ID=237491
2025-10-19 23:19:05,615 - INFO - ================================================================================

2025-10-19 23:19:05,632 - INFO - 
================================================================================
2025-10-19 23:19:05,632 - INFO - [10/46] НАЧАЛО СИНХРОНИЗАЦИИ
2025-10-19 23:19:05,632 - INFO - Product ID: 1925
2025-10-19 23:19:05,632 - INFO - SPU ID: 1011500
2025-10-19 23:19:05,632 - INFO - Reference SKU: 600073230
2025-10-19 23:19:05,632 - INFO - Название: MLB x DISNEY NY
2025-10-19 23:19:05,632 - INFO - Бренд: MLB
2025-10-19 23:19:05,632 - INFO - Категории: [19, 1182]
2025-10-19 23:19:05,632 - INFO - ================================================================================
2025-10-19 23:19:05,632 - INFO - Всего вариантов: 1
2025-10-19 23:19:05,632 - INFO - В наличии: 1
2025-10-19 23:19:05,632 - INFO - Нет в наличии: 0
2025-10-19 23:19:05,632 - INFO - Варианты в наличии:
2025-10-19 23:19:05,632 - INFO -   • Размер ONE SIZE: 268.00 CNY (stock_status=1)
2025-10-19 23:19:05,632 - INFO - ЭТАП 1: Создание товара в WooCommerce...
2025-10-19 23:19:05,632 - INFO - URL сайта: https://plummy.ru
2025-10-19 23:19:10,947 - INFO - ✓ УСПЕХ: Товар создан в WP с ID=237499
2025-10-19 23:19:11,005 - INFO - ================================================================================

2025-10-19 23:19:11,006 - INFO - 
================================================================================
2025-10-19 23:19:11,006 - INFO - [11/46] НАЧАЛО СИНХРОНИЗАЦИИ
2025-10-19 23:19:11,006 - INFO - Product ID: 1926
2025-10-19 23:19:11,006 - INFO - SPU ID: 1011500
2025-10-19 23:19:11,006 - INFO - Reference SKU: 600073232
2025-10-19 23:19:11,006 - INFO - Название: MLB x DISNEY NY
2025-10-19 23:19:11,006 - INFO - Бренд: MLB
2025-10-19 23:19:11,007 - INFO - Категории: [19, 1182]
2025-10-19 23:19:11,007 - INFO - ================================================================================
2025-10-19 23:19:11,007 - INFO - Всего вариантов: 1
2025-10-19 23:19:11,007 - INFO - В наличии: 1
2025-10-19 23:19:11,007 - INFO - Нет в наличии: 0
2025-10-19 23:19:11,007 - INFO - Варианты в наличии:
2025-10-19 23:19:11,007 - INFO -   • Размер ONE SIZE: 217.00 CNY (stock_status=1)
2025-10-19 23:19:11,007 - INFO - ЭТАП 1: Создание товара в WooCommerce...
2025-10-19 23:19:11,007 - INFO - URL сайта: https://plummy.ru
2025-10-19 23:19:16,024 - INFO - ✓ УСПЕХ: Товар создан в WP с ID=237507
2025-10-19 23:19:16,087 - INFO - ================================================================================

2025-10-19 23:19:16,087 - INFO - 
================================================================================
2025-10-19 23:19:16,087 - INFO - [12/46] НАЧАЛО СИНХРОНИЗАЦИИ
2025-10-19 23:19:16,087 - INFO - Product ID: 1927
2025-10-19 23:19:16,087 - INFO - SPU ID: 16348398
2025-10-19 23:19:16,087 - INFO - Reference SKU: 746685795
2025-10-19 23:19:16,088 - INFO - Название: Converse Quilting Backpack
2025-10-19 23:19:16,088 - INFO - Бренд: Converse
2025-10-19 23:19:16,088 - INFO - Категории: [19, 1182]
2025-10-19 23:19:16,088 - INFO - ================================================================================
2025-10-19 23:19:16,088 - INFO - Всего вариантов: 1
2025-10-19 23:19:16,088 - INFO - В наличии: 1
2025-10-19 23:19:16,088 - INFO - Нет в наличии: 0
2025-10-19 23:19:16,088 - INFO - Варианты в наличии:
2025-10-19 23:19:16,088 - INFO -   • Размер ONE SIZE: 189.00 CNY (stock_status=1)
2025-10-19 23:19:16,088 - INFO - ЭТАП 1: Создание товара в WooCommerce...
2025-10-19 23:19:16,088 - INFO - URL сайта: https://plummy.ru
2025-10-19 23:19:21,323 - INFO - ✓ УСПЕХ: Товар создан в WP с ID=237515
2025-10-19 23:19:21,395 - INFO - ================================================================================

2025-10-19 23:19:21,395 - INFO - 
================================================================================
2025-10-19 23:19:21,395 - INFO - [13/46] НАЧАЛО СИНХРОНИЗАЦИИ
2025-10-19 23:19:21,396 - INFO - Product ID: 1928
2025-10-19 23:19:21,396 - INFO - SPU ID: 16348403
2025-10-19 23:19:21,396 - INFO - Reference SKU: 746686979
2025-10-19 23:19:21,396 - INFO - Название: Converse Quilting Backpack
2025-10-19 23:19:21,396 - INFO - Бренд: Converse
2025-10-19 23:19:21,396 - INFO - Категории: [19, 1182]
2025-10-19 23:19:21,396 - INFO - ================================================================================
2025-10-19 23:19:21,396 - INFO - Всего вариантов: 1
2025-10-19 23:19:21,396 - INFO - В наличии: 1
2025-10-19 23:19:21,396 - INFO - Нет в наличии: 0
2025-10-19 23:19:21,397 - INFO - Варианты в наличии:
2025-10-19 23:19:21,397 - INFO -   • Размер ONE SIZE: 191.00 CNY (stock_status=1)
2025-10-19 23:19:21,397 - INFO - ЭТАП 1: Создание товара в WooCommerce...
2025-10-19 23:19:21,397 - INFO - URL сайта: https://plummy.ru
2025-10-19 23:19:27,917 - INFO - ✓ УСПЕХ: Товар создан в WP с ID=237523
2025-10-19 23:19:27,974 - INFO - ================================================================================

2025-10-19 23:19:27,974 - INFO - 
================================================================================
2025-10-19 23:19:27,974 - INFO - [14/46] НАЧАЛО СИНХРОНИЗАЦИИ
2025-10-19 23:19:27,978 - INFO - Product ID: 1929
2025-10-19 23:19:27,978 - INFO - SPU ID: 4722702
2025-10-19 23:19:27,978 - INFO - Reference SKU: 623013404
2025-10-19 23:19:27,978 - INFO - Название: Under Armour Logo
2025-10-19 23:19:27,978 - INFO - Бренд: Under Armour
2025-10-19 23:19:27,978 - INFO - Категории: [19, 1182]
2025-10-19 23:19:27,978 - INFO - ================================================================================
2025-10-19 23:19:27,978 - INFO - Всего вариантов: 1
2025-10-19 23:19:27,978 - INFO - В наличии: 1
2025-10-19 23:19:27,978 - INFO - Нет в наличии: 0
2025-10-19 23:19:27,979 - INFO - Варианты в наличии:
2025-10-19 23:19:27,979 - INFO -   • Размер ONE SIZE: 259.00 CNY (stock_status=1)
2025-10-19 23:19:27,979 - INFO - ЭТАП 1: Создание товара в WooCommerce...
2025-10-19 23:19:27,979 - INFO - URL сайта: https://plummy.ru
2025-10-19 23:19:41,107 - INFO - ✓ УСПЕХ: Товар создан в WP с ID=237531
2025-10-19 23:19:41,175 - INFO - ================================================================================

2025-10-19 23:19:41,175 - INFO - 
================================================================================
2025-10-19 23:19:41,175 - INFO - [15/46] НАЧАЛО СИНХРОНИЗАЦИИ
2025-10-19 23:19:41,175 - INFO - Product ID: 1930
2025-10-19 23:19:41,175 - INFO - SPU ID: 1176813
2025-10-19 23:19:41,175 - INFO - Reference SKU: 601231643
2025-10-19 23:19:41,175 - INFO - Название: Jordan Logo
2025-10-19 23:19:41,175 - INFO - Бренд: Jordan
2025-10-19 23:19:41,175 - INFO - Категории: [19, 1182]
2025-10-19 23:19:41,175 - INFO - ================================================================================
2025-10-19 23:19:41,175 - INFO - Всего вариантов: 1
2025-10-19 23:19:41,176 - INFO - В наличии: 1
2025-10-19 23:19:41,176 - INFO - Нет в наличии: 0
2025-10-19 23:19:41,176 - INFO - Варианты в наличии:
2025-10-19 23:19:41,176 - INFO -   • Размер ONE SIZE: 349.00 CNY (stock_status=1)
2025-10-19 23:19:41,180 - INFO - ЭТАП 1: Создание товара в WooCommerce...
2025-10-19 23:19:41,180 - INFO - URL сайта: https://plummy.ru
2025-10-19 23:19:58,995 - INFO - ✓ УСПЕХ: Товар создан в WP с ID=237539
2025-10-19 23:19:59,057 - INFO - ================================================================================

2025-10-19 23:19:59,058 - INFO - 
================================================================================
2025-10-19 23:19:59,058 - INFO - [16/46] НАЧАЛО СИНХРОНИЗАЦИИ
2025-10-19 23:19:59,058 - INFO - Product ID: 1931
2025-10-19 23:19:59,058 - INFO - SPU ID: 3651687
2025-10-19 23:19:59,058 - INFO - Reference SKU: 616630972
2025-10-19 23:19:59,058 - INFO - Название: Under Armour Pro Box
2025-10-19 23:19:59,058 - INFO - Бренд: Under Armour
2025-10-19 23:19:59,058 - INFO - Категории: [19, 1182]
2025-10-19 23:19:59,058 - INFO - ================================================================================
2025-10-19 23:19:59,058 - INFO - Всего вариантов: 1
2025-10-19 23:19:59,058 - INFO - В наличии: 1
2025-10-19 23:19:59,059 - INFO - Нет в наличии: 0
2025-10-19 23:19:59,059 - INFO - Варианты в наличии:
2025-10-19 23:19:59,059 - INFO -   • Размер ONE SIZE: 999.00 CNY (stock_status=1)
2025-10-19 23:19:59,059 - INFO - ЭТАП 1: Создание товара в WooCommerce...
2025-10-19 23:19:59,059 - INFO - URL сайта: https://plummy.ru
2025-10-19 23:20:12,751 - INFO - ✓ УСПЕХ: Товар создан в WP с ID=237547
2025-10-19 23:20:12,810 - INFO - ================================================================================

2025-10-19 23:20:12,811 - INFO - 
================================================================================
2025-10-19 23:20:12,811 - INFO - [17/46] НАЧАЛО СИНХРОНИЗАЦИИ
2025-10-19 23:20:12,811 - INFO - Product ID: 1932
2025-10-19 23:20:12,811 - INFO - SPU ID: 21268981
2025-10-19 23:20:12,811 - INFO - Reference SKU: 903305954
2025-10-19 23:20:12,811 - INFO - Название: SPRAYGROUND sgLogo PVC
2025-10-19 23:20:12,811 - INFO - Бренд: SPRAYGROUND
2025-10-19 23:20:12,811 - INFO - Категории: [19, 1182]
2025-10-19 23:20:12,811 - INFO - ================================================================================
2025-10-19 23:20:12,811 - INFO - Всего вариантов: 1
2025-10-19 23:20:12,811 - INFO - В наличии: 1
2025-10-19 23:20:12,811 - INFO - Нет в наличии: 0
2025-10-19 23:20:12,811 - INFO - Варианты в наличии:
2025-10-19 23:20:12,811 - INFO -   • Размер ONE SIZE: 609.00 CNY (stock_status=1)
2025-10-19 23:20:12,811 - INFO - ЭТАП 1: Создание товара в WooCommerce...
2025-10-19 23:20:12,811 - INFO - URL сайта: https://plummy.ru
2025-10-19 23:20:19,299 - INFO - ✓ УСПЕХ: Товар создан в WP с ID=237555
2025-10-19 23:20:19,368 - INFO - ================================================================================

2025-10-19 23:20:19,368 - INFO - 
================================================================================
2025-10-19 23:20:19,368 - INFO - [18/46] НАЧАЛО СИНХРОНИЗАЦИИ
2025-10-19 23:20:19,368 - INFO - Product ID: 1935
2025-10-19 23:20:19,368 - INFO - SPU ID: 1070202
2025-10-19 23:20:19,368 - INFO - Reference SKU: 600484495
2025-10-19 23:20:19,369 - INFO - Название: Dickies Logo15L
2025-10-19 23:20:19,369 - INFO - Бренд: Dickies
2025-10-19 23:20:19,369 - INFO - Категории: [19, 1182]
2025-10-19 23:20:19,369 - INFO - ================================================================================
2025-10-19 23:20:19,369 - INFO - Всего вариантов: 1
2025-10-19 23:20:19,369 - INFO - В наличии: 1
2025-10-19 23:20:19,369 - INFO - Нет в наличии: 0
2025-10-19 23:20:19,369 - INFO - Варианты в наличии:
2025-10-19 23:20:19,369 - INFO -   • Размер ONE SIZE: 119.00 CNY (stock_status=1)
2025-10-19 23:20:19,369 - INFO - ЭТАП 1: Создание товара в WooCommerce...
2025-10-19 23:20:19,370 - INFO - URL сайта: https://plummy.ru
2025-10-19 23:20:27,315 - INFO - ✓ УСПЕХ: Товар создан в WP с ID=237563
2025-10-19 23:20:27,384 - INFO - ================================================================================

2025-10-19 23:20:27,385 - INFO - 
================================================================================
2025-10-19 23:20:27,385 - INFO - [19/46] НАЧАЛО СИНХРОНИЗАЦИИ
2025-10-19 23:20:27,385 - INFO - Product ID: 1936
2025-10-19 23:20:27,385 - INFO - SPU ID: 21500222
2025-10-19 23:20:27,385 - INFO - Reference SKU: 829305823
2025-10-19 23:20:27,385 - INFO - Название: MOK
2025-10-19 23:20:27,385 - INFO - Бренд: MOK
2025-10-19 23:20:27,385 - INFO - Категории: [19, 1182]
2025-10-19 23:20:27,385 - INFO - ================================================================================
2025-10-19 23:20:27,385 - INFO - Всего вариантов: 1
2025-10-19 23:20:27,385 - INFO - В наличии: 1
2025-10-19 23:20:27,385 - INFO - Нет в наличии: 0
2025-10-19 23:20:27,385 - INFO - Варианты в наличии:
2025-10-19 23:20:27,385 - INFO -   • Размер ONE SIZE: 89.00 CNY (stock_status=1)
2025-10-19 23:20:27,385 - INFO - ЭТАП 1: Создание товара в WooCommerce...
2025-10-19 23:20:27,385 - INFO - URL сайта: https://plummy.ru
2025-10-19 23:20:41,502 - INFO - ✓ УСПЕХ: Товар создан в WP с ID=237571
2025-10-19 23:20:41,567 - INFO - ================================================================================

2025-10-19 23:20:41,568 - INFO - 
================================================================================
2025-10-19 23:20:41,568 - INFO - [20/46] НАЧАЛО СИНХРОНИЗАЦИИ
2025-10-19 23:20:41,568 - INFO - Product ID: 1937
2025-10-19 23:20:41,568 - INFO - SPU ID: 19200827
2025-10-19 23:20:41,568 - INFO - Reference SKU: 794140147
2025-10-19 23:20:41,568 - INFO - Название: SPRAYGROUND sgLogo PVC
2025-10-19 23:20:41,568 - INFO - Бренд: SPRAYGROUND
2025-10-19 23:20:41,568 - INFO - Категории: [19, 1182]
2025-10-19 23:20:41,568 - INFO - ================================================================================
2025-10-19 23:20:41,568 - INFO - Всего вариантов: 1
2025-10-19 23:20:41,568 - INFO - В наличии: 1
2025-10-19 23:20:41,569 - INFO - Нет в наличии: 0
2025-10-19 23:20:41,569 - INFO - Варианты в наличии:
2025-10-19 23:20:41,569 - INFO -   • Размер ONE SIZE: 499.00 CNY (stock_status=1)
2025-10-19 23:20:41,569 - INFO - ЭТАП 1: Создание товара в WooCommerce...
2025-10-19 23:20:41,569 - INFO - URL сайта: https://plummy.ru
2025-10-19 23:21:07,148 - INFO - ✓ УСПЕХ: Товар создан в WP с ID=237574
2025-10-19 23:21:07,216 - INFO - ================================================================================

2025-10-19 23:21:07,216 - INFO - 
================================================================================
2025-10-19 23:21:07,216 - INFO - [21/46] НАЧАЛО СИНХРОНИЗАЦИИ
2025-10-19 23:21:07,216 - INFO - Product ID: 1938
2025-10-19 23:21:07,216 - INFO - SPU ID: 2955097
2025-10-19 23:21:07,217 - INFO - Reference SKU: 612266584
2025-10-19 23:21:07,217 - INFO - Название: Nike Heritage Winterized Eugene Logo
2025-10-19 23:21:07,217 - INFO - Бренд: Nike
2025-10-19 23:21:07,217 - INFO - Категории: [19, 1182]
2025-10-19 23:21:07,217 - INFO - ================================================================================
2025-10-19 23:21:07,217 - INFO - Всего вариантов: 1
2025-10-19 23:21:07,217 - INFO - В наличии: 1
2025-10-19 23:21:07,217 - INFO - Нет в наличии: 0
2025-10-19 23:21:07,217 - INFO - Варианты в наличии:
2025-10-19 23:21:07,217 - INFO -   • Размер ONE SIZE: 263.00 CNY (stock_status=1)
2025-10-19 23:21:07,217 - INFO - ЭТАП 1: Создание товара в WooCommerce...
2025-10-19 23:21:07,217 - INFO - URL сайта: https://plummy.ru
2025-10-19 23:21:20,380 - INFO - ✓ УСПЕХ: Товар создан в WP с ID=237582
2025-10-19 23:21:20,457 - INFO - ================================================================================

2025-10-19 23:21:20,457 - INFO - 
================================================================================
2025-10-19 23:21:20,457 - INFO - [22/46] НАЧАЛО СИНХРОНИЗАЦИИ
2025-10-19 23:21:20,457 - INFO - Product ID: 1939
2025-10-19 23:21:20,457 - INFO - SPU ID: 3973659
2025-10-19 23:21:20,457 - INFO - Reference SKU: 618402886
2025-10-19 23:21:20,457 - INFO - Название: Converse
2025-10-19 23:21:20,458 - INFO - Бренд: Converse
2025-10-19 23:21:20,458 - INFO - Категории: [19, 1182]
2025-10-19 23:21:20,458 - INFO - ================================================================================
2025-10-19 23:21:20,458 - INFO - Всего вариантов: 1
2025-10-19 23:21:20,458 - INFO - В наличии: 1
2025-10-19 23:21:20,458 - INFO - Нет в наличии: 0
2025-10-19 23:21:20,458 - INFO - Варианты в наличии:
2025-10-19 23:21:20,458 - INFO -   • Размер ONE SIZE: 192.00 CNY (stock_status=1)
2025-10-19 23:21:20,458 - INFO - ЭТАП 1: Создание товара в WooCommerce...
2025-10-19 23:21:20,458 - INFO - URL сайта: https://plummy.ru
2025-10-19 23:21:25,879 - INFO - ✓ УСПЕХ: Товар создан в WP с ID=237590
2025-10-19 23:21:25,940 - INFO - ================================================================================

2025-10-19 23:21:25,941 - INFO - 
================================================================================
2025-10-19 23:21:25,941 - INFO - [23/46] НАЧАЛО СИНХРОНИЗАЦИИ
2025-10-19 23:21:25,941 - INFO - Product ID: 1940
2025-10-19 23:21:25,941 - INFO - SPU ID: 5727756
2025-10-19 23:21:25,941 - INFO - Reference SKU: 629071178
2025-10-19 23:21:25,941 - INFO - Название: GUESS
2025-10-19 23:21:25,941 - INFO - Бренд: GUESS
2025-10-19 23:21:25,941 - INFO - Категории: [19, 1182]
2025-10-19 23:21:25,941 - INFO - ================================================================================
2025-10-19 23:21:25,941 - INFO - Всего вариантов: 1
2025-10-19 23:21:25,941 - INFO - В наличии: 1
2025-10-19 23:21:25,941 - INFO - Нет в наличии: 0
2025-10-19 23:21:25,941 - INFO - Варианты в наличии:
2025-10-19 23:21:25,941 - INFO -   • Размер ONE SIZE: 469.00 CNY (stock_status=1)
2025-10-19 23:21:25,942 - INFO - ЭТАП 1: Создание товара в WooCommerce...
2025-10-19 23:21:25,942 - INFO - URL сайта: https://plummy.ru
2025-10-19 23:21:41,916 - INFO - ✓ УСПЕХ: Товар создан в WP с ID=237598
2025-10-19 23:21:41,981 - INFO - ================================================================================

2025-10-19 23:21:41,982 - INFO - 
================================================================================
2025-10-19 23:21:41,982 - INFO - [24/46] НАЧАЛО СИНХРОНИЗАЦИИ
2025-10-19 23:21:41,982 - INFO - Product ID: 1941
2025-10-19 23:21:41,982 - INFO - SPU ID: 25459961
2025-10-19 23:21:41,982 - INFO - Reference SKU: 898129256
2025-10-19 23:21:41,982 - INFO - Название: SPRAYGROUND sgLogo
2025-10-19 23:21:41,982 - INFO - Бренд: SPRAYGROUND
2025-10-19 23:21:41,982 - INFO - Категории: [19, 1182]
2025-10-19 23:21:41,982 - INFO - ================================================================================
2025-10-19 23:21:41,982 - INFO - Всего вариантов: 1
2025-10-19 23:21:41,982 - INFO - В наличии: 1
2025-10-19 23:21:41,982 - INFO - Нет в наличии: 0
2025-10-19 23:21:41,983 - INFO - Варианты в наличии:
2025-10-19 23:21:41,983 - INFO -   • Размер ONE SIZE: 459.00 CNY (stock_status=1)
2025-10-19 23:21:41,983 - INFO - ЭТАП 1: Создание товара в WooCommerce...
2025-10-19 23:21:41,983 - INFO - URL сайта: https://plummy.ru
2025-10-19 23:21:47,280 - INFO - ✓ УСПЕХ: Товар создан в WP с ID=237606
2025-10-19 23:21:47,336 - INFO - ================================================================================

2025-10-19 23:21:47,336 - INFO - 
================================================================================
2025-10-19 23:21:47,337 - INFO - [25/46] НАЧАЛО СИНХРОНИЗАЦИИ
2025-10-19 23:21:47,337 - INFO - Product ID: 1942
2025-10-19 23:21:47,337 - INFO - SPU ID: 21231452
2025-10-19 23:21:47,337 - INFO - Reference SKU: 939469738
2025-10-19 23:21:47,337 - INFO - Название: SPRAYGROUND sgLogo PVC
2025-10-19 23:21:47,337 - INFO - Бренд: SPRAYGROUND
2025-10-19 23:21:47,337 - INFO - Категории: [19, 1182]
2025-10-19 23:21:47,337 - INFO - ================================================================================
2025-10-19 23:21:47,338 - INFO - Всего вариантов: 1
2025-10-19 23:21:47,338 - INFO - В наличии: 1
2025-10-19 23:21:47,338 - INFO - Нет в наличии: 0
2025-10-19 23:21:47,338 - INFO - Варианты в наличии:
2025-10-19 23:21:47,338 - INFO -   • Размер ONE SIZE: 499.00 CNY (stock_status=1)
2025-10-19 23:21:47,338 - INFO - ЭТАП 1: Создание товара в WooCommerce...
2025-10-19 23:21:47,338 - INFO - URL сайта: https://plummy.ru
2025-10-19 23:21:54,990 - INFO - ✓ УСПЕХ: Товар создан в WP с ID=237614
2025-10-19 23:21:55,053 - INFO - ================================================================================

2025-10-19 23:21:55,053 - INFO - 
================================================================================
2025-10-19 23:21:55,053 - INFO - [26/46] НАЧАЛО СИНХРОНИЗАЦИИ
2025-10-19 23:21:55,053 - INFO - Product ID: 1943
2025-10-19 23:21:55,053 - INFO - SPU ID: 2066133
2025-10-19 23:21:55,053 - INFO - Reference SKU: 606909630
2025-10-19 23:21:55,053 - INFO - Название: Supreme FW21 Week 5 Logo
2025-10-19 23:21:55,054 - INFO - Бренд: Supreme
2025-10-19 23:21:55,054 - INFO - Категории: [19, 1182]
2025-10-19 23:21:55,054 - INFO - ================================================================================
2025-10-19 23:21:55,054 - INFO - Всего вариантов: 1
2025-10-19 23:21:55,054 - INFO - В наличии: 1
2025-10-19 23:21:55,054 - INFO - Нет в наличии: 0
2025-10-19 23:21:55,054 - INFO - Варианты в наличии:
2025-10-19 23:21:55,054 - INFO -   • Размер ONE SIZE: 1999.00 CNY (stock_status=1)
2025-10-19 23:21:55,054 - INFO - ЭТАП 1: Создание товара в WooCommerce...
2025-10-19 23:21:55,054 - INFO - URL сайта: https://plummy.ru
2025-10-19 23:22:00,504 - INFO - ✓ УСПЕХ: Товар создан в WP с ID=237622
2025-10-19 23:22:00,565 - INFO - ================================================================================

2025-10-19 23:22:00,565 - INFO - 
================================================================================
2025-10-19 23:22:00,565 - INFO - [27/46] НАЧАЛО СИНХРОНИЗАЦИИ
2025-10-19 23:22:00,565 - INFO - Product ID: 1944
2025-10-19 23:22:00,565 - INFO - SPU ID: 1059662
2025-10-19 23:22:00,565 - INFO - Reference SKU: 600404399
2025-10-19 23:22:00,565 - INFO - Название: Vans
2025-10-19 23:22:00,566 - INFO - Бренд: Vans
2025-10-19 23:22:00,566 - INFO - Категории: [19, 1182]
2025-10-19 23:22:00,566 - INFO - ================================================================================
2025-10-19 23:22:00,566 - INFO - Всего вариантов: 1
2025-10-19 23:22:00,566 - INFO - В наличии: 1
2025-10-19 23:22:00,566 - INFO - Нет в наличии: 0
2025-10-19 23:22:00,566 - INFO - Варианты в наличии:
2025-10-19 23:22:00,566 - INFO -   • Размер ONE SIZE: 289.00 CNY (stock_status=1)
2025-10-19 23:22:00,566 - INFO - ЭТАП 1: Создание товара в WooCommerce...
2025-10-19 23:22:00,566 - INFO - URL сайта: https://plummy.ru
2025-10-19 23:22:06,883 - INFO - ✓ УСПЕХ: Товар создан в WP с ID=237630
2025-10-19 23:22:06,947 - INFO - ================================================================================

2025-10-19 23:22:06,949 - INFO - 
================================================================================
2025-10-19 23:22:06,949 - INFO - [28/46] НАЧАЛО СИНХРОНИЗАЦИИ
2025-10-19 23:22:06,949 - INFO - Product ID: 1945
2025-10-19 23:22:06,949 - INFO - SPU ID: 1132114
2025-10-19 23:22:06,952 - INFO - Reference SKU: 600945769
2025-10-19 23:22:06,952 - INFO - Название: Converse GO 2
2025-10-19 23:22:06,952 - INFO - Бренд: Converse
2025-10-19 23:22:06,952 - INFO - Категории: [19, 1182]
2025-10-19 23:22:06,952 - INFO - ================================================================================
2025-10-19 23:22:06,952 - INFO - Всего вариантов: 1
2025-10-19 23:22:06,952 - INFO - В наличии: 1
2025-10-19 23:22:06,952 - INFO - Нет в наличии: 0
2025-10-19 23:22:06,953 - INFO - Варианты в наличии:
2025-10-19 23:22:06,953 - INFO -   • Размер ONE SIZE: 195.00 CNY (stock_status=1)
2025-10-19 23:22:06,953 - INFO - ЭТАП 1: Создание товара в WooCommerce...
2025-10-19 23:22:06,953 - INFO - URL сайта: https://plummy.ru
2025-10-19 23:22:11,973 - INFO - ✓ УСПЕХ: Товар создан в WP с ID=237638
2025-10-19 23:22:12,068 - INFO - ================================================================================

2025-10-19 23:22:12,068 - INFO - 
================================================================================
2025-10-19 23:22:12,069 - INFO - [29/46] НАЧАЛО СИНХРОНИЗАЦИИ
2025-10-19 23:22:12,069 - INFO - Product ID: 1946
2025-10-19 23:22:12,069 - INFO - SPU ID: 5079535
2025-10-19 23:22:12,069 - INFO - Reference SKU: 625041867
2025-10-19 23:22:12,069 - INFO - Название: GOLF 16
2025-10-19 23:22:12,069 - INFO - Бренд: GOLF
2025-10-19 23:22:12,069 - INFO - Категории: [19, 1182]
2025-10-19 23:22:12,069 - INFO - ================================================================================
2025-10-19 23:22:12,069 - INFO - Всего вариантов: 1
2025-10-19 23:22:12,069 - INFO - В наличии: 1
2025-10-19 23:22:12,069 - INFO - Нет в наличии: 0
2025-10-19 23:22:12,069 - INFO - Варианты в наличии:
2025-10-19 23:22:12,069 - INFO -   • Размер ONE SIZE: 251.00 CNY (stock_status=1)
2025-10-19 23:22:12,069 - INFO - ЭТАП 1: Создание товара в WooCommerce...
2025-10-19 23:22:12,069 - INFO - URL сайта: https://plummy.ru
2025-10-19 23:22:18,959 - INFO - ✓ УСПЕХ: Товар создан в WP с ID=237646
2025-10-19 23:22:19,025 - INFO - ================================================================================

2025-10-19 23:22:19,026 - INFO - 
================================================================================
2025-10-19 23:22:19,026 - INFO - [30/46] НАЧАЛО СИНХРОНИЗАЦИИ
2025-10-19 23:22:19,026 - INFO - Product ID: 1947
2025-10-19 23:22:19,026 - INFO - SPU ID: 25292429
2025-10-19 23:22:19,026 - INFO - Reference SKU: 894221629
2025-10-19 23:22:19,026 - INFO - Название: SPRAYGROUND PVC
2025-10-19 23:22:19,026 - INFO - Бренд: SPRAYGROUND
2025-10-19 23:22:19,026 - INFO - Категории: [19, 1182]
2025-10-19 23:22:19,026 - INFO - ================================================================================
2025-10-19 23:22:19,026 - INFO - Всего вариантов: 1
2025-10-19 23:22:19,026 - INFO - В наличии: 1
2025-10-19 23:22:19,027 - INFO - Нет в наличии: 0
2025-10-19 23:22:19,027 - INFO - Варианты в наличии:
2025-10-19 23:22:19,027 - INFO -   • Размер ONE SIZE: 429.00 CNY (stock_status=1)
2025-10-19 23:22:19,027 - INFO - ЭТАП 1: Создание товара в WooCommerce...
2025-10-19 23:22:19,027 - INFO - URL сайта: https://plummy.ru
2025-10-19 23:22:26,813 - INFO - ✓ УСПЕХ: Товар создан в WP с ID=237654
2025-10-19 23:22:26,894 - INFO - ================================================================================

2025-10-19 23:22:26,894 - INFO - 
================================================================================
2025-10-19 23:22:26,894 - INFO - [31/46] НАЧАЛО СИНХРОНИЗАЦИИ
2025-10-19 23:22:26,894 - INFO - Product ID: 1948
2025-10-19 23:22:26,894 - INFO - SPU ID: 4441405
2025-10-19 23:22:26,894 - INFO - Reference SKU: 621233077
2025-10-19 23:22:26,895 - INFO - Название: Slazenger
2025-10-19 23:22:26,895 - INFO - Бренд: Slazenger
2025-10-19 23:22:26,895 - INFO - Категории: [19, 1182]
2025-10-19 23:22:26,895 - INFO - ================================================================================
2025-10-19 23:22:26,895 - INFO - Всего вариантов: 1
2025-10-19 23:22:26,895 - INFO - В наличии: 1
2025-10-19 23:22:26,895 - INFO - Нет в наличии: 0
2025-10-19 23:22:26,895 - INFO - Варианты в наличии:
2025-10-19 23:22:26,895 - INFO -   • Размер ONE SIZE: 389.00 CNY (stock_status=1)
2025-10-19 23:22:26,895 - INFO - ЭТАП 1: Создание товара в WooCommerce...
2025-10-19 23:22:26,895 - INFO - URL сайта: https://plummy.ru
2025-10-19 23:22:34,552 - INFO - ✓ УСПЕХ: Товар создан в WP с ID=237660
2025-10-19 23:22:34,621 - INFO - ================================================================================

2025-10-19 23:22:34,622 - INFO - 
================================================================================
2025-10-19 23:22:34,622 - INFO - [32/46] НАЧАЛО СИНХРОНИЗАЦИИ
2025-10-19 23:22:34,622 - INFO - Product ID: 1949
2025-10-19 23:22:34,622 - INFO - SPU ID: 25299815
2025-10-19 23:22:34,622 - INFO - Reference SKU: 894389939
2025-10-19 23:22:34,622 - INFO - Название: SPRAYGROUND Logo
2025-10-19 23:22:34,622 - INFO - Бренд: SPRAYGROUND
2025-10-19 23:22:34,622 - INFO - Категории: [19, 1182]
2025-10-19 23:22:34,622 - INFO - ================================================================================
2025-10-19 23:22:34,622 - INFO - Всего вариантов: 1
2025-10-19 23:22:34,623 - INFO - В наличии: 1
2025-10-19 23:22:34,623 - INFO - Нет в наличии: 0
2025-10-19 23:22:34,623 - INFO - Варианты в наличии:
2025-10-19 23:22:34,623 - INFO -   • Размер ONE SIZE: 569.00 CNY (stock_status=1)
2025-10-19 23:22:34,623 - INFO - ЭТАП 1: Создание товара в WooCommerce...
2025-10-19 23:22:34,623 - INFO - URL сайта: https://plummy.ru
2025-10-19 23:22:40,335 - INFO - ✓ УСПЕХ: Товар создан в WP с ID=237668
2025-10-19 23:22:40,395 - INFO - ================================================================================

2025-10-19 23:22:40,395 - INFO - 
================================================================================
2025-10-19 23:22:40,395 - INFO - [33/46] НАЧАЛО СИНХРОНИЗАЦИИ
2025-10-19 23:22:40,395 - INFO - Product ID: 1950
2025-10-19 23:22:40,395 - INFO - SPU ID: 4759048
2025-10-19 23:22:40,395 - INFO - Reference SKU: 623225124
2025-10-19 23:22:40,395 - INFO - Название: ONRF
2025-10-19 23:22:40,395 - INFO - Бренд: ONRF
2025-10-19 23:22:40,395 - INFO - Категории: [19, 1182]
2025-10-19 23:22:40,395 - INFO - ================================================================================
2025-10-19 23:22:40,395 - INFO - Всего вариантов: 1
2025-10-19 23:22:40,395 - INFO - В наличии: 1
2025-10-19 23:22:40,395 - INFO - Нет в наличии: 0
2025-10-19 23:22:40,395 - INFO - Варианты в наличии:
2025-10-19 23:22:40,396 - INFO -   • Размер ONE SIZE: 331.00 CNY (stock_status=1)
2025-10-19 23:22:40,396 - INFO - ЭТАП 1: Создание товара в WooCommerce...
2025-10-19 23:22:40,396 - INFO - URL сайта: https://plummy.ru
2025-10-19 23:22:48,471 - INFO - ✓ УСПЕХ: Товар создан в WP с ID=237676
2025-10-19 23:22:48,534 - INFO - ================================================================================

2025-10-19 23:22:48,535 - INFO - 
================================================================================
2025-10-19 23:22:48,535 - INFO - [34/46] НАЧАЛО СИНХРОНИЗАЦИИ
2025-10-19 23:22:48,535 - INFO - Product ID: 1951
2025-10-19 23:22:48,535 - INFO - SPU ID: 24326093
2025-10-19 23:22:48,535 - INFO - Reference SKU: 877300819
2025-10-19 23:22:48,535 - INFO - Название: adidas MUST HAVE 26L
2025-10-19 23:22:48,535 - INFO - Бренд: adidas
2025-10-19 23:22:48,535 - INFO - Категории: [19, 1182]
2025-10-19 23:22:48,535 - INFO - ================================================================================
2025-10-19 23:22:48,536 - INFO - Всего вариантов: 1
2025-10-19 23:22:48,536 - INFO - В наличии: 1
2025-10-19 23:22:48,536 - INFO - Нет в наличии: 0
2025-10-19 23:22:48,536 - INFO - Варианты в наличии:
2025-10-19 23:22:48,536 - INFO -   • Размер ONE SIZE: 250.00 CNY (stock_status=1)
2025-10-19 23:22:48,536 - INFO - ЭТАП 1: Создание товара в WooCommerce...
2025-10-19 23:22:48,536 - INFO - URL сайта: https://plummy.ru
2025-10-19 23:23:00,085 - INFO - ✓ УСПЕХ: Товар создан в WP с ID=237684
2025-10-19 23:23:00,146 - INFO - ================================================================================

2025-10-19 23:23:00,147 - INFO - 
================================================================================
2025-10-19 23:23:00,147 - INFO - [35/46] НАЧАЛО СИНХРОНИЗАЦИИ
2025-10-19 23:23:00,147 - INFO - Product ID: 1952
2025-10-19 23:23:00,147 - INFO - SPU ID: 9260399
2025-10-19 23:23:00,147 - INFO - Reference SKU: 656383021
2025-10-19 23:23:00,147 - INFO - Название: Dickies
2025-10-19 23:23:00,147 - INFO - Бренд: Dickies
2025-10-19 23:23:00,147 - INFO - Категории: [19, 1182]
2025-10-19 23:23:00,147 - INFO - ================================================================================
2025-10-19 23:23:00,147 - INFO - Всего вариантов: 1
2025-10-19 23:23:00,147 - INFO - В наличии: 1
2025-10-19 23:23:00,148 - INFO - Нет в наличии: 0
2025-10-19 23:23:00,148 - INFO - Варианты в наличии:
2025-10-19 23:23:00,148 - INFO -   • Размер ONE SIZE: 170.00 CNY (stock_status=1)
2025-10-19 23:23:00,148 - INFO - ЭТАП 1: Создание товара в WooCommerce...
2025-10-19 23:23:00,148 - INFO - URL сайта: https://plummy.ru
2025-10-19 23:23:06,022 - INFO - ✓ УСПЕХ: Товар создан в WP с ID=237692
2025-10-19 23:23:06,078 - INFO - ================================================================================

2025-10-19 23:23:06,078 - INFO - 
================================================================================
2025-10-19 23:23:06,079 - INFO - [36/46] НАЧАЛО СИНХРОНИЗАЦИИ
2025-10-19 23:23:06,079 - INFO - Product ID: 1953
2025-10-19 23:23:06,079 - INFO - SPU ID: 19524997
2025-10-19 23:23:06,079 - INFO - Reference SKU: 798629339
2025-10-19 23:23:06,079 - INFO - Название: Dickies
2025-10-19 23:23:06,079 - INFO - Бренд: Dickies
2025-10-19 23:23:06,079 - INFO - Категории: [19, 1182]
2025-10-19 23:23:06,079 - INFO - ================================================================================
2025-10-19 23:23:06,079 - INFO - Всего вариантов: 1
2025-10-19 23:23:06,079 - INFO - В наличии: 1
2025-10-19 23:23:06,079 - INFO - Нет в наличии: 0
2025-10-19 23:23:06,079 - INFO - Варианты в наличии:
2025-10-19 23:23:06,079 - INFO -   • Размер ONE SIZE: 179.00 CNY (stock_status=1)
2025-10-19 23:23:06,080 - INFO - ЭТАП 1: Создание товара в WooCommerce...
2025-10-19 23:23:06,080 - INFO - URL сайта: https://plummy.ru
2025-10-19 23:23:11,329 - INFO - ✓ УСПЕХ: Товар создан в WP с ID=237700
2025-10-19 23:23:11,390 - INFO - ================================================================================

2025-10-19 23:23:11,390 - INFO - 
================================================================================
2025-10-19 23:23:11,390 - INFO - [37/46] НАЧАЛО СИНХРОНИЗАЦИИ
2025-10-19 23:23:11,390 - INFO - Product ID: 1954
2025-10-19 23:23:11,390 - INFO - SPU ID: 11537349
2025-10-19 23:23:11,390 - INFO - Reference SKU: 676998975
2025-10-19 23:23:11,390 - INFO - Название: SPRAYGROUND sgLogo PVC
2025-10-19 23:23:11,390 - INFO - Бренд: SPRAYGROUND
2025-10-19 23:23:11,390 - INFO - Категории: [19, 1182]
2025-10-19 23:23:11,390 - INFO - ================================================================================
2025-10-19 23:23:11,390 - INFO - Всего вариантов: 1
2025-10-19 23:23:11,390 - INFO - В наличии: 1
2025-10-19 23:23:11,390 - INFO - Нет в наличии: 0
2025-10-19 23:23:11,390 - INFO - Варианты в наличии:
2025-10-19 23:23:11,391 - INFO -   • Размер ONE SIZE: 669.00 CNY (stock_status=1)
2025-10-19 23:23:11,391 - INFO - ЭТАП 1: Создание товара в WooCommerce...
2025-10-19 23:23:11,391 - INFO - URL сайта: https://plummy.ru
2025-10-19 23:23:16,550 - INFO - ✓ УСПЕХ: Товар создан в WP с ID=237708
2025-10-19 23:23:16,614 - INFO - ================================================================================

2025-10-19 23:23:16,614 - INFO - 
================================================================================
2025-10-19 23:23:16,614 - INFO - [38/46] НАЧАЛО СИНХРОНИЗАЦИИ
2025-10-19 23:23:16,614 - INFO - Product ID: 1955
2025-10-19 23:23:16,614 - INFO - SPU ID: 21302342
2025-10-19 23:23:16,614 - INFO - Reference SKU: 825602803
2025-10-19 23:23:16,614 - INFO - Название: SPRAYGROUND sgLogo PVC
2025-10-19 23:23:16,614 - INFO - Бренд: SPRAYGROUND
2025-10-19 23:23:16,615 - INFO - Категории: [19, 1182]
2025-10-19 23:23:16,615 - INFO - ================================================================================
2025-10-19 23:23:16,615 - INFO - Всего вариантов: 1
2025-10-19 23:23:16,615 - INFO - В наличии: 1
2025-10-19 23:23:16,615 - INFO - Нет в наличии: 0
2025-10-19 23:23:16,615 - INFO - Варианты в наличии:
2025-10-19 23:23:16,615 - INFO -   • Размер ONE SIZE: 509.00 CNY (stock_status=1)
2025-10-19 23:23:16,615 - INFO - ЭТАП 1: Создание товара в WooCommerce...
2025-10-19 23:23:16,615 - INFO - URL сайта: https://plummy.ru
2025-10-19 23:23:23,510 - INFO - ✓ УСПЕХ: Товар создан в WP с ID=237716
2025-10-19 23:23:23,567 - INFO - ================================================================================

2025-10-19 23:23:23,567 - INFO - 
================================================================================
2025-10-19 23:23:23,567 - INFO - [39/46] НАЧАЛО СИНХРОНИЗАЦИИ
2025-10-19 23:23:23,568 - INFO - Product ID: 1956
2025-10-19 23:23:23,568 - INFO - SPU ID: 5186559
2025-10-19 23:23:23,568 - INFO - Reference SKU: 625673604
2025-10-19 23:23:23,568 - INFO - Название: LANDCASE
2025-10-19 23:23:23,568 - INFO - Бренд: LANDCASE
2025-10-19 23:23:23,568 - INFO - Категории: [19, 1182]
2025-10-19 23:23:23,568 - INFO - ================================================================================
2025-10-19 23:23:23,568 - INFO - Всего вариантов: 1
2025-10-19 23:23:23,568 - INFO - В наличии: 1
2025-10-19 23:23:23,568 - INFO - Нет в наличии: 0
2025-10-19 23:23:23,568 - INFO - Варианты в наличии:
2025-10-19 23:23:23,568 - INFO -   • Размер ONE SIZE: 219.00 CNY (stock_status=1)
2025-10-19 23:23:23,569 - INFO - ЭТАП 1: Создание товара в WooCommerce...
2025-10-19 23:23:23,569 - INFO - URL сайта: https://plummy.ru
2025-10-19 23:23:36,348 - INFO - ✓ УСПЕХ: Товар создан в WP с ID=237724
2025-10-19 23:23:36,417 - INFO - ================================================================================

2025-10-19 23:23:36,417 - INFO - 
================================================================================
2025-10-19 23:23:36,418 - INFO - [40/46] НАЧАЛО СИНХРОНИЗАЦИИ
2025-10-19 23:23:36,418 - INFO - Product ID: 1957
2025-10-19 23:23:36,418 - INFO - SPU ID: 1559354
2025-10-19 23:23:36,418 - INFO - Reference SKU: 632037821
2025-10-19 23:23:36,418 - INFO - Название: ONRF PVC
2025-10-19 23:23:36,418 - INFO - Бренд: ONRF
2025-10-19 23:23:36,418 - INFO - Категории: [19, 1182]
2025-10-19 23:23:36,418 - INFO - ================================================================================
2025-10-19 23:23:36,418 - INFO - Всего вариантов: 1
2025-10-19 23:23:36,419 - INFO - В наличии: 1
2025-10-19 23:23:36,419 - INFO - Нет в наличии: 0
2025-10-19 23:23:36,419 - INFO - Варианты в наличии:
2025-10-19 23:23:36,419 - INFO -   • Размер ONE SIZE: 99.00 CNY (stock_status=1)
2025-10-19 23:23:36,419 - INFO - ЭТАП 1: Создание товара в WooCommerce...
2025-10-19 23:23:36,419 - INFO - URL сайта: https://plummy.ru
2025-10-19 23:23:44,222 - INFO - ✓ УСПЕХ: Товар создан в WP с ID=237732
2025-10-19 23:23:44,283 - INFO - ================================================================================

2025-10-19 23:23:44,284 - INFO - 
================================================================================
2025-10-19 23:23:44,284 - INFO - [41/46] НАЧАЛО СИНХРОНИЗАЦИИ
2025-10-19 23:23:44,284 - INFO - Product ID: 1958
2025-10-19 23:23:44,284 - INFO - SPU ID: 14303605
2025-10-19 23:23:44,284 - INFO - Reference SKU: 713221897
2025-10-19 23:23:44,284 - INFO - Название: Reebok
2025-10-19 23:23:44,284 - INFO - Бренд: Reebok
2025-10-19 23:23:44,284 - INFO - Категории: [19, 1182]
2025-10-19 23:23:44,284 - INFO - ================================================================================
2025-10-19 23:23:44,284 - INFO - Всего вариантов: 1
2025-10-19 23:23:44,284 - INFO - В наличии: 1
2025-10-19 23:23:44,284 - INFO - Нет в наличии: 0
2025-10-19 23:23:44,284 - INFO - Варианты в наличии:
2025-10-19 23:23:44,285 - INFO -   • Размер ONE SIZE: 299.00 CNY (stock_status=1)
2025-10-19 23:23:44,285 - INFO - ЭТАП 1: Создание товара в WooCommerce...
2025-10-19 23:23:44,285 - INFO - URL сайта: https://plummy.ru
2025-10-19 23:23:50,406 - INFO - ✓ УСПЕХ: Товар создан в WP с ID=237740
2025-10-19 23:23:50,474 - INFO - ================================================================================

2025-10-19 23:23:50,476 - INFO - 
================================================================================
2025-10-19 23:23:50,476 - INFO - [42/46] НАЧАЛО СИНХРОНИЗАЦИИ
2025-10-19 23:23:50,476 - INFO - Product ID: 1959
2025-10-19 23:23:50,476 - INFO - SPU ID: 13385729
2025-10-19 23:23:50,477 - INFO - Reference SKU: 699542220
2025-10-19 23:23:50,477 - INFO - Название: Simplenature
2025-10-19 23:23:50,477 - INFO - Бренд: Simple&nature
2025-10-19 23:23:50,477 - INFO - Категории: [19, 1182]
2025-10-19 23:23:50,477 - INFO - ================================================================================
2025-10-19 23:23:50,477 - INFO - Всего вариантов: 1
2025-10-19 23:23:50,477 - INFO - В наличии: 1
2025-10-19 23:23:50,478 - INFO - Нет в наличии: 0
2025-10-19 23:23:50,478 - INFO - Варианты в наличии:
2025-10-19 23:23:50,478 - INFO -   • Размер ONE SIZE: 599.00 CNY (stock_status=1)
2025-10-19 23:23:50,478 - INFO - ЭТАП 1: Создание товара в WooCommerce...
2025-10-19 23:23:50,478 - INFO - URL сайта: https://plummy.ru
2025-10-19 23:23:57,300 - INFO - ✓ УСПЕХ: Товар создан в WP с ID=237748
2025-10-19 23:23:57,359 - INFO - ================================================================================

2025-10-19 23:23:57,359 - INFO - 
================================================================================
2025-10-19 23:23:57,360 - INFO - [43/46] НАЧАЛО СИНХРОНИЗАЦИИ
2025-10-19 23:23:57,360 - INFO - Product ID: 1960
2025-10-19 23:23:57,360 - INFO - SPU ID: 4333474
2025-10-19 23:23:57,360 - INFO - Reference SKU: 620556695
2025-10-19 23:23:57,360 - INFO - Название: MICHAEL KORS MK Jaycee Logo
2025-10-19 23:23:57,360 - INFO - Бренд: MICHAEL KORS
2025-10-19 23:23:57,360 - INFO - Категории: [19, 1182]
2025-10-19 23:23:57,360 - INFO - ================================================================================
2025-10-19 23:23:57,360 - INFO - Всего вариантов: 1
2025-10-19 23:23:57,360 - INFO - В наличии: 1
2025-10-19 23:23:57,360 - INFO - Нет в наличии: 0
2025-10-19 23:23:57,360 - INFO - Варианты в наличии:
2025-10-19 23:23:57,360 - INFO -   • Размер ONE SIZE: 619.00 CNY (stock_status=1)
2025-10-19 23:23:57,360 - INFO - ЭТАП 1: Создание товара в WooCommerce...
2025-10-19 23:23:57,360 - INFO - URL сайта: https://plummy.ru
2025-10-19 23:24:11,743 - INFO - ✓ УСПЕХ: Товар создан в WP с ID=237756
2025-10-19 23:24:11,809 - INFO - ================================================================================

2025-10-19 23:24:11,809 - INFO - 
================================================================================
2025-10-19 23:24:11,809 - INFO - [44/46] НАЧАЛО СИНХРОНИЗАЦИИ
2025-10-19 23:24:11,809 - INFO - Product ID: 1961
2025-10-19 23:24:11,809 - INFO - SPU ID: 14788964
2025-10-19 23:24:11,809 - INFO - Reference SKU: 721989766
2025-10-19 23:24:11,809 - INFO - Название: Rains Shield Rucksack W314940
2025-10-19 23:24:11,809 - INFO - Бренд: Rains
2025-10-19 23:24:11,810 - INFO - Категории: [19, 1182]
2025-10-19 23:24:11,810 - INFO - ================================================================================
2025-10-19 23:24:11,810 - INFO - Всего вариантов: 1
2025-10-19 23:24:11,810 - INFO - В наличии: 1
2025-10-19 23:24:11,810 - INFO - Нет в наличии: 0
2025-10-19 23:24:11,810 - INFO - Варианты в наличии:
2025-10-19 23:24:11,810 - INFO -   • Размер ONE SIZE: 699.00 CNY (stock_status=1)
2025-10-19 23:24:11,810 - INFO - ЭТАП 1: Создание товара в WooCommerce...
2025-10-19 23:24:11,811 - INFO - URL сайта: https://plummy.ru
2025-10-19 23:25:23,658 - INFO - ✓ УСПЕХ: Товар создан в WP с ID=237764
2025-10-19 23:25:23,724 - INFO - ================================================================================

2025-10-19 23:25:23,724 - INFO - 
================================================================================
2025-10-19 23:25:23,724 - INFO - [45/46] НАЧАЛО СИНХРОНИЗАЦИИ
2025-10-19 23:25:23,724 - INFO - Product ID: 1962
2025-10-19 23:25:23,724 - INFO - SPU ID: 14788964
2025-10-19 23:25:23,724 - INFO - Reference SKU: 721989773
2025-10-19 23:25:23,724 - INFO - Название: Rains Shield Rucksack W314940
2025-10-19 23:25:23,724 - INFO - Бренд: Rains
2025-10-19 23:25:23,724 - INFO - Категории: [19, 1182]
2025-10-19 23:25:23,724 - INFO - ================================================================================
2025-10-19 23:25:23,724 - INFO - Всего вариантов: 1
2025-10-19 23:25:23,724 - INFO - В наличии: 1
2025-10-19 23:25:23,724 - INFO - Нет в наличии: 0
2025-10-19 23:25:23,724 - INFO - Варианты в наличии:
2025-10-19 23:25:23,725 - INFO -   • Размер ONE SIZE: 699.00 CNY (stock_status=1)
2025-10-19 23:25:23,725 - INFO - ЭТАП 1: Создание товара в WooCommerce...
2025-10-19 23:25:23,725 - INFO - URL сайта: https://plummy.ru
2025-10-19 23:26:30,890 - INFO - ✓ УСПЕХ: Товар создан в WP с ID=237772
2025-10-19 23:26:30,959 - INFO - ================================================================================

2025-10-19 23:26:30,960 - INFO - 
================================================================================
2025-10-19 23:26:30,960 - INFO - [46/46] НАЧАЛО СИНХРОНИЗАЦИИ
2025-10-19 23:26:30,960 - INFO - Product ID: 1963
2025-10-19 23:26:30,960 - INFO - SPU ID: 4570225
2025-10-19 23:26:30,960 - INFO - Reference SKU: 622098833
2025-10-19 23:26:30,960 - INFO - Название: SAMSONITE
2025-10-19 23:26:30,960 - INFO - Бренд: SAMSONITE
2025-10-19 23:26:30,960 - INFO - Категории: [19, 1182]
2025-10-19 23:26:30,960 - INFO - ================================================================================
2025-10-19 23:26:30,960 - INFO - Всего вариантов: 1
2025-10-19 23:26:30,961 - INFO - В наличии: 1
2025-10-19 23:26:30,961 - INFO - Нет в наличии: 0
2025-10-19 23:26:30,961 - INFO - Варианты в наличии:
2025-10-19 23:26:30,961 - INFO -   • Размер ONE SIZE: 309.00 CNY (stock_status=1)
2025-10-19 23:26:30,961 - INFO - ЭТАП 1: Создание товара в WooCommerce...
2025-10-19 23:26:30,961 - INFO - URL сайта: https://plummy.ru
2025-10-19 23:26:36,434 - INFO - ✓ УСПЕХ: Товар создан в WP с ID=237780
2025-10-19 23:26:36,495 - INFO - ================================================================================

2025-10-19 23:26:36,546 - INFO - ================================================================================
2025-10-19 23:26:36,547 - INFO - ЗАВЕРШЕНИЕ: Создано 46, Ошибок 0, Пропущено 0
2025-10-19 23:26:36,547 - INFO - ================================================================================
