2025-10-22 00:39:21,871 - INFO - ================================================================================
2025-10-22 00:39:21,872 - INFO - НАЧАЛО ДЕТАЛЬНОГО ЛОГИРОВАНИЯ sync_new
2025-10-22 00:39:21,872 - INFO - ================================================================================
2025-10-22 00:39:21,944 - INFO - Всего товаров без WP ID: 17
2025-10-22 00:39:21,944 - INFO - С загруженными данными: 15
2025-10-22 00:39:21,944 - INFO - Пропущено (без данных): 2
2025-10-22 00:39:21,946 - INFO - 
================================================================================
2025-10-22 00:39:21,946 - INFO - [1/15] НАЧАЛО СИНХРОНИЗАЦИИ
2025-10-22 00:39:21,946 - INFO - Product ID: 2319
2025-10-22 00:39:21,946 - INFO - SPU ID: 25478498
2025-10-22 00:39:21,946 - INFO - Reference SKU: 898076551
2025-10-22 00:39:21,946 - INFO - Название: UNIQLO
2025-10-22 00:39:21,946 - INFO - Бренд: UNIQLO
2025-10-22 00:39:21,946 - INFO - Категории: [1176, 1177]
2025-10-22 00:39:21,946 - INFO - ================================================================================
2025-10-22 00:39:21,946 - INFO - Всего вариантов: 7
2025-10-22 00:39:21,946 - INFO - В наличии: 7
2025-10-22 00:39:21,946 - INFO - Нет в наличии: 0
2025-10-22 00:39:21,946 - INFO - Варианты в наличии:
2025-10-22 00:39:21,946 - INFO -   • Размер 150/76A(XS): 359.00 CNY (stock_status=1)
2025-10-22 00:39:21,946 - INFO -   • Размер 155/80A(S): 369.00 CNY (stock_status=1)
2025-10-22 00:39:21,946 - INFO -   • Размер 160/84A(M): 299.00 CNY (stock_status=1)
2025-10-22 00:39:21,946 - INFO -   • Размер 160/88A(L): 359.00 CNY (stock_status=1)
2025-10-22 00:39:21,946 - INFO -   • Размер 165/100B(2XL): 359.00 CNY (stock_status=1)
2025-10-22 00:39:21,946 - INFO - ЭТАП 1: Создание товара в WooCommerce...
2025-10-22 00:39:21,946 - INFO - URL сайта: https://plummy.ru
2025-10-22 00:39:33,644 - INFO - ✓ УСПЕХ: Товар создан в WP с ID=242609
2025-10-22 00:39:33,708 - INFO - ================================================================================

2025-10-22 00:39:33,709 - INFO - 
================================================================================
2025-10-22 00:39:33,709 - INFO - [2/15] НАЧАЛО СИНХРОНИЗАЦИИ
2025-10-22 00:39:33,709 - INFO - Product ID: 2320
2025-10-22 00:39:33,709 - INFO - SPU ID: 10461726
2025-10-22 00:39:33,710 - INFO - Reference SKU: 663403531
2025-10-22 00:39:33,710 - INFO - Название: Supreme x MM6 Maison Margiela SS24 WEEK7 FOIL HOODED WORK JACKET
2025-10-22 00:39:33,710 - INFO - Бренд: Supreme
2025-10-22 00:39:33,710 - INFO - Категории: [1176, 1177]
2025-10-22 00:39:33,710 - INFO - ================================================================================
2025-10-22 00:39:33,710 - INFO - Всего вариантов: 4
2025-10-22 00:39:33,710 - INFO - В наличии: 4
2025-10-22 00:39:33,710 - INFO - Нет в наличии: 0
2025-10-22 00:39:33,710 - INFO - Варианты в наличии:
2025-10-22 00:39:33,710 - INFO -   • Размер L: 6899.00 CNY (stock_status=1)
2025-10-22 00:39:33,710 - INFO -   • Размер M: 5669.00 CNY (stock_status=1)
2025-10-22 00:39:33,710 - INFO -   • Размер S: 4569.00 CNY (stock_status=1)
2025-10-22 00:39:33,710 - INFO -   • Размер XL: 6999.00 CNY (stock_status=1)
2025-10-22 00:39:33,710 - INFO - ЭТАП 1: Создание товара в WooCommerce...
2025-10-22 00:39:33,710 - INFO - URL сайта: https://plummy.ru
2025-10-22 00:39:40,827 - INFO - ✓ УСПЕХ: Товар создан в WP с ID=242629
2025-10-22 00:39:40,890 - INFO - ================================================================================

2025-10-22 00:39:40,891 - INFO - 
================================================================================
2025-10-22 00:39:40,891 - INFO - [3/15] НАЧАЛО СИНХРОНИЗАЦИИ
2025-10-22 00:39:40,891 - INFO - Product ID: 2322
2025-10-22 00:39:40,891 - INFO - SPU ID: 19824666
2025-10-22 00:39:40,891 - INFO - Reference SKU: 803531825
2025-10-22 00:39:40,891 - INFO - Название: Supreme SS25 week3 WINDSTOPPER Insulated Hooded Jacket
2025-10-22 00:39:40,891 - INFO - Бренд: Supreme
2025-10-22 00:39:40,891 - INFO - Категории: [1176, 1177]
2025-10-22 00:39:40,892 - INFO - ================================================================================
2025-10-22 00:39:40,892 - INFO - Всего вариантов: 1
2025-10-22 00:39:40,892 - INFO - В наличии: 1
2025-10-22 00:39:40,892 - INFO - Нет в наличии: 0
2025-10-22 00:39:40,892 - INFO - Варианты в наличии:
2025-10-22 00:39:40,892 - INFO -   • Размер S: 2899.00 CNY (stock_status=1)
2025-10-22 00:39:40,892 - INFO - ЭТАП 1: Создание товара в WooCommerce...
2025-10-22 00:39:40,892 - INFO - URL сайта: https://plummy.ru
2025-10-22 00:39:48,260 - INFO - ✓ УСПЕХ: Товар создан в WP с ID=242643
2025-10-22 00:39:48,322 - INFO - ================================================================================

2025-10-22 00:39:48,322 - INFO - 
================================================================================
2025-10-22 00:39:48,322 - INFO - [4/15] НАЧАЛО СИНХРОНИЗАЦИИ
2025-10-22 00:39:48,323 - INFO - Product ID: 2323
2025-10-22 00:39:48,323 - INFO - SPU ID: 19823897
2025-10-22 00:39:48,323 - INFO - Reference SKU: 803345680
2025-10-22 00:39:48,323 - INFO - Название: Supreme Damien Hirst
2025-10-22 00:39:48,323 - INFO - Бренд: Supreme
2025-10-22 00:39:48,323 - INFO - Категории: [1176, 1177]
2025-10-22 00:39:48,323 - INFO - ================================================================================
2025-10-22 00:39:48,323 - INFO - Всего вариантов: 4
2025-10-22 00:39:48,323 - INFO - В наличии: 4
2025-10-22 00:39:48,323 - INFO - Нет в наличии: 0
2025-10-22 00:39:48,323 - INFO - Варианты в наличии:
2025-10-22 00:39:48,323 - INFO -   • Размер L: 5289.00 CNY (stock_status=1)
2025-10-22 00:39:48,323 - INFO -   • Размер M: 5489.00 CNY (stock_status=1)
2025-10-22 00:39:48,323 - INFO -   • Размер S: 6999.00 CNY (stock_status=1)
2025-10-22 00:39:48,323 - INFO -   • Размер XL: 5699.00 CNY (stock_status=1)
2025-10-22 00:39:48,324 - INFO - ЭТАП 1: Создание товара в WooCommerce...
2025-10-22 00:39:48,324 - INFO - URL сайта: https://plummy.ru
2025-10-22 00:39:55,256 - INFO - ✓ УСПЕХ: Товар создан в WP с ID=242651
2025-10-22 00:39:55,320 - INFO - ================================================================================

2025-10-22 00:39:55,321 - INFO - 
================================================================================
2025-10-22 00:39:55,321 - INFO - [5/15] НАЧАЛО СИНХРОНИЗАЦИИ
2025-10-22 00:39:55,321 - INFO - Product ID: 2324
2025-10-22 00:39:55,321 - INFO - SPU ID: 15922366
2025-10-22 00:39:55,321 - INFO - Reference SKU: 740545472
2025-10-22 00:39:55,321 - INFO - Название: Supreme FW24 WEEK5 Spellout Embroidered Track Jacket
2025-10-22 00:39:55,321 - INFO - Бренд: Supreme
2025-10-22 00:39:55,321 - INFO - Категории: [1176, 1177]
2025-10-22 00:39:55,322 - INFO - ================================================================================
2025-10-22 00:39:55,322 - INFO - Всего вариантов: 3
2025-10-22 00:39:55,322 - INFO - В наличии: 3
2025-10-22 00:39:55,322 - INFO - Нет в наличии: 0
2025-10-22 00:39:55,322 - INFO - Варианты в наличии:
2025-10-22 00:39:55,322 - INFO -   • Размер L: 1899.00 CNY (stock_status=1)
2025-10-22 00:39:55,322 - INFO -   • Размер M: 1699.00 CNY (stock_status=1)
2025-10-22 00:39:55,322 - INFO -   • Размер XL: 2159.00 CNY (stock_status=1)
2025-10-22 00:39:55,322 - INFO - ЭТАП 1: Создание товара в WooCommerce...
2025-10-22 00:39:55,322 - INFO - URL сайта: https://plummy.ru
2025-10-22 00:40:05,674 - INFO - ✓ УСПЕХ: Товар создан в WP с ID=242665
2025-10-22 00:40:05,740 - INFO - ================================================================================

2025-10-22 00:40:05,740 - INFO - 
================================================================================
2025-10-22 00:40:05,741 - INFO - [6/15] НАЧАЛО СИНХРОНИЗАЦИИ
2025-10-22 00:40:05,741 - INFO - Product ID: 2325
2025-10-22 00:40:05,741 - INFO - SPU ID: 16209199
2025-10-22 00:40:05,741 - INFO - Reference SKU: 744743890
2025-10-22 00:40:05,741 - INFO - Название: Nike ACGTHERMAFIT ADV Lunar Lake PrimaLoft
2025-10-22 00:40:05,741 - INFO - Бренд: Nike
2025-10-22 00:40:05,741 - INFO - Категории: [1176, 1177]
2025-10-22 00:40:05,741 - INFO - ================================================================================
2025-10-22 00:40:05,741 - INFO - Всего вариантов: 5
2025-10-22 00:40:05,741 - INFO - В наличии: 5
2025-10-22 00:40:05,741 - INFO - Нет в наличии: 0
2025-10-22 00:40:05,742 - INFO - Варианты в наличии:
2025-10-22 00:40:05,742 - INFO -   • Размер L: 1319.00 CNY (stock_status=1)
2025-10-22 00:40:05,742 - INFO -   • Размер M: 1399.00 CNY (stock_status=1)
2025-10-22 00:40:05,742 - INFO -   • Размер S: 1709.00 CNY (stock_status=1)
2025-10-22 00:40:05,742 - INFO -   • Размер XL: 1419.00 CNY (stock_status=1)
2025-10-22 00:40:05,742 - INFO -   • Размер XXL: 1459.00 CNY (stock_status=1)
2025-10-22 00:40:05,742 - INFO - ЭТАП 1: Создание товара в WooCommerce...
2025-10-22 00:40:05,742 - INFO - URL сайта: https://plummy.ru
2025-10-22 00:40:22,671 - INFO - ✓ УСПЕХ: Товар создан в WP с ID=242677
2025-10-22 00:40:22,735 - INFO - ================================================================================

2025-10-22 00:40:22,736 - INFO - 
================================================================================
2025-10-22 00:40:22,736 - INFO - [7/15] НАЧАЛО СИНХРОНИЗАЦИИ
2025-10-22 00:40:22,736 - INFO - Product ID: 2326
2025-10-22 00:40:22,736 - INFO - SPU ID: 17170241
2025-10-22 00:40:22,736 - INFO - Reference SKU: 760028732
2025-10-22 00:40:22,736 - INFO - Название: Nike ACGTHERMAFIT ADV Lunar Lake
2025-10-22 00:40:22,736 - INFO - Бренд: Nike
2025-10-22 00:40:22,736 - INFO - Категории: [1176, 1177]
2025-10-22 00:40:22,736 - INFO - ================================================================================
2025-10-22 00:40:22,736 - INFO - Всего вариантов: 1
2025-10-22 00:40:22,736 - INFO - В наличии: 1
2025-10-22 00:40:22,736 - INFO - Нет в наличии: 0
2025-10-22 00:40:22,736 - INFO - Варианты в наличии:
2025-10-22 00:40:22,736 - INFO -   • Размер L(12-14): 1299.00 CNY (stock_status=1)
2025-10-22 00:40:22,737 - INFO - ЭТАП 1: Создание товара в WooCommerce...
2025-10-22 00:40:22,737 - INFO - URL сайта: https://plummy.ru
2025-10-22 00:40:31,109 - INFO - ✓ УСПЕХ: Товар создан в WP с ID=242693
2025-10-22 00:40:31,172 - INFO - ================================================================================

2025-10-22 00:40:31,173 - INFO - 
================================================================================
2025-10-22 00:40:31,173 - INFO - [8/15] НАЧАЛО СИНХРОНИЗАЦИИ
2025-10-22 00:40:31,173 - INFO - Product ID: 2328
2025-10-22 00:40:31,173 - INFO - SPU ID: 18081046
2025-10-22 00:40:31,173 - INFO - Reference SKU: 775584276
2025-10-22 00:40:31,173 - INFO - Название: Stussy BEACH SHELL CRACKED RIPSTOP logo
2025-10-22 00:40:31,173 - INFO - Бренд: Stussy
2025-10-22 00:40:31,173 - INFO - Категории: [1176, 1177]
2025-10-22 00:40:31,173 - INFO - ================================================================================
2025-10-22 00:40:31,173 - INFO - Всего вариантов: 2
2025-10-22 00:40:31,174 - INFO - В наличии: 2
2025-10-22 00:40:31,174 - INFO - Нет в наличии: 0
2025-10-22 00:40:31,174 - INFO - Варианты в наличии:
2025-10-22 00:40:31,174 - INFO -   • Размер L: 1809.00 CNY (stock_status=1)
2025-10-22 00:40:31,174 - INFO -   • Размер M: 1809.00 CNY (stock_status=1)
2025-10-22 00:40:31,174 - INFO - ЭТАП 1: Создание товара в WooCommerce...
2025-10-22 00:40:31,174 - INFO - URL сайта: https://plummy.ru
2025-10-22 00:40:38,707 - INFO - ✓ УСПЕХ: Товар создан в WP с ID=242701
2025-10-22 00:40:38,772 - INFO - ================================================================================

2025-10-22 00:40:38,772 - INFO - 
================================================================================
2025-10-22 00:40:38,773 - INFO - [9/15] НАЧАЛО СИНХРОНИЗАЦИИ
2025-10-22 00:40:38,773 - INFO - Product ID: 2329
2025-10-22 00:40:38,773 - INFO - SPU ID: 4005244
2025-10-22 00:40:38,773 - INFO - Reference SKU: 618574426
2025-10-22 00:40:38,773 - INFO - Название: Stussy SS23 DOUBLE DYE WORK JACKET
2025-10-22 00:40:38,773 - INFO - Бренд: Stussy
2025-10-22 00:40:38,773 - INFO - Категории: [1176, 1177]
2025-10-22 00:40:38,773 - INFO - ================================================================================
2025-10-22 00:40:38,773 - INFO - Всего вариантов: 1
2025-10-22 00:40:38,774 - INFO - В наличии: 1
2025-10-22 00:40:38,774 - INFO - Нет в наличии: 0
2025-10-22 00:40:38,774 - INFO - Варианты в наличии:
2025-10-22 00:40:38,774 - INFO -   • Размер L: 2399.00 CNY (stock_status=1)
2025-10-22 00:40:38,774 - INFO - ЭТАП 1: Создание товара в WooCommerce...
2025-10-22 00:40:38,774 - INFO - URL сайта: https://plummy.ru
2025-10-22 00:40:45,370 - INFO - ✓ УСПЕХ: Товар создан в WP с ID=242711
2025-10-22 00:40:45,433 - INFO - ================================================================================

2025-10-22 00:40:45,433 - INFO - 
================================================================================
2025-10-22 00:40:45,433 - INFO - [10/15] НАЧАЛО СИНХРОНИЗАЦИИ
2025-10-22 00:40:45,434 - INFO - Product ID: 2330
2025-10-22 00:40:45,434 - INFO - SPU ID: 7035465
2025-10-22 00:40:45,434 - INFO - Reference SKU: 792912824
2025-10-22 00:40:45,434 - INFO - Название: Stussy BUILT REVERSIBLE BOMBER JACKET
2025-10-22 00:40:45,434 - INFO - Бренд: Stussy
2025-10-22 00:40:45,434 - INFO - Категории: [1176, 1177]
2025-10-22 00:40:45,434 - INFO - ================================================================================
2025-10-22 00:40:45,434 - INFO - Всего вариантов: 4
2025-10-22 00:40:45,434 - INFO - В наличии: 4
2025-10-22 00:40:45,434 - INFO - Нет в наличии: 0
2025-10-22 00:40:45,434 - INFO - Варианты в наличии:
2025-10-22 00:40:45,434 - INFO -   • Размер L: 2589.00 CNY (stock_status=1)
2025-10-22 00:40:45,434 - INFO -   • Размер M: 2349.00 CNY (stock_status=1)
2025-10-22 00:40:45,434 - INFO -   • Размер S: 2799.00 CNY (stock_status=1)
2025-10-22 00:40:45,434 - INFO -   • Размер XL: 2179.00 CNY (stock_status=1)
2025-10-22 00:40:45,434 - INFO - ЭТАП 1: Создание товара в WooCommerce...
2025-10-22 00:40:45,434 - INFO - URL сайта: https://plummy.ru
2025-10-22 00:40:52,439 - INFO - ✓ УСПЕХ: Товар создан в WP с ID=242719
2025-10-22 00:40:52,500 - INFO - ================================================================================

2025-10-22 00:40:52,500 - INFO - 
================================================================================
2025-10-22 00:40:52,500 - INFO - [11/15] НАЧАЛО СИНХРОНИЗАЦИИ
2025-10-22 00:40:52,500 - INFO - Product ID: 2331
2025-10-22 00:40:52,500 - INFO - SPU ID: 18677351
2025-10-22 00:40:52,500 - INFO - Reference SKU: 785320237
2025-10-22 00:40:52,500 - INFO - Название: adidas originals CTT
2025-10-22 00:40:52,500 - INFO - Бренд: adidas originals
2025-10-22 00:40:52,500 - INFO - Категории: [1176, 1177]
2025-10-22 00:40:52,500 - INFO - ================================================================================
2025-10-22 00:40:52,500 - INFO - Всего вариантов: 8
2025-10-22 00:40:52,500 - INFO - В наличии: 8
2025-10-22 00:40:52,500 - INFO - Нет в наличии: 0
2025-10-22 00:40:52,500 - INFO - Варианты в наличии:
2025-10-22 00:40:52,500 - INFO -   • Размер 2XL: 2159.00 CNY (stock_status=1)
2025-10-22 00:40:52,500 - INFO -   • Размер 2XS: 3499.00 CNY (stock_status=1)
2025-10-22 00:40:52,501 - INFO -   • Размер 3XL: 3989.00 CNY (stock_status=1)
2025-10-22 00:40:52,501 - INFO -   • Размер L: 1719.00 CNY (stock_status=1)
2025-10-22 00:40:52,501 - INFO -   • Размер M: 1859.00 CNY (stock_status=1)
2025-10-22 00:40:52,501 - INFO - ЭТАП 1: Создание товара в WooCommerce...
2025-10-22 00:40:52,501 - INFO - URL сайта: https://plummy.ru
2025-10-22 00:41:05,489 - INFO - ✓ УСПЕХ: Товар создан в WP с ID=242733
2025-10-22 00:41:05,554 - INFO - ================================================================================

2025-10-22 00:41:05,555 - INFO - 
================================================================================
2025-10-22 00:41:05,555 - INFO - [12/15] НАЧАЛО СИНХРОНИЗАЦИИ
2025-10-22 00:41:05,555 - INFO - Product ID: 2332
2025-10-22 00:41:05,555 - INFO - SPU ID: 18105621
2025-10-22 00:41:05,555 - INFO - Reference SKU: 775973703
2025-10-22 00:41:05,555 - INFO - Название: PUMA x SKEPTA
2025-10-22 00:41:05,556 - INFO - Бренд: PUMA
2025-10-22 00:41:05,556 - INFO - Категории: [1176, 1177]
2025-10-22 00:41:05,556 - INFO - ================================================================================
2025-10-22 00:41:05,556 - INFO - Всего вариантов: 3
2025-10-22 00:41:05,556 - INFO - В наличии: 3
2025-10-22 00:41:05,556 - INFO - Нет в наличии: 0
2025-10-22 00:41:05,556 - INFO - Варианты в наличии:
2025-10-22 00:41:05,556 - INFO -   • Размер M: 1499.00 CNY (stock_status=1)
2025-10-22 00:41:05,556 - INFO -   • Размер S: 1099.00 CNY (stock_status=1)
2025-10-22 00:41:05,556 - INFO -   • Размер XL: 1299.00 CNY (stock_status=1)
2025-10-22 00:41:05,557 - INFO - ЭТАП 1: Создание товара в WooCommerce...
2025-10-22 00:41:05,557 - INFO - URL сайта: https://plummy.ru
2025-10-22 00:41:11,552 - INFO - ✓ УСПЕХ: Товар создан в WP с ID=242755
2025-10-22 00:41:11,639 - INFO - ================================================================================

2025-10-22 00:41:11,639 - INFO - 
================================================================================
2025-10-22 00:41:11,640 - INFO - [13/15] НАЧАЛО СИНХРОНИЗАЦИИ
2025-10-22 00:41:11,640 - INFO - Product ID: 2333
2025-10-22 00:41:11,640 - INFO - SPU ID: 15125978
2025-10-22 00:41:11,640 - INFO - Reference SKU: 727753425
2025-10-22 00:41:11,640 - INFO - Название: DIESEL FW24
2025-10-22 00:41:11,640 - INFO - Бренд: DIESEL
2025-10-22 00:41:11,640 - INFO - Категории: [1176, 1177]
2025-10-22 00:41:11,640 - INFO - ================================================================================
2025-10-22 00:41:11,640 - INFO - Всего вариантов: 3
2025-10-22 00:41:11,640 - INFO - В наличии: 3
2025-10-22 00:41:11,640 - INFO - Нет в наличии: 0
2025-10-22 00:41:11,640 - INFO - Варианты в наличии:
2025-10-22 00:41:11,641 - INFO -   • Размер 48: 1979.00 CNY (stock_status=1)
2025-10-22 00:41:11,641 - INFO -   • Размер 50: 2499.00 CNY (stock_status=1)
2025-10-22 00:41:11,641 - INFO -   • Размер 52: 2179.00 CNY (stock_status=1)
2025-10-22 00:41:11,641 - INFO - ЭТАП 1: Создание товара в WooCommerce...
2025-10-22 00:41:11,641 - INFO - URL сайта: https://plummy.ru
2025-10-22 00:41:24,094 - INFO - ✓ УСПЕХ: Товар создан в WP с ID=242764
2025-10-22 00:41:24,161 - INFO - ================================================================================

2025-10-22 00:41:24,161 - INFO - 
================================================================================
2025-10-22 00:41:24,161 - INFO - [14/15] НАЧАЛО СИНХРОНИЗАЦИИ
2025-10-22 00:41:24,168 - INFO - Product ID: 2334
2025-10-22 00:41:24,168 - INFO - SPU ID: 7217045
2025-10-22 00:41:24,169 - INFO - Reference SKU: 868687930
2025-10-22 00:41:24,169 - INFO - Название: DIESEL FW23
2025-10-22 00:41:24,169 - INFO - Бренд: DIESEL
2025-10-22 00:41:24,169 - INFO - Категории: [1176, 1177]
2025-10-22 00:41:24,169 - INFO - ================================================================================
2025-10-22 00:41:24,169 - INFO - Всего вариантов: 3
2025-10-22 00:41:24,169 - INFO - В наличии: 3
2025-10-22 00:41:24,169 - INFO - Нет в наличии: 0
2025-10-22 00:41:24,169 - INFO - Варианты в наличии:
2025-10-22 00:41:24,169 - INFO -   • Размер 44: 1799.00 CNY (stock_status=1)
2025-10-22 00:41:24,169 - INFO -   • Размер 46: 1899.00 CNY (stock_status=1)
2025-10-22 00:41:24,169 - INFO -   • Размер 56: 1799.00 CNY (stock_status=1)
2025-10-22 00:41:24,170 - INFO - ЭТАП 1: Создание товара в WooCommerce...
2025-10-22 00:41:24,170 - INFO - URL сайта: https://plummy.ru
2025-10-22 00:41:30,310 - INFO - ✓ УСПЕХ: Товар создан в WP с ID=242776
2025-10-22 00:41:30,375 - INFO - ================================================================================

2025-10-22 00:41:30,375 - INFO - 
================================================================================
2025-10-22 00:41:30,375 - INFO - [15/15] НАЧАЛО СИНХРОНИЗАЦИИ
2025-10-22 00:41:30,375 - INFO - Product ID: 2335
2025-10-22 00:41:30,375 - INFO - SPU ID: 2612551
2025-10-22 00:41:30,375 - INFO - Reference SKU: 610075567
2025-10-22 00:41:30,375 - INFO - Название: DIESEL SS22
2025-10-22 00:41:30,375 - INFO - Бренд: DIESEL
2025-10-22 00:41:30,375 - INFO - Категории: [1176, 1177]
2025-10-22 00:41:30,375 - INFO - ================================================================================
2025-10-22 00:41:30,375 - INFO - Всего вариантов: 1
2025-10-22 00:41:30,375 - INFO - В наличии: 1
2025-10-22 00:41:30,376 - INFO - Нет в наличии: 0
2025-10-22 00:41:30,376 - INFO - Варианты в наличии:
2025-10-22 00:41:30,376 - INFO -   • Размер L: 1589.00 CNY (stock_status=1)
2025-10-22 00:41:30,376 - INFO - ЭТАП 1: Создание товара в WooCommerce...
2025-10-22 00:41:30,376 - INFO - URL сайта: https://plummy.ru
2025-10-22 00:41:38,235 - INFO - ✓ УСПЕХ: Товар создан в WP с ID=242788
2025-10-22 00:41:38,302 - INFO - ================================================================================

2025-10-22 00:41:38,328 - INFO - ================================================================================
2025-10-22 00:41:38,328 - INFO - ЗАВЕРШЕНИЕ: Создано 15, Ошибок 0, Пропущено 0
2025-10-22 00:41:38,328 - INFO - ================================================================================
