2025-10-20 00:47:31,686 - INFO - ================================================================================
2025-10-20 00:47:31,688 - INFO - НАЧАЛО ДЕТАЛЬНОГО ЛОГИРОВАНИЯ sync_new
2025-10-20 00:47:31,688 - INFO - ================================================================================
2025-10-20 00:47:31,754 - INFO - Всего товаров без WP ID: 32
2025-10-20 00:47:31,754 - INFO - С загруженными данными: 26
2025-10-20 00:47:31,754 - INFO - Пропущено (без данных): 6
2025-10-20 00:47:31,758 - INFO - 
================================================================================
2025-10-20 00:47:31,758 - INFO - [1/26] НАЧАЛО СИНХРОНИЗАЦИИ
2025-10-20 00:47:31,758 - INFO - Product ID: 2093
2025-10-20 00:47:31,758 - INFO - SPU ID: 4298211
2025-10-20 00:47:31,758 - INFO - Reference SKU: 620364747
2025-10-20 00:47:31,758 - INFO - Название: Arcteryx
2025-10-20 00:47:31,758 - INFO - Бренд: Arcteryx
2025-10-20 00:47:31,758 - INFO - Категории: [124, 132]
2025-10-20 00:47:31,758 - INFO - ================================================================================
2025-10-20 00:47:31,758 - INFO - Всего вариантов: 1
2025-10-20 00:47:31,758 - INFO - В наличии: 1
2025-10-20 00:47:31,758 - INFO - Нет в наличии: 0
2025-10-20 00:47:31,758 - INFO - Варианты в наличии:
2025-10-20 00:47:31,758 - INFO -   • Размер ONE SIZE: 509.00 CNY (stock_status=1)
2025-10-20 00:47:31,758 - INFO - ЭТАП 1: Создание товара в WooCommerce...
2025-10-20 00:47:31,758 - INFO - URL сайта: https://plummy.ru
2025-10-20 00:56:47,077 - INFO - ✓ УСПЕХ: Товар создан в WP с ID=238761
2025-10-20 00:56:47,178 - INFO - ================================================================================

2025-10-20 00:56:47,178 - INFO - 
================================================================================
2025-10-20 00:56:47,178 - INFO - [2/26] НАЧАЛО СИНХРОНИЗАЦИИ
2025-10-20 00:56:47,178 - INFO - Product ID: 2094
2025-10-20 00:56:47,178 - INFO - SPU ID: 4298211
2025-10-20 00:56:47,178 - INFO - Reference SKU: 944487425
2025-10-20 00:56:47,178 - INFO - Название: Arcteryx
2025-10-20 00:56:47,178 - INFO - Бренд: Arcteryx
2025-10-20 00:56:47,178 - INFO - Категории: [124, 132]
2025-10-20 00:56:47,178 - INFO - ================================================================================
2025-10-20 00:56:47,178 - INFO - Всего вариантов: 1
2025-10-20 00:56:47,178 - INFO - В наличии: 1
2025-10-20 00:56:47,178 - INFO - Нет в наличии: 0
2025-10-20 00:56:47,178 - INFO - Варианты в наличии:
2025-10-20 00:56:47,178 - INFO -   • Размер ONE SIZE: 529.00 CNY (stock_status=1)
2025-10-20 00:56:47,178 - INFO - ЭТАП 1: Создание товара в WooCommerce...
2025-10-20 00:56:47,178 - INFO - URL сайта: https://plummy.ru
2025-10-20 01:06:03,689 - INFO - ✓ УСПЕХ: Товар создан в WP с ID=238773
2025-10-20 01:06:03,791 - INFO - ================================================================================

2025-10-20 01:06:03,791 - INFO - 
================================================================================
2025-10-20 01:06:03,791 - INFO - [3/26] НАЧАЛО СИНХРОНИЗАЦИИ
2025-10-20 01:06:03,791 - INFO - Product ID: 2095
2025-10-20 01:06:03,791 - INFO - SPU ID: 29868936
2025-10-20 01:06:03,791 - INFO - Reference SKU: 978607658
2025-10-20 01:06:03,791 - INFO - Название: MUSTKOO
2025-10-20 01:06:03,791 - INFO - Бренд: MUSTKOO
2025-10-20 01:06:03,792 - INFO - Категории: [124, 132]
2025-10-20 01:06:03,792 - INFO - ================================================================================
2025-10-20 01:06:03,792 - INFO - Всего вариантов: 1
2025-10-20 01:06:03,792 - INFO - В наличии: 1
2025-10-20 01:06:03,792 - INFO - Нет в наличии: 0
2025-10-20 01:06:03,792 - INFO - Варианты в наличии:
2025-10-20 01:06:03,792 - INFO -   • Размер ONE SIZE: 119.00 CNY (stock_status=1)
2025-10-20 01:06:03,792 - INFO - ЭТАП 1: Создание товара в WooCommerce...
2025-10-20 01:06:03,792 - INFO - URL сайта: https://plummy.ru
2025-10-20 01:06:11,839 - INFO - ✓ УСПЕХ: Товар создан в WP с ID=238784
2025-10-20 01:06:11,914 - INFO - ================================================================================

2025-10-20 01:06:11,915 - INFO - 
================================================================================
2025-10-20 01:06:11,915 - INFO - [4/26] НАЧАЛО СИНХРОНИЗАЦИИ
2025-10-20 01:06:11,915 - INFO - Product ID: 2096
2025-10-20 01:06:11,915 - INFO - SPU ID: 29868936
2025-10-20 01:06:11,915 - INFO - Reference SKU: 978607655
2025-10-20 01:06:11,915 - INFO - Название: MUSTKOO
2025-10-20 01:06:11,915 - INFO - Бренд: MUSTKOO
2025-10-20 01:06:11,915 - INFO - Категории: [124, 132]
2025-10-20 01:06:11,915 - INFO - ================================================================================
2025-10-20 01:06:11,915 - INFO - Всего вариантов: 1
2025-10-20 01:06:11,915 - INFO - В наличии: 1
2025-10-20 01:06:11,915 - INFO - Нет в наличии: 0
2025-10-20 01:06:11,915 - INFO - Варианты в наличии:
2025-10-20 01:06:11,915 - INFO -   • Размер ONE SIZE: 119.00 CNY (stock_status=1)
2025-10-20 01:06:11,916 - INFO - ЭТАП 1: Создание товара в WooCommerce...
2025-10-20 01:06:11,916 - INFO - URL сайта: https://plummy.ru
2025-10-20 01:06:18,136 - INFO - ✓ УСПЕХ: Товар создан в WP с ID=238792
2025-10-20 01:06:18,201 - INFO - ================================================================================

2025-10-20 01:06:18,202 - INFO - 
================================================================================
2025-10-20 01:06:18,202 - INFO - [5/26] НАЧАЛО СИНХРОНИЗАЦИИ
2025-10-20 01:06:18,202 - INFO - Product ID: 2097
2025-10-20 01:06:18,202 - INFO - SPU ID: 3515710
2025-10-20 01:06:18,203 - INFO - Reference SKU: 615871790
2025-10-20 01:06:18,203 - INFO - Название: adidas originals
2025-10-20 01:06:18,203 - INFO - Бренд: adidas originals
2025-10-20 01:06:18,203 - INFO - Категории: [124, 132]
2025-10-20 01:06:18,203 - INFO - ================================================================================
2025-10-20 01:06:18,203 - INFO - Всего вариантов: 1
2025-10-20 01:06:18,203 - INFO - В наличии: 1
2025-10-20 01:06:18,203 - INFO - Нет в наличии: 0
2025-10-20 01:06:18,203 - INFO - Варианты в наличии:
2025-10-20 01:06:18,203 - INFO -   • Размер ONE SIZE: 259.00 CNY (stock_status=1)
2025-10-20 01:06:18,203 - INFO - ЭТАП 1: Создание товара в WooCommerce...
2025-10-20 01:06:18,204 - INFO - URL сайта: https://plummy.ru
2025-10-20 01:06:22,590 - INFO - ✓ УСПЕХ: Товар создан в WP с ID=238800
2025-10-20 01:06:22,653 - INFO - ================================================================================

2025-10-20 01:06:22,654 - INFO - 
================================================================================
2025-10-20 01:06:22,654 - INFO - [6/26] НАЧАЛО СИНХРОНИЗАЦИИ
2025-10-20 01:06:22,654 - INFO - Product ID: 2098
2025-10-20 01:06:22,654 - INFO - SPU ID: 1777155
2025-10-20 01:06:22,654 - INFO - Reference SKU: 604940664
2025-10-20 01:06:22,654 - INFO - Название: Carhartt Logo
2025-10-20 01:06:22,654 - INFO - Бренд: Carhartt
2025-10-20 01:06:22,654 - INFO - Категории: [124, 132]
2025-10-20 01:06:22,655 - INFO - ================================================================================
2025-10-20 01:06:22,655 - INFO - Всего вариантов: 1
2025-10-20 01:06:22,655 - INFO - В наличии: 1
2025-10-20 01:06:22,655 - INFO - Нет в наличии: 0
2025-10-20 01:06:22,655 - INFO - Варианты в наличии:
2025-10-20 01:06:22,655 - INFO -   • Размер ONE SIZE: 210.00 CNY (stock_status=1)
2025-10-20 01:06:22,655 - INFO - ЭТАП 1: Создание товара в WooCommerce...
2025-10-20 01:06:22,655 - INFO - URL сайта: https://plummy.ru
2025-10-20 01:06:26,697 - INFO - ✓ УСПЕХ: Товар создан в WP с ID=238805
2025-10-20 01:06:26,757 - INFO - ================================================================================

2025-10-20 01:06:26,758 - INFO - 
================================================================================
2025-10-20 01:06:26,758 - INFO - [7/26] НАЧАЛО СИНХРОНИЗАЦИИ
2025-10-20 01:06:26,758 - INFO - Product ID: 2099
2025-10-20 01:06:26,758 - INFO - SPU ID: 1777160
2025-10-20 01:06:26,758 - INFO - Reference SKU: 604940227
2025-10-20 01:06:26,758 - INFO - Название: Carhartt
2025-10-20 01:06:26,758 - INFO - Бренд: Carhartt
2025-10-20 01:06:26,758 - INFO - Категории: [124, 132]
2025-10-20 01:06:26,758 - INFO - ================================================================================
2025-10-20 01:06:26,759 - INFO - Всего вариантов: 1
2025-10-20 01:06:26,759 - INFO - В наличии: 1
2025-10-20 01:06:26,759 - INFO - Нет в наличии: 0
2025-10-20 01:06:26,759 - INFO - Варианты в наличии:
2025-10-20 01:06:26,759 - INFO -   • Размер ONE SIZE: 185.00 CNY (stock_status=1)
2025-10-20 01:06:26,759 - INFO - ЭТАП 1: Создание товара в WooCommerce...
2025-10-20 01:06:26,759 - INFO - URL сайта: https://plummy.ru
2025-10-20 01:06:30,821 - INFO - ✓ УСПЕХ: Товар создан в WP с ID=238810
2025-10-20 01:06:30,883 - INFO - ================================================================================

2025-10-20 01:06:30,883 - INFO - 
================================================================================
2025-10-20 01:06:30,883 - INFO - [8/26] НАЧАЛО СИНХРОНИЗАЦИИ
2025-10-20 01:06:30,883 - INFO - Product ID: 2100
2025-10-20 01:06:30,884 - INFO - SPU ID: 1182043
2025-10-20 01:06:30,884 - INFO - Reference SKU: 601288876
2025-10-20 01:06:30,884 - INFO - Название: Converse Logo
2025-10-20 01:06:30,884 - INFO - Бренд: Converse
2025-10-20 01:06:30,884 - INFO - Категории: [124, 132]
2025-10-20 01:06:30,884 - INFO - ================================================================================
2025-10-20 01:06:30,884 - INFO - Всего вариантов: 1
2025-10-20 01:06:30,884 - INFO - В наличии: 1
2025-10-20 01:06:30,884 - INFO - Нет в наличии: 0
2025-10-20 01:06:30,884 - INFO - Варианты в наличии:
2025-10-20 01:06:30,884 - INFO -   • Размер ONE SIZE: 95.00 CNY (stock_status=1)
2025-10-20 01:06:30,885 - INFO - ЭТАП 1: Создание товара в WooCommerce...
2025-10-20 01:06:30,885 - INFO - URL сайта: https://plummy.ru
2025-10-20 01:06:36,772 - INFO - ✓ УСПЕХ: Товар создан в WP с ID=238816
2025-10-20 01:06:36,836 - INFO - ================================================================================

2025-10-20 01:06:36,836 - INFO - 
================================================================================
2025-10-20 01:06:36,836 - INFO - [9/26] НАЧАЛО СИНХРОНИЗАЦИИ
2025-10-20 01:06:36,836 - INFO - Product ID: 2101
2025-10-20 01:06:36,836 - INFO - SPU ID: 6562475
2025-10-20 01:06:36,836 - INFO - Reference SKU: 635033921
2025-10-20 01:06:36,836 - INFO - Название: Nike Logo
2025-10-20 01:06:36,836 - INFO - Бренд: Nike
2025-10-20 01:06:36,836 - INFO - Категории: [124, 132]
2025-10-20 01:06:36,836 - INFO - ================================================================================
2025-10-20 01:06:36,836 - INFO - Всего вариантов: 1
2025-10-20 01:06:36,837 - INFO - В наличии: 1
2025-10-20 01:06:36,837 - INFO - Нет в наличии: 0
2025-10-20 01:06:36,837 - INFO - Варианты в наличии:
2025-10-20 01:06:36,837 - INFO -   • Размер ONE SIZE: 213.00 CNY (stock_status=1)
2025-10-20 01:06:36,837 - INFO - ЭТАП 1: Создание товара в WooCommerce...
2025-10-20 01:06:36,837 - INFO - URL сайта: https://plummy.ru
2025-10-20 01:06:42,792 - INFO - ✓ УСПЕХ: Товар создан в WP с ID=238822
2025-10-20 01:06:42,868 - INFO - ================================================================================

2025-10-20 01:06:42,869 - INFO - 
================================================================================
2025-10-20 01:06:42,869 - INFO - [10/26] НАЧАЛО СИНХРОНИЗАЦИИ
2025-10-20 01:06:42,869 - INFO - Product ID: 2102
2025-10-20 01:06:42,869 - INFO - SPU ID: 15035437
2025-10-20 01:06:42,869 - INFO - Reference SKU: 726408566
2025-10-20 01:06:42,869 - INFO - Название: Carhartt WIP
2025-10-20 01:06:42,869 - INFO - Бренд: Carhartt WIP
2025-10-20 01:06:42,869 - INFO - Категории: [124, 132]
2025-10-20 01:06:42,869 - INFO - ================================================================================
2025-10-20 01:06:42,869 - INFO - Всего вариантов: 1
2025-10-20 01:06:42,869 - INFO - В наличии: 1
2025-10-20 01:06:42,869 - INFO - Нет в наличии: 0
2025-10-20 01:06:42,869 - INFO - Варианты в наличии:
2025-10-20 01:06:42,869 - INFO -   • Размер ONE SIZE: 194.00 CNY (stock_status=1)
2025-10-20 01:06:42,869 - INFO - ЭТАП 1: Создание товара в WooCommerce...
2025-10-20 01:06:42,869 - INFO - URL сайта: https://plummy.ru
2025-10-20 01:06:48,480 - INFO - ✓ УСПЕХ: Товар создан в WP с ID=238828
2025-10-20 01:06:48,541 - INFO - ================================================================================

2025-10-20 01:06:48,541 - INFO - 
================================================================================
2025-10-20 01:06:48,541 - INFO - [11/26] НАЧАЛО СИНХРОНИЗАЦИИ
2025-10-20 01:06:48,541 - INFO - Product ID: 2103
2025-10-20 01:06:48,541 - INFO - SPU ID: 7630479
2025-10-20 01:06:48,541 - INFO - Reference SKU: 643468851
2025-10-20 01:06:48,541 - INFO - Название: BEASTER
2025-10-20 01:06:48,541 - INFO - Бренд: BEASTER
2025-10-20 01:06:48,541 - INFO - Категории: [124, 132]
2025-10-20 01:06:48,541 - INFO - ================================================================================
2025-10-20 01:06:48,541 - INFO - Всего вариантов: 1
2025-10-20 01:06:48,541 - INFO - В наличии: 1
2025-10-20 01:06:48,541 - INFO - Нет в наличии: 0
2025-10-20 01:06:48,541 - INFO - Варианты в наличии:
2025-10-20 01:06:48,542 - INFO -   • Размер ONE SIZE: 99.00 CNY (stock_status=1)
2025-10-20 01:06:48,542 - INFO - ЭТАП 1: Создание товара в WooCommerce...
2025-10-20 01:06:48,542 - INFO - URL сайта: https://plummy.ru
2025-10-20 01:06:56,533 - INFO - ✓ УСПЕХ: Товар создан в WP с ID=238836
2025-10-20 01:06:56,590 - INFO - ================================================================================

2025-10-20 01:06:56,590 - INFO - 
================================================================================
2025-10-20 01:06:56,590 - INFO - [12/26] НАЧАЛО СИНХРОНИЗАЦИИ
2025-10-20 01:06:56,590 - INFO - Product ID: 2104
2025-10-20 01:06:56,590 - INFO - SPU ID: 7630479
2025-10-20 01:06:56,590 - INFO - Reference SKU: 643468854
2025-10-20 01:06:56,590 - INFO - Название: BEASTER
2025-10-20 01:06:56,590 - INFO - Бренд: BEASTER
2025-10-20 01:06:56,591 - INFO - Категории: [124, 132]
2025-10-20 01:06:56,591 - INFO - ================================================================================
2025-10-20 01:06:56,591 - INFO - Всего вариантов: 1
2025-10-20 01:06:56,591 - INFO - В наличии: 1
2025-10-20 01:06:56,591 - INFO - Нет в наличии: 0
2025-10-20 01:06:56,591 - INFO - Варианты в наличии:
2025-10-20 01:06:56,591 - INFO -   • Размер ONE SIZE: 99.00 CNY (stock_status=1)
2025-10-20 01:06:56,591 - INFO - ЭТАП 1: Создание товара в WooCommerce...
2025-10-20 01:06:56,591 - INFO - URL сайта: https://plummy.ru
2025-10-20 01:07:08,702 - INFO - ✓ УСПЕХ: Товар создан в WP с ID=238844
2025-10-20 01:07:08,769 - INFO - ================================================================================

2025-10-20 01:07:08,769 - INFO - 
================================================================================
2025-10-20 01:07:08,769 - INFO - [13/26] НАЧАЛО СИНХРОНИЗАЦИИ
2025-10-20 01:07:08,769 - INFO - Product ID: 2105
2025-10-20 01:07:08,769 - INFO - SPU ID: 6728199
2025-10-20 01:07:08,769 - INFO - Reference SKU: 636392175
2025-10-20 01:07:08,769 - INFO - Название: THE NORTH FACE
2025-10-20 01:07:08,769 - INFO - Бренд: THE NORTH FACE
2025-10-20 01:07:08,769 - INFO - Категории: [124, 132]
2025-10-20 01:07:08,769 - INFO - ================================================================================
2025-10-20 01:07:08,770 - INFO - Всего вариантов: 1
2025-10-20 01:07:08,770 - INFO - В наличии: 1
2025-10-20 01:07:08,770 - INFO - Нет в наличии: 0
2025-10-20 01:07:08,770 - INFO - Варианты в наличии:
2025-10-20 01:07:08,770 - INFO -   • Размер ONE SIZE: 281.00 CNY (stock_status=1)
2025-10-20 01:07:08,770 - INFO - ЭТАП 1: Создание товара в WooCommerce...
2025-10-20 01:07:08,770 - INFO - URL сайта: https://plummy.ru
2025-10-20 01:07:15,984 - INFO - ✓ УСПЕХ: Товар создан в WP с ID=238852
2025-10-20 01:07:16,047 - INFO - ================================================================================

2025-10-20 01:07:16,047 - INFO - 
================================================================================
2025-10-20 01:07:16,047 - INFO - [14/26] НАЧАЛО СИНХРОНИЗАЦИИ
2025-10-20 01:07:16,047 - INFO - Product ID: 2106
2025-10-20 01:07:16,048 - INFO - SPU ID: 52824
2025-10-20 01:07:16,048 - INFO - Reference SKU: 316940839
2025-10-20 01:07:16,048 - INFO - Название: Champion
2025-10-20 01:07:16,048 - INFO - Бренд: Champion
2025-10-20 01:07:16,048 - INFO - Категории: [124, 132]
2025-10-20 01:07:16,048 - INFO - ================================================================================
2025-10-20 01:07:16,048 - INFO - Всего вариантов: 1
2025-10-20 01:07:16,048 - INFO - В наличии: 1
2025-10-20 01:07:16,048 - INFO - Нет в наличии: 0
2025-10-20 01:07:16,048 - INFO - Варианты в наличии:
2025-10-20 01:07:16,048 - INFO -   • Размер ONE SIZE: 119.00 CNY (stock_status=1)
2025-10-20 01:07:16,049 - INFO - ЭТАП 1: Создание товара в WooCommerce...
2025-10-20 01:07:16,049 - INFO - URL сайта: https://plummy.ru
2025-10-20 01:07:20,289 - INFO - ✓ УСПЕХ: Товар создан в WP с ID=238857
2025-10-20 01:07:20,345 - INFO - ================================================================================

2025-10-20 01:07:20,346 - INFO - 
================================================================================
2025-10-20 01:07:20,346 - INFO - [15/26] НАЧАЛО СИНХРОНИЗАЦИИ
2025-10-20 01:07:20,346 - INFO - Product ID: 2107
2025-10-20 01:07:20,346 - INFO - SPU ID: 52831
2025-10-20 01:07:20,346 - INFO - Reference SKU: 316983808
2025-10-20 01:07:20,346 - INFO - Название: Champion
2025-10-20 01:07:20,347 - INFO - Бренд: Champion
2025-10-20 01:07:20,347 - INFO - Категории: [124, 132]
2025-10-20 01:07:20,347 - INFO - ================================================================================
2025-10-20 01:07:20,347 - INFO - Всего вариантов: 1
2025-10-20 01:07:20,347 - INFO - В наличии: 1
2025-10-20 01:07:20,347 - INFO - Нет в наличии: 0
2025-10-20 01:07:20,347 - INFO - Варианты в наличии:
2025-10-20 01:07:20,347 - INFO -   • Размер ONE SIZE: 117.00 CNY (stock_status=1)
2025-10-20 01:07:20,347 - INFO - ЭТАП 1: Создание товара в WooCommerce...
2025-10-20 01:07:20,347 - INFO - URL сайта: https://plummy.ru
2025-10-20 01:07:25,950 - INFO - ✓ УСПЕХ: Товар создан в WP с ID=238863
2025-10-20 01:07:26,014 - INFO - ================================================================================

2025-10-20 01:07:26,015 - INFO - 
================================================================================
2025-10-20 01:07:26,015 - INFO - [16/26] НАЧАЛО СИНХРОНИЗАЦИИ
2025-10-20 01:07:26,015 - INFO - Product ID: 2108
2025-10-20 01:07:26,016 - INFO - SPU ID: 74746
2025-10-20 01:07:26,016 - INFO - Reference SKU: 448471765
2025-10-20 01:07:26,016 - INFO - Название: Jordan
2025-10-20 01:07:26,016 - INFO - Бренд: Jordan
2025-10-20 01:07:26,016 - INFO - Категории: [124, 132]
2025-10-20 01:07:26,016 - INFO - ================================================================================
2025-10-20 01:07:26,016 - INFO - Всего вариантов: 1
2025-10-20 01:07:26,016 - INFO - В наличии: 1
2025-10-20 01:07:26,016 - INFO - Нет в наличии: 0
2025-10-20 01:07:26,016 - INFO - Варианты в наличии:
2025-10-20 01:07:26,017 - INFO -   • Размер ONE SIZE: 309.00 CNY (stock_status=1)
2025-10-20 01:07:26,017 - INFO - ЭТАП 1: Создание товара в WooCommerce...
2025-10-20 01:07:26,017 - INFO - URL сайта: https://plummy.ru
2025-10-20 01:07:30,576 - INFO - ✓ УСПЕХ: Товар создан в WP с ID=238870
2025-10-20 01:07:30,632 - INFO - ================================================================================

2025-10-20 01:07:30,632 - INFO - 
================================================================================
2025-10-20 01:07:30,632 - INFO - [17/26] НАЧАЛО СИНХРОНИЗАЦИИ
2025-10-20 01:07:30,633 - INFO - Product ID: 2109
2025-10-20 01:07:30,633 - INFO - SPU ID: 16517893
2025-10-20 01:07:30,633 - INFO - Reference SKU: 749676842
2025-10-20 01:07:30,633 - INFO - Название: US POLO ASSN
2025-10-20 01:07:30,633 - INFO - Бренд: US POLO ASSN
2025-10-20 01:07:30,633 - INFO - Категории: [124, 132]
2025-10-20 01:07:30,633 - INFO - ================================================================================
2025-10-20 01:07:30,633 - INFO - Всего вариантов: 1
2025-10-20 01:07:30,633 - INFO - В наличии: 1
2025-10-20 01:07:30,633 - INFO - Нет в наличии: 0
2025-10-20 01:07:30,633 - INFO - Варианты в наличии:
2025-10-20 01:07:30,633 - INFO -   • Размер ONE SIZE: 99.00 CNY (stock_status=1)
2025-10-20 01:07:30,634 - INFO - ЭТАП 1: Создание товара в WooCommerce...
2025-10-20 01:07:30,634 - INFO - URL сайта: https://plummy.ru
2025-10-20 01:07:38,962 - INFO - ✓ УСПЕХ: Товар создан в WP с ID=238876
2025-10-20 01:07:39,028 - INFO - ================================================================================

2025-10-20 01:07:39,028 - INFO - 
================================================================================
2025-10-20 01:07:39,028 - INFO - [18/26] НАЧАЛО СИНХРОНИЗАЦИИ
2025-10-20 01:07:39,028 - INFO - Product ID: 2110
2025-10-20 01:07:39,028 - INFO - SPU ID: 6144493
2025-10-20 01:07:39,028 - INFO - Reference SKU: 631772897
2025-10-20 01:07:39,028 - INFO - Название: Aape
2025-10-20 01:07:39,028 - INFO - Бренд: Aape
2025-10-20 01:07:39,029 - INFO - Категории: [124, 132]
2025-10-20 01:07:39,029 - INFO - ================================================================================
2025-10-20 01:07:39,029 - INFO - Всего вариантов: 1
2025-10-20 01:07:39,029 - INFO - В наличии: 1
2025-10-20 01:07:39,029 - INFO - Нет в наличии: 0
2025-10-20 01:07:39,029 - INFO - Варианты в наличии:
2025-10-20 01:07:39,029 - INFO -   • Размер ONE SIZE: 359.00 CNY (stock_status=1)
2025-10-20 01:07:39,029 - INFO - ЭТАП 1: Создание товара в WooCommerce...
2025-10-20 01:07:39,029 - INFO - URL сайта: https://plummy.ru
2025-10-20 01:07:45,279 - INFO - ✓ УСПЕХ: Товар создан в WP с ID=238884
2025-10-20 01:07:45,341 - INFO - ================================================================================

2025-10-20 01:07:45,342 - INFO - 
================================================================================
2025-10-20 01:07:45,342 - INFO - [19/26] НАЧАЛО СИНХРОНИЗАЦИИ
2025-10-20 01:07:45,342 - INFO - Product ID: 2111
2025-10-20 01:07:45,342 - INFO - SPU ID: 17679841
2025-10-20 01:07:45,342 - INFO - Reference SKU: 768674410
2025-10-20 01:07:45,342 - INFO - Название: patagonia Logo
2025-10-20 01:07:45,342 - INFO - Бренд: patagonia
2025-10-20 01:07:45,342 - INFO - Категории: [124, 132]
2025-10-20 01:07:45,343 - INFO - ================================================================================
2025-10-20 01:07:45,343 - INFO - Всего вариантов: 1
2025-10-20 01:07:45,343 - INFO - В наличии: 1
2025-10-20 01:07:45,343 - INFO - Нет в наличии: 0
2025-10-20 01:07:45,343 - INFO - Варианты в наличии:
2025-10-20 01:07:45,343 - INFO -   • Размер ONE SIZE: 179.00 CNY (stock_status=1)
2025-10-20 01:07:45,343 - INFO - ЭТАП 1: Создание товара в WooCommerce...
2025-10-20 01:07:45,343 - INFO - URL сайта: https://plummy.ru
2025-10-20 01:07:50,968 - INFO - ✓ УСПЕХ: Товар создан в WP с ID=238892
2025-10-20 01:07:51,043 - INFO - ================================================================================

2025-10-20 01:07:51,044 - INFO - 
================================================================================
2025-10-20 01:07:51,044 - INFO - [20/26] НАЧАЛО СИНХРОНИЗАЦИИ
2025-10-20 01:07:51,044 - INFO - Product ID: 2112
2025-10-20 01:07:51,045 - INFO - SPU ID: 16398073
2025-10-20 01:07:51,045 - INFO - Reference SKU: 747349148
2025-10-20 01:07:51,045 - INFO - Название: CMFY
2025-10-20 01:07:51,045 - INFO - Бренд: CMFY
2025-10-20 01:07:51,045 - INFO - Категории: [124, 132]
2025-10-20 01:07:51,045 - INFO - ================================================================================
2025-10-20 01:07:51,045 - INFO - Всего вариантов: 1
2025-10-20 01:07:51,045 - INFO - В наличии: 1
2025-10-20 01:07:51,045 - INFO - Нет в наличии: 0
2025-10-20 01:07:51,045 - INFO - Варианты в наличии:
2025-10-20 01:07:51,045 - INFO -   • Размер ONE SIZE: 59.00 CNY (stock_status=1)
2025-10-20 01:07:51,046 - INFO - ЭТАП 1: Создание товара в WooCommerce...
2025-10-20 01:07:51,046 - INFO - URL сайта: https://plummy.ru
2025-10-20 01:08:01,708 - INFO - ✓ УСПЕХ: Товар создан в WP с ID=238899
2025-10-20 01:08:01,772 - INFO - ================================================================================

2025-10-20 01:08:01,772 - INFO - 
================================================================================
2025-10-20 01:08:01,772 - INFO - [21/26] НАЧАЛО СИНХРОНИЗАЦИИ
2025-10-20 01:08:01,772 - INFO - Product ID: 2113
2025-10-20 01:08:01,773 - INFO - SPU ID: 83668
2025-10-20 01:08:01,773 - INFO - Reference SKU: 502003765
2025-10-20 01:08:01,773 - INFO - Название: SupremexTHE NORTH FACE SS20 WEEK3 RTG Balaclava
2025-10-20 01:08:01,773 - INFO - Бренд: Supreme
2025-10-20 01:08:01,773 - INFO - Категории: [124, 132]
2025-10-20 01:08:01,773 - INFO - ================================================================================
2025-10-20 01:08:01,773 - INFO - Всего вариантов: 1
2025-10-20 01:08:01,773 - INFO - В наличии: 1
2025-10-20 01:08:01,773 - INFO - Нет в наличии: 0
2025-10-20 01:08:01,773 - INFO - Варианты в наличии:
2025-10-20 01:08:01,773 - INFO -   • Размер ONE SIZE: 1799.00 CNY (stock_status=1)
2025-10-20 01:08:01,773 - INFO - ЭТАП 1: Создание товара в WooCommerce...
2025-10-20 01:08:01,774 - INFO - URL сайта: https://plummy.ru
2025-10-20 01:08:08,420 - INFO - ✓ УСПЕХ: Товар создан в WP с ID=238907
2025-10-20 01:08:08,481 - INFO - ================================================================================

2025-10-20 01:08:08,481 - INFO - 
================================================================================
2025-10-20 01:08:08,481 - INFO - [22/26] НАЧАЛО СИНХРОНИЗАЦИИ
2025-10-20 01:08:08,482 - INFO - Product ID: 2114
2025-10-20 01:08:08,482 - INFO - SPU ID: 15985003
2025-10-20 01:08:08,482 - INFO - Reference SKU: 741418511
2025-10-20 01:08:08,482 - INFO - Название: ZKY
2025-10-20 01:08:08,482 - INFO - Бренд: ZKY
2025-10-20 01:08:08,482 - INFO - Категории: [124, 132]
2025-10-20 01:08:08,482 - INFO - ================================================================================
2025-10-20 01:08:08,482 - INFO - Всего вариантов: 1
2025-10-20 01:08:08,483 - INFO - В наличии: 1
2025-10-20 01:08:08,483 - INFO - Нет в наличии: 0
2025-10-20 01:08:08,483 - INFO - Варианты в наличии:
2025-10-20 01:08:08,484 - INFO -   • Размер ONE SIZE: 59.00 CNY (stock_status=1)
2025-10-20 01:08:08,484 - INFO - ЭТАП 1: Создание товара в WooCommerce...
2025-10-20 01:08:08,484 - INFO - URL сайта: https://plummy.ru
2025-10-20 01:08:19,091 - INFO - ✓ УСПЕХ: Товар создан в WP с ID=238913
2025-10-20 01:08:19,166 - INFO - ================================================================================

2025-10-20 01:08:19,167 - INFO - 
================================================================================
2025-10-20 01:08:19,167 - INFO - [23/26] НАЧАЛО СИНХРОНИЗАЦИИ
2025-10-20 01:08:19,167 - INFO - Product ID: 2115
2025-10-20 01:08:19,167 - INFO - SPU ID: 2325658
2025-10-20 01:08:19,167 - INFO - Reference SKU: 608500981
2025-10-20 01:08:19,167 - INFO - Название: Supreme WF21 Week 18 Rainbow Knit Loose Gauge Beanie
2025-10-20 01:08:19,167 - INFO - Бренд: Supreme
2025-10-20 01:08:19,167 - INFO - Категории: [124, 132]
2025-10-20 01:08:19,167 - INFO - ================================================================================
2025-10-20 01:08:19,167 - INFO - Всего вариантов: 1
2025-10-20 01:08:19,167 - INFO - В наличии: 1
2025-10-20 01:08:19,167 - INFO - Нет в наличии: 0
2025-10-20 01:08:19,167 - INFO - Варианты в наличии:
2025-10-20 01:08:19,168 - INFO -   • Размер ONE SIZE: 629.00 CNY (stock_status=1)
2025-10-20 01:08:19,169 - INFO - ЭТАП 1: Создание товара в WooCommerce...
2025-10-20 01:08:19,169 - INFO - URL сайта: https://plummy.ru
2025-10-20 01:08:24,555 - INFO - ✓ УСПЕХ: Товар создан в WP с ID=238921
2025-10-20 01:08:24,617 - INFO - ================================================================================

2025-10-20 01:08:24,617 - INFO - 
================================================================================
2025-10-20 01:08:24,617 - INFO - [24/26] НАЧАЛО СИНХРОНИЗАЦИИ
2025-10-20 01:08:24,617 - INFO - Product ID: 2116
2025-10-20 01:08:24,617 - INFO - SPU ID: 2303420
2025-10-20 01:08:24,617 - INFO - Reference SKU: 608383223
2025-10-20 01:08:24,617 - INFO - Название: KENMONT kenmont
2025-10-20 01:08:24,617 - INFO - Бренд: KENMONT
2025-10-20 01:08:24,617 - INFO - Категории: [124, 132]
2025-10-20 01:08:24,617 - INFO - ================================================================================
2025-10-20 01:08:24,617 - INFO - Всего вариантов: 1
2025-10-20 01:08:24,617 - INFO - В наличии: 1
2025-10-20 01:08:24,617 - INFO - Нет в наличии: 0
2025-10-20 01:08:24,617 - INFO - Варианты в наличии:
2025-10-20 01:08:24,618 - INFO -   • Размер ONE SIZE: 199.00 CNY (stock_status=1)
2025-10-20 01:08:24,618 - INFO - ЭТАП 1: Создание товара в WooCommerce...
2025-10-20 01:08:24,618 - INFO - URL сайта: https://plummy.ru
2025-10-20 01:08:32,679 - INFO - ✓ УСПЕХ: Товар создан в WP с ID=238929
2025-10-20 01:08:32,740 - INFO - ================================================================================

2025-10-20 01:08:32,740 - INFO - 
================================================================================
2025-10-20 01:08:32,741 - INFO - [25/26] НАЧАЛО СИНХРОНИЗАЦИИ
2025-10-20 01:08:32,741 - INFO - Product ID: 2117
2025-10-20 01:08:32,741 - INFO - SPU ID: 3595774
2025-10-20 01:08:32,741 - INFO - Reference SKU: 616316586
2025-10-20 01:08:32,741 - INFO - Название: FREE RABBIT
2025-10-20 01:08:32,741 - INFO - Бренд: FREE RABBIT
2025-10-20 01:08:32,741 - INFO - Категории: [124, 132]
2025-10-20 01:08:32,741 - INFO - ================================================================================
2025-10-20 01:08:32,741 - INFO - Всего вариантов: 1
2025-10-20 01:08:32,741 - INFO - В наличии: 1
2025-10-20 01:08:32,741 - INFO - Нет в наличии: 0
2025-10-20 01:08:32,741 - INFO - Варианты в наличии:
2025-10-20 01:08:32,742 - INFO -   • Размер ONE SIZE: 59.00 CNY (stock_status=1)
2025-10-20 01:08:32,742 - INFO - ЭТАП 1: Создание товара в WooCommerce...
2025-10-20 01:08:32,742 - INFO - URL сайта: https://plummy.ru
2025-10-20 01:08:38,853 - INFO - ✓ УСПЕХ: Товар создан в WP с ID=238937
2025-10-20 01:08:38,925 - INFO - ================================================================================

2025-10-20 01:08:38,926 - INFO - 
================================================================================
2025-10-20 01:08:38,926 - INFO - [26/26] НАЧАЛО СИНХРОНИЗАЦИИ
2025-10-20 01:08:38,926 - INFO - Product ID: 2118
2025-10-20 01:08:38,926 - INFO - SPU ID: 6064232
2025-10-20 01:08:38,926 - INFO - Reference SKU: 631205265
2025-10-20 01:08:38,926 - INFO - Название: Champion FW24 CLogo
2025-10-20 01:08:38,926 - INFO - Бренд: Champion
2025-10-20 01:08:38,926 - INFO - Категории: [124, 132]
2025-10-20 01:08:38,926 - INFO - ================================================================================
2025-10-20 01:08:38,926 - INFO - Всего вариантов: 1
2025-10-20 01:08:38,926 - INFO - В наличии: 1
2025-10-20 01:08:38,926 - INFO - Нет в наличии: 0
2025-10-20 01:08:38,927 - INFO - Варианты в наличии:
2025-10-20 01:08:38,927 - INFO -   • Размер ONE SIZE: 116.00 CNY (stock_status=1)
2025-10-20 01:08:38,927 - INFO - ЭТАП 1: Создание товара в WooCommerce...
2025-10-20 01:08:38,927 - INFO - URL сайта: https://plummy.ru
2025-10-20 01:08:58,606 - INFO - ✓ УСПЕХ: Товар создан в WP с ID=238945
2025-10-20 01:08:58,666 - INFO - ================================================================================

2025-10-20 01:08:58,691 - INFO - ================================================================================
2025-10-20 01:08:58,691 - INFO - ЗАВЕРШЕНИЕ: Создано 26, Ошибок 0, Пропущено 0
2025-10-20 01:08:58,691 - INFO - ================================================================================
