2025-10-22 00:07:17,662 - INFO - ================================================================================
2025-10-22 00:07:17,662 - INFO - НАЧАЛО ДЕТАЛЬНОГО ЛОГИРОВАНИЯ sync_new
2025-10-22 00:07:17,662 - INFO - ================================================================================
2025-10-22 00:07:17,727 - INFO - Всего товаров без WP ID: 8
2025-10-22 00:07:17,727 - INFO - С загруженными данными: 8
2025-10-22 00:07:17,727 - INFO - Пропущено (без данных): 0
2025-10-22 00:07:17,728 - INFO - 
================================================================================
2025-10-22 00:07:17,729 - INFO - [1/8] НАЧАЛО СИНХРОНИЗАЦИИ
2025-10-22 00:07:17,729 - INFO - Product ID: 2311
2025-10-22 00:07:17,729 - INFO - SPU ID: 19572436
2025-10-22 00:07:17,729 - INFO - Reference SKU: 799501011
2025-10-22 00:07:17,729 - INFO - Название: Acne Studios SS25
2025-10-22 00:07:17,729 - INFO - Бренд: Acne Studios
2025-10-22 00:07:17,729 - INFO - Категории: [108, 149]
2025-10-22 00:07:17,729 - INFO - ================================================================================
2025-10-22 00:07:17,729 - INFO - Всего вариантов: 3
2025-10-22 00:07:17,729 - INFO - В наличии: 3
2025-10-22 00:07:17,729 - INFO - Нет в наличии: 0
2025-10-22 00:07:17,729 - INFO - Варианты в наличии:
2025-10-22 00:07:17,729 - INFO -   • Размер 2XS: 2379.00 CNY (stock_status=1)
2025-10-22 00:07:17,729 - INFO -   • Размер M: 3229.00 CNY (stock_status=1)
2025-10-22 00:07:17,729 - INFO -   • Размер XS: 3099.00 CNY (stock_status=1)
2025-10-22 00:07:17,729 - INFO - ЭТАП 1: Создание товара в WooCommerce...
2025-10-22 00:07:17,729 - INFO - URL сайта: https://plummy.ru
2025-10-22 00:07:23,894 - INFO - ✓ УСПЕХ: Товар создан в WP с ID=242511
2025-10-22 00:07:23,958 - INFO - ================================================================================

2025-10-22 00:07:23,959 - INFO - 
================================================================================
2025-10-22 00:07:23,959 - INFO - [2/8] НАЧАЛО СИНХРОНИЗАЦИИ
2025-10-22 00:07:23,959 - INFO - Product ID: 2312
2025-10-22 00:07:23,959 - INFO - SPU ID: 3572188
2025-10-22 00:07:23,959 - INFO - Reference SKU: 616195100
2025-10-22 00:07:23,959 - INFO - Название: YEEZY x Gap x Balenciaga Dark Grey Polar Fleece Padded Hoodie
2025-10-22 00:07:23,959 - INFO - Бренд: YEEZY
2025-10-22 00:07:23,959 - INFO - Категории: [108, 149]
2025-10-22 00:07:23,959 - INFO - ================================================================================
2025-10-22 00:07:23,959 - INFO - Всего вариантов: 3
2025-10-22 00:07:23,959 - INFO - В наличии: 3
2025-10-22 00:07:23,959 - INFO - Нет в наличии: 0
2025-10-22 00:07:23,959 - INFO - Варианты в наличии:
2025-10-22 00:07:23,959 - INFO -   • Размер M: 919.00 CNY (stock_status=1)
2025-10-22 00:07:23,959 - INFO -   • Размер S: 979.00 CNY (stock_status=1)
2025-10-22 00:07:23,959 - INFO -   • Размер XL: 859.00 CNY (stock_status=1)
2025-10-22 00:07:23,959 - INFO - ЭТАП 1: Создание товара в WooCommerce...
2025-10-22 00:07:23,959 - INFO - URL сайта: https://plummy.ru
2025-10-22 00:07:31,541 - INFO - ✓ УСПЕХ: Товар создан в WP с ID=242523
2025-10-22 00:07:31,602 - INFO - ================================================================================

2025-10-22 00:07:31,603 - INFO - 
================================================================================
2025-10-22 00:07:31,603 - INFO - [3/8] НАЧАЛО СИНХРОНИЗАЦИИ
2025-10-22 00:07:31,603 - INFO - Product ID: 2313
2025-10-22 00:07:31,603 - INFO - SPU ID: 12014725
2025-10-22 00:07:31,603 - INFO - Reference SKU: 682930250
2025-10-22 00:07:31,603 - INFO - Название: Fear of God Essentials SS24 KIDS ESSENTIALS CREWNECK Heather Wood
2025-10-22 00:07:31,604 - INFO - Бренд: Fear of God Essentials
2025-10-22 00:07:31,604 - INFO - Категории: [108, 149]
2025-10-22 00:07:31,604 - INFO - ================================================================================
2025-10-22 00:07:31,604 - INFO - Всего вариантов: 1
2025-10-22 00:07:31,604 - INFO - В наличии: 1
2025-10-22 00:07:31,604 - INFO - Нет в наличии: 0
2025-10-22 00:07:31,604 - INFO - Варианты в наличии:
2025-10-22 00:07:31,604 - INFO -   • Размер 10: 239.00 CNY (stock_status=1)
2025-10-22 00:07:31,604 - INFO - ЭТАП 1: Создание товара в WooCommerce...
2025-10-22 00:07:31,604 - INFO - URL сайта: https://plummy.ru
2025-10-22 00:07:52,205 - INFO - ✓ УСПЕХ: Товар создан в WP с ID=242535
2025-10-22 00:07:52,272 - INFO - ================================================================================

2025-10-22 00:07:52,272 - INFO - 
================================================================================
2025-10-22 00:07:52,272 - INFO - [4/8] НАЧАЛО СИНХРОНИЗАЦИИ
2025-10-22 00:07:52,272 - INFO - Product ID: 2314
2025-10-22 00:07:52,272 - INFO - SPU ID: 2874755
2025-10-22 00:07:52,272 - INFO - Reference SKU: 611764542
2025-10-22 00:07:52,272 - INFO - Название: YEEZY x Gap x Balenciaga Dove Hoodie Logo
2025-10-22 00:07:52,272 - INFO - Бренд: YEEZY
2025-10-22 00:07:52,272 - INFO - Категории: [108, 149]
2025-10-22 00:07:52,272 - INFO - ================================================================================
2025-10-22 00:07:52,272 - INFO - Всего вариантов: 6
2025-10-22 00:07:52,272 - INFO - В наличии: 6
2025-10-22 00:07:52,272 - INFO - Нет в наличии: 0
2025-10-22 00:07:52,272 - INFO - Варианты в наличии:
2025-10-22 00:07:52,273 - INFO -   • Размер L: 1299.00 CNY (stock_status=1)
2025-10-22 00:07:52,273 - INFO -   • Размер M: 2299.00 CNY (stock_status=1)
2025-10-22 00:07:52,273 - INFO -   • Размер S: 2899.00 CNY (stock_status=1)
2025-10-22 00:07:52,273 - INFO -   • Размер XL: 1299.00 CNY (stock_status=1)
2025-10-22 00:07:52,273 - INFO -   • Размер XS: 2999.00 CNY (stock_status=1)
2025-10-22 00:07:52,273 - INFO - ЭТАП 1: Создание товара в WooCommerce...
2025-10-22 00:07:52,273 - INFO - URL сайта: https://plummy.ru
2025-10-22 00:07:59,026 - INFO - ✓ УСПЕХ: Товар создан в WP с ID=242543
2025-10-22 00:07:59,087 - INFO - ================================================================================

2025-10-22 00:07:59,087 - INFO - 
================================================================================
2025-10-22 00:07:59,087 - INFO - [5/8] НАЧАЛО СИНХРОНИЗАЦИИ
2025-10-22 00:07:59,087 - INFO - Product ID: 2315
2025-10-22 00:07:59,087 - INFO - SPU ID: 2864406
2025-10-22 00:07:59,087 - INFO - Reference SKU: 611688315
2025-10-22 00:07:59,087 - INFO - Название: YEEZY x Gap x Balenciaga Dove Shrunken Hoodie
2025-10-22 00:07:59,087 - INFO - Бренд: YEEZY
2025-10-22 00:07:59,087 - INFO - Категории: [108, 149]
2025-10-22 00:07:59,087 - INFO - ================================================================================
2025-10-22 00:07:59,087 - INFO - Всего вариантов: 5
2025-10-22 00:07:59,087 - INFO - В наличии: 5
2025-10-22 00:07:59,087 - INFO - Нет в наличии: 0
2025-10-22 00:07:59,088 - INFO - Варианты в наличии:
2025-10-22 00:07:59,088 - INFO -   • Размер L: 939.00 CNY (stock_status=1)
2025-10-22 00:07:59,088 - INFO -   • Размер M: 1179.00 CNY (stock_status=1)
2025-10-22 00:07:59,088 - INFO -   • Размер XL: 949.00 CNY (stock_status=1)
2025-10-22 00:07:59,088 - INFO -   • Размер XS: 1449.00 CNY (stock_status=1)
2025-10-22 00:07:59,088 - INFO -   • Размер XXL: 1479.00 CNY (stock_status=1)
2025-10-22 00:07:59,088 - INFO - ЭТАП 1: Создание товара в WooCommerce...
2025-10-22 00:07:59,088 - INFO - URL сайта: https://plummy.ru
2025-10-22 00:08:06,252 - INFO - ✓ УСПЕХ: Товар создан в WP с ID=242561
2025-10-22 00:08:06,316 - INFO - ================================================================================

2025-10-22 00:08:06,317 - INFO - 
================================================================================
2025-10-22 00:08:06,318 - INFO - [6/8] НАЧАЛО СИНХРОНИЗАЦИИ
2025-10-22 00:08:06,318 - INFO - Product ID: 2316
2025-10-22 00:08:06,318 - INFO - SPU ID: 15975725
2025-10-22 00:08:06,318 - INFO - Reference SKU: 741450564
2025-10-22 00:08:06,318 - INFO - Название: YEEZY VULTURES kanye BLACK DOGS HOODIE logo
2025-10-22 00:08:06,318 - INFO - Бренд: YEEZY
2025-10-22 00:08:06,318 - INFO - Категории: [108, 149]
2025-10-22 00:08:06,318 - INFO - ================================================================================
2025-10-22 00:08:06,319 - INFO - Всего вариантов: 3
2025-10-22 00:08:06,319 - INFO - В наличии: 3
2025-10-22 00:08:06,319 - INFO - Нет в наличии: 0
2025-10-22 00:08:06,319 - INFO - Варианты в наличии:
2025-10-22 00:08:06,319 - INFO -   • Размер 1: 299.00 CNY (stock_status=1)
2025-10-22 00:08:06,319 - INFO -   • Размер 2: 429.00 CNY (stock_status=1)
2025-10-22 00:08:06,319 - INFO -   • Размер 3: 299.00 CNY (stock_status=1)
2025-10-22 00:08:06,319 - INFO - ЭТАП 1: Создание товара в WooCommerce...
2025-10-22 00:08:06,319 - INFO - URL сайта: https://plummy.ru
2025-10-22 00:08:11,800 - INFO - ✓ УСПЕХ: Товар создан в WP с ID=242577
2025-10-22 00:08:11,857 - INFO - ================================================================================

2025-10-22 00:08:11,857 - INFO - 
================================================================================
2025-10-22 00:08:11,857 - INFO - [7/8] НАЧАЛО СИНХРОНИЗАЦИИ
2025-10-22 00:08:11,857 - INFO - Product ID: 2317
2025-10-22 00:08:11,857 - INFO - SPU ID: 23768990
2025-10-22 00:08:11,857 - INFO - Reference SKU: 867798608
2025-10-22 00:08:11,857 - INFO - Название: EPOWER PRESENTS
2025-10-22 00:08:11,857 - INFO - Бренд: EPOWER PRESENTS
2025-10-22 00:08:11,857 - INFO - Категории: [108, 149]
2025-10-22 00:08:11,858 - INFO - ================================================================================
2025-10-22 00:08:11,858 - INFO - Всего вариантов: 1
2025-10-22 00:08:11,858 - INFO - В наличии: 1
2025-10-22 00:08:11,858 - INFO - Нет в наличии: 0
2025-10-22 00:08:11,858 - INFO - Варианты в наличии:
2025-10-22 00:08:11,858 - INFO -   • Размер S: 529.00 CNY (stock_status=1)
2025-10-22 00:08:11,858 - INFO - ЭТАП 1: Создание товара в WooCommerce...
2025-10-22 00:08:11,858 - INFO - URL сайта: https://plummy.ru
2025-10-22 00:08:19,708 - INFO - ✓ УСПЕХ: Товар создан в WP с ID=242587
2025-10-22 00:08:19,773 - INFO - ================================================================================

2025-10-22 00:08:19,773 - INFO - 
================================================================================
2025-10-22 00:08:19,774 - INFO - [8/8] НАЧАЛО СИНХРОНИЗАЦИИ
2025-10-22 00:08:19,774 - INFO - Product ID: 2318
2025-10-22 00:08:19,774 - INFO - SPU ID: 17112658
2025-10-22 00:08:19,774 - INFO - Reference SKU: 759050856
2025-10-22 00:08:19,774 - INFO - Название: Fear of God Essentials FW24 Holiday Core
2025-10-22 00:08:19,774 - INFO - Бренд: Fear of God Essentials
2025-10-22 00:08:19,774 - INFO - Категории: [108, 149]
2025-10-22 00:08:19,775 - INFO - ================================================================================
2025-10-22 00:08:19,775 - INFO - Всего вариантов: 5
2025-10-22 00:08:19,775 - INFO - В наличии: 5
2025-10-22 00:08:19,775 - INFO - Нет в наличии: 0
2025-10-22 00:08:19,775 - INFO - Варианты в наличии:
2025-10-22 00:08:19,775 - INFO -   • Размер L: 1499.00 CNY (stock_status=1)
2025-10-22 00:08:19,775 - INFO -   • Размер M: 1179.00 CNY (stock_status=1)
2025-10-22 00:08:19,775 - INFO -   • Размер S: 1399.00 CNY (stock_status=1)
2025-10-22 00:08:19,775 - INFO -   • Размер XL: 2099.00 CNY (stock_status=1)
2025-10-22 00:08:19,775 - INFO -   • Размер XS: 1699.00 CNY (stock_status=1)
2025-10-22 00:08:19,775 - INFO - ЭТАП 1: Создание товара в WooCommerce...
2025-10-22 00:08:19,775 - INFO - URL сайта: https://plummy.ru
2025-10-22 00:08:26,963 - INFO - ✓ УСПЕХ: Товар создан в WP с ID=242594
2025-10-22 00:08:27,032 - INFO - ================================================================================

2025-10-22 00:08:27,045 - INFO - ================================================================================
2025-10-22 00:08:27,045 - INFO - ЗАВЕРШЕНИЕ: Создано 8, Ошибок 0, Пропущено 0
2025-10-22 00:08:27,046 - INFO - ================================================================================
