2025-10-20 12:16:34,298 - INFO - ================================================================================
2025-10-20 12:16:34,298 - INFO - НАЧАЛО ДЕТАЛЬНОГО ЛОГИРОВАНИЯ sync_new
2025-10-20 12:16:34,298 - INFO - ================================================================================
2025-10-20 12:16:34,358 - INFO - Всего товаров без WP ID: 13
2025-10-20 12:16:34,358 - INFO - С загруженными данными: 3
2025-10-20 12:16:34,358 - INFO - Пропущено (без данных): 10
2025-10-20 12:16:34,359 - INFO - 
================================================================================
2025-10-20 12:16:34,359 - INFO - [1/3] НАЧАЛО СИНХРОНИЗАЦИИ
2025-10-20 12:16:34,359 - INFO - Product ID: 2261
2025-10-20 12:16:34,359 - INFO - SPU ID: 26489495
2025-10-20 12:16:34,359 - INFO - Reference SKU: 917401998
2025-10-20 12:16:34,359 - INFO - Название: ASICS GELPICKAX
2025-10-20 12:16:34,359 - INFO - Бренд: ASICS
2025-10-20 12:16:34,359 - INFO - Категории: [103, 154]
2025-10-20 12:16:34,359 - INFO - ================================================================================
2025-10-20 12:16:34,359 - INFO - Всего вариантов: 14
2025-10-20 12:16:34,359 - INFO - В наличии: 14
2025-10-20 12:16:34,359 - INFO - Нет в наличии: 0
2025-10-20 12:16:34,359 - INFO - Варианты в наличии:
2025-10-20 12:16:34,359 - INFO -   • Размер 36: 809.00 CNY (stock_status=1)
2025-10-20 12:16:34,359 - INFO -   • Размер 37: 759.00 CNY (stock_status=1)
2025-10-20 12:16:34,359 - INFO -   • Размер 37.5: 719.00 CNY (stock_status=1)
2025-10-20 12:16:34,359 - INFO -   • Размер 38: 729.00 CNY (stock_status=1)
2025-10-20 12:16:34,359 - INFO -   • Размер 39: 739.00 CNY (stock_status=1)
2025-10-20 12:16:34,359 - INFO - ЭТАП 1: Создание товара в WooCommerce...
2025-10-20 12:16:34,359 - INFO - URL сайта: https://plummy.ru
2025-10-20 12:16:45,220 - INFO - ✓ УСПЕХ: Товар создан в WP с ID=241379
2025-10-20 12:16:45,288 - INFO - ================================================================================

2025-10-20 12:16:45,289 - INFO - 
================================================================================
2025-10-20 12:16:45,289 - INFO - [2/3] НАЧАЛО СИНХРОНИЗАЦИИ
2025-10-20 12:16:45,289 - INFO - Product ID: 2262
2025-10-20 12:16:45,289 - INFO - SPU ID: 16765112
2025-10-20 12:16:45,289 - INFO - Reference SKU: 753446742
2025-10-20 12:16:45,289 - INFO - Название: USage x x Asics GELPICKAX
2025-10-20 12:16:45,289 - INFO - Бренд: ASICS
2025-10-20 12:16:45,289 - INFO - Категории: [103, 154]
2025-10-20 12:16:45,290 - INFO - ================================================================================
2025-10-20 12:16:45,290 - INFO - Всего вариантов: 12
2025-10-20 12:16:45,290 - INFO - В наличии: 12
2025-10-20 12:16:45,290 - INFO - Нет в наличии: 0
2025-10-20 12:16:45,291 - INFO - Варианты в наличии:
2025-10-20 12:16:45,291 - INFO -   • Размер 36: 1099.00 CNY (stock_status=1)
2025-10-20 12:16:45,291 - INFO -   • Размер 37: 899.00 CNY (stock_status=1)
2025-10-20 12:16:45,291 - INFO -   • Размер 37.5: 1329.00 CNY (stock_status=1)
2025-10-20 12:16:45,291 - INFO -   • Размер 38: 999.00 CNY (stock_status=1)
2025-10-20 12:16:45,291 - INFO -   • Размер 39: 1099.00 CNY (stock_status=1)
2025-10-20 12:16:45,291 - INFO - ЭТАП 1: Создание товара в WooCommerce...
2025-10-20 12:16:45,291 - INFO - URL сайта: https://plummy.ru
2025-10-20 12:17:00,640 - INFO - ✓ УСПЕХ: Товар создан в WP с ID=241413
2025-10-20 12:17:00,701 - INFO - ================================================================================

2025-10-20 12:17:00,702 - INFO - 
================================================================================
2025-10-20 12:17:00,702 - INFO - [3/3] НАЧАЛО СИНХРОНИЗАЦИИ
2025-10-20 12:17:00,702 - INFO - Product ID: 2263
2025-10-20 12:17:00,702 - INFO - SPU ID: 16765484
2025-10-20 12:17:00,702 - INFO - Reference SKU: 753452633
2025-10-20 12:17:00,702 - INFO - Название: USage x ASICS GELPICKAX
2025-10-20 12:17:00,702 - INFO - Бренд: ASICS
2025-10-20 12:17:00,702 - INFO - Категории: [103, 154]
2025-10-20 12:17:00,702 - INFO - ================================================================================
2025-10-20 12:17:00,702 - INFO - Всего вариантов: 8
2025-10-20 12:17:00,702 - INFO - В наличии: 8
2025-10-20 12:17:00,702 - INFO - Нет в наличии: 0
2025-10-20 12:17:00,702 - INFO - Варианты в наличии:
2025-10-20 12:17:00,702 - INFO -   • Размер 37: 1289.00 CNY (stock_status=1)
2025-10-20 12:17:00,702 - INFO -   • Размер 37.5: 1369.00 CNY (stock_status=1)
2025-10-20 12:17:00,702 - INFO -   • Размер 38: 1299.00 CNY (stock_status=1)
2025-10-20 12:17:00,703 - INFO -   • Размер 39: 1139.00 CNY (stock_status=1)
2025-10-20 12:17:00,703 - INFO -   • Размер 41.5: 1599.00 CNY (stock_status=1)
2025-10-20 12:17:00,703 - INFO - ЭТАП 1: Создание товара в WooCommerce...
2025-10-20 12:17:00,703 - INFO - URL сайта: https://plummy.ru
2025-10-20 12:17:11,675 - INFO - ✓ УСПЕХ: Товар создан в WP с ID=241443
2025-10-20 12:17:11,737 - INFO - ================================================================================

2025-10-20 12:17:11,758 - INFO - ================================================================================
2025-10-20 12:17:11,759 - INFO - ЗАВЕРШЕНИЕ: Создано 3, Ошибок 0, Пропущено 0
2025-10-20 12:17:11,759 - INFO - ================================================================================
