2025-10-19 23:08:16,041 - INFO - ================================================================================
2025-10-19 23:08:16,042 - INFO - НАЧАЛО ДЕТАЛЬНОГО ЛОГИРОВАНИЯ sync_new
2025-10-19 23:08:16,042 - INFO - ================================================================================
2025-10-19 23:08:16,103 - INFO - Всего товаров без WP ID: 54
2025-10-19 23:08:16,103 - INFO - С загруженными данными: 6
2025-10-19 23:08:16,103 - INFO - Пропущено (без данных): 48
2025-10-19 23:08:16,104 - INFO - 
================================================================================
2025-10-19 23:08:16,104 - INFO - [1/6] НАЧАЛО СИНХРОНИЗАЦИИ
2025-10-19 23:08:16,104 - INFO - Product ID: 1902
2025-10-19 23:08:16,104 - INFO - SPU ID: 8889982
2025-10-19 23:08:16,104 - INFO - Reference SKU: 667679847
2025-10-19 23:08:16,104 - INFO - Название: Dickies Logo
2025-10-19 23:08:16,104 - INFO - Бренд: Dickies
2025-10-19 23:08:16,104 - INFO - Категории: [119, 1182]
2025-10-19 23:08:16,104 - INFO - ================================================================================
2025-10-19 23:08:16,104 - INFO - Всего вариантов: 1
2025-10-19 23:08:16,104 - INFO - В наличии: 1
2025-10-19 23:08:16,104 - INFO - Нет в наличии: 0
2025-10-19 23:08:16,104 - INFO - Варианты в наличии:
2025-10-19 23:08:16,104 - INFO -   • Размер 47: 149.00 CNY (stock_status=1)
2025-10-19 23:08:16,104 - INFO - ЭТАП 1: Создание товара в WooCommerce...
2025-10-19 23:08:16,104 - INFO - URL сайта: https://plummy.ru
2025-10-19 23:08:26,605 - INFO - ✓ УСПЕХ: Товар создан в WP с ID=237375
2025-10-19 23:08:26,672 - INFO - ================================================================================

2025-10-19 23:08:26,672 - INFO - 
================================================================================
2025-10-19 23:08:26,672 - INFO - [2/6] НАЧАЛО СИНХРОНИЗАЦИИ
2025-10-19 23:08:26,672 - INFO - Product ID: 1906
2025-10-19 23:08:26,672 - INFO - SPU ID: 5376057
2025-10-19 23:08:26,672 - INFO - Reference SKU: 628944805
2025-10-19 23:08:26,672 - INFO - Название: DRACONITE Logo PU
2025-10-19 23:08:26,672 - INFO - Бренд: DRACONITE
2025-10-19 23:08:26,672 - INFO - Категории: [119, 1182]
2025-10-19 23:08:26,672 - INFO - ================================================================================
2025-10-19 23:08:26,672 - INFO - Всего вариантов: 2
2025-10-19 23:08:26,672 - INFO - В наличии: 2
2025-10-19 23:08:26,672 - INFO - Нет в наличии: 0
2025-10-19 23:08:26,672 - INFO - Варианты в наличии:
2025-10-19 23:08:26,672 - INFO -   • Размер 无礼盒: 213.00 CNY (stock_status=1)
2025-10-19 23:08:26,672 - INFO -   • Размер 街瘾礼盒: 223.00 CNY (stock_status=1)
2025-10-19 23:08:26,672 - INFO - ЭТАП 1: Создание товара в WooCommerce...
2025-10-19 23:08:26,672 - INFO - URL сайта: https://plummy.ru
2025-10-19 23:08:35,979 - INFO - ✓ УСПЕХ: Товар создан в WP с ID=237383
2025-10-19 23:08:36,039 - INFO - ================================================================================

2025-10-19 23:08:36,040 - INFO - 
================================================================================
2025-10-19 23:08:36,040 - INFO - [3/6] НАЧАЛО СИНХРОНИЗАЦИИ
2025-10-19 23:08:36,040 - INFO - Product ID: 1907
2025-10-19 23:08:36,040 - INFO - SPU ID: 5376057
2025-10-19 23:08:36,040 - INFO - Reference SKU: 837634324
2025-10-19 23:08:36,040 - INFO - Название: DRACONITE Logo PU
2025-10-19 23:08:36,040 - INFO - Бренд: DRACONITE
2025-10-19 23:08:36,040 - INFO - Категории: [119, 1182]
2025-10-19 23:08:36,040 - INFO - ================================================================================
2025-10-19 23:08:36,040 - INFO - Всего вариантов: 2
2025-10-19 23:08:36,040 - INFO - В наличии: 2
2025-10-19 23:08:36,040 - INFO - Нет в наличии: 0
2025-10-19 23:08:36,040 - INFO - Варианты в наличии:
2025-10-19 23:08:36,040 - INFO -   • Размер 无礼盒: 242.00 CNY (stock_status=1)
2025-10-19 23:08:36,040 - INFO -   • Размер 街瘾礼盒: 239.00 CNY (stock_status=1)
2025-10-19 23:08:36,041 - INFO - ЭТАП 1: Создание товара в WooCommerce...
2025-10-19 23:08:36,041 - INFO - URL сайта: https://plummy.ru
2025-10-19 23:08:44,957 - INFO - ✓ УСПЕХ: Товар создан в WP с ID=237393
2025-10-19 23:08:45,015 - INFO - ================================================================================

2025-10-19 23:08:45,015 - INFO - 
================================================================================
2025-10-19 23:08:45,015 - INFO - [4/6] НАЧАЛО СИНХРОНИЗАЦИИ
2025-10-19 23:08:45,015 - INFO - Product ID: 1912
2025-10-19 23:08:45,015 - INFO - SPU ID: 3866491
2025-10-19 23:08:45,015 - INFO - Reference SKU: 617803617
2025-10-19 23:08:45,015 - INFO - Название: ONRF PVC
2025-10-19 23:08:45,015 - INFO - Бренд: ONRF
2025-10-19 23:08:45,015 - INFO - Категории: [119, 1182]
2025-10-19 23:08:45,015 - INFO - ================================================================================
2025-10-19 23:08:45,015 - INFO - Всего вариантов: 1
2025-10-19 23:08:45,015 - INFO - В наличии: 1
2025-10-19 23:08:45,015 - INFO - Нет в наличии: 0
2025-10-19 23:08:45,015 - INFO - Варианты в наличии:
2025-10-19 23:08:45,015 - INFO -   • Размер ONE SIZE: 299.00 CNY (stock_status=1)
2025-10-19 23:08:45,015 - INFO - ЭТАП 1: Создание товара в WooCommerce...
2025-10-19 23:08:45,015 - INFO - URL сайта: https://plummy.ru
2025-10-19 23:08:55,103 - INFO - ✓ УСПЕХ: Товар создан в WP с ID=237403
2025-10-19 23:08:55,167 - INFO - ================================================================================

2025-10-19 23:08:55,167 - INFO - 
================================================================================
2025-10-19 23:08:55,167 - INFO - [5/6] НАЧАЛО СИНХРОНИЗАЦИИ
2025-10-19 23:08:55,167 - INFO - Product ID: 1914
2025-10-19 23:08:55,167 - INFO - SPU ID: 15224834
2025-10-19 23:08:55,167 - INFO - Reference SKU: 729603485
2025-10-19 23:08:55,167 - INFO - Название: Jordan
2025-10-19 23:08:55,167 - INFO - Бренд: Jordan
2025-10-19 23:08:55,167 - INFO - Категории: [119, 1182]
2025-10-19 23:08:55,167 - INFO - ================================================================================
2025-10-19 23:08:55,167 - INFO - Всего вариантов: 1
2025-10-19 23:08:55,167 - INFO - В наличии: 1
2025-10-19 23:08:55,167 - INFO - Нет в наличии: 0
2025-10-19 23:08:55,167 - INFO - Варианты в наличии:
2025-10-19 23:08:55,167 - INFO -   • Размер ONE SIZE: 319.00 CNY (stock_status=1)
2025-10-19 23:08:55,167 - INFO - ЭТАП 1: Создание товара в WooCommerce...
2025-10-19 23:08:55,167 - INFO - URL сайта: https://plummy.ru
2025-10-19 23:09:00,797 - INFO - ✓ УСПЕХ: Товар создан в WP с ID=237411
2025-10-19 23:09:00,853 - INFO - ================================================================================

2025-10-19 23:09:00,853 - INFO - 
================================================================================
2025-10-19 23:09:00,854 - INFO - [6/6] НАЧАЛО СИНХРОНИЗАЦИИ
2025-10-19 23:09:00,854 - INFO - Product ID: 1915
2025-10-19 23:09:00,854 - INFO - SPU ID: 18848873
2025-10-19 23:09:00,854 - INFO - Reference SKU: 787964947
2025-10-19 23:09:00,854 - INFO - Название: PVC
2025-10-19 23:09:00,854 - INFO - Бренд: 
2025-10-19 23:09:00,854 - INFO - Категории: [119, 1182]
2025-10-19 23:09:00,854 - INFO - ================================================================================
2025-10-19 23:09:00,854 - INFO - Всего вариантов: 1
2025-10-19 23:09:00,854 - INFO - В наличии: 1
2025-10-19 23:09:00,854 - INFO - Нет в наличии: 0
2025-10-19 23:09:00,854 - INFO - Варианты в наличии:
2025-10-19 23:09:00,855 - INFO -   • Размер ONE SIZE: 379.00 CNY (stock_status=1)
2025-10-19 23:09:00,855 - INFO - ЭТАП 1: Создание товара в WooCommerce...
2025-10-19 23:09:00,855 - INFO - URL сайта: https://plummy.ru
2025-10-19 23:09:11,718 - INFO - ✓ УСПЕХ: Товар создан в WP с ID=237419
2025-10-19 23:09:11,780 - INFO - ================================================================================

2025-10-19 23:09:11,791 - INFO - ================================================================================
2025-10-19 23:09:11,792 - INFO - ЗАВЕРШЕНИЕ: Создано 6, Ошибок 0, Пропущено 0
2025-10-19 23:09:11,792 - INFO - ================================================================================
