2025-10-19 09:42:55,158 - INFO - ================================================================================
2025-10-19 09:42:55,158 - INFO - НАЧАЛО ДЕТАЛЬНОГО ЛОГИРОВАНИЯ sync_new
2025-10-19 09:42:55,158 - INFO - ================================================================================
2025-10-19 09:42:55,220 - INFO - Всего товаров без WP ID: 8
2025-10-19 09:42:55,220 - INFO - С загруженными данными: 5
2025-10-19 09:42:55,220 - INFO - Пропущено (без данных): 3
2025-10-19 09:42:55,222 - INFO - 
================================================================================
2025-10-19 09:42:55,222 - INFO - [1/5] НАЧАЛО СИНХРОНИЗАЦИИ
2025-10-19 09:42:55,222 - INFO - Product ID: 1834
2025-10-19 09:42:55,222 - INFO - SPU ID: 7102053
2025-10-19 09:42:55,222 - INFO - Reference SKU: 639225624
2025-10-19 09:42:55,222 - INFO - Название: Birkenstock
2025-10-19 09:42:55,222 - INFO - Бренд: Birkenstock
2025-10-19 09:42:55,222 - INFO - Категории: [104, 153]
2025-10-19 09:42:55,222 - INFO - ================================================================================
2025-10-19 09:42:55,222 - INFO - Всего вариантов: 2
2025-10-19 09:42:55,222 - INFO - В наличии: 2
2025-10-19 09:42:55,222 - INFO - Нет в наличии: 0
2025-10-19 09:42:55,222 - INFO - Варианты в наличии:
2025-10-19 09:42:55,222 - INFO -   • Размер 38: 539.00 CNY (stock_status=1)
2025-10-19 09:42:55,222 - INFO -   • Размер 44: 539.00 CNY (stock_status=1)
2025-10-19 09:42:55,222 - INFO - ЭТАП 1: Создание товара в WooCommerce...
2025-10-19 09:42:55,222 - INFO - URL сайта: https://plummy.ru
2025-10-19 09:43:05,035 - INFO - ✓ УСПЕХ: Товар создан в WP с ID=236284
2025-10-19 09:43:05,112 - INFO - ================================================================================

2025-10-19 09:43:05,113 - INFO - 
================================================================================
2025-10-19 09:43:05,113 - INFO - [2/5] НАЧАЛО СИНХРОНИЗАЦИИ
2025-10-19 09:43:05,113 - INFO - Product ID: 1835
2025-10-19 09:43:05,113 - INFO - SPU ID: 5814976
2025-10-19 09:43:05,113 - INFO - Reference SKU: 629693061
2025-10-19 09:43:05,113 - INFO - Название: ACOLDWALL x Timberland Future73
2025-10-19 09:43:05,113 - INFO - Бренд: Timberland
2025-10-19 09:43:05,113 - INFO - Категории: [104]
2025-10-19 09:43:05,113 - INFO - ================================================================================
2025-10-19 09:43:05,113 - INFO - Всего вариантов: 6
2025-10-19 09:43:05,113 - INFO - В наличии: 6
2025-10-19 09:43:05,113 - INFO - Нет в наличии: 0
2025-10-19 09:43:05,113 - INFO - Варианты в наличии:
2025-10-19 09:43:05,113 - INFO -   • Размер 41.5: 4999.00 CNY (stock_status=1)
2025-10-19 09:43:05,113 - INFO -   • Размер 42: 4999.00 CNY (stock_status=1)
2025-10-19 09:43:05,113 - INFO -   • Размер 43: 5699.00 CNY (stock_status=1)
2025-10-19 09:43:05,113 - INFO -   • Размер 43.5: 5699.00 CNY (stock_status=1)
2025-10-19 09:43:05,113 - INFO -   • Размер 44: 4799.00 CNY (stock_status=1)
2025-10-19 09:43:05,113 - INFO - ЭТАП 1: Создание товара в WooCommerce...
2025-10-19 09:43:05,113 - INFO - URL сайта: https://plummy.ru
2025-10-19 09:43:11,491 - INFO - ✓ УСПЕХ: Товар создан в WP с ID=236294
2025-10-19 09:43:11,554 - INFO - ================================================================================

2025-10-19 09:43:11,555 - INFO - 
================================================================================
2025-10-19 09:43:11,555 - INFO - [3/5] НАЧАЛО СИНХРОНИЗАЦИИ
2025-10-19 09:43:11,555 - INFO - Product ID: 1836
2025-10-19 09:43:11,555 - INFO - SPU ID: 17016499
2025-10-19 09:43:11,555 - INFO - Reference SKU: 757338357
2025-10-19 09:43:11,555 - INFO - Название: Timberland PREMIUM Puffer Boots
2025-10-19 09:43:11,555 - INFO - Бренд: Timberland
2025-10-19 09:43:11,555 - INFO - Категории: [104]
2025-10-19 09:43:11,555 - INFO - ================================================================================
2025-10-19 09:43:11,556 - INFO - Всего вариантов: 1
2025-10-19 09:43:11,556 - INFO - В наличии: 1
2025-10-19 09:43:11,556 - INFO - Нет в наличии: 0
2025-10-19 09:43:11,556 - INFO - Варианты в наличии:
2025-10-19 09:43:11,556 - INFO -   • Размер 43: 2999.00 CNY (stock_status=1)
2025-10-19 09:43:11,556 - INFO - ЭТАП 1: Создание товара в WooCommerce...
2025-10-19 09:43:11,556 - INFO - URL сайта: https://plummy.ru
2025-10-19 09:43:19,266 - INFO - ✓ УСПЕХ: Товар создан в WP с ID=236312
2025-10-19 09:43:19,340 - INFO - ================================================================================

2025-10-19 09:43:19,340 - INFO - 
================================================================================
2025-10-19 09:43:19,340 - INFO - [4/5] НАЧАЛО СИНХРОНИЗАЦИИ
2025-10-19 09:43:19,340 - INFO - Product ID: 1837
2025-10-19 09:43:19,340 - INFO - SPU ID: 8782621
2025-10-19 09:43:19,340 - INFO - Reference SKU: 652561100
2025-10-19 09:43:19,340 - INFO - Название: Timberland PREMIUM 6 Inch Premium Boot
2025-10-19 09:43:19,340 - INFO - Бренд: Timberland
2025-10-19 09:43:19,340 - INFO - Категории: [104, 153]
2025-10-19 09:43:19,340 - INFO - ================================================================================
2025-10-19 09:43:19,340 - INFO - Всего вариантов: 13
2025-10-19 09:43:19,340 - INFO - В наличии: 13
2025-10-19 09:43:19,340 - INFO - Нет в наличии: 0
2025-10-19 09:43:19,340 - INFO - Варианты в наличии:
2025-10-19 09:43:19,340 - INFO -   • Размер 39: 1199.00 CNY (stock_status=1)
2025-10-19 09:43:19,340 - INFO -   • Размер 39.5: 1369.00 CNY (stock_status=1)
2025-10-19 09:43:19,340 - INFO -   • Размер 40: 1089.00 CNY (stock_status=1)
2025-10-19 09:43:19,340 - INFO -   • Размер 41: 1149.00 CNY (stock_status=1)
2025-10-19 09:43:19,340 - INFO -   • Размер 41.5: 1109.00 CNY (stock_status=1)
2025-10-19 09:43:19,340 - INFO - ЭТАП 1: Создание товара в WooCommerce...
2025-10-19 09:43:19,340 - INFO - URL сайта: https://plummy.ru
2025-10-19 09:43:34,568 - INFO - ✓ УСПЕХ: Товар создан в WP с ID=236320
2025-10-19 09:43:34,629 - INFO - ================================================================================

2025-10-19 09:43:34,629 - INFO - 
================================================================================
2025-10-19 09:43:34,629 - INFO - [5/5] НАЧАЛО СИНХРОНИЗАЦИИ
2025-10-19 09:43:34,629 - INFO - Product ID: 1839
2025-10-19 09:43:34,630 - INFO - SPU ID: 1636036
2025-10-19 09:43:34,630 - INFO - Reference SKU: 603977009
2025-10-19 09:43:34,630 - INFO - Название: Timberland Chukka
2025-10-19 09:43:34,630 - INFO - Бренд: Timberland
2025-10-19 09:43:34,630 - INFO - Категории: [104]
2025-10-19 09:43:34,630 - INFO - ================================================================================
2025-10-19 09:43:34,630 - INFO - Всего вариантов: 3
2025-10-19 09:43:34,630 - INFO - В наличии: 3
2025-10-19 09:43:34,630 - INFO - Нет в наличии: 0
2025-10-19 09:43:34,630 - INFO - Варианты в наличии:
2025-10-19 09:43:34,630 - INFO -   • Размер 41.5: 2899.00 CNY (stock_status=1)
2025-10-19 09:43:34,630 - INFO -   • Размер 43: 3989.00 CNY (stock_status=1)
2025-10-19 09:43:34,630 - INFO -   • Размер 43.5: 3399.00 CNY (stock_status=1)
2025-10-19 09:43:34,630 - INFO - ЭТАП 1: Создание товара в WooCommerce...
2025-10-19 09:43:34,630 - INFO - URL сайта: https://plummy.ru
2025-10-19 09:43:45,581 - INFO - ✓ УСПЕХ: Товар создан в WP с ID=236352
2025-10-19 09:43:45,637 - INFO - ================================================================================

2025-10-19 09:43:45,651 - INFO - ================================================================================
2025-10-19 09:43:45,651 - INFO - ЗАВЕРШЕНИЕ: Создано 5, Ошибок 0, Пропущено 0
2025-10-19 09:43:45,651 - INFO - ================================================================================
