2025-10-22 00:55:14,155 - INFO - ================================================================================
2025-10-22 00:55:14,156 - INFO - НАЧАЛО ДЕТАЛЬНОГО ЛОГИРОВАНИЯ sync_new
2025-10-22 00:55:14,156 - INFO - ================================================================================
2025-10-22 00:55:14,239 - INFO - Всего товаров без WP ID: 18
2025-10-22 00:55:14,239 - INFO - С загруженными данными: 15
2025-10-22 00:55:14,239 - INFO - Пропущено (без данных): 3
2025-10-22 00:55:14,240 - INFO - 
================================================================================
2025-10-22 00:55:14,240 - INFO - [1/15] НАЧАЛО СИНХРОНИЗАЦИИ
2025-10-22 00:55:14,240 - INFO - Product ID: 2342
2025-10-22 00:55:14,240 - INFO - SPU ID: 4977376
2025-10-22 00:55:14,240 - INFO - Reference SKU: 624548157
2025-10-22 00:55:14,240 - INFO - Название: MISS CURIOSITY x Barbie
2025-10-22 00:55:14,240 - INFO - Бренд: MISS CURIOSITY
2025-10-22 00:55:14,240 - INFO - Категории: [1181]
2025-10-22 00:55:14,240 - INFO - ================================================================================
2025-10-22 00:55:14,240 - INFO - Всего вариантов: 57
2025-10-22 00:55:14,240 - INFO - В наличии: 57
2025-10-22 00:55:14,240 - INFO - Нет в наличии: 0
2025-10-22 00:55:14,240 - INFO - Варианты в наличии:
2025-10-22 00:55:14,240 - INFO -   • Размер 70A: 199.00 CNY (stock_status=1)
2025-10-22 00:55:14,240 - INFO -   • Размер 70A: 199.00 CNY (stock_status=1)
2025-10-22 00:55:14,240 - INFO -   • Размер 70B: 199.00 CNY (stock_status=1)
2025-10-22 00:55:14,240 - INFO -   • Размер 70B: 199.00 CNY (stock_status=1)
2025-10-22 00:55:14,240 - INFO -   • Размер 70B: 199.00 CNY (stock_status=1)
2025-10-22 00:55:14,240 - INFO - ЭТАП 1: Создание товара в WooCommerce...
2025-10-22 00:55:14,240 - INFO - URL сайта: https://plummy.ru
2025-10-22 00:55:27,265 - INFO - ✓ УСПЕХ: Товар создан в WP с ID=242854
2025-10-22 00:55:27,322 - INFO - ================================================================================

2025-10-22 00:55:27,322 - INFO - 
================================================================================
2025-10-22 00:55:27,322 - INFO - [2/15] НАЧАЛО СИНХРОНИЗАЦИИ
2025-10-22 00:55:27,322 - INFO - Product ID: 2343
2025-10-22 00:55:27,322 - INFO - SPU ID: 5241709
2025-10-22 00:55:27,322 - INFO - Reference SKU: 626018905
2025-10-22 00:55:27,322 - INFO - Название: MISS CURIOSITY SS23 7
2025-10-22 00:55:27,322 - INFO - Бренд: MISS CURIOSITY
2025-10-22 00:55:27,322 - INFO - Категории: [1181]
2025-10-22 00:55:27,322 - INFO - ================================================================================
2025-10-22 00:55:27,322 - INFO - Всего вариантов: 4
2025-10-22 00:55:27,322 - INFO - В наличии: 4
2025-10-22 00:55:27,322 - INFO - Нет в наличии: 0
2025-10-22 00:55:27,322 - INFO - Варианты в наличии:
2025-10-22 00:55:27,322 - INFO -   • Размер L: 269.00 CNY (stock_status=1)
2025-10-22 00:55:27,322 - INFO -   • Размер M: 269.00 CNY (stock_status=1)
2025-10-22 00:55:27,322 - INFO -   • Размер S: 269.00 CNY (stock_status=1)
2025-10-22 00:55:27,322 - INFO -   • Размер XL: 269.00 CNY (stock_status=1)
2025-10-22 00:55:27,323 - INFO - ЭТАП 1: Создание товара в WooCommerce...
2025-10-22 00:55:27,323 - INFO - URL сайта: https://plummy.ru
2025-10-22 00:55:33,382 - INFO - ✓ УСПЕХ: Товар создан в WP с ID=242860
2025-10-22 00:55:33,444 - INFO - ================================================================================

2025-10-22 00:55:33,450 - INFO - 
================================================================================
2025-10-22 00:55:33,452 - INFO - [3/15] НАЧАЛО СИНХРОНИЗАЦИИ
2025-10-22 00:55:33,453 - INFO - Product ID: 2344
2025-10-22 00:55:33,454 - INFO - SPU ID: 5613839
2025-10-22 00:55:33,454 - INFO - Reference SKU: 628300536
2025-10-22 00:55:33,454 - INFO - Название: CALVIN KLEIN 3
2025-10-22 00:55:33,454 - INFO - Бренд: Calvin Klein
2025-10-22 00:55:33,454 - INFO - Категории: [1181]
2025-10-22 00:55:33,454 - INFO - ================================================================================
2025-10-22 00:55:33,454 - INFO - Всего вариантов: 4
2025-10-22 00:55:33,454 - INFO - В наличии: 4
2025-10-22 00:55:33,454 - INFO - Нет в наличии: 0
2025-10-22 00:55:33,454 - INFO - Варианты в наличии:
2025-10-22 00:55:33,454 - INFO -   • Размер L: 299.00 CNY (stock_status=1)
2025-10-22 00:55:33,454 - INFO -   • Размер M: 243.00 CNY (stock_status=1)
2025-10-22 00:55:33,455 - INFO -   • Размер S: 299.00 CNY (stock_status=1)
2025-10-22 00:55:33,455 - INFO -   • Размер XS: 243.00 CNY (stock_status=1)
2025-10-22 00:55:33,455 - INFO - ЭТАП 1: Создание товара в WooCommerce...
2025-10-22 00:55:33,455 - INFO - URL сайта: https://plummy.ru
2025-10-22 00:55:41,020 - INFO - ✓ УСПЕХ: Товар создан в WP с ID=242874
2025-10-22 00:55:41,086 - INFO - ================================================================================

2025-10-22 00:55:41,086 - INFO - 
================================================================================
2025-10-22 00:55:41,086 - INFO - [4/15] НАЧАЛО СИНХРОНИЗАЦИИ
2025-10-22 00:55:41,087 - INFO - Product ID: 2345
2025-10-22 00:55:41,087 - INFO - SPU ID: 3658961
2025-10-22 00:55:41,087 - INFO - Reference SKU: 616671008
2025-10-22 00:55:41,087 - INFO - Название: MISS CURIOSITY
2025-10-22 00:55:41,087 - INFO - Бренд: MISS CURIOSITY
2025-10-22 00:55:41,087 - INFO - Категории: [1181]
2025-10-22 00:55:41,087 - INFO - ================================================================================
2025-10-22 00:55:41,087 - INFO - Всего вариантов: 139
2025-10-22 00:55:41,087 - INFO - В наличии: 139
2025-10-22 00:55:41,087 - INFO - Нет в наличии: 0
2025-10-22 00:55:41,087 - INFO - Варианты в наличии:
2025-10-22 00:55:41,088 - INFO -   • Размер 70A: 99.00 CNY (stock_status=1)
2025-10-22 00:55:41,088 - INFO -   • Размер 70A: 99.00 CNY (stock_status=1)
2025-10-22 00:55:41,088 - INFO -   • Размер 70A: 99.00 CNY (stock_status=1)
2025-10-22 00:55:41,088 - INFO -   • Размер 70A: 99.00 CNY (stock_status=1)
2025-10-22 00:55:41,088 - INFO -   • Размер 70A: 99.00 CNY (stock_status=1)
2025-10-22 00:55:41,088 - INFO - ЭТАП 1: Создание товара в WooCommerce...
2025-10-22 00:55:41,088 - INFO - URL сайта: https://plummy.ru
2025-10-22 00:55:47,013 - INFO - ✓ УСПЕХ: Товар создан в WP с ID=242888
2025-10-22 00:55:47,074 - INFO - ================================================================================

2025-10-22 00:55:47,074 - INFO - 
================================================================================
2025-10-22 00:55:47,074 - INFO - [5/15] НАЧАЛО СИНХРОНИЗАЦИИ
2025-10-22 00:55:47,074 - INFO - Product ID: 2346
2025-10-22 00:55:47,074 - INFO - SPU ID: 3875232
2025-10-22 00:55:47,074 - INFO - Reference SKU: 617852355
2025-10-22 00:55:47,075 - INFO - Название: MISS CURIOSITY
2025-10-22 00:55:47,075 - INFO - Бренд: MISS CURIOSITY
2025-10-22 00:55:47,075 - INFO - Категории: [1181]
2025-10-22 00:55:47,075 - INFO - ================================================================================
2025-10-22 00:55:47,075 - INFO - Всего вариантов: 75
2025-10-22 00:55:47,075 - INFO - В наличии: 75
2025-10-22 00:55:47,075 - INFO - Нет в наличии: 0
2025-10-22 00:55:47,075 - INFO - Варианты в наличии:
2025-10-22 00:55:47,075 - INFO -   • Размер 70A: 129.00 CNY (stock_status=1)
2025-10-22 00:55:47,075 - INFO -   • Размер 70A: 129.00 CNY (stock_status=1)
2025-10-22 00:55:47,075 - INFO -   • Размер 70A: 129.00 CNY (stock_status=1)
2025-10-22 00:55:47,075 - INFO -   • Размер 70A: 129.00 CNY (stock_status=1)
2025-10-22 00:55:47,075 - INFO -   • Размер 70A: 129.00 CNY (stock_status=1)
2025-10-22 00:55:47,075 - INFO - ЭТАП 1: Создание товара в WooCommerce...
2025-10-22 00:55:47,076 - INFO - URL сайта: https://plummy.ru
2025-10-22 00:55:52,947 - INFO - ✓ УСПЕХ: Товар создан в WP с ID=242894
2025-10-22 00:55:53,002 - INFO - ================================================================================

2025-10-22 00:55:53,002 - INFO - 
================================================================================
2025-10-22 00:55:53,003 - INFO - [6/15] НАЧАЛО СИНХРОНИЗАЦИИ
2025-10-22 00:55:53,003 - INFO - Product ID: 2347
2025-10-22 00:55:53,003 - INFO - SPU ID: 21828118
2025-10-22 00:55:53,003 - INFO - Reference SKU: 835724294
2025-10-22 00:55:53,003 - INFO - Название: Stussy SS25 BOXER SHORTS 3 PACK 3
2025-10-22 00:55:53,003 - INFO - Бренд: Stussy
2025-10-22 00:55:53,003 - INFO - Категории: [1180]
2025-10-22 00:55:53,003 - INFO - ================================================================================
2025-10-22 00:55:53,003 - INFO - Всего вариантов: 5
2025-10-22 00:55:53,003 - INFO - В наличии: 5
2025-10-22 00:55:53,003 - INFO - Нет в наличии: 0
2025-10-22 00:55:53,004 - INFO - Варианты в наличии:
2025-10-22 00:55:53,004 - INFO -   • Размер L: 519.00 CNY (stock_status=1)
2025-10-22 00:55:53,004 - INFO -   • Размер M: 509.00 CNY (stock_status=1)
2025-10-22 00:55:53,004 - INFO -   • Размер S: 439.00 CNY (stock_status=1)
2025-10-22 00:55:53,004 - INFO -   • Размер XL: 459.00 CNY (stock_status=1)
2025-10-22 00:55:53,004 - INFO -   • Размер XXL: 459.00 CNY (stock_status=1)
2025-10-22 00:55:53,004 - INFO - ЭТАП 1: Создание товара в WooCommerce...
2025-10-22 00:55:53,004 - INFO - URL сайта: https://plummy.ru
2025-10-22 00:56:00,311 - INFO - ✓ УСПЕХ: Товар создан в WP с ID=242900
2025-10-22 00:56:00,376 - INFO - ================================================================================

2025-10-22 00:56:00,376 - INFO - 
================================================================================
2025-10-22 00:56:00,376 - INFO - [7/15] НАЧАЛО СИНХРОНИЗАЦИИ
2025-10-22 00:56:00,377 - INFO - Product ID: 2348
2025-10-22 00:56:00,377 - INFO - SPU ID: 5557519
2025-10-22 00:56:00,377 - INFO - Reference SKU: 627945256
2025-10-22 00:56:00,377 - INFO - Название: CALVIN KLEIN
2025-10-22 00:56:00,377 - INFO - Бренд: Calvin Klein
2025-10-22 00:56:00,377 - INFO - Категории: [1180]
2025-10-22 00:56:00,377 - INFO - ================================================================================
2025-10-22 00:56:00,377 - INFO - Всего вариантов: 3
2025-10-22 00:56:00,377 - INFO - В наличии: 3
2025-10-22 00:56:00,377 - INFO - Нет в наличии: 0
2025-10-22 00:56:00,377 - INFO - Варианты в наличии:
2025-10-22 00:56:00,379 - INFO -   • Размер L: 259.00 CNY (stock_status=1)
2025-10-22 00:56:00,379 - INFO -   • Размер M: 199.00 CNY (stock_status=1)
2025-10-22 00:56:00,379 - INFO -   • Размер S: 248.00 CNY (stock_status=1)
2025-10-22 00:56:00,380 - INFO - ЭТАП 1: Создание товара в WooCommerce...
2025-10-22 00:56:00,380 - INFO - URL сайта: https://plummy.ru
2025-10-22 00:56:06,540 - INFO - ✓ УСПЕХ: Товар создан в WP с ID=242915
2025-10-22 00:56:06,596 - INFO - ================================================================================

2025-10-22 00:56:06,596 - INFO - 
================================================================================
2025-10-22 00:56:06,597 - INFO - [8/15] НАЧАЛО СИНХРОНИЗАЦИИ
2025-10-22 00:56:06,597 - INFO - Product ID: 2349
2025-10-22 00:56:06,597 - INFO - SPU ID: 3340837
2025-10-22 00:56:06,597 - INFO - Reference SKU: 614757657
2025-10-22 00:56:06,597 - INFO - Название: CALVIN KLEIN SS22 logo
2025-10-22 00:56:06,597 - INFO - Бренд: Calvin Klein
2025-10-22 00:56:06,597 - INFO - Категории: [1180]
2025-10-22 00:56:06,597 - INFO - ================================================================================
2025-10-22 00:56:06,597 - INFO - Всего вариантов: 1
2025-10-22 00:56:06,597 - INFO - В наличии: 1
2025-10-22 00:56:06,598 - INFO - Нет в наличии: 0
2025-10-22 00:56:06,598 - INFO - Варианты в наличии:
2025-10-22 00:56:06,598 - INFO -   • Размер M: 269.00 CNY (stock_status=1)
2025-10-22 00:56:06,598 - INFO - ЭТАП 1: Создание товара в WooCommerce...
2025-10-22 00:56:06,598 - INFO - URL сайта: https://plummy.ru
2025-10-22 00:56:14,690 - INFO - ✓ УСПЕХ: Товар создан в WP с ID=242926
2025-10-22 00:56:14,754 - INFO - ================================================================================

2025-10-22 00:56:14,755 - INFO - 
================================================================================
2025-10-22 00:56:14,755 - INFO - [9/15] НАЧАЛО СИНХРОНИЗАЦИИ
2025-10-22 00:56:14,755 - INFO - Product ID: 2350
2025-10-22 00:56:14,755 - INFO - SPU ID: 11638588
2025-10-22 00:56:14,755 - INFO - Reference SKU: 678235977
2025-10-22 00:56:14,755 - INFO - Название: Supreme
2025-10-22 00:56:14,755 - INFO - Бренд: Supreme
2025-10-22 00:56:14,755 - INFO - Категории: [1180]
2025-10-22 00:56:14,755 - INFO - ================================================================================
2025-10-22 00:56:14,755 - INFO - Всего вариантов: 2
2025-10-22 00:56:14,755 - INFO - В наличии: 2
2025-10-22 00:56:14,756 - INFO - Нет в наличии: 0
2025-10-22 00:56:14,756 - INFO - Варианты в наличии:
2025-10-22 00:56:14,756 - INFO -   • Размер M: 459.00 CNY (stock_status=1)
2025-10-22 00:56:14,756 - INFO -   • Размер S: 379.00 CNY (stock_status=1)
2025-10-22 00:56:14,756 - INFO - ЭТАП 1: Создание товара в WooCommerce...
2025-10-22 00:56:14,756 - INFO - URL сайта: https://plummy.ru
2025-10-22 00:56:20,083 - INFO - ✓ УСПЕХ: Товар создан в WP с ID=242934
2025-10-22 00:56:20,141 - INFO - ================================================================================

2025-10-22 00:56:20,141 - INFO - 
================================================================================
2025-10-22 00:56:20,141 - INFO - [10/15] НАЧАЛО СИНХРОНИЗАЦИИ
2025-10-22 00:56:20,141 - INFO - Product ID: 2351
2025-10-22 00:56:20,141 - INFO - SPU ID: 1814868
2025-10-22 00:56:20,141 - INFO - Reference SKU: 605168896
2025-10-22 00:56:20,142 - INFO - Название: Supreme x x hanes logo
2025-10-22 00:56:20,142 - INFO - Бренд: Supreme
2025-10-22 00:56:20,142 - INFO - Категории: [1180]
2025-10-22 00:56:20,142 - INFO - ================================================================================
2025-10-22 00:56:20,142 - INFO - Всего вариантов: 4
2025-10-22 00:56:20,142 - INFO - В наличии: 4
2025-10-22 00:56:20,142 - INFO - Нет в наличии: 0
2025-10-22 00:56:20,142 - INFO - Варианты в наличии:
2025-10-22 00:56:20,142 - INFO -   • Размер L: 1999.00 CNY (stock_status=1)
2025-10-22 00:56:20,142 - INFO -   • Размер M: 899.00 CNY (stock_status=1)
2025-10-22 00:56:20,142 - INFO -   • Размер S: 899.00 CNY (stock_status=1)
2025-10-22 00:56:20,142 - INFO -   • Размер XL: 899.00 CNY (stock_status=1)
2025-10-22 00:56:20,143 - INFO - ЭТАП 1: Создание товара в WooCommerce...
2025-10-22 00:56:20,143 - INFO - URL сайта: https://plummy.ru
2025-10-22 00:56:26,582 - INFO - ✓ УСПЕХ: Товар создан в WP с ID=242942
2025-10-22 00:56:26,638 - INFO - ================================================================================

2025-10-22 00:56:26,638 - INFO - 
================================================================================
2025-10-22 00:56:26,638 - INFO - [11/15] НАЧАЛО СИНХРОНИЗАЦИИ
2025-10-22 00:56:26,639 - INFO - Product ID: 2352
2025-10-22 00:56:26,639 - INFO - SPU ID: 1350648
2025-10-22 00:56:26,639 - INFO - Reference SKU: 602238601
2025-10-22 00:56:26,639 - INFO - Название: Supreme Week 1 x Hanes Boxer Briefs 2
2025-10-22 00:56:26,639 - INFO - Бренд: Supreme
2025-10-22 00:56:26,639 - INFO - Категории: [1180]
2025-10-22 00:56:26,639 - INFO - ================================================================================
2025-10-22 00:56:26,639 - INFO - Всего вариантов: 1
2025-10-22 00:56:26,639 - INFO - В наличии: 1
2025-10-22 00:56:26,639 - INFO - Нет в наличии: 0
2025-10-22 00:56:26,640 - INFO - Варианты в наличии:
2025-10-22 00:56:26,640 - INFO -   • Размер XL: 799.00 CNY (stock_status=1)
2025-10-22 00:56:26,640 - INFO - ЭТАП 1: Создание товара в WooCommerce...
2025-10-22 00:56:26,640 - INFO - URL сайта: https://plummy.ru
2025-10-22 00:56:30,755 - INFO - ✓ УСПЕХ: Товар создан в WP с ID=242956
2025-10-22 00:56:30,815 - INFO - ================================================================================

2025-10-22 00:56:30,816 - INFO - 
================================================================================
2025-10-22 00:56:30,816 - INFO - [12/15] НАЧАЛО СИНХРОНИЗАЦИИ
2025-10-22 00:56:30,816 - INFO - Product ID: 2353
2025-10-22 00:56:30,816 - INFO - SPU ID: 4749831
2025-10-22 00:56:30,816 - INFO - Reference SKU: 623182737
2025-10-22 00:56:30,816 - INFO - Название: Polo Ralph Lauren SS23 Logo 3
2025-10-22 00:56:30,816 - INFO - Бренд: Polo Ralph Lauren
2025-10-22 00:56:30,816 - INFO - Категории: [1180]
2025-10-22 00:56:30,816 - INFO - ================================================================================
2025-10-22 00:56:30,816 - INFO - Всего вариантов: 4
2025-10-22 00:56:30,816 - INFO - В наличии: 4
2025-10-22 00:56:30,816 - INFO - Нет в наличии: 0
2025-10-22 00:56:30,816 - INFO - Варианты в наличии:
2025-10-22 00:56:30,817 - INFO -   • Размер L: 479.00 CNY (stock_status=1)
2025-10-22 00:56:30,817 - INFO -   • Размер M: 489.00 CNY (stock_status=1)
2025-10-22 00:56:30,817 - INFO -   • Размер S: 499.00 CNY (stock_status=1)
2025-10-22 00:56:30,817 - INFO -   • Размер XL: 529.00 CNY (stock_status=1)
2025-10-22 00:56:30,817 - INFO - ЭТАП 1: Создание товара в WooCommerce...
2025-10-22 00:56:30,817 - INFO - URL сайта: https://plummy.ru
2025-10-22 00:56:37,311 - INFO - ✓ УСПЕХ: Товар создан в WP с ID=242961
2025-10-22 00:56:37,374 - INFO - ================================================================================

2025-10-22 00:56:37,374 - INFO - 
================================================================================
2025-10-22 00:56:37,375 - INFO - [13/15] НАЧАЛО СИНХРОНИЗАЦИИ
2025-10-22 00:56:37,375 - INFO - Product ID: 2355
2025-10-22 00:56:37,375 - INFO - SPU ID: 22049653
2025-10-22 00:56:37,375 - INFO - Reference SKU: 839247928
2025-10-22 00:56:37,375 - INFO - Название: Polo Ralph Lauren 5
2025-10-22 00:56:37,375 - INFO - Бренд: Polo Ralph Lauren
2025-10-22 00:56:37,375 - INFO - Категории: [1180]
2025-10-22 00:56:37,375 - INFO - ================================================================================
2025-10-22 00:56:37,375 - INFO - Всего вариантов: 5
2025-10-22 00:56:37,375 - INFO - В наличии: 5
2025-10-22 00:56:37,375 - INFO - Нет в наличии: 0
2025-10-22 00:56:37,376 - INFO - Варианты в наличии:
2025-10-22 00:56:37,376 - INFO -   • Размер L: 789.00 CNY (stock_status=1)
2025-10-22 00:56:37,376 - INFO -   • Размер M: 789.00 CNY (stock_status=1)
2025-10-22 00:56:37,376 - INFO -   • Размер S: 789.00 CNY (stock_status=1)
2025-10-22 00:56:37,376 - INFO -   • Размер XL: 789.00 CNY (stock_status=1)
2025-10-22 00:56:37,376 - INFO -   • Размер XXL: 789.00 CNY (stock_status=1)
2025-10-22 00:56:37,376 - INFO - ЭТАП 1: Создание товара в WooCommerce...
2025-10-22 00:56:37,376 - INFO - URL сайта: https://plummy.ru
2025-10-22 00:56:58,102 - INFO - ✓ УСПЕХ: Товар создан в WP с ID=242975
2025-10-22 00:56:58,165 - INFO - ================================================================================

2025-10-22 00:56:58,165 - INFO - 
================================================================================
2025-10-22 00:56:58,165 - INFO - [14/15] НАЧАЛО СИНХРОНИЗАЦИИ
2025-10-22 00:56:58,165 - INFO - Product ID: 2356
2025-10-22 00:56:58,165 - INFO - SPU ID: 21122066
2025-10-22 00:56:58,165 - INFO - Reference SKU: 821935548
2025-10-22 00:56:58,165 - INFO - Название: Tommy Hilfiger
2025-10-22 00:56:58,165 - INFO - Бренд: Tommy Hilfiger
2025-10-22 00:56:58,165 - INFO - Категории: [1180]
2025-10-22 00:56:58,165 - INFO - ================================================================================
2025-10-22 00:56:58,165 - INFO - Всего вариантов: 4
2025-10-22 00:56:58,165 - INFO - В наличии: 4
2025-10-22 00:56:58,165 - INFO - Нет в наличии: 0
2025-10-22 00:56:58,166 - INFO - Варианты в наличии:
2025-10-22 00:56:58,166 - INFO -   • Размер L: 234.00 CNY (stock_status=1)
2025-10-22 00:56:58,166 - INFO -   • Размер M: 238.00 CNY (stock_status=1)
2025-10-22 00:56:58,166 - INFO -   • Размер S: 234.00 CNY (stock_status=1)
2025-10-22 00:56:58,166 - INFO -   • Размер XL: 238.00 CNY (stock_status=1)
2025-10-22 00:56:58,166 - INFO - ЭТАП 1: Создание товара в WooCommerce...
2025-10-22 00:56:58,166 - INFO - URL сайта: https://plummy.ru
2025-10-22 00:57:07,408 - INFO - ✓ УСПЕХ: Товар создан в WP с ID=242991
2025-10-22 00:57:07,470 - INFO - ================================================================================

2025-10-22 00:57:07,471 - INFO - 
================================================================================
2025-10-22 00:57:07,471 - INFO - [15/15] НАЧАЛО СИНХРОНИЗАЦИИ
2025-10-22 00:57:07,471 - INFO - Product ID: 2357
2025-10-22 00:57:07,471 - INFO - SPU ID: 20008290
2025-10-22 00:57:07,471 - INFO - Reference SKU: 806594483
2025-10-22 00:57:07,471 - INFO - Название: Tommy Hilfiger 3
2025-10-22 00:57:07,471 - INFO - Бренд: Tommy Hilfiger
2025-10-22 00:57:07,472 - INFO - Категории: [1180]
2025-10-22 00:57:07,472 - INFO - ================================================================================
2025-10-22 00:57:07,472 - INFO - Всего вариантов: 4
2025-10-22 00:57:07,472 - INFO - В наличии: 4
2025-10-22 00:57:07,472 - INFO - Нет в наличии: 0
2025-10-22 00:57:07,472 - INFO - Варианты в наличии:
2025-10-22 00:57:07,472 - INFO -   • Размер L: 294.00 CNY (stock_status=1)
2025-10-22 00:57:07,472 - INFO -   • Размер M: 294.00 CNY (stock_status=1)
2025-10-22 00:57:07,472 - INFO -   • Размер S: 294.00 CNY (stock_status=1)
2025-10-22 00:57:07,472 - INFO -   • Размер XL: 294.00 CNY (stock_status=1)
2025-10-22 00:57:07,472 - INFO - ЭТАП 1: Создание товара в WooCommerce...
2025-10-22 00:57:07,473 - INFO - URL сайта: https://plummy.ru
2025-10-22 00:57:14,983 - INFO - ✓ УСПЕХ: Товар создан в WP с ID=243005
2025-10-22 00:57:15,049 - INFO - ================================================================================

2025-10-22 00:57:15,066 - INFO - ================================================================================
2025-10-22 00:57:15,066 - INFO - ЗАВЕРШЕНИЕ: Создано 15, Ошибок 0, Пропущено 0
2025-10-22 00:57:15,066 - INFO - ================================================================================
