2025-10-19 11:59:29,333 - INFO - ================================================================================
2025-10-19 11:59:29,334 - INFO - НАЧАЛО ДЕТАЛЬНОГО ЛОГИРОВАНИЯ sync_new
2025-10-19 11:59:29,334 - INFO - ================================================================================
2025-10-19 11:59:29,397 - INFO - Всего товаров без WP ID: 11
2025-10-19 11:59:29,398 - INFO - С загруженными данными: 6
2025-10-19 11:59:29,398 - INFO - Пропущено (без данных): 5
2025-10-19 11:59:29,399 - INFO - 
================================================================================
2025-10-19 11:59:29,399 - INFO - [1/6] НАЧАЛО СИНХРОНИЗАЦИИ
2025-10-19 11:59:29,399 - INFO - Product ID: 1847
2025-10-19 11:59:29,399 - INFO - SPU ID: 7023731
2025-10-19 11:59:29,399 - INFO - Reference SKU: 638530543
2025-10-19 11:59:29,399 - INFO - Название: Native Shoes Treklite20 55cm 4cm15cm
2025-10-19 11:59:29,399 - INFO - Бренд: Native Shoes
2025-10-19 11:59:29,399 - INFO - Категории: [104, 153]
2025-10-19 11:59:29,399 - INFO - ================================================================================
2025-10-19 11:59:29,399 - INFO - Всего вариантов: 9
2025-10-19 11:59:29,399 - INFO - В наличии: 9
2025-10-19 11:59:29,399 - INFO - Нет в наличии: 0
2025-10-19 11:59:29,399 - INFO - Варианты в наличии:
2025-10-19 11:59:29,399 - INFO -   • Размер 36: 449.00 CNY (stock_status=1)
2025-10-19 11:59:29,399 - INFO -   • Размер 37: 449.00 CNY (stock_status=1)
2025-10-19 11:59:29,399 - INFO -   • Размер 38: 449.00 CNY (stock_status=1)
2025-10-19 11:59:29,399 - INFO -   • Размер 39: 449.00 CNY (stock_status=1)
2025-10-19 11:59:29,399 - INFO -   • Размер 40: 449.00 CNY (stock_status=1)
2025-10-19 11:59:29,399 - INFO - ЭТАП 1: Создание товара в WooCommerce...
2025-10-19 11:59:29,399 - INFO - URL сайта: https://plummy.ru
2025-10-19 11:59:48,295 - INFO - ✓ УСПЕХ: Товар создан в WP с ID=236478
2025-10-19 11:59:48,366 - INFO - ================================================================================

2025-10-19 11:59:48,366 - INFO - 
================================================================================
2025-10-19 11:59:48,366 - INFO - [2/6] НАЧАЛО СИНХРОНИЗАЦИИ
2025-10-19 11:59:48,366 - INFO - Product ID: 1848
2025-10-19 11:59:48,366 - INFO - SPU ID: 18624
2025-10-19 11:59:48,366 - INFO - Reference SKU: 111738621
2025-10-19 11:59:48,366 - INFO - Название: Timberland PREMIUM
2025-10-19 11:59:48,366 - INFO - Бренд: Timberland
2025-10-19 11:59:48,366 - INFO - Категории: [104, 153]
2025-10-19 11:59:48,366 - INFO - ================================================================================
2025-10-19 11:59:48,366 - INFO - Всего вариантов: 14
2025-10-19 11:59:48,367 - INFO - В наличии: 14
2025-10-19 11:59:48,367 - INFO - Нет в наличии: 0
2025-10-19 11:59:48,367 - INFO - Варианты в наличии:
2025-10-19 11:59:48,367 - INFO -   • Размер 39: 999.00 CNY (stock_status=1)
2025-10-19 11:59:48,367 - INFO -   • Размер 39.5: 1019.00 CNY (stock_status=1)
2025-10-19 11:59:48,367 - INFO -   • Размер 40: 1079.00 CNY (stock_status=1)
2025-10-19 11:59:48,367 - INFO -   • Размер 41: 1019.00 CNY (stock_status=1)
2025-10-19 11:59:48,367 - INFO -   • Размер 41.5: 1009.00 CNY (stock_status=1)
2025-10-19 11:59:48,367 - INFO - ЭТАП 1: Создание товара в WooCommerce...
2025-10-19 11:59:48,367 - INFO - URL сайта: https://plummy.ru
2025-10-19 11:59:54,811 - INFO - ✓ УСПЕХ: Товар создан в WP с ID=236502
2025-10-19 11:59:54,873 - INFO - ================================================================================

2025-10-19 11:59:54,873 - INFO - 
================================================================================
2025-10-19 11:59:54,874 - INFO - [3/6] НАЧАЛО СИНХРОНИЗАЦИИ
2025-10-19 11:59:54,874 - INFO - Product ID: 1849
2025-10-19 11:59:54,874 - INFO - SPU ID: 3116612
2025-10-19 11:59:54,874 - INFO - Reference SKU: 613227453
2025-10-19 11:59:54,874 - INFO - Название: Nike Air Max 90
2025-10-19 11:59:54,874 - INFO - Бренд: Nike
2025-10-19 11:59:54,874 - INFO - Категории: [103, 154]
2025-10-19 11:59:54,874 - INFO - ================================================================================
2025-10-19 11:59:54,874 - INFO - Всего вариантов: 6
2025-10-19 11:59:54,874 - INFO - В наличии: 6
2025-10-19 11:59:54,874 - INFO - Нет в наличии: 0
2025-10-19 11:59:54,874 - INFO - Варианты в наличии:
2025-10-19 11:59:54,874 - INFO -   • Размер 38.5: 729.00 CNY (stock_status=1)
2025-10-19 11:59:54,874 - INFO -   • Размер 40.5: 879.00 CNY (stock_status=1)
2025-10-19 11:59:54,874 - INFO -   • Размер 41: 659.00 CNY (stock_status=1)
2025-10-19 11:59:54,874 - INFO -   • Размер 42: 859.00 CNY (stock_status=1)
2025-10-19 11:59:54,874 - INFO -   • Размер 42.5: 659.00 CNY (stock_status=1)
2025-10-19 11:59:54,874 - INFO - ЭТАП 1: Создание товара в WooCommerce...
2025-10-19 11:59:54,875 - INFO - URL сайта: https://plummy.ru
2025-10-19 12:00:28,128 - INFO - ✓ УСПЕХ: Товар создан в WP с ID=236536
2025-10-19 12:00:28,188 - INFO - ================================================================================

2025-10-19 12:00:28,188 - INFO - 
================================================================================
2025-10-19 12:00:28,189 - INFO - [4/6] НАЧАЛО СИНХРОНИЗАЦИИ
2025-10-19 12:00:28,189 - INFO - Product ID: 1850
2025-10-19 12:00:28,189 - INFO - SPU ID: 18846446
2025-10-19 12:00:28,189 - INFO - Reference SKU: 797376317
2025-10-19 12:00:28,189 - INFO - Название: SALOMON XTWHISPER
2025-10-19 12:00:28,189 - INFO - Бренд: SALOMON
2025-10-19 12:00:28,189 - INFO - Категории: [103, 154]
2025-10-19 12:00:28,189 - INFO - ================================================================================
2025-10-19 12:00:28,189 - INFO - Всего вариантов: 17
2025-10-19 12:00:28,189 - INFO - В наличии: 17
2025-10-19 12:00:28,189 - INFO - Нет в наличии: 0
2025-10-19 12:00:28,189 - INFO - Варианты в наличии:
2025-10-19 12:00:28,190 - INFO -   • Размер 36: 979.00 CNY (stock_status=1)
2025-10-19 12:00:28,190 - INFO -   • Размер 36⅔: 1038.00 CNY (stock_status=1)
2025-10-19 12:00:28,190 - INFO -   • Размер 37⅓: 869.00 CNY (stock_status=1)
2025-10-19 12:00:28,190 - INFO -   • Размер 38: 859.00 CNY (stock_status=1)
2025-10-19 12:00:28,190 - INFO -   • Размер 38⅔: 898.00 CNY (stock_status=1)
2025-10-19 12:00:28,190 - INFO - ЭТАП 1: Создание товара в WooCommerce...
2025-10-19 12:00:28,190 - INFO - URL сайта: https://plummy.ru
2025-10-19 12:01:47,355 - INFO - ✓ УСПЕХ: Товар создан в WP с ID=236566
2025-10-19 12:01:47,417 - INFO - ================================================================================

2025-10-19 12:01:47,417 - INFO - 
================================================================================
2025-10-19 12:01:47,417 - INFO - [5/6] НАЧАЛО СИНХРОНИЗАЦИИ
2025-10-19 12:01:47,417 - INFO - Product ID: 1851
2025-10-19 12:01:47,417 - INFO - SPU ID: 22143667
2025-10-19 12:01:47,417 - INFO - Reference SKU: 841028772
2025-10-19 12:01:47,417 - INFO - Название: SALOMON SOLAMPHIBIAN
2025-10-19 12:01:47,418 - INFO - Бренд: SALOMON
2025-10-19 12:01:47,418 - INFO - Категории: [103, 154]
2025-10-19 12:01:47,418 - INFO - ================================================================================
2025-10-19 12:01:47,418 - INFO - Всего вариантов: 7
2025-10-19 12:01:47,418 - INFO - В наличии: 7
2025-10-19 12:01:47,418 - INFO - Нет в наличии: 0
2025-10-19 12:01:47,418 - INFO - Варианты в наличии:
2025-10-19 12:01:47,418 - INFO -   • Размер 36: 519.00 CNY (stock_status=1)
2025-10-19 12:01:47,418 - INFO -   • Размер 36⅔: 539.00 CNY (stock_status=1)
2025-10-19 12:01:47,418 - INFO -   • Размер 37⅓: 529.00 CNY (stock_status=1)
2025-10-19 12:01:47,418 - INFO -   • Размер 38: 689.00 CNY (stock_status=1)
2025-10-19 12:01:47,419 - INFO -   • Размер 38⅔: 749.00 CNY (stock_status=1)
2025-10-19 12:01:47,419 - INFO - ЭТАП 1: Создание товара в WooCommerce...
2025-10-19 12:01:47,419 - INFO - URL сайта: https://plummy.ru
2025-10-19 12:03:12,784 - INFO - ✓ УСПЕХ: Товар создан в WP с ID=236640
2025-10-19 12:03:12,887 - INFO - ================================================================================

2025-10-19 12:03:12,887 - INFO - 
================================================================================
2025-10-19 12:03:12,887 - INFO - [6/6] НАЧАЛО СИНХРОНИЗАЦИИ
2025-10-19 12:03:12,887 - INFO - Product ID: 1853
2025-10-19 12:03:12,887 - INFO - SPU ID: 15191275
2025-10-19 12:03:12,887 - INFO - Reference SKU: 729122044
2025-10-19 12:03:12,887 - INFO - Название: New Balance NB 410 Y2K
2025-10-19 12:03:12,887 - INFO - Бренд: New Balance
2025-10-19 12:03:12,887 - INFO - Категории: [103, 154]
2025-10-19 12:03:12,887 - INFO - ================================================================================
2025-10-19 12:03:12,888 - INFO - Всего вариантов: 15
2025-10-19 12:03:12,888 - INFO - В наличии: 15
2025-10-19 12:03:12,888 - INFO - Нет в наличии: 0
2025-10-19 12:03:12,888 - INFO - Варианты в наличии:
2025-10-19 12:03:12,888 - INFO -   • Размер 36: 799.00 CNY (stock_status=1)
2025-10-19 12:03:12,888 - INFO -   • Размер 37: 799.00 CNY (stock_status=1)
2025-10-19 12:03:12,888 - INFO -   • Размер 37.5: 799.00 CNY (stock_status=1)
2025-10-19 12:03:12,888 - INFO -   • Размер 38: 829.00 CNY (stock_status=1)
2025-10-19 12:03:12,888 - INFO -   • Размер 38.5: 799.00 CNY (stock_status=1)
2025-10-19 12:03:12,888 - INFO - ЭТАП 1: Создание товара в WooCommerce...
2025-10-19 12:03:12,888 - INFO - URL сайта: https://plummy.ru
2025-10-19 12:05:08,661 - INFO - ✓ УСПЕХ: Товар создан в WP с ID=236678
2025-10-19 12:05:08,748 - INFO - ================================================================================

2025-10-19 12:05:08,765 - INFO - ================================================================================
2025-10-19 12:05:08,765 - INFO - ЗАВЕРШЕНИЕ: Создано 6, Ошибок 0, Пропущено 0
2025-10-19 12:05:08,765 - INFO - ================================================================================
