2025-10-19 09:47:18,375 - INFO - ================================================================================
2025-10-19 09:47:18,376 - INFO - НАЧАЛО ДЕТАЛЬНОГО ЛОГИРОВАНИЯ sync_new
2025-10-19 09:47:18,376 - INFO - ================================================================================
2025-10-19 09:47:18,419 - INFO - Всего товаров без WP ID: 10
2025-10-19 09:47:18,419 - INFO - С загруженными данными: 6
2025-10-19 09:47:18,419 - INFO - Пропущено (без данных): 4
2025-10-19 09:47:18,419 - INFO - 
================================================================================
2025-10-19 09:47:18,419 - INFO - [1/6] НАЧАЛО СИНХРОНИЗАЦИИ
2025-10-19 09:47:18,419 - INFO - Product ID: 1840
2025-10-19 09:47:18,419 - INFO - SPU ID: 5455752
2025-10-19 09:47:18,419 - INFO - Reference SKU: 639779582
2025-10-19 09:47:18,419 - INFO - Название: Birkenstock Boston Soft Footbed
2025-10-19 09:47:18,419 - INFO - Бренд: Birkenstock
2025-10-19 09:47:18,419 - INFO - Категории: [1171, 1172]
2025-10-19 09:47:18,419 - INFO - ================================================================================
2025-10-19 09:47:18,419 - INFO - Всего вариантов: 11
2025-10-19 09:47:18,419 - INFO - В наличии: 11
2025-10-19 09:47:18,419 - INFO - Нет в наличии: 0
2025-10-19 09:47:18,419 - INFO - Варианты в наличии:
2025-10-19 09:47:18,419 - INFO -   • Размер 35: 1419.00 CNY (stock_status=1)
2025-10-19 09:47:18,419 - INFO -   • Размер 36: 1289.00 CNY (stock_status=1)
2025-10-19 09:47:18,419 - INFO -   • Размер 37: 1279.00 CNY (stock_status=1)
2025-10-19 09:47:18,419 - INFO -   • Размер 38: 1219.00 CNY (stock_status=1)
2025-10-19 09:47:18,419 - INFO -   • Размер 39: 1129.00 CNY (stock_status=1)
2025-10-19 09:47:18,419 - INFO - ЭТАП 1: Создание товара в WooCommerce...
2025-10-19 09:47:18,419 - INFO - URL сайта: https://plummy.ru
2025-10-19 09:47:29,789 - INFO - ✓ УСПЕХ: Товар создан в WP с ID=236364
2025-10-19 09:47:29,846 - INFO - ================================================================================

2025-10-19 09:47:29,846 - INFO - 
================================================================================
2025-10-19 09:47:29,846 - INFO - [2/6] НАЧАЛО СИНХРОНИЗАЦИИ
2025-10-19 09:47:29,846 - INFO - Product ID: 1841
2025-10-19 09:47:29,846 - INFO - SPU ID: 28034527
2025-10-19 09:47:29,846 - INFO - Reference SKU: 951403817
2025-10-19 09:47:29,846 - INFO - Название: Supreme FW25 WEEK1 Playboi Carti Photo Tee T
2025-10-19 09:47:29,847 - INFO - Бренд: Supreme
2025-10-19 09:47:29,847 - INFO - Категории: [106, 151]
2025-10-19 09:47:29,847 - INFO - ================================================================================
2025-10-19 09:47:29,847 - INFO - Всего вариантов: 5
2025-10-19 09:47:29,847 - INFO - В наличии: 5
2025-10-19 09:47:29,847 - INFO - Нет в наличии: 0
2025-10-19 09:47:29,847 - INFO - Варианты в наличии:
2025-10-19 09:47:29,847 - INFO -   • Размер L: 589.00 CNY (stock_status=1)
2025-10-19 09:47:29,847 - INFO -   • Размер M: 569.00 CNY (stock_status=1)
2025-10-19 09:47:29,847 - INFO -   • Размер S: 629.00 CNY (stock_status=1)
2025-10-19 09:47:29,847 - INFO -   • Размер XL: 509.00 CNY (stock_status=1)
2025-10-19 09:47:29,847 - INFO -   • Размер XXL: 539.00 CNY (stock_status=1)
2025-10-19 09:47:29,847 - INFO - ЭТАП 1: Создание товара в WooCommerce...
2025-10-19 09:47:29,847 - INFO - URL сайта: https://plummy.ru
2025-10-19 09:47:55,014 - INFO - ✓ УСПЕХ: Товар создан в WP с ID=236392
2025-10-19 09:47:55,088 - INFO - ================================================================================

2025-10-19 09:47:55,088 - INFO - 
================================================================================
2025-10-19 09:47:55,088 - INFO - [3/6] НАЧАЛО СИНХРОНИЗАЦИИ
2025-10-19 09:47:55,089 - INFO - Product ID: 1842
2025-10-19 09:47:55,089 - INFO - SPU ID: 18045312
2025-10-19 09:47:55,089 - INFO - Reference SKU: 775348670
2025-10-19 09:47:55,089 - INFO - Название: HUMAN MADE FW24 logoT
2025-10-19 09:47:55,089 - INFO - Бренд: HUMAN MADE
2025-10-19 09:47:55,089 - INFO - Категории: [106, 151]
2025-10-19 09:47:55,089 - INFO - ================================================================================
2025-10-19 09:47:55,089 - INFO - Всего вариантов: 3
2025-10-19 09:47:55,089 - INFO - В наличии: 3
2025-10-19 09:47:55,089 - INFO - Нет в наличии: 0
2025-10-19 09:47:55,089 - INFO - Варианты в наличии:
2025-10-19 09:47:55,089 - INFO -   • Размер L: 449.00 CNY (stock_status=1)
2025-10-19 09:47:55,089 - INFO -   • Размер M: 449.00 CNY (stock_status=1)
2025-10-19 09:47:55,090 - INFO -   • Размер XL: 449.00 CNY (stock_status=1)
2025-10-19 09:47:55,090 - INFO - ЭТАП 1: Создание товара в WooCommerce...
2025-10-19 09:47:55,090 - INFO - URL сайта: https://plummy.ru
2025-10-19 09:57:10,631 - INFO - ✓ УСПЕХ: Товар создан в WP с ID=236408
2025-10-19 09:57:10,727 - INFO - ================================================================================

2025-10-19 09:57:10,727 - INFO - 
================================================================================
2025-10-19 09:57:10,727 - INFO - [4/6] НАЧАЛО СИНХРОНИЗАЦИИ
2025-10-19 09:57:10,727 - INFO - Product ID: 1843
2025-10-19 09:57:10,727 - INFO - SPU ID: 14591200
2025-10-19 09:57:10,728 - INFO - Reference SKU: 718324582
2025-10-19 09:57:10,728 - INFO - Название: UNIQLO KAWS x WARHOL T
2025-10-19 09:57:10,728 - INFO - Бренд: UNIQLO
2025-10-19 09:57:10,728 - INFO - Категории: [106, 151]
2025-10-19 09:57:10,728 - INFO - ================================================================================
2025-10-19 09:57:10,728 - INFO - Всего вариантов: 7
2025-10-19 09:57:10,728 - INFO - В наличии: 7
2025-10-19 09:57:10,728 - INFO - Нет в наличии: 0
2025-10-19 09:57:10,728 - INFO - Варианты в наличии:
2025-10-19 09:57:10,728 - INFO -   • Размер 3XL: 349.00 CNY (stock_status=1)
2025-10-19 09:57:10,728 - INFO -   • Размер 4XL: 279.00 CNY (stock_status=1)
2025-10-19 09:57:10,728 - INFO -   • Размер L: 145.00 CNY (stock_status=1)
2025-10-19 09:57:10,728 - INFO -   • Размер M: 90.00 CNY (stock_status=1)
2025-10-19 09:57:10,728 - INFO -   • Размер S: 97.00 CNY (stock_status=1)
2025-10-19 09:57:10,728 - INFO - ЭТАП 1: Создание товара в WooCommerce...
2025-10-19 09:57:10,728 - INFO - URL сайта: https://plummy.ru
2025-10-19 09:57:17,516 - INFO - ✓ УСПЕХ: Товар создан в WP с ID=236429
2025-10-19 09:57:17,575 - INFO - ================================================================================

2025-10-19 09:57:17,576 - INFO - 
================================================================================
2025-10-19 09:57:17,576 - INFO - [5/6] НАЧАЛО СИНХРОНИЗАЦИИ
2025-10-19 09:57:17,576 - INFO - Product ID: 1845
2025-10-19 09:57:17,576 - INFO - SPU ID: 18045311
2025-10-19 09:57:17,576 - INFO - Reference SKU: 775101907
2025-10-19 09:57:17,576 - INFO - Название: HUMAN MADE FW24 logo
2025-10-19 09:57:17,576 - INFO - Бренд: HUMAN MADE
2025-10-19 09:57:17,576 - INFO - Категории: [1180]
2025-10-19 09:57:17,576 - INFO - ================================================================================
2025-10-19 09:57:17,576 - INFO - Всего вариантов: 3
2025-10-19 09:57:17,576 - INFO - В наличии: 3
2025-10-19 09:57:17,576 - INFO - Нет в наличии: 0
2025-10-19 09:57:17,577 - INFO - Варианты в наличии:
2025-10-19 09:57:17,577 - INFO -   • Размер L: 149.00 CNY (stock_status=1)
2025-10-19 09:57:17,577 - INFO -   • Размер M: 157.00 CNY (stock_status=1)
2025-10-19 09:57:17,577 - INFO -   • Размер XL: 179.00 CNY (stock_status=1)
2025-10-19 09:57:17,577 - INFO - ЭТАП 1: Создание товара в WooCommerce...
2025-10-19 09:57:17,577 - INFO - URL сайта: https://plummy.ru
2025-10-19 09:57:23,796 - INFO - ✓ УСПЕХ: Товар создан в WP с ID=236449
2025-10-19 09:57:23,850 - INFO - ================================================================================

2025-10-19 09:57:23,850 - INFO - 
================================================================================
2025-10-19 09:57:23,850 - INFO - [6/6] НАЧАЛО СИНХРОНИЗАЦИИ
2025-10-19 09:57:23,850 - INFO - Product ID: 1846
2025-10-19 09:57:23,850 - INFO - SPU ID: 1215142
2025-10-19 09:57:23,850 - INFO - Reference SKU: 601464377
2025-10-19 09:57:23,850 - INFO - Название: CALVIN KLEIN
2025-10-19 09:57:23,850 - INFO - Бренд: Calvin Klein
2025-10-19 09:57:23,850 - INFO - Категории: [1180]
2025-10-19 09:57:23,850 - INFO - ================================================================================
2025-10-19 09:57:23,850 - INFO - Всего вариантов: 5
2025-10-19 09:57:23,850 - INFO - В наличии: 5
2025-10-19 09:57:23,850 - INFO - Нет в наличии: 0
2025-10-19 09:57:23,850 - INFO - Варианты в наличии:
2025-10-19 09:57:23,850 - INFO -   • Размер L: 258.00 CNY (stock_status=1)
2025-10-19 09:57:23,850 - INFO -   • Размер M: 258.00 CNY (stock_status=1)
2025-10-19 09:57:23,850 - INFO -   • Размер S: 257.00 CNY (stock_status=1)
2025-10-19 09:57:23,850 - INFO -   • Размер XL: 256.00 CNY (stock_status=1)
2025-10-19 09:57:23,850 - INFO -   • Размер XS: 291.00 CNY (stock_status=1)
2025-10-19 09:57:23,851 - INFO - ЭТАП 1: Создание товара в WooCommerce...
2025-10-19 09:57:23,851 - INFO - URL сайта: https://plummy.ru
2025-10-19 09:57:30,422 - INFO - ✓ УСПЕХ: Товар создан в WP с ID=236461
2025-10-19 09:57:30,478 - INFO - ================================================================================

2025-10-19 09:57:30,493 - INFO - ================================================================================
2025-10-19 09:57:30,493 - INFO - ЗАВЕРШЕНИЕ: Создано 6, Ошибок 0, Пропущено 0
2025-10-19 09:57:30,493 - INFO - ================================================================================
