2025-10-22 00:49:11,228 - INFO - ================================================================================
2025-10-22 00:49:11,230 - INFO - НАЧАЛО ДЕТАЛЬНОГО ЛОГИРОВАНИЯ sync_new
2025-10-22 00:49:11,230 - INFO - ================================================================================
2025-10-22 00:49:11,295 - INFO - Всего товаров без WP ID: 7
2025-10-22 00:49:11,295 - INFO - С загруженными данными: 5
2025-10-22 00:49:11,295 - INFO - Пропущено (без данных): 2
2025-10-22 00:49:11,296 - INFO - 
================================================================================
2025-10-22 00:49:11,296 - INFO - [1/5] НАЧАЛО СИНХРОНИЗАЦИИ
2025-10-22 00:49:11,296 - INFO - Product ID: 2337
2025-10-22 00:49:11,296 - INFO - SPU ID: 19299382
2025-10-22 00:49:11,296 - INFO - Reference SKU: 795040912
2025-10-22 00:49:11,296 - INFO - Название: CALVIN KLEIN
2025-10-22 00:49:11,296 - INFO - Бренд: Calvin Klein
2025-10-22 00:49:11,296 - INFO - Категории: [119, 1182]
2025-10-22 00:49:11,296 - INFO - ================================================================================
2025-10-22 00:49:11,296 - INFO - Всего вариантов: 1
2025-10-22 00:49:11,296 - INFO - В наличии: 1
2025-10-22 00:49:11,296 - INFO - Нет в наличии: 0
2025-10-22 00:49:11,296 - INFO - Варианты в наличии:
2025-10-22 00:49:11,296 - INFO -   • Размер ONE SIZE: 639.00 CNY (stock_status=1)
2025-10-22 00:49:11,296 - INFO - ЭТАП 1: Создание товара в WooCommerce...
2025-10-22 00:49:11,296 - INFO - URL сайта: https://plummy.ru
2025-10-22 00:49:17,878 - INFO - ✓ УСПЕХ: Товар создан в WP с ID=242814
2025-10-22 00:49:17,945 - INFO - ================================================================================

2025-10-22 00:49:17,945 - INFO - 
================================================================================
2025-10-22 00:49:17,945 - INFO - [2/5] НАЧАЛО СИНХРОНИЗАЦИИ
2025-10-22 00:49:17,945 - INFO - Product ID: 2338
2025-10-22 00:49:17,945 - INFO - SPU ID: 3232103
2025-10-22 00:49:17,945 - INFO - Reference SKU: 614042041
2025-10-22 00:49:17,945 - INFO - Название: Stussy Logo
2025-10-22 00:49:17,945 - INFO - Бренд: Stussy
2025-10-22 00:49:17,946 - INFO - Категории: [119, 1182]
2025-10-22 00:49:17,946 - INFO - ================================================================================
2025-10-22 00:49:17,946 - INFO - Всего вариантов: 1
2025-10-22 00:49:17,946 - INFO - В наличии: 1
2025-10-22 00:49:17,946 - INFO - Нет в наличии: 0
2025-10-22 00:49:17,946 - INFO - Варианты в наличии:
2025-10-22 00:49:17,946 - INFO -   • Размер ONE SIZE: 739.00 CNY (stock_status=1)
2025-10-22 00:49:17,946 - INFO - ЭТАП 1: Создание товара в WooCommerce...
2025-10-22 00:49:17,946 - INFO - URL сайта: https://plummy.ru
2025-10-22 00:49:24,643 - INFO - ✓ УСПЕХ: Товар создан в WP с ID=242822
2025-10-22 00:49:24,700 - INFO - ================================================================================

2025-10-22 00:49:24,700 - INFO - 
================================================================================
2025-10-22 00:49:24,701 - INFO - [3/5] НАЧАЛО СИНХРОНИЗАЦИИ
2025-10-22 00:49:24,701 - INFO - Product ID: 2339
2025-10-22 00:49:24,701 - INFO - SPU ID: 21014655
2025-10-22 00:49:24,701 - INFO - Reference SKU: 819915161
2025-10-22 00:49:24,701 - INFO - Название: Tommy Hilfiger
2025-10-22 00:49:24,701 - INFO - Бренд: Tommy Hilfiger
2025-10-22 00:49:24,701 - INFO - Категории: [119, 1182]
2025-10-22 00:49:24,701 - INFO - ================================================================================
2025-10-22 00:49:24,701 - INFO - Всего вариантов: 1
2025-10-22 00:49:24,701 - INFO - В наличии: 1
2025-10-22 00:49:24,701 - INFO - Нет в наличии: 0
2025-10-22 00:49:24,701 - INFO - Варианты в наличии:
2025-10-22 00:49:24,701 - INFO -   • Размер ONE SIZE: 1299.00 CNY (stock_status=1)
2025-10-22 00:49:24,701 - INFO - ЭТАП 1: Создание товара в WooCommerce...
2025-10-22 00:49:24,701 - INFO - URL сайта: https://plummy.ru
2025-10-22 00:49:32,546 - INFO - ✓ УСПЕХ: Товар создан в WP с ID=242830
2025-10-22 00:49:32,606 - INFO - ================================================================================

2025-10-22 00:49:32,606 - INFO - 
================================================================================
2025-10-22 00:49:32,606 - INFO - [4/5] НАЧАЛО СИНХРОНИЗАЦИИ
2025-10-22 00:49:32,606 - INFO - Product ID: 2340
2025-10-22 00:49:32,606 - INFO - SPU ID: 2977077
2025-10-22 00:49:32,606 - INFO - Reference SKU: 612440214
2025-10-22 00:49:32,606 - INFO - Название: Supreme FW17 Week 0
2025-10-22 00:49:32,606 - INFO - Бренд: Supreme
2025-10-22 00:49:32,607 - INFO - Категории: [119, 1182]
2025-10-22 00:49:32,607 - INFO - ================================================================================
2025-10-22 00:49:32,607 - INFO - Всего вариантов: 1
2025-10-22 00:49:32,607 - INFO - В наличии: 1
2025-10-22 00:49:32,607 - INFO - Нет в наличии: 0
2025-10-22 00:49:32,607 - INFO - Варианты в наличии:
2025-10-22 00:49:32,607 - INFO -   • Размер ONE SIZE: 2099.00 CNY (stock_status=1)
2025-10-22 00:49:32,607 - INFO - ЭТАП 1: Создание товара в WooCommerce...
2025-10-22 00:49:32,607 - INFO - URL сайта: https://plummy.ru
2025-10-22 00:49:39,952 - INFO - ✓ УСПЕХ: Товар создан в WP с ID=242838
2025-10-22 00:49:40,013 - INFO - ================================================================================

2025-10-22 00:49:40,013 - INFO - 
================================================================================
2025-10-22 00:49:40,013 - INFO - [5/5] НАЧАЛО СИНХРОНИЗАЦИИ
2025-10-22 00:49:40,013 - INFO - Product ID: 2341
2025-10-22 00:49:40,013 - INFO - SPU ID: 19983467
2025-10-22 00:49:40,013 - INFO - Reference SKU: 806095047
2025-10-22 00:49:40,013 - INFO - Название: Supreme SS25 Week 1 28L
2025-10-22 00:49:40,013 - INFO - Бренд: Supreme
2025-10-22 00:49:40,013 - INFO - Категории: [119, 1182]
2025-10-22 00:49:40,013 - INFO - ================================================================================
2025-10-22 00:49:40,013 - INFO - Всего вариантов: 1
2025-10-22 00:49:40,013 - INFO - В наличии: 1
2025-10-22 00:49:40,013 - INFO - Нет в наличии: 0
2025-10-22 00:49:40,013 - INFO - Варианты в наличии:
2025-10-22 00:49:40,013 - INFO -   • Размер ONE SIZE: 1589.00 CNY (stock_status=1)
2025-10-22 00:49:40,014 - INFO - ЭТАП 1: Создание товара в WooCommerce...
2025-10-22 00:49:40,014 - INFO - URL сайта: https://plummy.ru
2025-10-22 00:49:46,190 - INFO - ✓ УСПЕХ: Товар создан в WP с ID=242846
2025-10-22 00:49:46,254 - INFO - ================================================================================

2025-10-22 00:49:46,271 - INFO - ================================================================================
2025-10-22 00:49:46,272 - INFO - ЗАВЕРШЕНИЕ: Создано 5, Ошибок 0, Пропущено 0
2025-10-22 00:49:46,272 - INFO - ================================================================================
