2025-10-19 09:14:34,762 - INFO - ================================================================================
2025-10-19 09:14:34,763 - INFO - НАЧАЛО ДЕТАЛЬНОГО ЛОГИРОВАНИЯ sync_new
2025-10-19 09:14:34,763 - INFO - ================================================================================
2025-10-19 09:14:34,913 - INFO - Всего товаров без WP ID: 6
2025-10-19 09:14:34,913 - INFO - С загруженными данными: 5
2025-10-19 09:14:34,913 - INFO - Пропущено (без данных): 1
2025-10-19 09:14:34,919 - INFO - 
================================================================================
2025-10-19 09:14:34,919 - INFO - [1/5] НАЧАЛО СИНХРОНИЗАЦИИ
2025-10-19 09:14:34,919 - INFO - Product ID: 1828
2025-10-19 09:14:34,919 - INFO - SPU ID: 11188774
2025-10-19 09:14:34,919 - INFO - Reference SKU: 672263711
2025-10-19 09:14:34,919 - INFO - Название: Nike Air Flightposite
2025-10-19 09:14:34,919 - INFO - Бренд: Nike
2025-10-19 09:14:34,919 - INFO - Категории: [103, 154]
2025-10-19 09:14:34,919 - INFO - ================================================================================
2025-10-19 09:14:34,919 - INFO - Всего вариантов: 14
2025-10-19 09:14:34,919 - INFO - В наличии: 14
2025-10-19 09:14:34,919 - INFO - Нет в наличии: 0
2025-10-19 09:14:34,919 - INFO - Варианты в наличии:
2025-10-19 09:14:34,919 - INFO -   • Размер 37.5: 2999.00 CNY (stock_status=1)
2025-10-19 09:14:34,919 - INFO -   • Размер 38.5: 1999.00 CNY (stock_status=1)
2025-10-19 09:14:34,919 - INFO -   • Размер 39: 1989.00 CNY (stock_status=1)
2025-10-19 09:14:34,919 - INFO -   • Размер 40: 1519.00 CNY (stock_status=1)
2025-10-19 09:14:34,919 - INFO -   • Размер 40.5: 1539.00 CNY (stock_status=1)
2025-10-19 09:14:34,919 - INFO - ЭТАП 1: Создание товара в WooCommerce...
2025-10-19 09:14:34,919 - INFO - URL сайта: https://plummy.ru
2025-10-19 09:14:47,215 - INFO - ✓ УСПЕХ: Товар создан в WP с ID=236158
2025-10-19 09:14:47,288 - INFO - ================================================================================

2025-10-19 09:14:47,288 - INFO - 
================================================================================
2025-10-19 09:14:47,289 - INFO - [2/5] НАЧАЛО СИНХРОНИЗАЦИИ
2025-10-19 09:14:47,289 - INFO - Product ID: 1829
2025-10-19 09:14:47,289 - INFO - SPU ID: 8951706
2025-10-19 09:14:47,289 - INFO - Reference SKU: 653758350
2025-10-19 09:14:47,289 - INFO - Название: Nike Air Max Scorpion FK
2025-10-19 09:14:47,289 - INFO - Бренд: Nike
2025-10-19 09:14:47,289 - INFO - Категории: [103, 154]
2025-10-19 09:14:47,289 - INFO - ================================================================================
2025-10-19 09:14:47,289 - INFO - Всего вариантов: 12
2025-10-19 09:14:47,289 - INFO - В наличии: 12
2025-10-19 09:14:47,289 - INFO - Нет в наличии: 0
2025-10-19 09:14:47,289 - INFO - Варианты в наличии:
2025-10-19 09:14:47,289 - INFO -   • Размер 38.5: 899.00 CNY (stock_status=1)
2025-10-19 09:14:47,289 - INFO -   • Размер 39: 709.00 CNY (stock_status=1)
2025-10-19 09:14:47,289 - INFO -   • Размер 40: 489.00 CNY (stock_status=1)
2025-10-19 09:14:47,289 - INFO -   • Размер 40.5: 499.00 CNY (stock_status=1)
2025-10-19 09:14:47,289 - INFO -   • Размер 41: 499.00 CNY (stock_status=1)
2025-10-19 09:14:47,289 - INFO - ЭТАП 1: Создание товара в WooCommerce...
2025-10-19 09:14:47,289 - INFO - URL сайта: https://plummy.ru
2025-10-19 09:14:56,113 - INFO - ✓ УСПЕХ: Товар создан в WP с ID=236192
2025-10-19 09:14:56,180 - INFO - ================================================================================

2025-10-19 09:14:56,184 - INFO - 
================================================================================
2025-10-19 09:14:56,184 - INFO - [3/5] НАЧАЛО СИНХРОНИЗАЦИИ
2025-10-19 09:14:56,184 - INFO - Product ID: 1830
2025-10-19 09:14:56,184 - INFO - SPU ID: 2445686
2025-10-19 09:14:56,184 - INFO - Reference SKU: 609172964
2025-10-19 09:14:56,184 - INFO - Название: Balenciaga Track Trainers LED
2025-10-19 09:14:56,184 - INFO - Бренд: Balenciaga
2025-10-19 09:14:56,184 - INFO - Категории: [154]
2025-10-19 09:14:56,184 - INFO - ================================================================================
2025-10-19 09:14:56,184 - INFO - Всего вариантов: 2
2025-10-19 09:14:56,184 - INFO - В наличии: 2
2025-10-19 09:14:56,184 - INFO - Нет в наличии: 0
2025-10-19 09:14:56,185 - INFO - Варианты в наличии:
2025-10-19 09:14:56,185 - INFO -   • Размер 37: 10589.00 CNY (stock_status=1)
2025-10-19 09:14:56,185 - INFO -   • Размер 39: 5999.00 CNY (stock_status=1)
2025-10-19 09:14:56,185 - INFO - ЭТАП 1: Создание товара в WooCommerce...
2025-10-19 09:14:56,185 - INFO - URL сайта: https://plummy.ru
2025-10-19 09:15:03,892 - INFO - ✓ УСПЕХ: Товар создан в WP с ID=236222
2025-10-19 09:15:03,948 - INFO - ================================================================================

2025-10-19 09:15:03,948 - INFO - 
================================================================================
2025-10-19 09:15:03,948 - INFO - [4/5] НАЧАЛО СИНХРОНИЗАЦИИ
2025-10-19 09:15:03,948 - INFO - Product ID: 1831
2025-10-19 09:15:03,948 - INFO - SPU ID: 3811832
2025-10-19 09:15:03,949 - INFO - Reference SKU: 617509354
2025-10-19 09:15:03,949 - INFO - Название: Balenciaga Paris
2025-10-19 09:15:03,949 - INFO - Бренд: Balenciaga
2025-10-19 09:15:03,949 - INFO - Категории: [154]
2025-10-19 09:15:03,949 - INFO - ================================================================================
2025-10-19 09:15:03,949 - INFO - Всего вариантов: 1
2025-10-19 09:15:03,949 - INFO - В наличии: 1
2025-10-19 09:15:03,949 - INFO - Нет в наличии: 0
2025-10-19 09:15:03,949 - INFO - Варианты в наличии:
2025-10-19 09:15:03,949 - INFO -   • Размер 37: 2589.00 CNY (stock_status=1)
2025-10-19 09:15:03,949 - INFO - ЭТАП 1: Создание товара в WooCommerce...
2025-10-19 09:15:03,949 - INFO - URL сайта: https://plummy.ru
2025-10-19 09:15:10,237 - INFO - ✓ УСПЕХ: Товар создан в WP с ID=236232
2025-10-19 09:15:10,293 - INFO - ================================================================================

2025-10-19 09:15:10,294 - INFO - 
================================================================================
2025-10-19 09:15:10,294 - INFO - [5/5] НАЧАЛО СИНХРОНИЗАЦИИ
2025-10-19 09:15:10,294 - INFO - Product ID: 1832
2025-10-19 09:15:10,295 - INFO - SPU ID: 22119461
2025-10-19 09:15:10,295 - INFO - Reference SKU: 857276639
2025-10-19 09:15:10,295 - INFO - Название: Rick Owens DRKSHDW x Converse TURBOWPN Low
2025-10-19 09:15:10,295 - INFO - Бренд: Converse
2025-10-19 09:15:10,295 - INFO - Категории: [103, 154]
2025-10-19 09:15:10,295 - INFO - ================================================================================
2025-10-19 09:15:10,295 - INFO - Всего вариантов: 19
2025-10-19 09:15:10,295 - INFO - В наличии: 19
2025-10-19 09:15:10,295 - INFO - Нет в наличии: 0
2025-10-19 09:15:10,295 - INFO - Варианты в наличии:
2025-10-19 09:15:10,296 - INFO -   • Размер 35: 1999.00 CNY (stock_status=1)
2025-10-19 09:15:10,296 - INFO -   • Размер 35.5: 1349.00 CNY (stock_status=1)
2025-10-19 09:15:10,296 - INFO -   • Размер 36: 1399.00 CNY (stock_status=1)
2025-10-19 09:15:10,296 - INFO -   • Размер 37: 1449.00 CNY (stock_status=1)
2025-10-19 09:15:10,296 - INFO -   • Размер 37.5: 1519.00 CNY (stock_status=1)
2025-10-19 09:15:10,297 - INFO - ЭТАП 1: Создание товара в WooCommerce...
2025-10-19 09:15:10,297 - INFO - URL сайта: https://plummy.ru
2025-10-19 09:15:19,691 - INFO - ✓ УСПЕХ: Товар создан в WP с ID=236240
2025-10-19 09:15:19,755 - INFO - ================================================================================

2025-10-19 09:15:19,776 - INFO - ================================================================================
2025-10-19 09:15:19,776 - INFO - ЗАВЕРШЕНИЕ: Создано 5, Ошибок 0, Пропущено 0
2025-10-19 09:15:19,777 - INFO - ================================================================================
